{"EventSourceName":"Microsoft-Windows-Security-Auditing","Provider":"Microsoft-Windows-Security-Auditing","ProviderGuid":"{54849625-5478-4994-a5ba-3e3b0328c30d}","Level":"0","Keywords":"0x8020000000000000","Channel":"Security","Computer":"FlareVM","TimeCreated":"2023-02-17T08:08:48.566Z","TimeGenerated":"2023-02-17T01:08:48.566Z","EventRecordID":"157708","EventID":5156,"Message":"The Windows Filtering Platform has permitted a connection.\r\n\r\nApplication Information:\r\n\tProcess ID:\t\t4\r\n\tApplication Name:\tSystem\r\n\r\nNetwork Information:\r\n\tDirection:\t\tInbound\r\n\tSource Address:\t\tfe80::6ecd:d6ff:fed2:bf67\r\n\tSource Port:\t\t0\r\n\tDestination Address:\tff02::1\r\n\tDestination Port:\t\t130\r\n\tProtocol:\t\t58\r\n\r\nFilter Information:\r\n\tFilter Run-Time ID:\t66790\r\n\tLayer Name:\t\tReceive/Accept\r\n\tLayer Run-Time ID:\t46","EventData":"\u003cEventData xmlns=\"http://schemas.microsoft.com/win/2004/08/events/event\"\u003e\u003cData Name=\"ProcessID\"\u003e4\u003c/Data\u003e\u003cData Name=\"Application\"\u003eSystem\u003c/Data\u003e\u003cData Name=\"Direction\"\u003e%%14592\u003c/Data\u003e\u003cData Name=\"SourceAddress\"\u003efe80::6ecd:d6ff:fed2:bf67\u003c/Data\u003e\u003cData Name=\"SourcePort\"\u003e0\u003c/Data\u003e\u003cData Name=\"DestAddress\"\u003eff02::1\u003c/Data\u003e\u003cData Name=\"DestPort\"\u003e130\u003c/Data\u003e\u003cData Name=\"Protocol\"\u003e58\u003c/Data\u003e\u003cData Name=\"FilterRTID\"\u003e66790\u003c/Data\u003e\u003cData Name=\"LayerName\"\u003e%%14610\u003c/Data\u003e\u003cData Name=\"LayerRTID\"\u003e46\u003c/Data\u003e\u003cData Name=\"RemoteUserID\"\u003eS-1-0-0\u003c/Data\u003e\u003cData Name=\"RemoteMachineID\"\u003eS-1-0-0\u003c/Data\u003e\u003c/EventData\u003e","Task":12810,"ProcessID":"0x4","Application":"System","Direction":"%%14592","SourceAddress":"fe80::6ecd:d6ff:fed2:bf67","SourcePort":"0","DestAddress":"ff02::1","DestPort":"130","Protocol":58,"FilterRTID":"0x104e6","LayerName":"%%14610","LayerRTID":"0x2e","RemoteUserID":"S-1-0-0","RemoteMachineID":"S-1-0-0"},{"EventSourceName":"Microsoft-Windows-Security-Auditing","Provider":"Microsoft-Windows-Security-Auditing","ProviderGuid":"{54849625-5478-4994-a5ba-3e3b0328c30d}","Level":"0","Keywords":"0x8020000000000000","Channel":"Security","Computer":"FlareVM","TimeCreated":"2023-02-17T08:08:49.029Z","TimeGenerated":"2023-02-17T01:08:49.029Z","EventRecordID":"157709","EventID":5156,"Message":"The Windows Filtering Platform has permitted a connection.\r\n\r\nApplication Information:\r\n\tProcess ID:\t\t4\r\n\tApplication Name:\tSystem\r\n\r\nNetwork Information:\r\n\tDirection:\t\tOutbound\r\n\tSource Address:\t\tfe80::6ec8:c030:2b79:64c9\r\n\tSource Port:\t\t143\r\n\tDestination Address:\tff02::16\r\n\tDestination Port:\t\t0\r\n\tProtocol:\t\t58\r\n\r\nFilter Information:\r\n\tFilter Run-Time ID:\t66909\r\n\tLayer Name:\t\tConnect\r\n\tLayer Run-Time ID:\t50","EventData":"\u003cEventData xmlns=\"http://schemas.microsoft.com/win/2004/08/events/event\"\u003e\u003cData Name=\"ProcessID\"\u003e4\u003c/Data\u003e\u003cData Name=\"Application\"\u003eSystem\u003c/Data\u003e\u003cData Name=\"Direction\"\u003e%%14593\u003c/Data\u003e\u003cData Name=\"SourceAddress\"\u003efe80::6ec8:c030:2b79:64c9\u003c/Data\u003e\u003cData Name=\"SourcePort\"\u003e143\u003c/Data\u003e\u003cData Name=\"DestAddress\"\u003eff02::16\u003c/Data\u003e\u003cData Name=\"DestPort\"\u003e0\u003c/Data\u003e\u003cData Name=\"Protocol\"\u003e58\u003c/Data\u003e\u003cData Name=\"FilterRTID\"\u003e66909\u003c/Data\u003e\u003cData Name=\"LayerName\"\u003e%%14611\u003c/Data\u003e\u003cData Name=\"LayerRTID\"\u003e50\u003c/Data\u003e\u003cData Name=\"RemoteUserID\"\u003eS-1-0-0\u003c/Data\u003e\u003cData Name=\"RemoteMachineID\"\u003eS-1-0-0\u003c/Data\u003e\u003c/EventData\u003e","Task":12810,"ProcessID":"0x4","Application":"System","Direction":"%%14593","SourceAddress":"fe80::6ec8:c030:2b79:64c9","SourcePort":"143","DestAddress":"ff02::16","DestPort":"0","Protocol":58,"FilterRTID":"0x1055d","LayerName":"%%14611","LayerRTID":"0x32","RemoteUserID":"S-1-0-0","RemoteMachineID":"S-1-0-0"},{"EventSourceName":"Microsoft-Windows-Security-Auditing","Provider":"Microsoft-Windows-Security-Auditing","ProviderGuid":"{54849625-5478-4994-a5ba-3e3b0328c30d}","Level":"0","Keywords":"0x8010000000000000","Channel":"Security","Computer":"FlareVM","TimeCreated":"2023-02-17T08:08:49.822Z","TimeGenerated":"2023-02-17T01:08:49.822Z","EventRecordID":"157710","EventID":5152,"Message":"The Windows Filtering Platform has blocked a packet.\r\n\r\nApplication Information:\r\n\tProcess ID:\t\t0\r\n\tApplication Name:\t-\r\n\r\nNetwork Information:\r\n\tDirection:\t\tInbound\r\n\tSource Address:\t\tfe80::80f8:8202:a581:6b7d\r\n\tSource Port:\t\t60753\r\n\tDestination Address:\tff02::c\r\n\tDestination Port:\t\t3702\r\n\tProtocol:\t\t17\r\n\r\nFilter Information:\r\n\tFilter Run-Time ID:\t67416\r\n\tLayer Name:\t\tTransport\r\n\tLayer Run-Time ID:\t15","EventData":"\u003cEventData xmlns=\"http://schemas.microsoft.com/win/2004/08/events/event\"\u003e\u003cData Name=\"ProcessId\"\u003e0\u003c/Data\u003e\u003cData Name=\"Application\"\u003e-\u003c/Data\u003e\u003cData Name=\"Direction\"\u003e%%14592\u003c/Data\u003e\u003cData Name=\"SourceAddress\"\u003efe80::80f8:8202:a581:6b7d\u003c/Data\u003e\u003cData Name=\"SourcePort\"\u003e60753\u003c/Data\u003e\u003cData Name=\"DestAddress\"\u003eff02::c\u003c/Data\u003e\u003cData Name=\"DestPort\"\u003e3702\u003c/Data\u003e\u003cData Name=\"Protocol\"\u003e17\u003c/Data\u003e\u003cData Name=\"FilterRTID\"\u003e67416\u003c/Data\u003e\u003cData Name=\"LayerName\"\u003e%%14597\u003c/Data\u003e\u003cData Name=\"LayerRTID\"\u003e15\u003c/Data\u003e\u003c/EventData\u003e","Task":12809,"ProcessId":"0x0","Application":"-","Direction":"%%14592","SourceAddress":"fe80::80f8:8202:a581:6b7d","SourcePort":"60753","DestAddress":"ff02::c","DestPort":"3702","Protocol":17,"FilterRTID":"0x10758","LayerName":"%%14597","LayerRTID":"0xf"},{"EventSourceName":"Microsoft-Windows-Security-Auditing","Provider":"Microsoft-Windows-Security-Auditing","ProviderGuid":"{54849625-5478-4994-a5ba-3e3b0328c30d}","Level":"0","Keywords":"0x8010000000000000","Channel":"Security","Computer":"FlareVM","TimeCreated":"2023-02-17T08:08:50.033Z","TimeGenerated":"2023-02-17T01:08:50.033Z","EventRecordID":"157711","EventID":5152,"Message":"The Windows Filtering Platform has blocked a packet.\r\n\r\nApplication Information:\r\n\tProcess ID:\t\t0\r\n\tApplication Name:\t-\r\n\r\nNetwork Information:\r\n\tDirection:\t\tInbound\r\n\tSource Address:\t\tfe80::80f8:8202:a581:6b7d\r\n\tSource Port:\t\t60753\r\n\tDestination Address:\tff02::c\r\n\tDestination Port:\t\t3702\r\n\tProtocol:\t\t17\r\n\r\nFilter Information:\r\n\tFilter Run-Time ID:\t67416\r\n\tLayer Name:\t\tTransport\r\n\tLayer Run-Time ID:\t15","EventData":"\u003cEventData xmlns=\"http://schemas.microsoft.com/win/2004/08/events/event\"\u003e\u003cData Name=\"ProcessId\"\u003e0\u003c/Data\u003e\u003cData Name=\"Application\"\u003e-\u003c/Data\u003e\u003cData Name=\"Direction\"\u003e%%14592\u003c/Data\u003e\u003cData Name=\"SourceAddress\"\u003efe80::80f8:8202:a581:6b7d\u003c/Data\u003e\u003cData Name=\"SourcePort\"\u003e60753\u003c/Data\u003e\u003cData Name=\"DestAddress\"\u003eff02::c\u003c/Data\u003e\u003cData Name=\"DestPort\"\u003e3702\u003c/Data\u003e\u003cData Name=\"Protocol\"\u003e17\u003c/Data\u003e\u003cData Name=\"FilterRTID\"\u003e67416\u003c/Data\u003e\u003cData Name=\"LayerName\"\u003e%%14597\u003c/Data\u003e\u003cData Name=\"LayerRTID\"\u003e15\u003c/Data\u003e\u003c/EventData\u003e","Task":12809,"ProcessId":"0x0","Application":"-","Direction":"%%14592","SourceAddress":"fe80::80f8:8202:a581:6b7d","SourcePort":"60753","DestAddress":"ff02::c","DestPort":"3702","Protocol":17,"FilterRTID":"0x10758","LayerName":"%%14597","LayerRTID":"0xf"},{"EventSourceName":"Microsoft-Windows-Security-Auditing","Provider":"Microsoft-Windows-Security-Auditing","ProviderGuid":"{54849625-5478-4994-a5ba-3e3b0328c30d}","Level":"0","Keywords":"0x8010000000000000","Channel":"Security","Computer":"FlareVM","TimeCreated":"2023-02-17T08:08:50.440Z","TimeGenerated":"2023-02-17T01:08:50.440Z","EventRecordID":"157712","EventID":5152,"Message":"The Windows Filtering Platform has blocked a packet.\r\n\r\nApplication Information:\r\n\tProcess ID:\t\t0\r\n\tApplication Name:\t-\r\n\r\nNetwork Information:\r\n\tDirection:\t\tInbound\r\n\tSource Address:\t\tfe80::80f8:8202:a581:6b7d\r\n\tSource Port:\t\t60753\r\n\tDestination Address:\tff02::c\r\n\tDestination Port:\t\t3702\r\n\tProtocol:\t\t17\r\n\r\nFilter Information:\r\n\tFilter Run-Time ID:\t67416\r\n\tLayer Name:\t\tTransport\r\n\tLayer Run-Time ID:\t15","EventData":"\u003cEventData xmlns=\"http://schemas.microsoft.com/win/2004/08/events/event\"\u003e\u003cData Name=\"ProcessId\"\u003e0\u003c/Data\u003e\u003cData Name=\"Application\"\u003e-\u003c/Data\u003e\u003cData Name=\"Direction\"\u003e%%14592\u003c/Data\u003e\u003cData Name=\"SourceAddress\"\u003efe80::80f8:8202:a581:6b7d\u003c/Data\u003e\u003cData Name=\"SourcePort\"\u003e60753\u003c/Data\u003e\u003cData Name=\"DestAddress\"\u003eff02::c\u003c/Data\u003e\u003cData Name=\"DestPort\"\u003e3702\u003c/Data\u003e\u003cData Name=\"Protocol\"\u003e17\u003c/Data\u003e\u003cData Name=\"FilterRTID\"\u003e67416\u003c/Data\u003e\u003cData Name=\"LayerName\"\u003e%%14597\u003c/Data\u003e\u003cData Name=\"LayerRTID\"\u003e15\u003c/Data\u003e\u003c/EventData\u003e","Task":12809,"ProcessId":"0x0","Application":"-","Direction":"%%14592","SourceAddress":"fe80::80f8:8202:a581:6b7d","SourcePort":"60753","DestAddress":"ff02::c","DestPort":"3702","Protocol":17,"FilterRTID":"0x10758","LayerName":"%%14597","LayerRTID":"0xf"},{"EventSourceName":"Microsoft-Windows-Security-Auditing","Provider":"Microsoft-Windows-Security-Auditing","ProviderGuid":"{54849625-5478-4994-a5ba-3e3b0328c30d}","Level":"0","Keywords":"0x8010000000000000","Channel":"Security","Computer":"FlareVM","TimeCreated":"2023-02-17T08:08:51.237Z","TimeGenerated":"2023-02-17T01:08:51.237Z","EventRecordID":"157713","EventID":5152,"Message":"The Windows Filtering Platform has blocked a packet.\r\n\r\nApplication Information:\r\n\tProcess ID:\t\t0\r\n\tApplication Name:\t-\r\n\r\nNetwork Information:\r\n\tDirection:\t\tInbound\r\n\tSource Address:\t\tfe80::80f8:8202:a581:6b7d\r\n\tSource Port:\t\t60753\r\n\tDestination Address:\tff02::c\r\n\tDestination Port:\t\t3702\r\n\tProtocol:\t\t17\r\n\r\nFilter Information:\r\n\tFilter Run-Time ID:\t67416\r\n\tLayer Name:\t\tTransport\r\n\tLayer Run-Time ID:\t15","EventData":"\u003cEventData xmlns=\"http://schemas.microsoft.com/win/2004/08/events/event\"\u003e\u003cData Name=\"ProcessId\"\u003e0\u003c/Data\u003e\u003cData Name=\"Application\"\u003e-\u003c/Data\u003e\u003cData Name=\"Direction\"\u003e%%14592\u003c/Data\u003e\u003cData Name=\"SourceAddress\"\u003efe80::80f8:8202:a581:6b7d\u003c/Data\u003e\u003cData Name=\"SourcePort\"\u003e60753\u003c/Data\u003e\u003cData Name=\"DestAddress\"\u003eff02::c\u003c/Data\u003e\u003cData Name=\"DestPort\"\u003e3702\u003c/Data\u003e\u003cData Name=\"Protocol\"\u003e17\u003c/Data\u003e\u003cData Name=\"FilterRTID\"\u003e67416\u003c/Data\u003e\u003cData Name=\"LayerName\"\u003e%%14597\u003c/Data\u003e\u003cData Name=\"LayerRTID\"\u003e15\u003c/Data\u003e\u003c/EventData\u003e","Task":12809,"ProcessId":"0x0","Application":"-","Direction":"%%14592","SourceAddress":"fe80::80f8:8202:a581:6b7d","SourcePort":"60753","DestAddress":"ff02::c","DestPort":"3702","Protocol":17,"FilterRTID":"0x10758","LayerName":"%%14597","LayerRTID":"0xf"},{"EventSourceName":"Microsoft-Windows-Security-Auditing","Provider":"Microsoft-Windows-Security-Auditing","ProviderGuid":"{54849625-5478-4994-a5ba-3e3b0328c30d}","Level":"0","Keywords":"0x8020000000000000","Channel":"Security","Computer":"FlareVM","TimeCreated":"2023-02-17T08:08:51.827Z","TimeGenerated":"2023-02-17T01:08:51.827Z","EventRecordID":"157714","EventID":4689,"Message":"A process has exited.\r\n\r\nSubject:\r\n\tSecurity ID:\t\tS-1-5-18\r\n\tAccount Name:\t\tFLAREVM$\r\n\tAccount Domain:\t\tWORKGROUP\r\n\tLogon ID:\t\t0x3E7\r\n\r\nProcess Information:\r\n\tProcess ID:\t0x2290\r\n\tProcess Name:\tC:\\Windows\\System32\\cmd.exe\r\n\tExit Status:\t0x0","EventData":"\u003cEventData xmlns=\"http://schemas.microsoft.com/win/2004/08/events/event\"\u003e\u003cData Name=\"SubjectUserSid\"\u003eS-1-5-18\u003c/Data\u003e\u003cData Name=\"SubjectUserName\"\u003eFLAREVM$\u003c/Data\u003e\u003cData Name=\"SubjectDomainName\"\u003eWORKGROUP\u003c/Data\u003e\u003cData Name=\"SubjectLogonId\"\u003e0x3e7\u003c/Data\u003e\u003cData Name=\"Status\"\u003e0x0\u003c/Data\u003e\u003cData Name=\"ProcessId\"\u003e0x2290\u003c/Data\u003e\u003cData Name=\"ProcessName\"\u003eC:\\Windows\\System32\\cmd.exe\u003c/Data\u003e\u003c/EventData\u003e","Task":13313,"SubjectUserSid":"S-1-5-18","SubjectUserName":"FLAREVM$","SubjectDomainName":"WORKGROUP","SubjectLogonId":"0x3e7","Status":0,"ProcessId":"0x2290","ProcessName":"C:\\Windows\\System32\\cmd.exe"},{"EventSourceName":"Microsoft-Windows-Security-Auditing","Provider":"Microsoft-Windows-Security-Auditing","ProviderGuid":"{54849625-5478-4994-a5ba-3e3b0328c30d}","Level":"0","Keywords":"0x8020000000000000","Channel":"Security","Computer":"FlareVM","TimeCreated":"2023-02-17T08:08:51.828Z","TimeGenerated":"2023-02-17T01:08:51.828Z","EventRecordID":"157715","EventID":5145,"Message":"A network share object was checked to see whether client can be granted desired access.\r\n\t\r\nSubject:\r\n\tSecurity ID:\t\tS-1-5-18\r\n\tAccount Name:\t\tFLAREVM$\r\n\tAccount Domain:\t\tWORKGROUP\r\n\tLogon ID:\t\t0x3E7\r\n\r\nNetwork Information:\t\r\n\tObject Type:\t\tFile\r\n\tSource Address:\t\tfe80::6ec8:c030:2b79:64c9\r\n\tSource Port:\t\t50120\r\n\t\r\nShare Information:\r\n\tShare Name:\t\t\\\\*\\IPC$\r\n\tShare Path:\t\t\r\n\tRelative Target Name:\tec9bbf36-1fd6-417f-81b1-caa40ba2c65b\\pipe\\spoolss\r\n\r\nAccess Request Information:\r\n\tAccess Mask:\t\t0x12019F\r\n\tAccesses:\t\tREAD_CONTROL\r\n\t\t\t\tSYNCHRONIZE\r\n\t\t\t\tReadData (or ListDirectory)\r\n\t\t\t\tWriteData (or AddFile)\r\n\t\t\t\tAppendData (or AddSubdirectory or CreatePipeInstance)\r\n\t\t\t\tReadEA\r\n\t\t\t\tWriteEA\r\n\t\t\t\tReadAttributes\r\n\t\t\t\tWriteAttributes\r\n\t\t\t\t\r\nAccess Check Results:\r\n\t-\r\n","EventData":"\u003cEventData xmlns=\"http://schemas.microsoft.com/win/2004/08/events/event\"\u003e\u003cData Name=\"SubjectUserSid\"\u003eS-1-5-18\u003c/Data\u003e\u003cData Name=\"SubjectUserName\"\u003eFLAREVM$\u003c/Data\u003e\u003cData Name=\"SubjectDomainName\"\u003eWORKGROUP\u003c/Data\u003e\u003cData Name=\"SubjectLogonId\"\u003e0x3e7\u003c/Data\u003e\u003cData Name=\"ObjectType\"\u003eFile\u003c/Data\u003e\u003cData Name=\"IpAddress\"\u003efe80::6ec8:c030:2b79:64c9\u003c/Data\u003e\u003cData Name=\"IpPort\"\u003e50120\u003c/Data\u003e\u003cData Name=\"ShareName\"\u003e\\\\*\\IPC$\u003c/Data\u003e\u003cData Name=\"ShareLocalPath\"\u003e\u003c/Data\u003e\u003cData Name=\"RelativeTargetName\"\u003eec9bbf36-1fd6-417f-81b1-caa40ba2c65b\\pipe\\spoolss\u003c/Data\u003e\u003cData Name=\"AccessMask\"\u003e0x12019f\u003c/Data\u003e\u003cData Name=\"AccessList\"\u003e%%1538\n\t\t\t\t%%1541\n\t\t\t\t%%4416\n\t\t\t\t%%4417\n\t\t\t\t%%4418\n\t\t\t\t%%4419\n\t\t\t\t%%4420\n\t\t\t\t%%4423\n\t\t\t\t%%4424\n\t\t\t\t\u003c/Data\u003e\u003cData Name=\"AccessReason\"\u003e-\u003c/Data\u003e\u003c/EventData\u003e","Task":12811,"SubjectUserSid":"S-1-5-18","SubjectUserName":"FLAREVM$","SubjectDomainName":"WORKGROUP","SubjectLogonId":"0x3e7","ObjectType":"File","IpAddress":"fe80::6ec8:c030:2b79:64c9","IpPort":"50120","ShareName":"\\\\*\\IPC$","ShareLocalPath":"","RelativeTargetName":"ec9bbf36-1fd6-417f-81b1-caa40ba2c65b\\pipe\\spoolss","AccessMask":1180063,"AccessList":"%%1538\r\n\t\t\t\t%%1541\r\n\t\t\t\t%%4416\r\n\t\t\t\t%%4417\r\n\t\t\t\t%%4418\r\n\t\t\t\t%%4419\r\n\t\t\t\t%%4420\r\n\t\t\t\t%%4423\r\n\t\t\t\t%%4424\r\n\t\t\t\t","AccessReason":"-"},{"EventSourceName":"Microsoft-Windows-Security-Auditing","Provider":"Microsoft-Windows-Security-Auditing","ProviderGuid":"{54849625-5478-4994-a5ba-3e3b0328c30d}","Level":"0","Keywords":"0x8020000000000000","Channel":"Security","Computer":"FlareVM","TimeCreated":"2023-02-17T08:08:51.829Z","TimeGenerated":"2023-02-17T01:08:51.829Z","EventRecordID":"157716","EventID":4689,"Message":"A process has exited.\r\n\r\nSubject:\r\n\tSecurity ID:\t\tS-1-5-21-2199682790-2533951109-4136935257-1001\r\n\tAccount Name:\t\tmalware\r\n\tAccount Domain:\t\tFLAREVM\r\n\tLogon ID:\t\t0x204E2\r\n\r\nProcess Information:\r\n\tProcess ID:\t0xfcc\r\n\tProcess Name:\tC:\\Users\\malware\\Downloads\\PrintSpoofer64.exe\r\n\tExit Status:\t0x0","EventData":"\u003cEventData xmlns=\"http://schemas.microsoft.com/win/2004/08/events/event\"\u003e\u003cData Name=\"SubjectUserSid\"\u003eS-1-5-21-2199682790-2533951109-4136935257-1001\u003c/Data\u003e\u003cData Name=\"SubjectUserName\"\u003emalware\u003c/Data\u003e\u003cData Name=\"SubjectDomainName\"\u003eFLAREVM\u003c/Data\u003e\u003cData Name=\"SubjectLogonId\"\u003e0x204e2\u003c/Data\u003e\u003cData Name=\"Status\"\u003e0x0\u003c/Data\u003e\u003cData Name=\"ProcessId\"\u003e0xfcc\u003c/Data\u003e\u003cData Name=\"ProcessName\"\u003eC:\\Users\\malware\\Downloads\\PrintSpoofer64.exe\u003c/Data\u003e\u003c/EventData\u003e","Task":13313,"SubjectUserSid":"S-1-5-21-2199682790-2533951109-4136935257-1001","SubjectUserName":"malware","SubjectDomainName":"FLAREVM","SubjectLogonId":"0x204e2","Status":0,"ProcessId":"0xfcc","ProcessName":"C:\\Users\\malware\\Downloads\\PrintSpoofer64.exe"},{"EventSourceName":"Microsoft-Windows-Security-Auditing","Provider":"Microsoft-Windows-Security-Auditing","ProviderGuid":"{54849625-5478-4994-a5ba-3e3b0328c30d}","Level":"0","Keywords":"0x8020000000000000","Channel":"Security","Computer":"FlareVM","TimeCreated":"2023-02-17T08:08:51.830Z","TimeGenerated":"2023-02-17T01:08:51.830Z","EventRecordID":"157717","EventID":4703,"Message":"A token right was adjusted.\r\n\r\nSubject:\r\n\tSecurity ID:\t\tS-1-5-18\r\n\tAccount Name:\t\tFLAREVM$\r\n\tAccount Domain:\t\tWORKGROUP\r\n\tLogon ID:\t\t0x3E7\r\n\r\nTarget Account:\r\n\tSecurity ID:\t\tS-1-5-21-2199682790-2533951109-4136935257-1001\r\n\tAccount Name:\t\tmalware\r\n\tAccount Domain:\t\tFLAREVM\r\n\tLogon ID:\t\t0x204E2\r\n\r\nProcess Information:\r\n\tProcess ID:\t\t0x2bc\r\n\tProcess Name:\t\tC:\\Windows\\System32\\lsass.exe\r\n\r\nEnabled Privileges:\r\n\t\t\tSeIncreaseQuotaPrivilege\r\n\t\t\tSeSecurityPrivilege\r\n\t\t\tSeTakeOwnershipPrivilege\r\n\t\t\tSeLoadDriverPrivilege\r\n\t\t\tSeSystemProfilePrivilege\r\n\t\t\tSeSystemtimePrivilege\r\n\t\t\tSeProfileSingleProcessPrivilege\r\n\t\t\tSeIncreaseBasePriorityPrivilege\r\n\t\t\tSeCreatePagefilePrivilege\r\n\t\t\tSeBackupPrivilege\r\n\t\t\tSeRestorePrivilege\r\n\t\t\tSeShutdownPrivilege\r\n\t\t\tSeDebugPrivilege\r\n\t\t\tSeSystemEnvironmentPrivilege\r\n\t\t\tSeRemoteShutdownPrivilege\r\n\t\t\tSeUndockPrivilege\r\n\t\t\tSeManageVolumePrivilege\r\n\t\t\tSeIncreaseWorkingSetPrivilege\r\n\t\t\tSeTimeZonePrivilege\r\n\t\t\tSeCreateSymbolicLinkPrivilege\r\n\t\t\tSeDelegateSessionUserImpersonatePrivilege\r\n\r\nDisabled Privileges:\r\n\t\t\t-","EventData":"\u003cEventData xmlns=\"http://schemas.microsoft.com/win/2004/08/events/event\"\u003e\u003cData Name=\"SubjectUserSid\"\u003eS-1-5-18\u003c/Data\u003e\u003cData Name=\"SubjectUserName\"\u003eFLAREVM$\u003c/Data\u003e\u003cData Name=\"SubjectDomainName\"\u003eWORKGROUP\u003c/Data\u003e\u003cData Name=\"SubjectLogonId\"\u003e0x3e7\u003c/Data\u003e\u003cData Name=\"TargetUserSid\"\u003eS-1-5-21-2199682790-2533951109-4136935257-1001\u003c/Data\u003e\u003cData Name=\"TargetUserName\"\u003emalware\u003c/Data\u003e\u003cData Name=\"TargetDomainName\"\u003eFLAREVM\u003c/Data\u003e\u003cData Name=\"TargetLogonId\"\u003e0x204e2\u003c/Data\u003e\u003cData Name=\"ProcessName\"\u003eC:\\Windows\\System32\\lsass.exe\u003c/Data\u003e\u003cData Name=\"ProcessId\"\u003e0x2bc\u003c/Data\u003e\u003cData Name=\"EnabledPrivilegeList\"\u003eSeIncreaseQuotaPrivilege\n\t\t\tSeSecurityPrivilege\n\t\t\tSeTakeOwnershipPrivilege\n\t\t\tSeLoadDriverPrivilege\n\t\t\tSeSystemProfilePrivilege\n\t\t\tSeSystemtimePrivilege\n\t\t\tSeProfileSingleProcessPrivilege\n\t\t\tSeIncreaseBasePriorityPrivilege\n\t\t\tSeCreatePagefilePrivilege\n\t\t\tSeBackupPrivilege\n\t\t\tSeRestorePrivilege\n\t\t\tSeShutdownPrivilege\n\t\t\tSeDebugPrivilege\n\t\t\tSeSystemEnvironmentPrivilege\n\t\t\tSeRemoteShutdownPrivilege\n\t\t\tSeUndockPrivilege\n\t\t\tSeManageVolumePrivilege\n\t\t\tSeIncreaseWorkingSetPrivilege\n\t\t\tSeTimeZonePrivilege\n\t\t\tSeCreateSymbolicLinkPrivilege\n\t\t\tSeDelegateSessionUserImpersonatePrivilege\u003c/Data\u003e\u003cData Name=\"DisabledPrivilegeList\"\u003e-\u003c/Data\u003e\u003c/EventData\u003e","Task":13317,"SubjectUserSid":"S-1-5-18","SubjectUserName":"FLAREVM$","SubjectDomainName":"WORKGROUP","SubjectLogonId":"0x3e7","TargetUserSid":"S-1-5-21-2199682790-2533951109-4136935257-1001","TargetUserName":"malware","TargetDomainName":"FLAREVM","TargetLogonId":"0x204e2","ProcessName":"C:\\Windows\\System32\\lsass.exe","ProcessId":"0x2bc","EnabledPrivilegeList":"SeIncreaseQuotaPrivilege\r\n\t\t\tSeSecurityPrivilege\r\n\t\t\tSeTakeOwnershipPrivilege\r\n\t\t\tSeLoadDriverPrivilege\r\n\t\t\tSeSystemProfilePrivilege\r\n\t\t\tSeSystemtimePrivilege\r\n\t\t\tSeProfileSingleProcessPrivilege\r\n\t\t\tSeIncreaseBasePriorityPrivilege\r\n\t\t\tSeCreatePagefilePrivilege\r\n\t\t\tSeBackupPrivilege\r\n\t\t\tSeRestorePrivilege\r\n\t\t\tSeShutdownPrivilege\r\n\t\t\tSeDebugPrivilege\r\n\t\t\tSeSystemEnvironmentPrivilege\r\n\t\t\tSeRemoteShutdownPrivilege\r\n\t\t\tSeUndockPrivilege\r\n\t\t\tSeManageVolumePrivilege\r\n\t\t\tSeIncreaseWorkingSetPrivilege\r\n\t\t\tSeTimeZonePrivilege\r\n\t\t\tSeCreateSymbolicLinkPrivilege\r\n\t\t\tSeDelegateSessionUserImpersonatePrivilege","DisabledPrivilegeList":"-"},{"EventSourceName":"Microsoft-Windows-Security-Auditing","Provider":"Microsoft-Windows-Security-Auditing","ProviderGuid":"{54849625-5478-4994-a5ba-3e3b0328c30d}","Level":"0","Keywords":"0x8020000000000000","Channel":"Security","Computer":"FlareVM","TimeCreated":"2023-02-17T08:08:51.831Z","TimeGenerated":"2023-02-17T01:08:51.831Z","EventRecordID":"157718","EventID":5140,"Message":"A network share object was accessed.\r\n\t\r\nSubject:\r\n\tSecurity ID:\t\tS-1-5-21-2199682790-2533951109-4136935257-1001\r\n\tAccount Name:\t\tmalware\r\n\tAccount Domain:\t\tFLAREVM\r\n\tLogon ID:\t\t0x204E2\r\n\r\nNetwork Information:\t\r\n\tObject Type:\t\tFile\r\n\tSource Address:\t\tfe80::6ec8:c030:2b79:64c9\r\n\tSource Port:\t\t50120\r\n\t\r\nShare Information:\r\n\tShare Name:\t\t\\\\*\\IPC$\r\n\tShare Path:\t\t\r\n\r\nAccess Request Information:\r\n\tAccess Mask:\t\t0x1\r\n\tAccesses:\t\tReadData (or ListDirectory)\r\n\t\t\t\t\r\n","EventData":"\u003cEventData xmlns=\"http://schemas.microsoft.com/win/2004/08/events/event\"\u003e\u003cData Name=\"SubjectUserSid\"\u003eS-1-5-21-2199682790-2533951109-4136935257-1001\u003c/Data\u003e\u003cData Name=\"SubjectUserName\"\u003emalware\u003c/Data\u003e\u003cData Name=\"SubjectDomainName\"\u003eFLAREVM\u003c/Data\u003e\u003cData Name=\"SubjectLogonId\"\u003e0x204e2\u003c/Data\u003e\u003cData Name=\"ObjectType\"\u003eFile\u003c/Data\u003e\u003cData Name=\"IpAddress\"\u003efe80::6ec8:c030:2b79:64c9\u003c/Data\u003e\u003cData Name=\"IpPort\"\u003e50120\u003c/Data\u003e\u003cData Name=\"ShareName\"\u003e\\\\*\\IPC$\u003c/Data\u003e\u003cData Name=\"ShareLocalPath\"\u003e\u003c/Data\u003e\u003cData Name=\"AccessMask\"\u003e0x1\u003c/Data\u003e\u003cData Name=\"AccessList\"\u003e%%4416\n\t\t\t\t\u003c/Data\u003e\u003c/EventData\u003e","Task":12808,"SubjectUserSid":"S-1-5-21-2199682790-2533951109-4136935257-1001","SubjectUserName":"malware","SubjectDomainName":"FLAREVM","SubjectLogonId":"0x204e2","ObjectType":"File","IpAddress":"fe80::6ec8:c030:2b79:64c9","IpPort":"50120","ShareName":"\\\\*\\IPC$","ShareLocalPath":"","AccessMask":1,"AccessList":"%%4416\r\n\t\t\t\t"},{"EventSourceName":"Microsoft-Windows-Security-Auditing","Provider":"Microsoft-Windows-Security-Auditing","ProviderGuid":"{54849625-5478-4994-a5ba-3e3b0328c30d}","Level":"0","Keywords":"0x8020000000000000","Channel":"Security","Computer":"FlareVM","TimeCreated":"2023-02-17T08:08:51.831Z","TimeGenerated":"2023-02-17T01:08:51.831Z","EventRecordID":"157719","EventID":5145,"Message":"A network share object was checked to see whether client can be granted desired access.\r\n\t\r\nSubject:\r\n\tSecurity ID:\t\tS-1-5-21-2199682790-2533951109-4136935257-1001\r\n\tAccount Name:\t\tmalware\r\n\tAccount Domain:\t\tFLAREVM\r\n\tLogon ID:\t\t0x204E2\r\n\r\nNetwork Information:\t\r\n\tObject Type:\t\tFile\r\n\tSource Address:\t\tfe80::6ec8:c030:2b79:64c9\r\n\tSource Port:\t\t50120\r\n\t\r\nShare Information:\r\n\tShare Name:\t\t\\\\*\\IPC$\r\n\tShare Path:\t\t\r\n\tRelative Target Name:\tec9bbf36-1fd6-417f-81b1-caa40ba2c65b\\pipe\\spoolss\r\n\r\nAccess Request Information:\r\n\tAccess Mask:\t\t0x12019F\r\n\tAccesses:\t\tREAD_CONTROL\r\n\t\t\t\tSYNCHRONIZE\r\n\t\t\t\tReadData (or ListDirectory)\r\n\t\t\t\tWriteData (or AddFile)\r\n\t\t\t\tAppendData (or AddSubdirectory or CreatePipeInstance)\r\n\t\t\t\tReadEA\r\n\t\t\t\tWriteEA\r\n\t\t\t\tReadAttributes\r\n\t\t\t\tWriteAttributes\r\n\t\t\t\t\r\nAccess Check Results:\r\n\t-\r\n","EventData":"\u003cEventData xmlns=\"http://schemas.microsoft.com/win/2004/08/events/event\"\u003e\u003cData Name=\"SubjectUserSid\"\u003eS-1-5-21-2199682790-2533951109-4136935257-1001\u003c/Data\u003e\u003cData Name=\"SubjectUserName\"\u003emalware\u003c/Data\u003e\u003cData Name=\"SubjectDomainName\"\u003eFLAREVM\u003c/Data\u003e\u003cData Name=\"SubjectLogonId\"\u003e0x204e2\u003c/Data\u003e\u003cData Name=\"ObjectType\"\u003eFile\u003c/Data\u003e\u003cData Name=\"IpAddress\"\u003efe80::6ec8:c030:2b79:64c9\u003c/Data\u003e\u003cData Name=\"IpPort\"\u003e50120\u003c/Data\u003e\u003cData Name=\"ShareName\"\u003e\\\\*\\IPC$\u003c/Data\u003e\u003cData Name=\"ShareLocalPath\"\u003e\u003c/Data\u003e\u003cData Name=\"RelativeTargetName\"\u003eec9bbf36-1fd6-417f-81b1-caa40ba2c65b\\pipe\\spoolss\u003c/Data\u003e\u003cData Name=\"AccessMask\"\u003e0x12019f\u003c/Data\u003e\u003cData Name=\"AccessList\"\u003e%%1538\n\t\t\t\t%%1541\n\t\t\t\t%%4416\n\t\t\t\t%%4417\n\t\t\t\t%%4418\n\t\t\t\t%%4419\n\t\t\t\t%%4420\n\t\t\t\t%%4423\n\t\t\t\t%%4424\n\t\t\t\t\u003c/Data\u003e\u003cData Name=\"AccessReason\"\u003e-\u003c/Data\u003e\u003c/EventData\u003e","Task":12811,"SubjectUserSid":"S-1-5-21-2199682790-2533951109-4136935257-1001","SubjectUserName":"malware","SubjectDomainName":"FLAREVM","SubjectLogonId":"0x204e2","ObjectType":"File","IpAddress":"fe80::6ec8:c030:2b79:64c9","IpPort":"50120","ShareName":"\\\\*\\IPC$","ShareLocalPath":"","RelativeTargetName":"ec9bbf36-1fd6-417f-81b1-caa40ba2c65b\\pipe\\spoolss","AccessMask":1180063,"AccessList":"%%1538\r\n\t\t\t\t%%1541\r\n\t\t\t\t%%4416\r\n\t\t\t\t%%4417\r\n\t\t\t\t%%4418\r\n\t\t\t\t%%4419\r\n\t\t\t\t%%4420\r\n\t\t\t\t%%4423\r\n\t\t\t\t%%4424\r\n\t\t\t\t","AccessReason":"-"},{"EventSourceName":"Microsoft-Windows-Security-Auditing","Provider":"Microsoft-Windows-Security-Auditing","ProviderGuid":"{54849625-5478-4994-a5ba-3e3b0328c30d}","Level":"0","Keywords":"0x8010000000000000","Channel":"Security","Computer":"FlareVM","TimeCreated":"2023-02-17T08:08:52.815Z","TimeGenerated":"2023-02-17T01:08:52.815Z","EventRecordID":"157720","EventID":5152,"Message":"The Windows Filtering Platform has blocked a packet.\r\n\r\nApplication Information:\r\n\tProcess ID:\t\t0\r\n\tApplication Name:\t-\r\n\r\nNetwork Information:\r\n\tDirection:\t\tInbound\r\n\tSource Address:\t\tfe80::80f8:8202:a581:6b7d\r\n\tSource Port:\t\t60753\r\n\tDestination Address:\tff02::c\r\n\tDestination Port:\t\t3702\r\n\tProtocol:\t\t17\r\n\r\nFilter Information:\r\n\tFilter Run-Time ID:\t67416\r\n\tLayer Name:\t\tTransport\r\n\tLayer Run-Time ID:\t15","EventData":"\u003cEventData xmlns=\"http://schemas.microsoft.com/win/2004/08/events/event\"\u003e\u003cData Name=\"ProcessId\"\u003e0\u003c/Data\u003e\u003cData Name=\"Application\"\u003e-\u003c/Data\u003e\u003cData Name=\"Direction\"\u003e%%14592\u003c/Data\u003e\u003cData Name=\"SourceAddress\"\u003efe80::80f8:8202:a581:6b7d\u003c/Data\u003e\u003cData Name=\"SourcePort\"\u003e60753\u003c/Data\u003e\u003cData Name=\"DestAddress\"\u003eff02::c\u003c/Data\u003e\u003cData Name=\"DestPort\"\u003e3702\u003c/Data\u003e\u003cData Name=\"Protocol\"\u003e17\u003c/Data\u003e\u003cData Name=\"FilterRTID\"\u003e67416\u003c/Data\u003e\u003cData Name=\"LayerName\"\u003e%%14597\u003c/Data\u003e\u003cData Name=\"LayerRTID\"\u003e15\u003c/Data\u003e\u003c/EventData\u003e","Task":12809,"ProcessId":"0x0","Application":"-","Direction":"%%14592","SourceAddress":"fe80::80f8:8202:a581:6b7d","SourcePort":"60753","DestAddress":"ff02::c","DestPort":"3702","Protocol":17,"FilterRTID":"0x10758","LayerName":"%%14597","LayerRTID":"0xf"},{"EventSourceName":"Microsoft-Windows-Security-Auditing","Provider":"Microsoft-Windows-Security-Auditing","ProviderGuid":"{54849625-5478-4994-a5ba-3e3b0328c30d}","Level":"0","Keywords":"0x8010000000000000","Channel":"Security","Computer":"FlareVM","TimeCreated":"2023-02-17T08:08:54.830Z","TimeGenerated":"2023-02-17T01:08:54.830Z","EventRecordID":"157721","EventID":5152,"Message":"The Windows Filtering Platform has blocked a packet.\r\n\r\nApplication Information:\r\n\tProcess ID:\t\t0\r\n\tApplication Name:\t-\r\n\r\nNetwork Information:\r\n\tDirection:\t\tInbound\r\n\tSource Address:\t\tfe80::80f8:8202:a581:6b7d\r\n\tSource Port:\t\t60753\r\n\tDestination Address:\tff02::c\r\n\tDestination Port:\t\t3702\r\n\tProtocol:\t\t17\r\n\r\nFilter Information:\r\n\tFilter Run-Time ID:\t67416\r\n\tLayer Name:\t\tTransport\r\n\tLayer Run-Time ID:\t15","EventData":"\u003cEventData xmlns=\"http://schemas.microsoft.com/win/2004/08/events/event\"\u003e\u003cData Name=\"ProcessId\"\u003e0\u003c/Data\u003e\u003cData Name=\"Application\"\u003e-\u003c/Data\u003e\u003cData Name=\"Direction\"\u003e%%14592\u003c/Data\u003e\u003cData Name=\"SourceAddress\"\u003efe80::80f8:8202:a581:6b7d\u003c/Data\u003e\u003cData Name=\"SourcePort\"\u003e60753\u003c/Data\u003e\u003cData Name=\"DestAddress\"\u003eff02::c\u003c/Data\u003e\u003cData Name=\"DestPort\"\u003e3702\u003c/Data\u003e\u003cData Name=\"Protocol\"\u003e17\u003c/Data\u003e\u003cData Name=\"FilterRTID\"\u003e67416\u003c/Data\u003e\u003cData Name=\"LayerName\"\u003e%%14597\u003c/Data\u003e\u003cData Name=\"LayerRTID\"\u003e15\u003c/Data\u003e\u003c/EventData\u003e","Task":12809,"ProcessId":"0x0","Application":"-","Direction":"%%14592","SourceAddress":"fe80::80f8:8202:a581:6b7d","SourcePort":"60753","DestAddress":"ff02::c","DestPort":"3702","Protocol":17,"FilterRTID":"0x10758","LayerName":"%%14597","LayerRTID":"0xf"}]
