{"EventSourceName":"Microsoft-Windows-Sysmon","Provider":"Microsoft-Windows-Sysmon","ProviderGuid":"{5770385f-c22a-43e0-bf4c-06f5698ffbd9}","Level":"4","Keywords":"0x8000000000000000","Channel":"Microsoft-Windows-Sysmon/Operational","Computer":"FlareVM","TimeCreated":"2023-02-17T08:08:41.789Z","TimeGenerated":"2023-02-17T01:08:41.789Z","EventRecordID":"26504","EventID":12,"Message":"Registry object added or deleted:\r\nRuleName: technique_id=T1553.004,technique_name=Install Root Certificate\r\nEventType: CreateKey\r\nUtcTime: 2023-02-17 13:08:41.775\r\nProcessGuid: {159466bb-3ce2-63c4-0c00-000000000c00}\r\nProcessId: 700\r\nImage: C:\\Windows\\system32\\lsass.exe\r\nTargetObject: HKU\\.DEFAULT\\Software\\Microsoft\\SystemCertificates\\CA\\Certificates\r\nUser: NT AUTHORITY\\SYSTEM","EventData":"\u003cEventData xmlns=\"http://schemas.microsoft.com/win/2004/08/events/event\"\u003e\u003cData Name=\"RuleName\"\u003etechnique_id=T1553.004,technique_name=Install Root Certificate\u003c/Data\u003e\u003cData Name=\"EventType\"\u003eCreateKey\u003c/Data\u003e\u003cData Name=\"UtcTime\"\u003e2023-02-17 13:08:41.775\u003c/Data\u003e\u003cData Name=\"ProcessGuid\"\u003e{159466bb-3ce2-63c4-0c00-000000000c00}\u003c/Data\u003e\u003cData Name=\"ProcessId\"\u003e700\u003c/Data\u003e\u003cData Name=\"Image\"\u003eC:\\Windows\\system32\\lsass.exe\u003c/Data\u003e\u003cData Name=\"TargetObject\"\u003eHKU\\.DEFAULT\\Software\\Microsoft\\SystemCertificates\\CA\\Certificates\u003c/Data\u003e\u003cData Name=\"User\"\u003eNT AUTHORITY\\SYSTEM\u003c/Data\u003e\u003c/EventData\u003e","Task":12,"RuleName":"technique_id=T1553.004,technique_name=Install Root Certificate","EventType":"CreateKey","UtcTime":"2023-02-17 13:08:41.775","ProcessGuid":"159466bb-3ce2-63c4-0c00-000000000c00","ProcessId":700,"Image":"C:\\Windows\\system32\\lsass.exe","TargetObject":"HKU\\.DEFAULT\\Software\\Microsoft\\SystemCertificates\\CA\\Certificates","User":"NT AUTHORITY\\SYSTEM"},{"EventSourceName":"Microsoft-Windows-Sysmon","Provider":"Microsoft-Windows-Sysmon","ProviderGuid":"{5770385f-c22a-43e0-bf4c-06f5698ffbd9}","Level":"4","Keywords":"0x8000000000000000","Channel":"Microsoft-Windows-Sysmon/Operational","Computer":"FlareVM","TimeCreated":"2023-02-17T08:08:41.789Z","TimeGenerated":"2023-02-17T01:08:41.789Z","EventRecordID":"26505","EventID":12,"Message":"Registry object added or deleted:\r\nRuleName: technique_id=T1553.004,technique_name=Install Root Certificate\r\nEventType: CreateKey\r\nUtcTime: 2023-02-17 13:08:41.775\r\nProcessGuid: {159466bb-3ce2-63c4-0c00-000000000c00}\r\nProcessId: 700\r\nImage: C:\\Windows\\system32\\lsass.exe\r\nTargetObject: HKU\\.DEFAULT\\Software\\Policies\\Microsoft\\SystemCertificates\\CA\\Certificates\r\nUser: NT AUTHORITY\\SYSTEM","EventData":"\u003cEventData xmlns=\"http://schemas.microsoft.com/win/2004/08/events/event\"\u003e\u003cData Name=\"RuleName\"\u003etechnique_id=T1553.004,technique_name=Install Root Certificate\u003c/Data\u003e\u003cData Name=\"EventType\"\u003eCreateKey\u003c/Data\u003e\u003cData Name=\"UtcTime\"\u003e2023-02-17 13:08:41.775\u003c/Data\u003e\u003cData Name=\"ProcessGuid\"\u003e{159466bb-3ce2-63c4-0c00-000000000c00}\u003c/Data\u003e\u003cData Name=\"ProcessId\"\u003e700\u003c/Data\u003e\u003cData Name=\"Image\"\u003eC:\\Windows\\system32\\lsass.exe\u003c/Data\u003e\u003cData Name=\"TargetObject\"\u003eHKU\\.DEFAULT\\Software\\Policies\\Microsoft\\SystemCertificates\\CA\\Certificates\u003c/Data\u003e\u003cData Name=\"User\"\u003eNT AUTHORITY\\SYSTEM\u003c/Data\u003e\u003c/EventData\u003e","Task":12,"RuleName":"technique_id=T1553.004,technique_name=Install Root Certificate","EventType":"CreateKey","UtcTime":"2023-02-17 13:08:41.775","ProcessGuid":"159466bb-3ce2-63c4-0c00-000000000c00","ProcessId":700,"Image":"C:\\Windows\\system32\\lsass.exe","TargetObject":"HKU\\.DEFAULT\\Software\\Policies\\Microsoft\\SystemCertificates\\CA\\Certificates","User":"NT AUTHORITY\\SYSTEM"},{"EventSourceName":"Microsoft-Windows-Sysmon","Provider":"Microsoft-Windows-Sysmon","ProviderGuid":"{5770385f-c22a-43e0-bf4c-06f5698ffbd9}","Level":"4","Keywords":"0x8000000000000000","Channel":"Microsoft-Windows-Sysmon/Operational","Computer":"FlareVM","TimeCreated":"2023-02-17T08:08:41.789Z","TimeGenerated":"2023-02-17T01:08:41.789Z","EventRecordID":"26506","EventID":12,"Message":"Registry object added or deleted:\r\nRuleName: technique_id=T1553.004,technique_name=Install Root Certificate\r\nEventType: CreateKey\r\nUtcTime: 2023-02-17 13:08:41.775\r\nProcessGuid: {159466bb-3ce2-63c4-0c00-000000000c00}\r\nProcessId: 700\r\nImage: C:\\Windows\\system32\\lsass.exe\r\nTargetObject: HKLM\\SOFTWARE\\Microsoft\\SystemCertificates\\CA\\Certificates\r\nUser: NT AUTHORITY\\SYSTEM","EventData":"\u003cEventData xmlns=\"http://schemas.microsoft.com/win/2004/08/events/event\"\u003e\u003cData Name=\"RuleName\"\u003etechnique_id=T1553.004,technique_name=Install Root Certificate\u003c/Data\u003e\u003cData Name=\"EventType\"\u003eCreateKey\u003c/Data\u003e\u003cData Name=\"UtcTime\"\u003e2023-02-17 13:08:41.775\u003c/Data\u003e\u003cData Name=\"ProcessGuid\"\u003e{159466bb-3ce2-63c4-0c00-000000000c00}\u003c/Data\u003e\u003cData Name=\"ProcessId\"\u003e700\u003c/Data\u003e\u003cData Name=\"Image\"\u003eC:\\Windows\\system32\\lsass.exe\u003c/Data\u003e\u003cData Name=\"TargetObject\"\u003eHKLM\\SOFTWARE\\Microsoft\\SystemCertificates\\CA\\Certificates\u003c/Data\u003e\u003cData Name=\"User\"\u003eNT AUTHORITY\\SYSTEM\u003c/Data\u003e\u003c/EventData\u003e","Task":12,"RuleName":"technique_id=T1553.004,technique_name=Install Root Certificate","EventType":"CreateKey","UtcTime":"2023-02-17 13:08:41.775","ProcessGuid":"159466bb-3ce2-63c4-0c00-000000000c00","ProcessId":700,"Image":"C:\\Windows\\system32\\lsass.exe","TargetObject":"HKLM\\SOFTWARE\\Microsoft\\SystemCertificates\\CA\\Certificates","User":"NT AUTHORITY\\SYSTEM"},{"EventSourceName":"Microsoft-Windows-Sysmon","Provider":"Microsoft-Windows-Sysmon","ProviderGuid":"{5770385f-c22a-43e0-bf4c-06f5698ffbd9}","Level":"4","Keywords":"0x8000000000000000","Channel":"Microsoft-Windows-Sysmon/Operational","Computer":"FlareVM","TimeCreated":"2023-02-17T08:08:41.790Z","TimeGenerated":"2023-02-17T01:08:41.790Z","EventRecordID":"26507","EventID":12,"Message":"Registry object added or deleted:\r\nRuleName: technique_id=T1553.004,technique_name=Install Root Certificate\r\nEventType: CreateKey\r\nUtcTime: 2023-02-17 13:08:41.775\r\nProcessGuid: {159466bb-3ce2-63c4-0c00-000000000c00}\r\nProcessId: 700\r\nImage: C:\\Windows\\system32\\lsass.exe\r\nTargetObject: HKLM\\SOFTWARE\\Policies\\Microsoft\\SystemCertificates\\CA\\Certificates\r\nUser: NT AUTHORITY\\SYSTEM","EventData":"\u003cEventData xmlns=\"http://schemas.microsoft.com/win/2004/08/events/event\"\u003e\u003cData Name=\"RuleName\"\u003etechnique_id=T1553.004,technique_name=Install Root Certificate\u003c/Data\u003e\u003cData Name=\"EventType\"\u003eCreateKey\u003c/Data\u003e\u003cData Name=\"UtcTime\"\u003e2023-02-17 13:08:41.775\u003c/Data\u003e\u003cData Name=\"ProcessGuid\"\u003e{159466bb-3ce2-63c4-0c00-000000000c00}\u003c/Data\u003e\u003cData Name=\"ProcessId\"\u003e700\u003c/Data\u003e\u003cData Name=\"Image\"\u003eC:\\Windows\\system32\\lsass.exe\u003c/Data\u003e\u003cData Name=\"TargetObject\"\u003eHKLM\\SOFTWARE\\Policies\\Microsoft\\SystemCertificates\\CA\\Certificates\u003c/Data\u003e\u003cData Name=\"User\"\u003eNT AUTHORITY\\SYSTEM\u003c/Data\u003e\u003c/EventData\u003e","Task":12,"RuleName":"technique_id=T1553.004,technique_name=Install Root Certificate","EventType":"CreateKey","UtcTime":"2023-02-17 13:08:41.775","ProcessGuid":"159466bb-3ce2-63c4-0c00-000000000c00","ProcessId":700,"Image":"C:\\Windows\\system32\\lsass.exe","TargetObject":"HKLM\\SOFTWARE\\Policies\\Microsoft\\SystemCertificates\\CA\\Certificates","User":"NT AUTHORITY\\SYSTEM"},{"EventSourceName":"Microsoft-Windows-Sysmon","Provider":"Microsoft-Windows-Sysmon","ProviderGuid":"{5770385f-c22a-43e0-bf4c-06f5698ffbd9}","Level":"4","Keywords":"0x8000000000000000","Channel":"Microsoft-Windows-Sysmon/Operational","Computer":"FlareVM","TimeCreated":"2023-02-17T08:08:41.791Z","TimeGenerated":"2023-02-17T01:08:41.791Z","EventRecordID":"26508","EventID":12,"Message":"Registry object added or deleted:\r\nRuleName: technique_id=T1553.004,technique_name=Install Root Certificate\r\nEventType: CreateKey\r\nUtcTime: 2023-02-17 13:08:41.775\r\nProcessGuid: {159466bb-3ce2-63c4-0c00-000000000c00}\r\nProcessId: 700\r\nImage: C:\\Windows\\system32\\lsass.exe\r\nTargetObject: HKU\\.DEFAULT\\Software\\Microsoft\\SystemCertificates\\CA\\Certificates\r\nUser: NT AUTHORITY\\SYSTEM","EventData":"\u003cEventData xmlns=\"http://schemas.microsoft.com/win/2004/08/events/event\"\u003e\u003cData Name=\"RuleName\"\u003etechnique_id=T1553.004,technique_name=Install Root Certificate\u003c/Data\u003e\u003cData Name=\"EventType\"\u003eCreateKey\u003c/Data\u003e\u003cData Name=\"UtcTime\"\u003e2023-02-17 13:08:41.775\u003c/Data\u003e\u003cData Name=\"ProcessGuid\"\u003e{159466bb-3ce2-63c4-0c00-000000000c00}\u003c/Data\u003e\u003cData Name=\"ProcessId\"\u003e700\u003c/Data\u003e\u003cData Name=\"Image\"\u003eC:\\Windows\\system32\\lsass.exe\u003c/Data\u003e\u003cData Name=\"TargetObject\"\u003eHKU\\.DEFAULT\\Software\\Microsoft\\SystemCertificates\\CA\\Certificates\u003c/Data\u003e\u003cData Name=\"User\"\u003eNT AUTHORITY\\SYSTEM\u003c/Data\u003e\u003c/EventData\u003e","Task":12,"RuleName":"technique_id=T1553.004,technique_name=Install Root Certificate","EventType":"CreateKey","UtcTime":"2023-02-17 13:08:41.775","ProcessGuid":"159466bb-3ce2-63c4-0c00-000000000c00","ProcessId":700,"Image":"C:\\Windows\\system32\\lsass.exe","TargetObject":"HKU\\.DEFAULT\\Software\\Microsoft\\SystemCertificates\\CA\\Certificates","User":"NT AUTHORITY\\SYSTEM"},{"EventSourceName":"Microsoft-Windows-Sysmon","Provider":"Microsoft-Windows-Sysmon","ProviderGuid":"{5770385f-c22a-43e0-bf4c-06f5698ffbd9}","Level":"4","Keywords":"0x8000000000000000","Channel":"Microsoft-Windows-Sysmon/Operational","Computer":"FlareVM","TimeCreated":"2023-02-17T08:08:41.791Z","TimeGenerated":"2023-02-17T01:08:41.791Z","EventRecordID":"26509","EventID":12,"Message":"Registry object added or deleted:\r\nRuleName: technique_id=T1553.004,technique_name=Install Root Certificate\r\nEventType: CreateKey\r\nUtcTime: 2023-02-17 13:08:41.775\r\nProcessGuid: {159466bb-3ce2-63c4-0c00-000000000c00}\r\nProcessId: 700\r\nImage: C:\\Windows\\system32\\lsass.exe\r\nTargetObject: HKU\\.DEFAULT\\Software\\Policies\\Microsoft\\SystemCertificates\\CA\\Certificates\r\nUser: NT AUTHORITY\\SYSTEM","EventData":"\u003cEventData xmlns=\"http://schemas.microsoft.com/win/2004/08/events/event\"\u003e\u003cData Name=\"RuleName\"\u003etechnique_id=T1553.004,technique_name=Install Root Certificate\u003c/Data\u003e\u003cData Name=\"EventType\"\u003eCreateKey\u003c/Data\u003e\u003cData Name=\"UtcTime\"\u003e2023-02-17 13:08:41.775\u003c/Data\u003e\u003cData Name=\"ProcessGuid\"\u003e{159466bb-3ce2-63c4-0c00-000000000c00}\u003c/Data\u003e\u003cData Name=\"ProcessId\"\u003e700\u003c/Data\u003e\u003cData Name=\"Image\"\u003eC:\\Windows\\system32\\lsass.exe\u003c/Data\u003e\u003cData Name=\"TargetObject\"\u003eHKU\\.DEFAULT\\Software\\Policies\\Microsoft\\SystemCertificates\\CA\\Certificates\u003c/Data\u003e\u003cData Name=\"User\"\u003eNT AUTHORITY\\SYSTEM\u003c/Data\u003e\u003c/EventData\u003e","Task":12,"RuleName":"technique_id=T1553.004,technique_name=Install Root Certificate","EventType":"CreateKey","UtcTime":"2023-02-17 13:08:41.775","ProcessGuid":"159466bb-3ce2-63c4-0c00-000000000c00","ProcessId":700,"Image":"C:\\Windows\\system32\\lsass.exe","TargetObject":"HKU\\.DEFAULT\\Software\\Policies\\Microsoft\\SystemCertificates\\CA\\Certificates","User":"NT AUTHORITY\\SYSTEM"},{"EventSourceName":"Microsoft-Windows-Sysmon","Provider":"Microsoft-Windows-Sysmon","ProviderGuid":"{5770385f-c22a-43e0-bf4c-06f5698ffbd9}","Level":"4","Keywords":"0x8000000000000000","Channel":"Microsoft-Windows-Sysmon/Operational","Computer":"FlareVM","TimeCreated":"2023-02-17T08:08:41.791Z","TimeGenerated":"2023-02-17T01:08:41.791Z","EventRecordID":"26510","EventID":12,"Message":"Registry object added or deleted:\r\nRuleName: technique_id=T1553.004,technique_name=Install Root Certificate\r\nEventType: CreateKey\r\nUtcTime: 2023-02-17 13:08:41.775\r\nProcessGuid: {159466bb-3ce2-63c4-0c00-000000000c00}\r\nProcessId: 700\r\nImage: C:\\Windows\\system32\\lsass.exe\r\nTargetObject: HKLM\\SOFTWARE\\Microsoft\\SystemCertificates\\CA\\Certificates\r\nUser: NT AUTHORITY\\SYSTEM","EventData":"\u003cEventData xmlns=\"http://schemas.microsoft.com/win/2004/08/events/event\"\u003e\u003cData Name=\"RuleName\"\u003etechnique_id=T1553.004,technique_name=Install Root Certificate\u003c/Data\u003e\u003cData Name=\"EventType\"\u003eCreateKey\u003c/Data\u003e\u003cData Name=\"UtcTime\"\u003e2023-02-17 13:08:41.775\u003c/Data\u003e\u003cData Name=\"ProcessGuid\"\u003e{159466bb-3ce2-63c4-0c00-000000000c00}\u003c/Data\u003e\u003cData Name=\"ProcessId\"\u003e700\u003c/Data\u003e\u003cData Name=\"Image\"\u003eC:\\Windows\\system32\\lsass.exe\u003c/Data\u003e\u003cData Name=\"TargetObject\"\u003eHKLM\\SOFTWARE\\Microsoft\\SystemCertificates\\CA\\Certificates\u003c/Data\u003e\u003cData Name=\"User\"\u003eNT AUTHORITY\\SYSTEM\u003c/Data\u003e\u003c/EventData\u003e","Task":12,"RuleName":"technique_id=T1553.004,technique_name=Install Root Certificate","EventType":"CreateKey","UtcTime":"2023-02-17 13:08:41.775","ProcessGuid":"159466bb-3ce2-63c4-0c00-000000000c00","ProcessId":700,"Image":"C:\\Windows\\system32\\lsass.exe","TargetObject":"HKLM\\SOFTWARE\\Microsoft\\SystemCertificates\\CA\\Certificates","User":"NT AUTHORITY\\SYSTEM"},{"EventSourceName":"Microsoft-Windows-Sysmon","Provider":"Microsoft-Windows-Sysmon","ProviderGuid":"{5770385f-c22a-43e0-bf4c-06f5698ffbd9}","Level":"4","Keywords":"0x8000000000000000","Channel":"Microsoft-Windows-Sysmon/Operational","Computer":"FlareVM","TimeCreated":"2023-02-17T08:08:41.791Z","TimeGenerated":"2023-02-17T01:08:41.791Z","EventRecordID":"26511","EventID":12,"Message":"Registry object added or deleted:\r\nRuleName: technique_id=T1553.004,technique_name=Install Root Certificate\r\nEventType: CreateKey\r\nUtcTime: 2023-02-17 13:08:41.775\r\nProcessGuid: {159466bb-3ce2-63c4-0c00-000000000c00}\r\nProcessId: 700\r\nImage: C:\\Windows\\system32\\lsass.exe\r\nTargetObject: HKLM\\SOFTWARE\\Policies\\Microsoft\\SystemCertificates\\CA\\Certificates\r\nUser: NT AUTHORITY\\SYSTEM","EventData":"\u003cEventData xmlns=\"http://schemas.microsoft.com/win/2004/08/events/event\"\u003e\u003cData Name=\"RuleName\"\u003etechnique_id=T1553.004,technique_name=Install Root Certificate\u003c/Data\u003e\u003cData Name=\"EventType\"\u003eCreateKey\u003c/Data\u003e\u003cData Name=\"UtcTime\"\u003e2023-02-17 13:08:41.775\u003c/Data\u003e\u003cData Name=\"ProcessGuid\"\u003e{159466bb-3ce2-63c4-0c00-000000000c00}\u003c/Data\u003e\u003cData Name=\"ProcessId\"\u003e700\u003c/Data\u003e\u003cData Name=\"Image\"\u003eC:\\Windows\\system32\\lsass.exe\u003c/Data\u003e\u003cData Name=\"TargetObject\"\u003eHKLM\\SOFTWARE\\Policies\\Microsoft\\SystemCertificates\\CA\\Certificates\u003c/Data\u003e\u003cData Name=\"User\"\u003eNT AUTHORITY\\SYSTEM\u003c/Data\u003e\u003c/EventData\u003e","Task":12,"RuleName":"technique_id=T1553.004,technique_name=Install Root Certificate","EventType":"CreateKey","UtcTime":"2023-02-17 13:08:41.775","ProcessGuid":"159466bb-3ce2-63c4-0c00-000000000c00","ProcessId":700,"Image":"C:\\Windows\\system32\\lsass.exe","TargetObject":"HKLM\\SOFTWARE\\Policies\\Microsoft\\SystemCertificates\\CA\\Certificates","User":"NT AUTHORITY\\SYSTEM"},{"EventSourceName":"Microsoft-Windows-Sysmon","Provider":"Microsoft-Windows-Sysmon","ProviderGuid":"{5770385f-c22a-43e0-bf4c-06f5698ffbd9}","Level":"4","Keywords":"0x8000000000000000","Channel":"Microsoft-Windows-Sysmon/Operational","Computer":"FlareVM","TimeCreated":"2023-02-17T08:08:41.799Z","TimeGenerated":"2023-02-17T01:08:41.799Z","EventRecordID":"26512","EventID":1,"Message":"Process Create:\r\nRuleName: technique_id=T1059,technique_name=Command-Line Interface\r\nUtcTime: 2023-02-17 13:08:41.797\r\nProcessGuid: {159466bb-7c59-63ef-6b01-000000000c00}\r\nProcessId: 8848\r\nImage: C:\\Windows\\System32\\cmd.exe\r\nFileVersion: 10.0.19041.746 (WinBuild.160101.0800)\r\nDescription: Windows Command Processor\r\nProduct: Microsoft Windows Operating System\r\nCompany: Microsoft Corporation\r\nOriginalFileName: Cmd.Exe\r\nCommandLine: cmd\r\nCurrentDirectory: C:\\Windows\\system32\\\r\nUser: NT AUTHORITY\\SYSTEM\r\nLogonGuid: {159466bb-3ce3-63c4-e703-000000000000}\r\nLogonId: 0x3E7\r\nTerminalSessionId: 0\r\nIntegrityLevel: System\r\nHashes: SHA1=F1EFB0FDDC156E4C61C5F78A54700E4E7984D55D,MD5=8A2122E8162DBEF04694B9C3E0B6CDEE,SHA256=B99D61D874728EDC0918CA0EB10EAB93D381E7367E377406E65963366C874450,IMPHASH=272245E2988E1E430500B852C4FB5E18\r\nParentProcessGuid: {159466bb-7c59-63ef-6a01-000000000c00}\r\nParentProcessId: 4044\r\nParentImage: C:\\Users\\malware\\Downloads\\PrintSpoofer64.exe\r\nParentCommandLine: \"C:\\Users\\malware\\Downloads\\PrintSpoofer64.exe\" -i -c cmd\r\nParentUser: FLAREVM\\malware","EventData":"\u003cEventData xmlns=\"http://schemas.microsoft.com/win/2004/08/events/event\"\u003e\u003cData Name=\"RuleName\"\u003etechnique_id=T1059,technique_name=Command-Line Interface\u003c/Data\u003e\u003cData Name=\"UtcTime\"\u003e2023-02-17 13:08:41.797\u003c/Data\u003e\u003cData Name=\"ProcessGuid\"\u003e{159466bb-7c59-63ef-6b01-000000000c00}\u003c/Data\u003e\u003cData Name=\"ProcessId\"\u003e8848\u003c/Data\u003e\u003cData Name=\"Image\"\u003eC:\\Windows\\System32\\cmd.exe\u003c/Data\u003e\u003cData Name=\"FileVersion\"\u003e10.0.19041.746 (WinBuild.160101.0800)\u003c/Data\u003e\u003cData Name=\"Description\"\u003eWindows Command Processor\u003c/Data\u003e\u003cData Name=\"Product\"\u003eMicrosoft Windows Operating System\u003c/Data\u003e\u003cData Name=\"Company\"\u003eMicrosoft Corporation\u003c/Data\u003e\u003cData Name=\"OriginalFileName\"\u003eCmd.Exe\u003c/Data\u003e\u003cData Name=\"CommandLine\"\u003ecmd\u003c/Data\u003e\u003cData Name=\"CurrentDirectory\"\u003eC:\\Windows\\system32\\\u003c/Data\u003e\u003cData Name=\"User\"\u003eNT AUTHORITY\\SYSTEM\u003c/Data\u003e\u003cData Name=\"LogonGuid\"\u003e{159466bb-3ce3-63c4-e703-000000000000}\u003c/Data\u003e\u003cData Name=\"LogonId\"\u003e0x3e7\u003c/Data\u003e\u003cData Name=\"TerminalSessionId\"\u003e0\u003c/Data\u003e\u003cData Name=\"IntegrityLevel\"\u003eSystem\u003c/Data\u003e\u003cData Name=\"Hashes\"\u003eSHA1=F1EFB0FDDC156E4C61C5F78A54700E4E7984D55D,MD5=8A2122E8162DBEF04694B9C3E0B6CDEE,SHA256=B99D61D874728EDC0918CA0EB10EAB93D381E7367E377406E65963366C874450,IMPHASH=272245E2988E1E430500B852C4FB5E18\u003c/Data\u003e\u003cData Name=\"ParentProcessGuid\"\u003e{159466bb-7c59-63ef-6a01-000000000c00}\u003c/Data\u003e\u003cData Name=\"ParentProcessId\"\u003e4044\u003c/Data\u003e\u003cData Name=\"ParentImage\"\u003eC:\\Users\\malware\\Downloads\\PrintSpoofer64.exe\u003c/Data\u003e\u003cData Name=\"ParentCommandLine\"\u003e\"C:\\Users\\malware\\Downloads\\PrintSpoofer64.exe\" -i -c cmd\u003c/Data\u003e\u003cData Name=\"ParentUser\"\u003eFLAREVM\\malware\u003c/Data\u003e\u003c/EventData\u003e","Task":1,"RuleName":"technique_id=T1059,technique_name=Command-Line Interface","UtcTime":"2023-02-17 13:08:41.797","ProcessGuid":"159466bb-7c59-63ef-6b01-000000000c00","ProcessId":8848,"Image":"C:\\Windows\\System32\\cmd.exe","FileVersion":"10.0.19041.746 (WinBuild.160101.0800)","Description":"Windows Command Processor","Product":"Microsoft Windows Operating System","Company":"Microsoft Corporation","OriginalFileName":"Cmd.Exe","CommandLine":"cmd","CurrentDirectory":"C:\\Windows\\system32\\","User":"NT AUTHORITY\\SYSTEM","LogonGuid":"159466bb-3ce3-63c4-e703-000000000000","LogonId":"0x3e7","TerminalSessionId":0,"IntegrityLevel":"System","Hashes":"SHA1=F1EFB0FDDC156E4C61C5F78A54700E4E7984D55D,MD5=8A2122E8162DBEF04694B9C3E0B6CDEE,SHA256=B99D61D874728EDC0918CA0EB10EAB93D381E7367E377406E65963366C874450,IMPHASH=272245E2988E1E430500B852C4FB5E18","ParentProcessGuid":"159466bb-7c59-63ef-6a01-000000000c00","ParentProcessId":4044,"ParentImage":"C:\\Users\\malware\\Downloads\\PrintSpoofer64.exe","ParentCommandLine":"\"C:\\Users\\malware\\Downloads\\PrintSpoofer64.exe\" -i -c cmd","ParentUser":"FLAREVM\\malware"},{"EventSourceName":"Microsoft-Windows-Sysmon","Provider":"Microsoft-Windows-Sysmon","ProviderGuid":"{5770385f-c22a-43e0-bf4c-06f5698ffbd9}","Level":"4","Keywords":"0x8000000000000000","Channel":"Microsoft-Windows-Sysmon/Operational","Computer":"FlareVM","TimeCreated":"2023-02-17T08:08:43.775Z","TimeGenerated":"2023-02-17T01:08:43.775Z","EventRecordID":"26513","EventID":22,"Message":"Dns query:\r\nRuleName: -\r\nUtcTime: 2023-02-17 13:08:41.771\r\nProcessGuid: {159466bb-3ce4-63c4-3600-000000000c00}\r\nProcessId: 2436\r\nQueryName: FLAREVM\r\nQueryStatus: 0\r\nQueryResults: fe80::6ec8:c030:2b79:64c9;::ffff:192.168.1.25;\r\nImage: C:\\Windows\\System32\\svchost.exe\r\nUser: NT AUTHORITY\\NETWORK SERVICE","EventData":"\u003cEventData xmlns=\"http://schemas.microsoft.com/win/2004/08/events/event\"\u003e\u003cData Name=\"RuleName\"\u003e-\u003c/Data\u003e\u003cData Name=\"UtcTime\"\u003e2023-02-17 13:08:41.771\u003c/Data\u003e\u003cData Name=\"ProcessGuid\"\u003e{159466bb-3ce4-63c4-3600-000000000c00}\u003c/Data\u003e\u003cData Name=\"ProcessId\"\u003e2436\u003c/Data\u003e\u003cData Name=\"QueryName\"\u003eFLAREVM\u003c/Data\u003e\u003cData Name=\"QueryStatus\"\u003e0\u003c/Data\u003e\u003cData Name=\"QueryResults\"\u003efe80::6ec8:c030:2b79:64c9;::ffff:192.168.1.25;\u003c/Data\u003e\u003cData Name=\"Image\"\u003eC:\\Windows\\System32\\svchost.exe\u003c/Data\u003e\u003cData Name=\"User\"\u003eNT AUTHORITY\\NETWORK SERVICE\u003c/Data\u003e\u003c/EventData\u003e","Task":22,"RuleName":"-","UtcTime":"2023-02-17 13:08:41.771","ProcessGuid":"159466bb-3ce4-63c4-3600-000000000c00","ProcessId":2436,"QueryName":"FLAREVM","QueryStatus":"0","QueryResults":"fe80::6ec8:c030:2b79:64c9;::ffff:192.168.1.25;","Image":"C:\\Windows\\System32\\svchost.exe","User":"NT AUTHORITY\\NETWORK SERVICE"},{"EventSourceName":"Microsoft-Windows-Sysmon","Provider":"Microsoft-Windows-Sysmon","ProviderGuid":"{5770385f-c22a-43e0-bf4c-06f5698ffbd9}","Level":"4","Keywords":"0x8000000000000000","Channel":"Microsoft-Windows-Sysmon/Operational","Computer":"FlareVM","TimeCreated":"2023-02-17T08:08:44.305Z","TimeGenerated":"2023-02-17T01:08:44.305Z","EventRecordID":"26514","EventID":1,"Message":"Process Create:\r\nRuleName: technique_id=T1033,technique_name=System Owner/User Discovery\r\nUtcTime: 2023-02-17 13:08:44.303\r\nProcessGuid: {159466bb-7c5c-63ef-6c01-000000000c00}\r\nProcessId: 8388\r\nImage: C:\\Windows\\System32\\whoami.exe\r\nFileVersion: 10.0.19041.1 (WinBuild.160101.0800)\r\nDescription: whoami - displays logged on user information\r\nProduct: Microsoft Windows Operating System\r\nCompany: Microsoft Corporation\r\nOriginalFileName: whoami.exe\r\nCommandLine: whoami\r\nCurrentDirectory: C:\\Windows\\system32\\\r\nUser: NT AUTHORITY\\SYSTEM\r\nLogonGuid: {159466bb-3ce3-63c4-e703-000000000000}\r\nLogonId: 0x3E7\r\nTerminalSessionId: 0\r\nIntegrityLevel: System\r\nHashes: SHA1=1915FBFDB73FDD200C47880247ACDDE5442431A9,MD5=A4A6924F3EAF97981323703D38FD99C4,SHA256=1D4902A04D99E8CCBFE7085E63155955FEE397449D386453F6C452AE407B8743,IMPHASH=7FF0758B766F747CE57DFAC70743FB88\r\nParentProcessGuid: {159466bb-7c59-63ef-6b01-000000000c00}\r\nParentProcessId: 8848\r\nParentImage: C:\\Windows\\System32\\cmd.exe\r\nParentCommandLine: cmd\r\nParentUser: NT AUTHORITY\\SYSTEM","EventData":"\u003cEventData xmlns=\"http://schemas.microsoft.com/win/2004/08/events/event\"\u003e\u003cData Name=\"RuleName\"\u003etechnique_id=T1033,technique_name=System Owner/User Discovery\u003c/Data\u003e\u003cData Name=\"UtcTime\"\u003e2023-02-17 13:08:44.303\u003c/Data\u003e\u003cData Name=\"ProcessGuid\"\u003e{159466bb-7c5c-63ef-6c01-000000000c00}\u003c/Data\u003e\u003cData Name=\"ProcessId\"\u003e8388\u003c/Data\u003e\u003cData Name=\"Image\"\u003eC:\\Windows\\System32\\whoami.exe\u003c/Data\u003e\u003cData Name=\"FileVersion\"\u003e10.0.19041.1 (WinBuild.160101.0800)\u003c/Data\u003e\u003cData Name=\"Description\"\u003ewhoami - displays logged on user information\u003c/Data\u003e\u003cData Name=\"Product\"\u003eMicrosoft Windows Operating System\u003c/Data\u003e\u003cData Name=\"Company\"\u003eMicrosoft Corporation\u003c/Data\u003e\u003cData Name=\"OriginalFileName\"\u003ewhoami.exe\u003c/Data\u003e\u003cData Name=\"CommandLine\"\u003ewhoami\u003c/Data\u003e\u003cData Name=\"CurrentDirectory\"\u003eC:\\Windows\\system32\\\u003c/Data\u003e\u003cData Name=\"User\"\u003eNT AUTHORITY\\SYSTEM\u003c/Data\u003e\u003cData Name=\"LogonGuid\"\u003e{159466bb-3ce3-63c4-e703-000000000000}\u003c/Data\u003e\u003cData Name=\"LogonId\"\u003e0x3e7\u003c/Data\u003e\u003cData Name=\"TerminalSessionId\"\u003e0\u003c/Data\u003e\u003cData Name=\"IntegrityLevel\"\u003eSystem\u003c/Data\u003e\u003cData Name=\"Hashes\"\u003eSHA1=1915FBFDB73FDD200C47880247ACDDE5442431A9,MD5=A4A6924F3EAF97981323703D38FD99C4,SHA256=1D4902A04D99E8CCBFE7085E63155955FEE397449D386453F6C452AE407B8743,IMPHASH=7FF0758B766F747CE57DFAC70743FB88\u003c/Data\u003e\u003cData Name=\"ParentProcessGuid\"\u003e{159466bb-7c59-63ef-6b01-000000000c00}\u003c/Data\u003e\u003cData Name=\"ParentProcessId\"\u003e8848\u003c/Data\u003e\u003cData Name=\"ParentImage\"\u003eC:\\Windows\\System32\\cmd.exe\u003c/Data\u003e\u003cData Name=\"ParentCommandLine\"\u003ecmd\u003c/Data\u003e\u003cData Name=\"ParentUser\"\u003eNT AUTHORITY\\SYSTEM\u003c/Data\u003e\u003c/EventData\u003e","Task":1,"RuleName":"technique_id=T1033,technique_name=System Owner/User Discovery","UtcTime":"2023-02-17 13:08:44.303","ProcessGuid":"159466bb-7c5c-63ef-6c01-000000000c00","ProcessId":8388,"Image":"C:\\Windows\\System32\\whoami.exe","FileVersion":"10.0.19041.1 (WinBuild.160101.0800)","Description":"whoami - displays logged on user information","Product":"Microsoft Windows Operating System","Company":"Microsoft Corporation","OriginalFileName":"whoami.exe","CommandLine":"whoami","CurrentDirectory":"C:\\Windows\\system32\\","User":"NT AUTHORITY\\SYSTEM","LogonGuid":"159466bb-3ce3-63c4-e703-000000000000","LogonId":"0x3e7","TerminalSessionId":0,"IntegrityLevel":"System","Hashes":"SHA1=1915FBFDB73FDD200C47880247ACDDE5442431A9,MD5=A4A6924F3EAF97981323703D38FD99C4,SHA256=1D4902A04D99E8CCBFE7085E63155955FEE397449D386453F6C452AE407B8743,IMPHASH=7FF0758B766F747CE57DFAC70743FB88","ParentProcessGuid":"159466bb-7c59-63ef-6b01-000000000c00","ParentProcessId":8848,"ParentImage":"C:\\Windows\\System32\\cmd.exe","ParentCommandLine":"cmd","ParentUser":"NT AUTHORITY\\SYSTEM"},{"EventSourceName":"Microsoft-Windows-Sysmon","Provider":"Microsoft-Windows-Sysmon","ProviderGuid":"{5770385f-c22a-43e0-bf4c-06f5698ffbd9}","Level":"4","Keywords":"0x8000000000000000","Channel":"Microsoft-Windows-Sysmon/Operational","Computer":"FlareVM","TimeCreated":"2023-02-17T08:08:44.322Z","TimeGenerated":"2023-02-17T01:08:44.322Z","EventRecordID":"26515","EventID":11,"Message":"File created:\r\nRuleName: technique_id=T1574.010,technique_name=Services File Permissions Weakness\r\nUtcTime: 2023-02-17 13:08:44.322\r\nProcessGuid: {159466bb-3ce3-63c4-2700-000000000c00}\r\nProcessId: 1848\r\nImage: C:\\Windows\\system32\\svchost.exe\r\nTargetFilename: C:\\Windows\\Prefetch\\WHOAMI.EXE-9D378AFE.pf\r\nCreationUtcTime: 2023-01-15 16:44:01.915\r\nUser: NT AUTHORITY\\SYSTEM","EventData":"\u003cEventData xmlns=\"http://schemas.microsoft.com/win/2004/08/events/event\"\u003e\u003cData Name=\"RuleName\"\u003etechnique_id=T1574.010,technique_name=Services File Permissions Weakness\u003c/Data\u003e\u003cData Name=\"UtcTime\"\u003e2023-02-17 13:08:44.322\u003c/Data\u003e\u003cData Name=\"ProcessGuid\"\u003e{159466bb-3ce3-63c4-2700-000000000c00}\u003c/Data\u003e\u003cData Name=\"ProcessId\"\u003e1848\u003c/Data\u003e\u003cData Name=\"Image\"\u003eC:\\Windows\\system32\\svchost.exe\u003c/Data\u003e\u003cData Name=\"TargetFilename\"\u003eC:\\Windows\\Prefetch\\WHOAMI.EXE-9D378AFE.pf\u003c/Data\u003e\u003cData Name=\"CreationUtcTime\"\u003e2023-01-15 16:44:01.915\u003c/Data\u003e\u003cData Name=\"User\"\u003eNT AUTHORITY\\SYSTEM\u003c/Data\u003e\u003c/EventData\u003e","Task":11,"RuleName":"technique_id=T1574.010,technique_name=Services File Permissions Weakness","UtcTime":"2023-02-17 13:08:44.322","ProcessGuid":"159466bb-3ce3-63c4-2700-000000000c00","ProcessId":1848,"Image":"C:\\Windows\\system32\\svchost.exe","TargetFilename":"C:\\Windows\\Prefetch\\WHOAMI.EXE-9D378AFE.pf","CreationUtcTime":"2023-01-15 16:44:01.915","User":"NT AUTHORITY\\SYSTEM"},{"EventSourceName":"Microsoft-Windows-Sysmon","Provider":"Microsoft-Windows-Sysmon","ProviderGuid":"{5770385f-c22a-43e0-bf4c-06f5698ffbd9}","Level":"4","Keywords":"0x8000000000000000","Channel":"Microsoft-Windows-Sysmon/Operational","Computer":"FlareVM","TimeCreated":"2023-02-17T08:08:51.811Z","TimeGenerated":"2023-02-17T01:08:51.811Z","EventRecordID":"26516","EventID":11,"Message":"File created:\r\nRuleName: technique_id=T1574.010,technique_name=Services File Permissions Weakness\r\nUtcTime: 2023-02-17 13:08:51.810\r\nProcessGuid: {159466bb-3ce3-63c4-2700-000000000c00}\r\nProcessId: 1848\r\nImage: C:\\Windows\\system32\\svchost.exe\r\nTargetFilename: C:\\Windows\\Prefetch\\PRINTSPOOFER64.EXE-E3F2FF77.pf\r\nCreationUtcTime: 2023-02-17 13:08:34.349\r\nUser: NT AUTHORITY\\SYSTEM","EventData":"\u003cEventData xmlns=\"http://schemas.microsoft.com/win/2004/08/events/event\"\u003e\u003cData Name=\"RuleName\"\u003etechnique_id=T1574.010,technique_name=Services File Permissions Weakness\u003c/Data\u003e\u003cData Name=\"UtcTime\"\u003e2023-02-17 13:08:51.810\u003c/Data\u003e\u003cData Name=\"ProcessGuid\"\u003e{159466bb-3ce3-63c4-2700-000000000c00}\u003c/Data\u003e\u003cData Name=\"ProcessId\"\u003e1848\u003c/Data\u003e\u003cData Name=\"Image\"\u003eC:\\Windows\\system32\\svchost.exe\u003c/Data\u003e\u003cData Name=\"TargetFilename\"\u003eC:\\Windows\\Prefetch\\PRINTSPOOFER64.EXE-E3F2FF77.pf\u003c/Data\u003e\u003cData Name=\"CreationUtcTime\"\u003e2023-02-17 13:08:34.349\u003c/Data\u003e\u003cData Name=\"User\"\u003eNT AUTHORITY\\SYSTEM\u003c/Data\u003e\u003c/EventData\u003e","Task":11,"RuleName":"technique_id=T1574.010,technique_name=Services File Permissions Weakness","UtcTime":"2023-02-17 13:08:51.810","ProcessGuid":"159466bb-3ce3-63c4-2700-000000000c00","ProcessId":1848,"Image":"C:\\Windows\\system32\\svchost.exe","TargetFilename":"C:\\Windows\\Prefetch\\PRINTSPOOFER64.EXE-E3F2FF77.pf","CreationUtcTime":"2023-02-17 13:08:34.349","User":"NT AUTHORITY\\SYSTEM"},{"EventSourceName":"Microsoft-Windows-Sysmon","Provider":"Microsoft-Windows-Sysmon","ProviderGuid":"{5770385f-c22a-43e0-bf4c-06f5698ffbd9}","Level":"4","Keywords":"0x8000000000000000","Channel":"Microsoft-Windows-Sysmon/Operational","Computer":"FlareVM","TimeCreated":"2023-02-17T08:08:51.828Z","TimeGenerated":"2023-02-17T01:08:51.828Z","EventRecordID":"26517","EventID":11,"Message":"File created:\r\nRuleName: technique_id=T1574.010,technique_name=Services File Permissions Weakness\r\nUtcTime: 2023-02-17 13:08:51.825\r\nProcessGuid: {159466bb-3ce3-63c4-2700-000000000c00}\r\nProcessId: 1848\r\nImage: C:\\Windows\\system32\\svchost.exe\r\nTargetFilename: C:\\Windows\\Prefetch\\CMD.EXE-0BD30981.pf\r\nCreationUtcTime: 2022-12-31 17:53:49.497\r\nUser: NT AUTHORITY\\SYSTEM","EventData":"\u003cEventData xmlns=\"http://schemas.microsoft.com/win/2004/08/events/event\"\u003e\u003cData Name=\"RuleName\"\u003etechnique_id=T1574.010,technique_name=Services File Permissions Weakness\u003c/Data\u003e\u003cData Name=\"UtcTime\"\u003e2023-02-17 13:08:51.825\u003c/Data\u003e\u003cData Name=\"ProcessGuid\"\u003e{159466bb-3ce3-63c4-2700-000000000c00}\u003c/Data\u003e\u003cData Name=\"ProcessId\"\u003e1848\u003c/Data\u003e\u003cData Name=\"Image\"\u003eC:\\Windows\\system32\\svchost.exe\u003c/Data\u003e\u003cData Name=\"TargetFilename\"\u003eC:\\Windows\\Prefetch\\CMD.EXE-0BD30981.pf\u003c/Data\u003e\u003cData Name=\"CreationUtcTime\"\u003e2022-12-31 17:53:49.497\u003c/Data\u003e\u003cData Name=\"User\"\u003eNT AUTHORITY\\SYSTEM\u003c/Data\u003e\u003c/EventData\u003e","Task":11,"RuleName":"technique_id=T1574.010,technique_name=Services File Permissions Weakness","UtcTime":"2023-02-17 13:08:51.825","ProcessGuid":"159466bb-3ce3-63c4-2700-000000000c00","ProcessId":1848,"Image":"C:\\Windows\\system32\\svchost.exe","TargetFilename":"C:\\Windows\\Prefetch\\CMD.EXE-0BD30981.pf","CreationUtcTime":"2022-12-31 17:53:49.497","User":"NT AUTHORITY\\SYSTEM"},{"EventSourceName":"Microsoft-Windows-Sysmon","Provider":"Microsoft-Windows-Sysmon","ProviderGuid":"{5770385f-c22a-43e0-bf4c-06f5698ffbd9}","Level":"4","Keywords":"0x8000000000000000","Channel":"Microsoft-Windows-Sysmon/Operational","Computer":"FlareVM","TimeCreated":"2023-02-17T08:08:51.829Z","TimeGenerated":"2023-02-17T01:08:51.829Z","EventRecordID":"26518","EventID":5,"Message":"Process terminated:\r\nRuleName: -\r\nUtcTime: 2023-02-17 13:08:51.825\r\nProcessGuid: {159466bb-7c59-63ef-6a01-000000000c00}\r\nProcessId: 4044\r\nImage: C:\\Users\\malware\\Downloads\\PrintSpoofer64.exe\r\nUser: FLAREVM\\malware","EventData":"\u003cEventData xmlns=\"http://schemas.microsoft.com/win/2004/08/events/event\"\u003e\u003cData Name=\"RuleName\"\u003e-\u003c/Data\u003e\u003cData Name=\"UtcTime\"\u003e2023-02-17 13:08:51.825\u003c/Data\u003e\u003cData Name=\"ProcessGuid\"\u003e{159466bb-7c59-63ef-6a01-000000000c00}\u003c/Data\u003e\u003cData Name=\"ProcessId\"\u003e4044\u003c/Data\u003e\u003cData Name=\"Image\"\u003eC:\\Users\\malware\\Downloads\\PrintSpoofer64.exe\u003c/Data\u003e\u003cData Name=\"User\"\u003eFLAREVM\\malware\u003c/Data\u003e\u003c/EventData\u003e","Task":5,"RuleName":"-","UtcTime":"2023-02-17 13:08:51.825","ProcessGuid":"159466bb-7c59-63ef-6a01-000000000c00","ProcessId":4044,"Image":"C:\\Users\\malware\\Downloads\\PrintSpoofer64.exe","User":"FLAREVM\\malware"},{"EventSourceName":"Microsoft-Windows-Sysmon","Provider":"Microsoft-Windows-Sysmon","ProviderGuid":"{5770385f-c22a-43e0-bf4c-06f5698ffbd9}","Level":"4","Keywords":"0x8000000000000000","Channel":"Microsoft-Windows-Sysmon/Operational","Computer":"FlareVM","TimeCreated":"2023-02-17T08:08:55.641Z","TimeGenerated":"2023-02-17T01:08:55.641Z","EventRecordID":"26519","EventID":11,"Message":"File created:\r\nRuleName: technique_id=T1574.010,technique_name=Services File Permissions Weakness\r\nUtcTime: 2023-02-17 13:08:55.640\r\nProcessGuid: {159466bb-3ce3-63c4-1f00-000000000c00}\r\nProcessId: 1492\r\nImage: C:\\Windows\\System32\\svchost.exe\r\nTargetFilename: C:\\Windows\\ServiceState\\EventLog\\Data\\lastalive0.dat\r\nCreationUtcTime: 2023-01-15 17:50:27.792\r\nUser: NT AUTHORITY\\LOCAL SERVICE","EventData":"\u003cEventData xmlns=\"http://schemas.microsoft.com/win/2004/08/events/event\"\u003e\u003cData Name=\"RuleName\"\u003etechnique_id=T1574.010,technique_name=Services File Permissions Weakness\u003c/Data\u003e\u003cData Name=\"UtcTime\"\u003e2023-02-17 13:08:55.640\u003c/Data\u003e\u003cData Name=\"ProcessGuid\"\u003e{159466bb-3ce3-63c4-1f00-000000000c00}\u003c/Data\u003e\u003cData Name=\"ProcessId\"\u003e1492\u003c/Data\u003e\u003cData Name=\"Image\"\u003eC:\\Windows\\System32\\svchost.exe\u003c/Data\u003e\u003cData Name=\"TargetFilename\"\u003eC:\\Windows\\ServiceState\\EventLog\\Data\\lastalive0.dat\u003c/Data\u003e\u003cData Name=\"CreationUtcTime\"\u003e2023-01-15 17:50:27.792\u003c/Data\u003e\u003cData Name=\"User\"\u003eNT AUTHORITY\\LOCAL SERVICE\u003c/Data\u003e\u003c/EventData\u003e","Task":11,"RuleName":"technique_id=T1574.010,technique_name=Services File Permissions Weakness","UtcTime":"2023-02-17 13:08:55.640","ProcessGuid":"159466bb-3ce3-63c4-1f00-000000000c00","ProcessId":1492,"Image":"C:\\Windows\\System32\\svchost.exe","TargetFilename":"C:\\Windows\\ServiceState\\EventLog\\Data\\lastalive0.dat","CreationUtcTime":"2023-01-15 17:50:27.792","User":"NT AUTHORITY\\LOCAL SERVICE"}]
