{"EventSourceName":"Microsoft-Windows-Security-Auditing","Provider":"Microsoft-Windows-Security-Auditing","ProviderGuid":"{54849625-5478-4994-a5ba-3e3b0328c30d}","Level":"0","Keywords":"0x8020000000000000","Channel":"Security","Computer":"FlareVM","TimeCreated":"2023-02-17T08:08:21.335Z","TimeGenerated":"2023-02-17T01:08:21.335Z","EventRecordID":"157651","EventID":4703,"Message":"A token right was adjusted.\r\n\r\nSubject:\r\n\tSecurity ID:\t\tS-1-5-18\r\n\tAccount Name:\t\tFLAREVM$\r\n\tAccount Domain:\t\tWORKGROUP\r\n\tLogon ID:\t\t0x3E7\r\n\r\nTarget Account:\r\n\tSecurity ID:\t\tS-1-5-18\r\n\tAccount Name:\t\tFLAREVM$\r\n\tAccount Domain:\t\tWORKGROUP\r\n\tLogon ID:\t\t0x3E7\r\n\r\nProcess Information:\r\n\tProcess ID:\t\t0xb94\r\n\tProcess Name:\t\tC:\\Windows\\System32\\svchost.exe\r\n\r\nEnabled Privileges:\r\n\t\t\tSeAssignPrimaryTokenPrivilege\r\n\t\t\tSeIncreaseQuotaPrivilege\r\n\t\t\tSeSecurityPrivilege\r\n\t\t\tSeTakeOwnershipPrivilege\r\n\t\t\tSeLoadDriverPrivilege\r\n\t\t\tSeSystemtimePrivilege\r\n\t\t\tSeBackupPrivilege\r\n\t\t\tSeRestorePrivilege\r\n\t\t\tSeShutdownPrivilege\r\n\t\t\tSeSystemEnvironmentPrivilege\r\n\t\t\tSeUndockPrivilege\r\n\t\t\tSeManageVolumePrivilege\r\n\r\nDisabled Privileges:\r\n\t\t\t-","EventData":"\u003cEventData xmlns=\"http://schemas.microsoft.com/win/2004/08/events/event\"\u003e\u003cData Name=\"SubjectUserSid\"\u003eS-1-5-18\u003c/Data\u003e\u003cData Name=\"SubjectUserName\"\u003eFLAREVM$\u003c/Data\u003e\u003cData Name=\"SubjectDomainName\"\u003eWORKGROUP\u003c/Data\u003e\u003cData Name=\"SubjectLogonId\"\u003e0x3e7\u003c/Data\u003e\u003cData Name=\"TargetUserSid\"\u003eS-1-5-18\u003c/Data\u003e\u003cData Name=\"TargetUserName\"\u003eFLAREVM$\u003c/Data\u003e\u003cData Name=\"TargetDomainName\"\u003eWORKGROUP\u003c/Data\u003e\u003cData Name=\"TargetLogonId\"\u003e0x3e7\u003c/Data\u003e\u003cData Name=\"ProcessName\"\u003eC:\\Windows\\System32\\svchost.exe\u003c/Data\u003e\u003cData Name=\"ProcessId\"\u003e0xb94\u003c/Data\u003e\u003cData Name=\"EnabledPrivilegeList\"\u003eSeAssignPrimaryTokenPrivilege\n\t\t\tSeIncreaseQuotaPrivilege\n\t\t\tSeSecurityPrivilege\n\t\t\tSeTakeOwnershipPrivilege\n\t\t\tSeLoadDriverPrivilege\n\t\t\tSeSystemtimePrivilege\n\t\t\tSeBackupPrivilege\n\t\t\tSeRestorePrivilege\n\t\t\tSeShutdownPrivilege\n\t\t\tSeSystemEnvironmentPrivilege\n\t\t\tSeUndockPrivilege\n\t\t\tSeManageVolumePrivilege\u003c/Data\u003e\u003cData Name=\"DisabledPrivilegeList\"\u003e-\u003c/Data\u003e\u003c/EventData\u003e","Task":13317,"SubjectUserSid":"S-1-5-18","SubjectUserName":"FLAREVM$","SubjectDomainName":"WORKGROUP","SubjectLogonId":"0x3e7","TargetUserSid":"S-1-5-18","TargetUserName":"FLAREVM$","TargetDomainName":"WORKGROUP","TargetLogonId":"0x3e7","ProcessName":"C:\\Windows\\System32\\svchost.exe","ProcessId":"0xb94","EnabledPrivilegeList":"SeAssignPrimaryTokenPrivilege\r\n\t\t\tSeIncreaseQuotaPrivilege\r\n\t\t\tSeSecurityPrivilege\r\n\t\t\tSeTakeOwnershipPrivilege\r\n\t\t\tSeLoadDriverPrivilege\r\n\t\t\tSeSystemtimePrivilege\r\n\t\t\tSeBackupPrivilege\r\n\t\t\tSeRestorePrivilege\r\n\t\t\tSeShutdownPrivilege\r\n\t\t\tSeSystemEnvironmentPrivilege\r\n\t\t\tSeUndockPrivilege\r\n\t\t\tSeManageVolumePrivilege","DisabledPrivilegeList":"-"},{"EventSourceName":"Microsoft-Windows-Security-Auditing","Provider":"Microsoft-Windows-Security-Auditing","ProviderGuid":"{54849625-5478-4994-a5ba-3e3b0328c30d}","Level":"0","Keywords":"0x8020000000000000","Channel":"Security","Computer":"FlareVM","TimeCreated":"2023-02-17T08:08:21.336Z","TimeGenerated":"2023-02-17T01:08:21.336Z","EventRecordID":"157652","EventID":4703,"Message":"A token right was adjusted.\r\n\r\nSubject:\r\n\tSecurity ID:\t\tS-1-5-18\r\n\tAccount Name:\t\tFLAREVM$\r\n\tAccount Domain:\t\tWORKGROUP\r\n\tLogon ID:\t\t0x3E7\r\n\r\nTarget Account:\r\n\tSecurity ID:\t\tS-1-5-18\r\n\tAccount Name:\t\tFLAREVM$\r\n\tAccount Domain:\t\tWORKGROUP\r\n\tLogon ID:\t\t0x3E7\r\n\r\nProcess Information:\r\n\tProcess ID:\t\t0xb94\r\n\tProcess Name:\t\tC:\\Windows\\System32\\svchost.exe\r\n\r\nEnabled Privileges:\r\n\t\t\tSeAssignPrimaryTokenPrivilege\r\n\t\t\tSeIncreaseQuotaPrivilege\r\n\t\t\tSeSecurityPrivilege\r\n\t\t\tSeTakeOwnershipPrivilege\r\n\t\t\tSeLoadDriverPrivilege\r\n\t\t\tSeSystemtimePrivilege\r\n\t\t\tSeBackupPrivilege\r\n\t\t\tSeRestorePrivilege\r\n\t\t\tSeShutdownPrivilege\r\n\t\t\tSeSystemEnvironmentPrivilege\r\n\t\t\tSeUndockPrivilege\r\n\t\t\tSeManageVolumePrivilege\r\n\r\nDisabled Privileges:\r\n\t\t\t-","EventData":"\u003cEventData xmlns=\"http://schemas.microsoft.com/win/2004/08/events/event\"\u003e\u003cData Name=\"SubjectUserSid\"\u003eS-1-5-18\u003c/Data\u003e\u003cData Name=\"SubjectUserName\"\u003eFLAREVM$\u003c/Data\u003e\u003cData Name=\"SubjectDomainName\"\u003eWORKGROUP\u003c/Data\u003e\u003cData Name=\"SubjectLogonId\"\u003e0x3e7\u003c/Data\u003e\u003cData Name=\"TargetUserSid\"\u003eS-1-5-18\u003c/Data\u003e\u003cData Name=\"TargetUserName\"\u003eFLAREVM$\u003c/Data\u003e\u003cData Name=\"TargetDomainName\"\u003eWORKGROUP\u003c/Data\u003e\u003cData Name=\"TargetLogonId\"\u003e0x3e7\u003c/Data\u003e\u003cData Name=\"ProcessName\"\u003eC:\\Windows\\System32\\svchost.exe\u003c/Data\u003e\u003cData Name=\"ProcessId\"\u003e0xb94\u003c/Data\u003e\u003cData Name=\"EnabledPrivilegeList\"\u003eSeAssignPrimaryTokenPrivilege\n\t\t\tSeIncreaseQuotaPrivilege\n\t\t\tSeSecurityPrivilege\n\t\t\tSeTakeOwnershipPrivilege\n\t\t\tSeLoadDriverPrivilege\n\t\t\tSeSystemtimePrivilege\n\t\t\tSeBackupPrivilege\n\t\t\tSeRestorePrivilege\n\t\t\tSeShutdownPrivilege\n\t\t\tSeSystemEnvironmentPrivilege\n\t\t\tSeUndockPrivilege\n\t\t\tSeManageVolumePrivilege\u003c/Data\u003e\u003cData Name=\"DisabledPrivilegeList\"\u003e-\u003c/Data\u003e\u003c/EventData\u003e","Task":13317,"SubjectUserSid":"S-1-5-18","SubjectUserName":"FLAREVM$","SubjectDomainName":"WORKGROUP","SubjectLogonId":"0x3e7","TargetUserSid":"S-1-5-18","TargetUserName":"FLAREVM$","TargetDomainName":"WORKGROUP","TargetLogonId":"0x3e7","ProcessName":"C:\\Windows\\System32\\svchost.exe","ProcessId":"0xb94","EnabledPrivilegeList":"SeAssignPrimaryTokenPrivilege\r\n\t\t\tSeIncreaseQuotaPrivilege\r\n\t\t\tSeSecurityPrivilege\r\n\t\t\tSeTakeOwnershipPrivilege\r\n\t\t\tSeLoadDriverPrivilege\r\n\t\t\tSeSystemtimePrivilege\r\n\t\t\tSeBackupPrivilege\r\n\t\t\tSeRestorePrivilege\r\n\t\t\tSeShutdownPrivilege\r\n\t\t\tSeSystemEnvironmentPrivilege\r\n\t\t\tSeUndockPrivilege\r\n\t\t\tSeManageVolumePrivilege","DisabledPrivilegeList":"-"},{"EventSourceName":"Microsoft-Windows-Security-Auditing","Provider":"Microsoft-Windows-Security-Auditing","ProviderGuid":"{54849625-5478-4994-a5ba-3e3b0328c30d}","Level":"0","Keywords":"0x8020000000000000","Channel":"Security","Computer":"FlareVM","TimeCreated":"2023-02-17T08:08:21.344Z","TimeGenerated":"2023-02-17T01:08:21.344Z","EventRecordID":"157653","EventID":4703,"Message":"A token right was adjusted.\r\n\r\nSubject:\r\n\tSecurity ID:\t\tS-1-5-18\r\n\tAccount Name:\t\tFLAREVM$\r\n\tAccount Domain:\t\tWORKGROUP\r\n\tLogon ID:\t\t0x3E7\r\n\r\nTarget Account:\r\n\tSecurity ID:\t\tS-1-5-18\r\n\tAccount Name:\t\tFLAREVM$\r\n\tAccount Domain:\t\tWORKGROUP\r\n\tLogon ID:\t\t0x3E7\r\n\r\nProcess Information:\r\n\tProcess ID:\t\t0xb94\r\n\tProcess Name:\t\tC:\\Windows\\System32\\svchost.exe\r\n\r\nEnabled Privileges:\r\n\t\t\tSeAssignPrimaryTokenPrivilege\r\n\t\t\tSeIncreaseQuotaPrivilege\r\n\t\t\tSeSecurityPrivilege\r\n\t\t\tSeTakeOwnershipPrivilege\r\n\t\t\tSeLoadDriverPrivilege\r\n\t\t\tSeSystemtimePrivilege\r\n\t\t\tSeBackupPrivilege\r\n\t\t\tSeRestorePrivilege\r\n\t\t\tSeShutdownPrivilege\r\n\t\t\tSeSystemEnvironmentPrivilege\r\n\t\t\tSeUndockPrivilege\r\n\t\t\tSeManageVolumePrivilege\r\n\r\nDisabled Privileges:\r\n\t\t\t-","EventData":"\u003cEventData xmlns=\"http://schemas.microsoft.com/win/2004/08/events/event\"\u003e\u003cData Name=\"SubjectUserSid\"\u003eS-1-5-18\u003c/Data\u003e\u003cData Name=\"SubjectUserName\"\u003eFLAREVM$\u003c/Data\u003e\u003cData Name=\"SubjectDomainName\"\u003eWORKGROUP\u003c/Data\u003e\u003cData Name=\"SubjectLogonId\"\u003e0x3e7\u003c/Data\u003e\u003cData Name=\"TargetUserSid\"\u003eS-1-5-18\u003c/Data\u003e\u003cData Name=\"TargetUserName\"\u003eFLAREVM$\u003c/Data\u003e\u003cData Name=\"TargetDomainName\"\u003eWORKGROUP\u003c/Data\u003e\u003cData Name=\"TargetLogonId\"\u003e0x3e7\u003c/Data\u003e\u003cData Name=\"ProcessName\"\u003eC:\\Windows\\System32\\svchost.exe\u003c/Data\u003e\u003cData Name=\"ProcessId\"\u003e0xb94\u003c/Data\u003e\u003cData Name=\"EnabledPrivilegeList\"\u003eSeAssignPrimaryTokenPrivilege\n\t\t\tSeIncreaseQuotaPrivilege\n\t\t\tSeSecurityPrivilege\n\t\t\tSeTakeOwnershipPrivilege\n\t\t\tSeLoadDriverPrivilege\n\t\t\tSeSystemtimePrivilege\n\t\t\tSeBackupPrivilege\n\t\t\tSeRestorePrivilege\n\t\t\tSeShutdownPrivilege\n\t\t\tSeSystemEnvironmentPrivilege\n\t\t\tSeUndockPrivilege\n\t\t\tSeManageVolumePrivilege\u003c/Data\u003e\u003cData Name=\"DisabledPrivilegeList\"\u003e-\u003c/Data\u003e\u003c/EventData\u003e","Task":13317,"SubjectUserSid":"S-1-5-18","SubjectUserName":"FLAREVM$","SubjectDomainName":"WORKGROUP","SubjectLogonId":"0x3e7","TargetUserSid":"S-1-5-18","TargetUserName":"FLAREVM$","TargetDomainName":"WORKGROUP","TargetLogonId":"0x3e7","ProcessName":"C:\\Windows\\System32\\svchost.exe","ProcessId":"0xb94","EnabledPrivilegeList":"SeAssignPrimaryTokenPrivilege\r\n\t\t\tSeIncreaseQuotaPrivilege\r\n\t\t\tSeSecurityPrivilege\r\n\t\t\tSeTakeOwnershipPrivilege\r\n\t\t\tSeLoadDriverPrivilege\r\n\t\t\tSeSystemtimePrivilege\r\n\t\t\tSeBackupPrivilege\r\n\t\t\tSeRestorePrivilege\r\n\t\t\tSeShutdownPrivilege\r\n\t\t\tSeSystemEnvironmentPrivilege\r\n\t\t\tSeUndockPrivilege\r\n\t\t\tSeManageVolumePrivilege","DisabledPrivilegeList":"-"},{"EventSourceName":"Microsoft-Windows-Security-Auditing","Provider":"Microsoft-Windows-Security-Auditing","ProviderGuid":"{54849625-5478-4994-a5ba-3e3b0328c30d}","Level":"0","Keywords":"0x8020000000000000","Channel":"Security","Computer":"FlareVM","TimeCreated":"2023-02-17T08:08:21.344Z","TimeGenerated":"2023-02-17T01:08:21.344Z","EventRecordID":"157654","EventID":4703,"Message":"A token right was adjusted.\r\n\r\nSubject:\r\n\tSecurity ID:\t\tS-1-5-18\r\n\tAccount Name:\t\tFLAREVM$\r\n\tAccount Domain:\t\tWORKGROUP\r\n\tLogon ID:\t\t0x3E7\r\n\r\nTarget Account:\r\n\tSecurity ID:\t\tS-1-5-18\r\n\tAccount Name:\t\tFLAREVM$\r\n\tAccount Domain:\t\tWORKGROUP\r\n\tLogon ID:\t\t0x3E7\r\n\r\nProcess Information:\r\n\tProcess ID:\t\t0xb94\r\n\tProcess Name:\t\tC:\\Windows\\System32\\svchost.exe\r\n\r\nEnabled Privileges:\r\n\t\t\tSeAssignPrimaryTokenPrivilege\r\n\t\t\tSeIncreaseQuotaPrivilege\r\n\t\t\tSeSecurityPrivilege\r\n\t\t\tSeTakeOwnershipPrivilege\r\n\t\t\tSeLoadDriverPrivilege\r\n\t\t\tSeSystemtimePrivilege\r\n\t\t\tSeBackupPrivilege\r\n\t\t\tSeRestorePrivilege\r\n\t\t\tSeShutdownPrivilege\r\n\t\t\tSeSystemEnvironmentPrivilege\r\n\t\t\tSeUndockPrivilege\r\n\t\t\tSeManageVolumePrivilege\r\n\r\nDisabled Privileges:\r\n\t\t\t-","EventData":"\u003cEventData xmlns=\"http://schemas.microsoft.com/win/2004/08/events/event\"\u003e\u003cData Name=\"SubjectUserSid\"\u003eS-1-5-18\u003c/Data\u003e\u003cData Name=\"SubjectUserName\"\u003eFLAREVM$\u003c/Data\u003e\u003cData Name=\"SubjectDomainName\"\u003eWORKGROUP\u003c/Data\u003e\u003cData Name=\"SubjectLogonId\"\u003e0x3e7\u003c/Data\u003e\u003cData Name=\"TargetUserSid\"\u003eS-1-5-18\u003c/Data\u003e\u003cData Name=\"TargetUserName\"\u003eFLAREVM$\u003c/Data\u003e\u003cData Name=\"TargetDomainName\"\u003eWORKGROUP\u003c/Data\u003e\u003cData Name=\"TargetLogonId\"\u003e0x3e7\u003c/Data\u003e\u003cData Name=\"ProcessName\"\u003eC:\\Windows\\System32\\svchost.exe\u003c/Data\u003e\u003cData Name=\"ProcessId\"\u003e0xb94\u003c/Data\u003e\u003cData Name=\"EnabledPrivilegeList\"\u003eSeAssignPrimaryTokenPrivilege\n\t\t\tSeIncreaseQuotaPrivilege\n\t\t\tSeSecurityPrivilege\n\t\t\tSeTakeOwnershipPrivilege\n\t\t\tSeLoadDriverPrivilege\n\t\t\tSeSystemtimePrivilege\n\t\t\tSeBackupPrivilege\n\t\t\tSeRestorePrivilege\n\t\t\tSeShutdownPrivilege\n\t\t\tSeSystemEnvironmentPrivilege\n\t\t\tSeUndockPrivilege\n\t\t\tSeManageVolumePrivilege\u003c/Data\u003e\u003cData Name=\"DisabledPrivilegeList\"\u003e-\u003c/Data\u003e\u003c/EventData\u003e","Task":13317,"SubjectUserSid":"S-1-5-18","SubjectUserName":"FLAREVM$","SubjectDomainName":"WORKGROUP","SubjectLogonId":"0x3e7","TargetUserSid":"S-1-5-18","TargetUserName":"FLAREVM$","TargetDomainName":"WORKGROUP","TargetLogonId":"0x3e7","ProcessName":"C:\\Windows\\System32\\svchost.exe","ProcessId":"0xb94","EnabledPrivilegeList":"SeAssignPrimaryTokenPrivilege\r\n\t\t\tSeIncreaseQuotaPrivilege\r\n\t\t\tSeSecurityPrivilege\r\n\t\t\tSeTakeOwnershipPrivilege\r\n\t\t\tSeLoadDriverPrivilege\r\n\t\t\tSeSystemtimePrivilege\r\n\t\t\tSeBackupPrivilege\r\n\t\t\tSeRestorePrivilege\r\n\t\t\tSeShutdownPrivilege\r\n\t\t\tSeSystemEnvironmentPrivilege\r\n\t\t\tSeUndockPrivilege\r\n\t\t\tSeManageVolumePrivilege","DisabledPrivilegeList":"-"},{"EventSourceName":"Microsoft-Windows-Security-Auditing","Provider":"Microsoft-Windows-Security-Auditing","ProviderGuid":"{54849625-5478-4994-a5ba-3e3b0328c30d}","Level":"0","Keywords":"0x8020000000000000","Channel":"Security","Computer":"FlareVM","TimeCreated":"2023-02-17T08:08:21.345Z","TimeGenerated":"2023-02-17T01:08:21.345Z","EventRecordID":"157655","EventID":4703,"Message":"A token right was adjusted.\r\n\r\nSubject:\r\n\tSecurity ID:\t\tS-1-5-18\r\n\tAccount Name:\t\tFLAREVM$\r\n\tAccount Domain:\t\tWORKGROUP\r\n\tLogon ID:\t\t0x3E7\r\n\r\nTarget Account:\r\n\tSecurity ID:\t\tS-1-5-18\r\n\tAccount Name:\t\tFLAREVM$\r\n\tAccount Domain:\t\tWORKGROUP\r\n\tLogon ID:\t\t0x3E7\r\n\r\nProcess Information:\r\n\tProcess ID:\t\t0xb94\r\n\tProcess Name:\t\tC:\\Windows\\System32\\svchost.exe\r\n\r\nEnabled Privileges:\r\n\t\t\tSeAssignPrimaryTokenPrivilege\r\n\t\t\tSeIncreaseQuotaPrivilege\r\n\t\t\tSeSecurityPrivilege\r\n\t\t\tSeTakeOwnershipPrivilege\r\n\t\t\tSeLoadDriverPrivilege\r\n\t\t\tSeSystemtimePrivilege\r\n\t\t\tSeBackupPrivilege\r\n\t\t\tSeRestorePrivilege\r\n\t\t\tSeShutdownPrivilege\r\n\t\t\tSeSystemEnvironmentPrivilege\r\n\t\t\tSeUndockPrivilege\r\n\t\t\tSeManageVolumePrivilege\r\n\r\nDisabled Privileges:\r\n\t\t\t-","EventData":"\u003cEventData xmlns=\"http://schemas.microsoft.com/win/2004/08/events/event\"\u003e\u003cData Name=\"SubjectUserSid\"\u003eS-1-5-18\u003c/Data\u003e\u003cData Name=\"SubjectUserName\"\u003eFLAREVM$\u003c/Data\u003e\u003cData Name=\"SubjectDomainName\"\u003eWORKGROUP\u003c/Data\u003e\u003cData Name=\"SubjectLogonId\"\u003e0x3e7\u003c/Data\u003e\u003cData Name=\"TargetUserSid\"\u003eS-1-5-18\u003c/Data\u003e\u003cData Name=\"TargetUserName\"\u003eFLAREVM$\u003c/Data\u003e\u003cData Name=\"TargetDomainName\"\u003eWORKGROUP\u003c/Data\u003e\u003cData Name=\"TargetLogonId\"\u003e0x3e7\u003c/Data\u003e\u003cData Name=\"ProcessName\"\u003eC:\\Windows\\System32\\svchost.exe\u003c/Data\u003e\u003cData Name=\"ProcessId\"\u003e0xb94\u003c/Data\u003e\u003cData Name=\"EnabledPrivilegeList\"\u003eSeAssignPrimaryTokenPrivilege\n\t\t\tSeIncreaseQuotaPrivilege\n\t\t\tSeSecurityPrivilege\n\t\t\tSeTakeOwnershipPrivilege\n\t\t\tSeLoadDriverPrivilege\n\t\t\tSeSystemtimePrivilege\n\t\t\tSeBackupPrivilege\n\t\t\tSeRestorePrivilege\n\t\t\tSeShutdownPrivilege\n\t\t\tSeSystemEnvironmentPrivilege\n\t\t\tSeUndockPrivilege\n\t\t\tSeManageVolumePrivilege\u003c/Data\u003e\u003cData Name=\"DisabledPrivilegeList\"\u003e-\u003c/Data\u003e\u003c/EventData\u003e","Task":13317,"SubjectUserSid":"S-1-5-18","SubjectUserName":"FLAREVM$","SubjectDomainName":"WORKGROUP","SubjectLogonId":"0x3e7","TargetUserSid":"S-1-5-18","TargetUserName":"FLAREVM$","TargetDomainName":"WORKGROUP","TargetLogonId":"0x3e7","ProcessName":"C:\\Windows\\System32\\svchost.exe","ProcessId":"0xb94","EnabledPrivilegeList":"SeAssignPrimaryTokenPrivilege\r\n\t\t\tSeIncreaseQuotaPrivilege\r\n\t\t\tSeSecurityPrivilege\r\n\t\t\tSeTakeOwnershipPrivilege\r\n\t\t\tSeLoadDriverPrivilege\r\n\t\t\tSeSystemtimePrivilege\r\n\t\t\tSeBackupPrivilege\r\n\t\t\tSeRestorePrivilege\r\n\t\t\tSeShutdownPrivilege\r\n\t\t\tSeSystemEnvironmentPrivilege\r\n\t\t\tSeUndockPrivilege\r\n\t\t\tSeManageVolumePrivilege","DisabledPrivilegeList":"-"},{"EventSourceName":"Microsoft-Windows-Security-Auditing","Provider":"Microsoft-Windows-Security-Auditing","ProviderGuid":"{54849625-5478-4994-a5ba-3e3b0328c30d}","Level":"0","Keywords":"0x8020000000000000","Channel":"Security","Computer":"FlareVM","TimeCreated":"2023-02-17T08:08:21.346Z","TimeGenerated":"2023-02-17T01:08:21.346Z","EventRecordID":"157656","EventID":4703,"Message":"A token right was adjusted.\r\n\r\nSubject:\r\n\tSecurity ID:\t\tS-1-5-18\r\n\tAccount Name:\t\tFLAREVM$\r\n\tAccount Domain:\t\tWORKGROUP\r\n\tLogon ID:\t\t0x3E7\r\n\r\nTarget Account:\r\n\tSecurity ID:\t\tS-1-5-18\r\n\tAccount Name:\t\tFLAREVM$\r\n\tAccount Domain:\t\tWORKGROUP\r\n\tLogon ID:\t\t0x3E7\r\n\r\nProcess Information:\r\n\tProcess ID:\t\t0xb94\r\n\tProcess Name:\t\tC:\\Windows\\System32\\svchost.exe\r\n\r\nEnabled Privileges:\r\n\t\t\tSeAssignPrimaryTokenPrivilege\r\n\t\t\tSeIncreaseQuotaPrivilege\r\n\t\t\tSeSecurityPrivilege\r\n\t\t\tSeTakeOwnershipPrivilege\r\n\t\t\tSeLoadDriverPrivilege\r\n\t\t\tSeSystemtimePrivilege\r\n\t\t\tSeBackupPrivilege\r\n\t\t\tSeRestorePrivilege\r\n\t\t\tSeShutdownPrivilege\r\n\t\t\tSeSystemEnvironmentPrivilege\r\n\t\t\tSeUndockPrivilege\r\n\t\t\tSeManageVolumePrivilege\r\n\r\nDisabled Privileges:\r\n\t\t\t-","EventData":"\u003cEventData xmlns=\"http://schemas.microsoft.com/win/2004/08/events/event\"\u003e\u003cData Name=\"SubjectUserSid\"\u003eS-1-5-18\u003c/Data\u003e\u003cData Name=\"SubjectUserName\"\u003eFLAREVM$\u003c/Data\u003e\u003cData Name=\"SubjectDomainName\"\u003eWORKGROUP\u003c/Data\u003e\u003cData Name=\"SubjectLogonId\"\u003e0x3e7\u003c/Data\u003e\u003cData Name=\"TargetUserSid\"\u003eS-1-5-18\u003c/Data\u003e\u003cData Name=\"TargetUserName\"\u003eFLAREVM$\u003c/Data\u003e\u003cData Name=\"TargetDomainName\"\u003eWORKGROUP\u003c/Data\u003e\u003cData Name=\"TargetLogonId\"\u003e0x3e7\u003c/Data\u003e\u003cData Name=\"ProcessName\"\u003eC:\\Windows\\System32\\svchost.exe\u003c/Data\u003e\u003cData Name=\"ProcessId\"\u003e0xb94\u003c/Data\u003e\u003cData Name=\"EnabledPrivilegeList\"\u003eSeAssignPrimaryTokenPrivilege\n\t\t\tSeIncreaseQuotaPrivilege\n\t\t\tSeSecurityPrivilege\n\t\t\tSeTakeOwnershipPrivilege\n\t\t\tSeLoadDriverPrivilege\n\t\t\tSeSystemtimePrivilege\n\t\t\tSeBackupPrivilege\n\t\t\tSeRestorePrivilege\n\t\t\tSeShutdownPrivilege\n\t\t\tSeSystemEnvironmentPrivilege\n\t\t\tSeUndockPrivilege\n\t\t\tSeManageVolumePrivilege\u003c/Data\u003e\u003cData Name=\"DisabledPrivilegeList\"\u003e-\u003c/Data\u003e\u003c/EventData\u003e","Task":13317,"SubjectUserSid":"S-1-5-18","SubjectUserName":"FLAREVM$","SubjectDomainName":"WORKGROUP","SubjectLogonId":"0x3e7","TargetUserSid":"S-1-5-18","TargetUserName":"FLAREVM$","TargetDomainName":"WORKGROUP","TargetLogonId":"0x3e7","ProcessName":"C:\\Windows\\System32\\svchost.exe","ProcessId":"0xb94","EnabledPrivilegeList":"SeAssignPrimaryTokenPrivilege\r\n\t\t\tSeIncreaseQuotaPrivilege\r\n\t\t\tSeSecurityPrivilege\r\n\t\t\tSeTakeOwnershipPrivilege\r\n\t\t\tSeLoadDriverPrivilege\r\n\t\t\tSeSystemtimePrivilege\r\n\t\t\tSeBackupPrivilege\r\n\t\t\tSeRestorePrivilege\r\n\t\t\tSeShutdownPrivilege\r\n\t\t\tSeSystemEnvironmentPrivilege\r\n\t\t\tSeUndockPrivilege\r\n\t\t\tSeManageVolumePrivilege","DisabledPrivilegeList":"-"},{"EventSourceName":"Microsoft-Windows-Security-Auditing","Provider":"Microsoft-Windows-Security-Auditing","ProviderGuid":"{54849625-5478-4994-a5ba-3e3b0328c30d}","Level":"0","Keywords":"0x8020000000000000","Channel":"Security","Computer":"FlareVM","TimeCreated":"2023-02-17T08:08:25.114Z","TimeGenerated":"2023-02-17T01:08:25.114Z","EventRecordID":"157657","EventID":5158,"Message":"The Windows Filtering Platform has permitted a bind to a local port.\r\n\r\nApplication Information:\r\n\tProcess ID:\t\t9756\r\n\tApplication Name:\t\\device\\harddiskvolume3\\program files\\winlogbeat\\winlogbeat.exe\r\n\r\nNetwork Information:\r\n\tSource Address:\t\t0.0.0.0\r\n\tSource Port:\t\t50118\r\n\tProtocol:\t\t6\r\n\r\nFilter Information:\r\n\tFilter Run-Time ID:\t0\r\n\tLayer Name:\t\tResource Assignment\r\n\tLayer Run-Time ID:\t36","EventData":"\u003cEventData xmlns=\"http://schemas.microsoft.com/win/2004/08/events/event\"\u003e\u003cData Name=\"ProcessId\"\u003e9756\u003c/Data\u003e\u003cData Name=\"Application\"\u003e\\device\\harddiskvolume3\\program files\\winlogbeat\\winlogbeat.exe\u003c/Data\u003e\u003cData Name=\"SourceAddress\"\u003e0.0.0.0\u003c/Data\u003e\u003cData Name=\"SourcePort\"\u003e50118\u003c/Data\u003e\u003cData Name=\"Protocol\"\u003e6\u003c/Data\u003e\u003cData Name=\"FilterRTID\"\u003e0\u003c/Data\u003e\u003cData Name=\"LayerName\"\u003e%%14608\u003c/Data\u003e\u003cData Name=\"LayerRTID\"\u003e36\u003c/Data\u003e\u003c/EventData\u003e","Task":12810,"ProcessId":"0x261c","Application":"\\device\\harddiskvolume3\\program files\\winlogbeat\\winlogbeat.exe","SourceAddress":"0.0.0.0","SourcePort":"50118","Protocol":6,"FilterRTID":"0x0","LayerName":"%%14608","LayerRTID":"0x24"},{"EventSourceName":"Microsoft-Windows-Security-Auditing","Provider":"Microsoft-Windows-Security-Auditing","ProviderGuid":"{54849625-5478-4994-a5ba-3e3b0328c30d}","Level":"0","Keywords":"0x8020000000000000","Channel":"Security","Computer":"FlareVM","TimeCreated":"2023-02-17T08:08:25.114Z","TimeGenerated":"2023-02-17T01:08:25.114Z","EventRecordID":"157658","EventID":5156,"Message":"The Windows Filtering Platform has permitted a connection.\r\n\r\nApplication Information:\r\n\tProcess ID:\t\t9756\r\n\tApplication Name:\t\\device\\harddiskvolume3\\program files\\winlogbeat\\winlogbeat.exe\r\n\r\nNetwork Information:\r\n\tDirection:\t\tOutbound\r\n\tSource Address:\t\t192.168.1.25\r\n\tSource Port:\t\t50118\r\n\tDestination Address:\t192.168.1.40\r\n\tDestination Port:\t\t9092\r\n\tProtocol:\t\t6\r\n\r\nFilter Information:\r\n\tFilter Run-Time ID:\t66907\r\n\tLayer Name:\t\tConnect\r\n\tLayer Run-Time ID:\t48","EventData":"\u003cEventData xmlns=\"http://schemas.microsoft.com/win/2004/08/events/event\"\u003e\u003cData Name=\"ProcessID\"\u003e9756\u003c/Data\u003e\u003cData Name=\"Application\"\u003e\\device\\harddiskvolume3\\program files\\winlogbeat\\winlogbeat.exe\u003c/Data\u003e\u003cData Name=\"Direction\"\u003e%%14593\u003c/Data\u003e\u003cData Name=\"SourceAddress\"\u003e192.168.1.25\u003c/Data\u003e\u003cData Name=\"SourcePort\"\u003e50118\u003c/Data\u003e\u003cData Name=\"DestAddress\"\u003e192.168.1.40\u003c/Data\u003e\u003cData Name=\"DestPort\"\u003e9092\u003c/Data\u003e\u003cData Name=\"Protocol\"\u003e6\u003c/Data\u003e\u003cData Name=\"FilterRTID\"\u003e66907\u003c/Data\u003e\u003cData Name=\"LayerName\"\u003e%%14611\u003c/Data\u003e\u003cData Name=\"LayerRTID\"\u003e48\u003c/Data\u003e\u003cData Name=\"RemoteUserID\"\u003eS-1-0-0\u003c/Data\u003e\u003cData Name=\"RemoteMachineID\"\u003eS-1-0-0\u003c/Data\u003e\u003c/EventData\u003e","Task":12810,"ProcessID":"0x261c","Application":"\\device\\harddiskvolume3\\program files\\winlogbeat\\winlogbeat.exe","Direction":"%%14593","SourceAddress":"192.168.1.25","SourcePort":"50118","DestAddress":"192.168.1.40","DestPort":"9092","Protocol":6,"FilterRTID":"0x1055b","LayerName":"%%14611","LayerRTID":"0x30","RemoteUserID":"S-1-0-0","RemoteMachineID":"S-1-0-0"},{"EventSourceName":"Microsoft-Windows-Security-Auditing","Provider":"Microsoft-Windows-Security-Auditing","ProviderGuid":"{54849625-5478-4994-a5ba-3e3b0328c30d}","Level":"0","Keywords":"0x8020000000000000","Channel":"Security","Computer":"FlareVM","TimeCreated":"2023-02-17T08:08:31.553Z","TimeGenerated":"2023-02-17T01:08:31.553Z","EventRecordID":"157659","EventID":5158,"Message":"The Windows Filtering Platform has permitted a bind to a local port.\r\n\r\nApplication Information:\r\n\tProcess ID:\t\t2576\r\n\tApplication Name:\t\\device\\harddiskvolume3\\windows\\system32\\svchost.exe\r\n\r\nNetwork Information:\r\n\tSource Address:\t\t::\r\n\tSource Port:\t\t50119\r\n\tProtocol:\t\t6\r\n\r\nFilter Information:\r\n\tFilter Run-Time ID:\t0\r\n\tLayer Name:\t\tResource Assignment\r\n\tLayer Run-Time ID:\t36","EventData":"\u003cEventData xmlns=\"http://schemas.microsoft.com/win/2004/08/events/event\"\u003e\u003cData Name=\"ProcessId\"\u003e2576\u003c/Data\u003e\u003cData Name=\"Application\"\u003e\\device\\harddiskvolume3\\windows\\system32\\svchost.exe\u003c/Data\u003e\u003cData Name=\"SourceAddress\"\u003e::\u003c/Data\u003e\u003cData Name=\"SourcePort\"\u003e50119\u003c/Data\u003e\u003cData Name=\"Protocol\"\u003e6\u003c/Data\u003e\u003cData Name=\"FilterRTID\"\u003e0\u003c/Data\u003e\u003cData Name=\"LayerName\"\u003e%%14608\u003c/Data\u003e\u003cData Name=\"LayerRTID\"\u003e36\u003c/Data\u003e\u003c/EventData\u003e","Task":12810,"ProcessId":"0xa10","Application":"\\device\\harddiskvolume3\\windows\\system32\\svchost.exe","SourceAddress":"::","SourcePort":"50119","Protocol":6,"FilterRTID":"0x0","LayerName":"%%14608","LayerRTID":"0x24"},{"EventSourceName":"Microsoft-Windows-Security-Auditing","Provider":"Microsoft-Windows-Security-Auditing","ProviderGuid":"{54849625-5478-4994-a5ba-3e3b0328c30d}","Level":"0","Keywords":"0x8020000000000000","Channel":"Security","Computer":"FlareVM","TimeCreated":"2023-02-17T08:08:31.553Z","TimeGenerated":"2023-02-17T01:08:31.553Z","EventRecordID":"157660","EventID":5158,"Message":"The Windows Filtering Platform has permitted a bind to a local port.\r\n\r\nApplication Information:\r\n\tProcess ID:\t\t2576\r\n\tApplication Name:\t\\device\\harddiskvolume3\\windows\\system32\\svchost.exe\r\n\r\nNetwork Information:\r\n\tSource Address:\t\t::\r\n\tSource Port:\t\t50119\r\n\tProtocol:\t\t6\r\n\r\nFilter Information:\r\n\tFilter Run-Time ID:\t0\r\n\tLayer Name:\t\tResource Assignment\r\n\tLayer Run-Time ID:\t38","EventData":"\u003cEventData xmlns=\"http://schemas.microsoft.com/win/2004/08/events/event\"\u003e\u003cData Name=\"ProcessId\"\u003e2576\u003c/Data\u003e\u003cData Name=\"Application\"\u003e\\device\\harddiskvolume3\\windows\\system32\\svchost.exe\u003c/Data\u003e\u003cData Name=\"SourceAddress\"\u003e::\u003c/Data\u003e\u003cData Name=\"SourcePort\"\u003e50119\u003c/Data\u003e\u003cData Name=\"Protocol\"\u003e6\u003c/Data\u003e\u003cData Name=\"FilterRTID\"\u003e0\u003c/Data\u003e\u003cData Name=\"LayerName\"\u003e%%14608\u003c/Data\u003e\u003cData Name=\"LayerRTID\"\u003e38\u003c/Data\u003e\u003c/EventData\u003e","Task":12810,"ProcessId":"0xa10","Application":"\\device\\harddiskvolume3\\windows\\system32\\svchost.exe","SourceAddress":"::","SourcePort":"50119","Protocol":6,"FilterRTID":"0x0","LayerName":"%%14608","LayerRTID":"0x26"},{"EventSourceName":"Microsoft-Windows-Security-Auditing","Provider":"Microsoft-Windows-Security-Auditing","ProviderGuid":"{54849625-5478-4994-a5ba-3e3b0328c30d}","Level":"0","Keywords":"0x8020000000000000","Channel":"Security","Computer":"FlareVM","TimeCreated":"2023-02-17T08:08:31.553Z","TimeGenerated":"2023-02-17T01:08:31.553Z","EventRecordID":"157661","EventID":5156,"Message":"The Windows Filtering Platform has permitted a connection.\r\n\r\nApplication Information:\r\n\tProcess ID:\t\t2576\r\n\tApplication Name:\t\\device\\harddiskvolume3\\windows\\system32\\svchost.exe\r\n\r\nNetwork Information:\r\n\tDirection:\t\tOutbound\r\n\tSource Address:\t\t192.168.1.25\r\n\tSource Port:\t\t50119\r\n\tDestination Address:\t192.168.1.11\r\n\tDestination Port:\t\t7680\r\n\tProtocol:\t\t6\r\n\r\nFilter Information:\r\n\tFilter Run-Time ID:\t66907\r\n\tLayer Name:\t\tConnect\r\n\tLayer Run-Time ID:\t48","EventData":"\u003cEventData xmlns=\"http://schemas.microsoft.com/win/2004/08/events/event\"\u003e\u003cData Name=\"ProcessID\"\u003e2576\u003c/Data\u003e\u003cData Name=\"Application\"\u003e\\device\\harddiskvolume3\\windows\\system32\\svchost.exe\u003c/Data\u003e\u003cData Name=\"Direction\"\u003e%%14593\u003c/Data\u003e\u003cData Name=\"SourceAddress\"\u003e192.168.1.25\u003c/Data\u003e\u003cData Name=\"SourcePort\"\u003e50119\u003c/Data\u003e\u003cData Name=\"DestAddress\"\u003e192.168.1.11\u003c/Data\u003e\u003cData Name=\"DestPort\"\u003e7680\u003c/Data\u003e\u003cData Name=\"Protocol\"\u003e6\u003c/Data\u003e\u003cData Name=\"FilterRTID\"\u003e66907\u003c/Data\u003e\u003cData Name=\"LayerName\"\u003e%%14611\u003c/Data\u003e\u003cData Name=\"LayerRTID\"\u003e48\u003c/Data\u003e\u003cData Name=\"RemoteUserID\"\u003eS-1-0-0\u003c/Data\u003e\u003cData Name=\"RemoteMachineID\"\u003eS-1-0-0\u003c/Data\u003e\u003c/EventData\u003e","Task":12810,"ProcessID":"0xa10","Application":"\\device\\harddiskvolume3\\windows\\system32\\svchost.exe","Direction":"%%14593","SourceAddress":"192.168.1.25","SourcePort":"50119","DestAddress":"192.168.1.11","DestPort":"7680","Protocol":6,"FilterRTID":"0x1055b","LayerName":"%%14611","LayerRTID":"0x30","RemoteUserID":"S-1-0-0","RemoteMachineID":"S-1-0-0"},{"EventSourceName":"Microsoft-Windows-Security-Auditing","Provider":"Microsoft-Windows-Security-Auditing","ProviderGuid":"{54849625-5478-4994-a5ba-3e3b0328c30d}","Level":"0","Keywords":"0x8020000000000000","Channel":"Security","Computer":"FlareVM","TimeCreated":"2023-02-17T08:08:34.336Z","TimeGenerated":"2023-02-17T01:08:34.336Z","EventRecordID":"157662","EventID":4688,"Message":"A new process has been created.\r\n\r\nCreator Subject:\r\n\tSecurity ID:\t\tS-1-5-21-2199682790-2533951109-4136935257-1001\r\n\tAccount Name:\t\tmalware\r\n\tAccount Domain:\t\tFLAREVM\r\n\tLogon ID:\t\t0x204E2\r\n\r\nTarget Subject:\r\n\tSecurity ID:\t\tS-1-0-0\r\n\tAccount Name:\t\t-\r\n\tAccount Domain:\t\t-\r\n\tLogon ID:\t\t0x0\r\n\r\nProcess Information:\r\n\tNew Process ID:\t\t0x1ea0\r\n\tNew Process Name:\tC:\\Users\\malware\\Downloads\\PrintSpoofer64.exe\r\n\tToken Elevation Type:\t%%1937\r\n\tMandatory Label:\t\tS-1-16-12288\r\n\tCreator Process ID:\t0x1688\r\n\tCreator Process Name:\tC:\\Windows\\System32\\WindowsPowerShell\\v1.0\\powershell.exe\r\n\tProcess Command Line:\t\r\n\r\nToken Elevation Type indicates the type of token that was assigned to the new process in accordance with User Account Control policy.\r\n\r\nType 1 is a full token with no privileges removed or groups disabled.  A full token is only used if User Account Control is disabled or if the user is the built-in Administrator account or a service account.\r\n\r\nType 2 is an elevated token with no privileges removed or groups disabled.  An elevated token is used when User Account Control is enabled and the user chooses to start the program using Run as administrator.  An elevated token is also used when an application is configured to always require administrative privilege or to always require maximum privilege, and the user is a member of the Administrators group.\r\n\r\nType 3 is a limited token with administrative privileges removed and administrative groups disabled.  The limited token is used when User Account Control is enabled, the application does not require administrative privilege, and the user does not choose to start the program using Run as administrator.","EventData":"\u003cEventData xmlns=\"http://schemas.microsoft.com/win/2004/08/events/event\"\u003e\u003cData Name=\"SubjectUserSid\"\u003eS-1-5-21-2199682790-2533951109-4136935257-1001\u003c/Data\u003e\u003cData Name=\"SubjectUserName\"\u003emalware\u003c/Data\u003e\u003cData Name=\"SubjectDomainName\"\u003eFLAREVM\u003c/Data\u003e\u003cData Name=\"SubjectLogonId\"\u003e0x204e2\u003c/Data\u003e\u003cData Name=\"NewProcessId\"\u003e0x1ea0\u003c/Data\u003e\u003cData Name=\"NewProcessName\"\u003eC:\\Users\\malware\\Downloads\\PrintSpoofer64.exe\u003c/Data\u003e\u003cData Name=\"TokenElevationType\"\u003e%%1937\u003c/Data\u003e\u003cData Name=\"ProcessId\"\u003e0x1688\u003c/Data\u003e\u003cData Name=\"CommandLine\"\u003e\u003c/Data\u003e\u003cData Name=\"TargetUserSid\"\u003eS-1-0-0\u003c/Data\u003e\u003cData Name=\"TargetUserName\"\u003e-\u003c/Data\u003e\u003cData Name=\"TargetDomainName\"\u003e-\u003c/Data\u003e\u003cData Name=\"TargetLogonId\"\u003e0x0\u003c/Data\u003e\u003cData Name=\"ParentProcessName\"\u003eC:\\Windows\\System32\\WindowsPowerShell\\v1.0\\powershell.exe\u003c/Data\u003e\u003cData Name=\"MandatoryLabel\"\u003eS-1-16-12288\u003c/Data\u003e\u003c/EventData\u003e","Task":13312,"SubjectUserSid":"S-1-5-21-2199682790-2533951109-4136935257-1001","SubjectUserName":"malware","SubjectDomainName":"FLAREVM","SubjectLogonId":"0x204e2","NewProcessId":"0x1ea0","NewProcessName":"C:\\Users\\malware\\Downloads\\PrintSpoofer64.exe","TokenElevationType":"%%1937","ProcessId":"0x1688","CommandLine":"","TargetUserSid":"S-1-0-0","TargetUserName":"-","TargetDomainName":"-","TargetLogonId":"0x0","ParentProcessName":"C:\\Windows\\System32\\WindowsPowerShell\\v1.0\\powershell.exe","MandatoryLabel":"S-1-16-12288"},{"EventSourceName":"Microsoft-Windows-Security-Auditing","Provider":"Microsoft-Windows-Security-Auditing","ProviderGuid":"{54849625-5478-4994-a5ba-3e3b0328c30d}","Level":"0","Keywords":"0x8020000000000000","Channel":"Security","Computer":"FlareVM","TimeCreated":"2023-02-17T08:08:34.352Z","TimeGenerated":"2023-02-17T01:08:34.352Z","EventRecordID":"157663","EventID":4689,"Message":"A process has exited.\r\n\r\nSubject:\r\n\tSecurity ID:\t\tS-1-5-21-2199682790-2533951109-4136935257-1001\r\n\tAccount Name:\t\tmalware\r\n\tAccount Domain:\t\tFLAREVM\r\n\tLogon ID:\t\t0x204E2\r\n\r\nProcess Information:\r\n\tProcess ID:\t0x1ea0\r\n\tProcess Name:\tC:\\Users\\malware\\Downloads\\PrintSpoofer64.exe\r\n\tExit Status:\t0x0","EventData":"\u003cEventData xmlns=\"http://schemas.microsoft.com/win/2004/08/events/event\"\u003e\u003cData Name=\"SubjectUserSid\"\u003eS-1-5-21-2199682790-2533951109-4136935257-1001\u003c/Data\u003e\u003cData Name=\"SubjectUserName\"\u003emalware\u003c/Data\u003e\u003cData Name=\"SubjectDomainName\"\u003eFLAREVM\u003c/Data\u003e\u003cData Name=\"SubjectLogonId\"\u003e0x204e2\u003c/Data\u003e\u003cData Name=\"Status\"\u003e0x0\u003c/Data\u003e\u003cData Name=\"ProcessId\"\u003e0x1ea0\u003c/Data\u003e\u003cData Name=\"ProcessName\"\u003eC:\\Users\\malware\\Downloads\\PrintSpoofer64.exe\u003c/Data\u003e\u003c/EventData\u003e","Task":13313,"SubjectUserSid":"S-1-5-21-2199682790-2533951109-4136935257-1001","SubjectUserName":"malware","SubjectDomainName":"FLAREVM","SubjectLogonId":"0x204e2","Status":0,"ProcessId":"0x1ea0","ProcessName":"C:\\Users\\malware\\Downloads\\PrintSpoofer64.exe"},{"EventSourceName":"Microsoft-Windows-Security-Auditing","Provider":"Microsoft-Windows-Security-Auditing","ProviderGuid":"{54849625-5478-4994-a5ba-3e3b0328c30d}","Level":"0","Keywords":"0x8010000000000000","Channel":"Security","Computer":"FlareVM","TimeCreated":"2023-02-17T08:08:37.373Z","TimeGenerated":"2023-02-17T01:08:37.373Z","EventRecordID":"157664","EventID":5152,"Message":"The Windows Filtering Platform has blocked a packet.\r\n\r\nApplication Information:\r\n\tProcess ID:\t\t4\r\n\tApplication Name:\tSystem\r\n\r\nNetwork Information:\r\n\tDirection:\t\tInbound\r\n\tSource Address:\t\t192.168.1.2\r\n\tSource Port:\t\t137\r\n\tDestination Address:\t192.168.1.255\r\n\tDestination Port:\t\t137\r\n\tProtocol:\t\t17\r\n\r\nFilter Information:\r\n\tFilter Run-Time ID:\t66893\r\n\tLayer Name:\t\tReceive/Accept\r\n\tLayer Run-Time ID:\t44","EventData":"\u003cEventData xmlns=\"http://schemas.microsoft.com/win/2004/08/events/event\"\u003e\u003cData Name=\"ProcessId\"\u003e4\u003c/Data\u003e\u003cData Name=\"Application\"\u003eSystem\u003c/Data\u003e\u003cData Name=\"Direction\"\u003e%%14592\u003c/Data\u003e\u003cData Name=\"SourceAddress\"\u003e192.168.1.2\u003c/Data\u003e\u003cData Name=\"SourcePort\"\u003e137\u003c/Data\u003e\u003cData Name=\"DestAddress\"\u003e192.168.1.255\u003c/Data\u003e\u003cData Name=\"DestPort\"\u003e137\u003c/Data\u003e\u003cData Name=\"Protocol\"\u003e17\u003c/Data\u003e\u003cData Name=\"FilterRTID\"\u003e66893\u003c/Data\u003e\u003cData Name=\"LayerName\"\u003e%%14610\u003c/Data\u003e\u003cData Name=\"LayerRTID\"\u003e44\u003c/Data\u003e\u003c/EventData\u003e","Task":12809,"ProcessId":"0x4","Application":"System","Direction":"%%14592","SourceAddress":"192.168.1.2","SourcePort":"137","DestAddress":"192.168.1.255","DestPort":"137","Protocol":17,"FilterRTID":"0x1054d","LayerName":"%%14610","LayerRTID":"0x2c"},{"EventSourceName":"Microsoft-Windows-Security-Auditing","Provider":"Microsoft-Windows-Security-Auditing","ProviderGuid":"{54849625-5478-4994-a5ba-3e3b0328c30d}","Level":"0","Keywords":"0x8010000000000000","Channel":"Security","Computer":"FlareVM","TimeCreated":"2023-02-17T08:08:37.373Z","TimeGenerated":"2023-02-17T01:08:37.373Z","EventRecordID":"157665","EventID":5157,"Message":"The Windows Filtering Platform has blocked a connection.\r\n\r\nApplication Information:\r\n\tProcess ID:\t\t4\r\n\tApplication Name:\tSystem\r\n\r\nNetwork Information:\r\n\tDirection:\t\tInbound\r\n\tSource Address:\t\t192.168.1.2\r\n\tSource Port:\t\t137\r\n\tDestination Address:\t192.168.1.255\r\n\tDestination Port:\t\t137\r\n\tProtocol:\t\t17\r\n\r\nFilter Information:\r\n\tFilter Run-Time ID:\t66893\r\n\tLayer Name:\t\tReceive/Accept\r\n\tLayer Run-Time ID:\t44","EventData":"\u003cEventData xmlns=\"http://schemas.microsoft.com/win/2004/08/events/event\"\u003e\u003cData Name=\"ProcessID\"\u003e4\u003c/Data\u003e\u003cData Name=\"Application\"\u003eSystem\u003c/Data\u003e\u003cData Name=\"Direction\"\u003e%%14592\u003c/Data\u003e\u003cData Name=\"SourceAddress\"\u003e192.168.1.2\u003c/Data\u003e\u003cData Name=\"SourcePort\"\u003e137\u003c/Data\u003e\u003cData Name=\"DestAddress\"\u003e192.168.1.255\u003c/Data\u003e\u003cData Name=\"DestPort\"\u003e137\u003c/Data\u003e\u003cData Name=\"Protocol\"\u003e17\u003c/Data\u003e\u003cData Name=\"FilterRTID\"\u003e66893\u003c/Data\u003e\u003cData Name=\"LayerName\"\u003e%%14610\u003c/Data\u003e\u003cData Name=\"LayerRTID\"\u003e44\u003c/Data\u003e\u003cData Name=\"RemoteUserID\"\u003eS-1-0-0\u003c/Data\u003e\u003cData Name=\"RemoteMachineID\"\u003eS-1-0-0\u003c/Data\u003e\u003c/EventData\u003e","Task":12810,"ProcessID":"0x4","Application":"System","Direction":"%%14592","SourceAddress":"192.168.1.2","SourcePort":"137","DestAddress":"192.168.1.255","DestPort":"137","Protocol":17,"FilterRTID":"0x1054d","LayerName":"%%14610","LayerRTID":"0x2c","RemoteUserID":"S-1-0-0","RemoteMachineID":"S-1-0-0"},{"EventSourceName":"Microsoft-Windows-Security-Auditing","Provider":"Microsoft-Windows-Security-Auditing","ProviderGuid":"{54849625-5478-4994-a5ba-3e3b0328c30d}","Level":"0","Keywords":"0x8020000000000000","Channel":"Security","Computer":"FlareVM","TimeCreated":"2023-02-17T08:08:37.375Z","TimeGenerated":"2023-02-17T01:08:37.375Z","EventRecordID":"157666","EventID":5156,"Message":"The Windows Filtering Platform has permitted a connection.\r\n\r\nApplication Information:\r\n\tProcess ID:\t\t2436\r\n\tApplication Name:\t\\device\\harddiskvolume3\\windows\\system32\\svchost.exe\r\n\r\nNetwork Information:\r\n\tDirection:\t\tInbound\r\n\tSource Address:\t\t192.168.1.2\r\n\tSource Port:\t\t5353\r\n\tDestination Address:\t224.0.0.251\r\n\tDestination Port:\t\t5353\r\n\tProtocol:\t\t17\r\n\r\nFilter Information:\r\n\tFilter Run-Time ID:\t66788\r\n\tLayer Name:\t\tReceive/Accept\r\n\tLayer Run-Time ID:\t44","EventData":"\u003cEventData xmlns=\"http://schemas.microsoft.com/win/2004/08/events/event\"\u003e\u003cData Name=\"ProcessID\"\u003e2436\u003c/Data\u003e\u003cData Name=\"Application\"\u003e\\device\\harddiskvolume3\\windows\\system32\\svchost.exe\u003c/Data\u003e\u003cData Name=\"Direction\"\u003e%%14592\u003c/Data\u003e\u003cData Name=\"SourceAddress\"\u003e192.168.1.2\u003c/Data\u003e\u003cData Name=\"SourcePort\"\u003e5353\u003c/Data\u003e\u003cData Name=\"DestAddress\"\u003e224.0.0.251\u003c/Data\u003e\u003cData Name=\"DestPort\"\u003e5353\u003c/Data\u003e\u003cData Name=\"Protocol\"\u003e17\u003c/Data\u003e\u003cData Name=\"FilterRTID\"\u003e66788\u003c/Data\u003e\u003cData Name=\"LayerName\"\u003e%%14610\u003c/Data\u003e\u003cData Name=\"LayerRTID\"\u003e44\u003c/Data\u003e\u003cData Name=\"RemoteUserID\"\u003eS-1-0-0\u003c/Data\u003e\u003cData Name=\"RemoteMachineID\"\u003eS-1-0-0\u003c/Data\u003e\u003c/EventData\u003e","Task":12810,"ProcessID":"0x984","Application":"\\device\\harddiskvolume3\\windows\\system32\\svchost.exe","Direction":"%%14592","SourceAddress":"192.168.1.2","SourcePort":"5353","DestAddress":"224.0.0.251","DestPort":"5353","Protocol":17,"FilterRTID":"0x104e4","LayerName":"%%14610","LayerRTID":"0x2c","RemoteUserID":"S-1-0-0","RemoteMachineID":"S-1-0-0"},{"EventSourceName":"Microsoft-Windows-Security-Auditing","Provider":"Microsoft-Windows-Security-Auditing","ProviderGuid":"{54849625-5478-4994-a5ba-3e3b0328c30d}","Level":"0","Keywords":"0x8020000000000000","Channel":"Security","Computer":"FlareVM","TimeCreated":"2023-02-17T08:08:37.376Z","TimeGenerated":"2023-02-17T01:08:37.376Z","EventRecordID":"157667","EventID":5156,"Message":"The Windows Filtering Platform has permitted a connection.\r\n\r\nApplication Information:\r\n\tProcess ID:\t\t2436\r\n\tApplication Name:\t\\device\\harddiskvolume3\\windows\\system32\\svchost.exe\r\n\r\nNetwork Information:\r\n\tDirection:\t\tInbound\r\n\tSource Address:\t\t192.168.1.2\r\n\tSource Port:\t\t5353\r\n\tDestination Address:\t224.0.0.251\r\n\tDestination Port:\t\t5353\r\n\tProtocol:\t\t17\r\n\r\nFilter Information:\r\n\tFilter Run-Time ID:\t66788\r\n\tLayer Name:\t\tReceive/Accept\r\n\tLayer Run-Time ID:\t44","EventData":"\u003cEventData xmlns=\"http://schemas.microsoft.com/win/2004/08/events/event\"\u003e\u003cData Name=\"ProcessID\"\u003e2436\u003c/Data\u003e\u003cData Name=\"Application\"\u003e\\device\\harddiskvolume3\\windows\\system32\\svchost.exe\u003c/Data\u003e\u003cData Name=\"Direction\"\u003e%%14592\u003c/Data\u003e\u003cData Name=\"SourceAddress\"\u003e192.168.1.2\u003c/Data\u003e\u003cData Name=\"SourcePort\"\u003e5353\u003c/Data\u003e\u003cData Name=\"DestAddress\"\u003e224.0.0.251\u003c/Data\u003e\u003cData Name=\"DestPort\"\u003e5353\u003c/Data\u003e\u003cData Name=\"Protocol\"\u003e17\u003c/Data\u003e\u003cData Name=\"FilterRTID\"\u003e66788\u003c/Data\u003e\u003cData Name=\"LayerName\"\u003e%%14610\u003c/Data\u003e\u003cData Name=\"LayerRTID\"\u003e44\u003c/Data\u003e\u003cData Name=\"RemoteUserID\"\u003eS-1-0-0\u003c/Data\u003e\u003cData Name=\"RemoteMachineID\"\u003eS-1-0-0\u003c/Data\u003e\u003c/EventData\u003e","Task":12810,"ProcessID":"0x984","Application":"\\device\\harddiskvolume3\\windows\\system32\\svchost.exe","Direction":"%%14592","SourceAddress":"192.168.1.2","SourcePort":"5353","DestAddress":"224.0.0.251","DestPort":"5353","Protocol":17,"FilterRTID":"0x104e4","LayerName":"%%14610","LayerRTID":"0x2c","RemoteUserID":"S-1-0-0","RemoteMachineID":"S-1-0-0"},{"EventSourceName":"Microsoft-Windows-Security-Auditing","Provider":"Microsoft-Windows-Security-Auditing","ProviderGuid":"{54849625-5478-4994-a5ba-3e3b0328c30d}","Level":"0","Keywords":"0x8010000000000000","Channel":"Security","Computer":"FlareVM","TimeCreated":"2023-02-17T08:08:37.376Z","TimeGenerated":"2023-02-17T01:08:37.376Z","EventRecordID":"157668","EventID":5152,"Message":"The Windows Filtering Platform has blocked a packet.\r\n\r\nApplication Information:\r\n\tProcess ID:\t\t2436\r\n\tApplication Name:\t\\device\\harddiskvolume3\\windows\\system32\\svchost.exe\r\n\r\nNetwork Information:\r\n\tDirection:\t\tInbound\r\n\tSource Address:\t\t192.168.1.2\r\n\tSource Port:\t\t62578\r\n\tDestination Address:\t224.0.0.252\r\n\tDestination Port:\t\t5355\r\n\tProtocol:\t\t17\r\n\r\nFilter Information:\r\n\tFilter Run-Time ID:\t66893\r\n\tLayer Name:\t\tReceive/Accept\r\n\tLayer Run-Time ID:\t44","EventData":"\u003cEventData xmlns=\"http://schemas.microsoft.com/win/2004/08/events/event\"\u003e\u003cData Name=\"ProcessId\"\u003e2436\u003c/Data\u003e\u003cData Name=\"Application\"\u003e\\device\\harddiskvolume3\\windows\\system32\\svchost.exe\u003c/Data\u003e\u003cData Name=\"Direction\"\u003e%%14592\u003c/Data\u003e\u003cData Name=\"SourceAddress\"\u003e192.168.1.2\u003c/Data\u003e\u003cData Name=\"SourcePort\"\u003e62578\u003c/Data\u003e\u003cData Name=\"DestAddress\"\u003e224.0.0.252\u003c/Data\u003e\u003cData Name=\"DestPort\"\u003e5355\u003c/Data\u003e\u003cData Name=\"Protocol\"\u003e17\u003c/Data\u003e\u003cData Name=\"FilterRTID\"\u003e66893\u003c/Data\u003e\u003cData Name=\"LayerName\"\u003e%%14610\u003c/Data\u003e\u003cData Name=\"LayerRTID\"\u003e44\u003c/Data\u003e\u003c/EventData\u003e","Task":12809,"ProcessId":"0x984","Application":"\\device\\harddiskvolume3\\windows\\system32\\svchost.exe","Direction":"%%14592","SourceAddress":"192.168.1.2","SourcePort":"62578","DestAddress":"224.0.0.252","DestPort":"5355","Protocol":17,"FilterRTID":"0x1054d","LayerName":"%%14610","LayerRTID":"0x2c"},{"EventSourceName":"Microsoft-Windows-Security-Auditing","Provider":"Microsoft-Windows-Security-Auditing","ProviderGuid":"{54849625-5478-4994-a5ba-3e3b0328c30d}","Level":"0","Keywords":"0x8010000000000000","Channel":"Security","Computer":"FlareVM","TimeCreated":"2023-02-17T08:08:37.376Z","TimeGenerated":"2023-02-17T01:08:37.376Z","EventRecordID":"157669","EventID":5157,"Message":"The Windows Filtering Platform has blocked a connection.\r\n\r\nApplication Information:\r\n\tProcess ID:\t\t2436\r\n\tApplication Name:\t\\device\\harddiskvolume3\\windows\\system32\\svchost.exe\r\n\r\nNetwork Information:\r\n\tDirection:\t\tInbound\r\n\tSource Address:\t\t192.168.1.2\r\n\tSource Port:\t\t62578\r\n\tDestination Address:\t224.0.0.252\r\n\tDestination Port:\t\t5355\r\n\tProtocol:\t\t17\r\n\r\nFilter Information:\r\n\tFilter Run-Time ID:\t66893\r\n\tLayer Name:\t\tReceive/Accept\r\n\tLayer Run-Time ID:\t44","EventData":"\u003cEventData xmlns=\"http://schemas.microsoft.com/win/2004/08/events/event\"\u003e\u003cData Name=\"ProcessID\"\u003e2436\u003c/Data\u003e\u003cData Name=\"Application\"\u003e\\device\\harddiskvolume3\\windows\\system32\\svchost.exe\u003c/Data\u003e\u003cData Name=\"Direction\"\u003e%%14592\u003c/Data\u003e\u003cData Name=\"SourceAddress\"\u003e192.168.1.2\u003c/Data\u003e\u003cData Name=\"SourcePort\"\u003e62578\u003c/Data\u003e\u003cData Name=\"DestAddress\"\u003e224.0.0.252\u003c/Data\u003e\u003cData Name=\"DestPort\"\u003e5355\u003c/Data\u003e\u003cData Name=\"Protocol\"\u003e17\u003c/Data\u003e\u003cData Name=\"FilterRTID\"\u003e66893\u003c/Data\u003e\u003cData Name=\"LayerName\"\u003e%%14610\u003c/Data\u003e\u003cData Name=\"LayerRTID\"\u003e44\u003c/Data\u003e\u003cData Name=\"RemoteUserID\"\u003eS-1-0-0\u003c/Data\u003e\u003cData Name=\"RemoteMachineID\"\u003eS-1-0-0\u003c/Data\u003e\u003c/EventData\u003e","Task":12810,"ProcessID":"0x984","Application":"\\device\\harddiskvolume3\\windows\\system32\\svchost.exe","Direction":"%%14592","SourceAddress":"192.168.1.2","SourcePort":"62578","DestAddress":"224.0.0.252","DestPort":"5355","Protocol":17,"FilterRTID":"0x1054d","LayerName":"%%14610","LayerRTID":"0x2c","RemoteUserID":"S-1-0-0","RemoteMachineID":"S-1-0-0"},{"EventSourceName":"Microsoft-Windows-Security-Auditing","Provider":"Microsoft-Windows-Security-Auditing","ProviderGuid":"{54849625-5478-4994-a5ba-3e3b0328c30d}","Level":"0","Keywords":"0x8010000000000000","Channel":"Security","Computer":"FlareVM","TimeCreated":"2023-02-17T08:08:37.376Z","TimeGenerated":"2023-02-17T01:08:37.376Z","EventRecordID":"157670","EventID":5152,"Message":"The Windows Filtering Platform has blocked a packet.\r\n\r\nApplication Information:\r\n\tProcess ID:\t\t2436\r\n\tApplication Name:\t\\device\\harddiskvolume3\\windows\\system32\\svchost.exe\r\n\r\nNetwork Information:\r\n\tDirection:\t\tInbound\r\n\tSource Address:\t\t192.168.1.2\r\n\tSource Port:\t\t51559\r\n\tDestination Address:\t224.0.0.252\r\n\tDestination Port:\t\t5355\r\n\tProtocol:\t\t17\r\n\r\nFilter Information:\r\n\tFilter Run-Time ID:\t66893\r\n\tLayer Name:\t\tReceive/Accept\r\n\tLayer Run-Time ID:\t44","EventData":"\u003cEventData xmlns=\"http://schemas.microsoft.com/win/2004/08/events/event\"\u003e\u003cData Name=\"ProcessId\"\u003e2436\u003c/Data\u003e\u003cData Name=\"Application\"\u003e\\device\\harddiskvolume3\\windows\\system32\\svchost.exe\u003c/Data\u003e\u003cData Name=\"Direction\"\u003e%%14592\u003c/Data\u003e\u003cData Name=\"SourceAddress\"\u003e192.168.1.2\u003c/Data\u003e\u003cData Name=\"SourcePort\"\u003e51559\u003c/Data\u003e\u003cData Name=\"DestAddress\"\u003e224.0.0.252\u003c/Data\u003e\u003cData Name=\"DestPort\"\u003e5355\u003c/Data\u003e\u003cData Name=\"Protocol\"\u003e17\u003c/Data\u003e\u003cData Name=\"FilterRTID\"\u003e66893\u003c/Data\u003e\u003cData Name=\"LayerName\"\u003e%%14610\u003c/Data\u003e\u003cData Name=\"LayerRTID\"\u003e44\u003c/Data\u003e\u003c/EventData\u003e","Task":12809,"ProcessId":"0x984","Application":"\\device\\harddiskvolume3\\windows\\system32\\svchost.exe","Direction":"%%14592","SourceAddress":"192.168.1.2","SourcePort":"51559","DestAddress":"224.0.0.252","DestPort":"5355","Protocol":17,"FilterRTID":"0x1054d","LayerName":"%%14610","LayerRTID":"0x2c"},