[{"EventSourceName":"Microsoft-Windows-Security-Auditing","Provider":"Microsoft-Windows-Security-Auditing","ProviderGuid":"{54849625-5478-4994-a5ba-3e3b0328c30d}","Level":"0","Keywords":"0x8020000000000000","Channel":"Security","Computer":"FlareVM","TimeCreated":"2023-02-17T08:08:01.272Z","TimeGenerated":"2023-02-17T01:08:01.272Z","EventRecordID":"157613","EventID":5156,"Message":"The Windows Filtering Platform has permitted a connection.\r\n\r\nApplication Information:\r\n\tProcess ID:\t\t2436\r\n\tApplication Name:\t\\device\\harddiskvolume3\\windows\\system32\\svchost.exe\r\n\r\nNetwork Information:\r\n\tDirection:\t\tInbound\r\n\tSource Address:\t\tfe80::6ecd:d6ff:fed2:bf67\r\n\tSource Port:\t\t5353\r\n\tDestination Address:\tff02::fb\r\n\tDestination Port:\t\t5353\r\n\tProtocol:\t\t17\r\n\r\nFilter Information:\r\n\tFilter Run-Time ID:\t66790\r\n\tLayer Name:\t\tReceive/Accept\r\n\tLayer Run-Time ID:\t46","EventData":"\u003cEventData xmlns=\"http://schemas.microsoft.com/win/2004/08/events/event\"\u003e\u003cData Name=\"ProcessID\"\u003e2436\u003c/Data\u003e\u003cData Name=\"Application\"\u003e\\device\\harddiskvolume3\\windows\\system32\\svchost.exe\u003c/Data\u003e\u003cData Name=\"Direction\"\u003e%%14592\u003c/Data\u003e\u003cData Name=\"SourceAddress\"\u003efe80::6ecd:d6ff:fed2:bf67\u003c/Data\u003e\u003cData Name=\"SourcePort\"\u003e5353\u003c/Data\u003e\u003cData Name=\"DestAddress\"\u003eff02::fb\u003c/Data\u003e\u003cData Name=\"DestPort\"\u003e5353\u003c/Data\u003e\u003cData Name=\"Protocol\"\u003e17\u003c/Data\u003e\u003cData Name=\"FilterRTID\"\u003e66790\u003c/Data\u003e\u003cData Name=\"LayerName\"\u003e%%14610\u003c/Data\u003e\u003cData Name=\"LayerRTID\"\u003e46\u003c/Data\u003e\u003cData Name=\"RemoteUserID\"\u003eS-1-0-0\u003c/Data\u003e\u003cData Name=\"RemoteMachineID\"\u003eS-1-0-0\u003c/Data\u003e\u003c/EventData\u003e","Task":12810,"ProcessID":"0x984","Application":"\\device\\harddiskvolume3\\windows\\system32\\svchost.exe","Direction":"%%14592","SourceAddress":"fe80::6ecd:d6ff:fed2:bf67","SourcePort":"5353","DestAddress":"ff02::fb","DestPort":"5353","Protocol":17,"FilterRTID":"0x104e6","LayerName":"%%14610","LayerRTID":"0x2e","RemoteUserID":"S-1-0-0","RemoteMachineID":"S-1-0-0"},{"EventSourceName":"Microsoft-Windows-Security-Auditing","Provider":"Microsoft-Windows-Security-Auditing","ProviderGuid":"{54849625-5478-4994-a5ba-3e3b0328c30d}","Level":"0","Keywords":"0x8020000000000000","Channel":"Security","Computer":"FlareVM","TimeCreated":"2023-02-17T08:08:01.272Z","TimeGenerated":"2023-02-17T01:08:01.272Z","EventRecordID":"157614","EventID":5156,"Message":"The Windows Filtering Platform has permitted a connection.\r\n\r\nApplication Information:\r\n\tProcess ID:\t\t2436\r\n\tApplication Name:\t\\device\\harddiskvolume3\\windows\\system32\\svchost.exe\r\n\r\nNetwork Information:\r\n\tDirection:\t\tInbound\r\n\tSource Address:\t\t192.168.1.15\r\n\tSource Port:\t\t5353\r\n\tDestination Address:\t224.0.0.251\r\n\tDestination Port:\t\t5353\r\n\tProtocol:\t\t17\r\n\r\nFilter Information:\r\n\tFilter Run-Time ID:\t66788\r\n\tLayer Name:\t\tReceive/Accept\r\n\tLayer Run-Time ID:\t44","EventData":"\u003cEventData xmlns=\"http://schemas.microsoft.com/win/2004/08/events/event\"\u003e\u003cData Name=\"ProcessID\"\u003e2436\u003c/Data\u003e\u003cData Name=\"Application\"\u003e\\device\\harddiskvolume3\\windows\\system32\\svchost.exe\u003c/Data\u003e\u003cData Name=\"Direction\"\u003e%%14592\u003c/Data\u003e\u003cData Name=\"SourceAddress\"\u003e192.168.1.15\u003c/Data\u003e\u003cData Name=\"SourcePort\"\u003e5353\u003c/Data\u003e\u003cData Name=\"DestAddress\"\u003e224.0.0.251\u003c/Data\u003e\u003cData Name=\"DestPort\"\u003e5353\u003c/Data\u003e\u003cData Name=\"Protocol\"\u003e17\u003c/Data\u003e\u003cData Name=\"FilterRTID\"\u003e66788\u003c/Data\u003e\u003cData Name=\"LayerName\"\u003e%%14610\u003c/Data\u003e\u003cData Name=\"LayerRTID\"\u003e44\u003c/Data\u003e\u003cData Name=\"RemoteUserID\"\u003eS-1-0-0\u003c/Data\u003e\u003cData Name=\"RemoteMachineID\"\u003eS-1-0-0\u003c/Data\u003e\u003c/EventData\u003e","Task":12810,"ProcessID":"0x984","Application":"\\device\\harddiskvolume3\\windows\\system32\\svchost.exe","Direction":"%%14592","SourceAddress":"192.168.1.15","SourcePort":"5353","DestAddress":"224.0.0.251","DestPort":"5353","Protocol":17,"FilterRTID":"0x104e4","LayerName":"%%14610","LayerRTID":"0x2c","RemoteUserID":"S-1-0-0","RemoteMachineID":"S-1-0-0"},{"EventSourceName":"Microsoft-Windows-Security-Auditing","Provider":"Microsoft-Windows-Security-Auditing","ProviderGuid":"{54849625-5478-4994-a5ba-3e3b0328c30d}","Level":"0","Keywords":"0x8020000000000000","Channel":"Security","Computer":"FlareVM","TimeCreated":"2023-02-17T08:08:01.293Z","TimeGenerated":"2023-02-17T01:08:01.293Z","EventRecordID":"157615","EventID":4703,"Message":"A token right was adjusted.\r\n\r\nSubject:\r\n\tSecurity ID:\t\tS-1-5-18\r\n\tAccount Name:\t\tFLAREVM$\r\n\tAccount Domain:\t\tWORKGROUP\r\n\tLogon ID:\t\t0x3E7\r\n\r\nTarget Account:\r\n\tSecurity ID:\t\tS-1-5-18\r\n\tAccount Name:\t\tFLAREVM$\r\n\tAccount Domain:\t\tWORKGROUP\r\n\tLogon ID:\t\t0x3E7\r\n\r\nProcess Information:\r\n\tProcess ID:\t\t0xb94\r\n\tProcess Name:\t\tC:\\Windows\\System32\\svchost.exe\r\n\r\nEnabled Privileges:\r\n\t\t\tSeAssignPrimaryTokenPrivilege\r\n\t\t\tSeIncreaseQuotaPrivilege\r\n\t\t\tSeSecurityPrivilege\r\n\t\t\tSeTakeOwnershipPrivilege\r\n\t\t\tSeLoadDriverPrivilege\r\n\t\t\tSeSystemtimePrivilege\r\n\t\t\tSeBackupPrivilege\r\n\t\t\tSeRestorePrivilege\r\n\t\t\tSeShutdownPrivilege\r\n\t\t\tSeSystemEnvironmentPrivilege\r\n\t\t\tSeUndockPrivilege\r\n\t\t\tSeManageVolumePrivilege\r\n\r\nDisabled Privileges:\r\n\t\t\t-","EventData":"\u003cEventData xmlns=\"http://schemas.microsoft.com/win/2004/08/events/event\"\u003e\u003cData Name=\"SubjectUserSid\"\u003eS-1-5-18\u003c/Data\u003e\u003cData Name=\"SubjectUserName\"\u003eFLAREVM$\u003c/Data\u003e\u003cData Name=\"SubjectDomainName\"\u003eWORKGROUP\u003c/Data\u003e\u003cData Name=\"SubjectLogonId\"\u003e0x3e7\u003c/Data\u003e\u003cData Name=\"TargetUserSid\"\u003eS-1-5-18\u003c/Data\u003e\u003cData Name=\"TargetUserName\"\u003eFLAREVM$\u003c/Data\u003e\u003cData Name=\"TargetDomainName\"\u003eWORKGROUP\u003c/Data\u003e\u003cData Name=\"TargetLogonId\"\u003e0x3e7\u003c/Data\u003e\u003cData Name=\"ProcessName\"\u003eC:\\Windows\\System32\\svchost.exe\u003c/Data\u003e\u003cData Name=\"ProcessId\"\u003e0xb94\u003c/Data\u003e\u003cData Name=\"EnabledPrivilegeList\"\u003eSeAssignPrimaryTokenPrivilege\n\t\t\tSeIncreaseQuotaPrivilege\n\t\t\tSeSecurityPrivilege\n\t\t\tSeTakeOwnershipPrivilege\n\t\t\tSeLoadDriverPrivilege\n\t\t\tSeSystemtimePrivilege\n\t\t\tSeBackupPrivilege\n\t\t\tSeRestorePrivilege\n\t\t\tSeShutdownPrivilege\n\t\t\tSeSystemEnvironmentPrivilege\n\t\t\tSeUndockPrivilege\n\t\t\tSeManageVolumePrivilege\u003c/Data\u003e\u003cData Name=\"DisabledPrivilegeList\"\u003e-\u003c/Data\u003e\u003c/EventData\u003e","Task":13317,"SubjectUserSid":"S-1-5-18","SubjectUserName":"FLAREVM$","SubjectDomainName":"WORKGROUP","SubjectLogonId":"0x3e7","TargetUserSid":"S-1-5-18","TargetUserName":"FLAREVM$","TargetDomainName":"WORKGROUP","TargetLogonId":"0x3e7","ProcessName":"C:\\Windows\\System32\\svchost.exe","ProcessId":"0xb94","EnabledPrivilegeList":"SeAssignPrimaryTokenPrivilege\r\n\t\t\tSeIncreaseQuotaPrivilege\r\n\t\t\tSeSecurityPrivilege\r\n\t\t\tSeTakeOwnershipPrivilege\r\n\t\t\tSeLoadDriverPrivilege\r\n\t\t\tSeSystemtimePrivilege\r\n\t\t\tSeBackupPrivilege\r\n\t\t\tSeRestorePrivilege\r\n\t\t\tSeShutdownPrivilege\r\n\t\t\tSeSystemEnvironmentPrivilege\r\n\t\t\tSeUndockPrivilege\r\n\t\t\tSeManageVolumePrivilege","DisabledPrivilegeList":"-"},{"EventSourceName":"Microsoft-Windows-Security-Auditing","Provider":"Microsoft-Windows-Security-Auditing","ProviderGuid":"{54849625-5478-4994-a5ba-3e3b0328c30d}","Level":"0","Keywords":"0x8020000000000000","Channel":"Security","Computer":"FlareVM","TimeCreated":"2023-02-17T08:08:01.293Z","TimeGenerated":"2023-02-17T01:08:01.293Z","EventRecordID":"157616","EventID":4703,"Message":"A token right was adjusted.\r\n\r\nSubject:\r\n\tSecurity ID:\t\tS-1-5-18\r\n\tAccount Name:\t\tFLAREVM$\r\n\tAccount Domain:\t\tWORKGROUP\r\n\tLogon ID:\t\t0x3E7\r\n\r\nTarget Account:\r\n\tSecurity ID:\t\tS-1-5-18\r\n\tAccount Name:\t\tFLAREVM$\r\n\tAccount Domain:\t\tWORKGROUP\r\n\tLogon ID:\t\t0x3E7\r\n\r\nProcess Information:\r\n\tProcess ID:\t\t0xb94\r\n\tProcess Name:\t\tC:\\Windows\\System32\\svchost.exe\r\n\r\nEnabled Privileges:\r\n\t\t\tSeAssignPrimaryTokenPrivilege\r\n\t\t\tSeIncreaseQuotaPrivilege\r\n\t\t\tSeSecurityPrivilege\r\n\t\t\tSeTakeOwnershipPrivilege\r\n\t\t\tSeLoadDriverPrivilege\r\n\t\t\tSeSystemtimePrivilege\r\n\t\t\tSeBackupPrivilege\r\n\t\t\tSeRestorePrivilege\r\n\t\t\tSeShutdownPrivilege\r\n\t\t\tSeSystemEnvironmentPrivilege\r\n\t\t\tSeUndockPrivilege\r\n\t\t\tSeManageVolumePrivilege\r\n\r\nDisabled Privileges:\r\n\t\t\t-","EventData":"\u003cEventData xmlns=\"http://schemas.microsoft.com/win/2004/08/events/event\"\u003e\u003cData Name=\"SubjectUserSid\"\u003eS-1-5-18\u003c/Data\u003e\u003cData Name=\"SubjectUserName\"\u003eFLAREVM$\u003c/Data\u003e\u003cData Name=\"SubjectDomainName\"\u003eWORKGROUP\u003c/Data\u003e\u003cData Name=\"SubjectLogonId\"\u003e0x3e7\u003c/Data\u003e\u003cData Name=\"TargetUserSid\"\u003eS-1-5-18\u003c/Data\u003e\u003cData Name=\"TargetUserName\"\u003eFLAREVM$\u003c/Data\u003e\u003cData Name=\"TargetDomainName\"\u003eWORKGROUP\u003c/Data\u003e\u003cData Name=\"TargetLogonId\"\u003e0x3e7\u003c/Data\u003e\u003cData Name=\"ProcessName\"\u003eC:\\Windows\\System32\\svchost.exe\u003c/Data\u003e\u003cData Name=\"ProcessId\"\u003e0xb94\u003c/Data\u003e\u003cData Name=\"EnabledPrivilegeList\"\u003eSeAssignPrimaryTokenPrivilege\n\t\t\tSeIncreaseQuotaPrivilege\n\t\t\tSeSecurityPrivilege\n\t\t\tSeTakeOwnershipPrivilege\n\t\t\tSeLoadDriverPrivilege\n\t\t\tSeSystemtimePrivilege\n\t\t\tSeBackupPrivilege\n\t\t\tSeRestorePrivilege\n\t\t\tSeShutdownPrivilege\n\t\t\tSeSystemEnvironmentPrivilege\n\t\t\tSeUndockPrivilege\n\t\t\tSeManageVolumePrivilege\u003c/Data\u003e\u003cData Name=\"DisabledPrivilegeList\"\u003e-\u003c/Data\u003e\u003c/EventData\u003e","Task":13317,"SubjectUserSid":"S-1-5-18","SubjectUserName":"FLAREVM$","SubjectDomainName":"WORKGROUP","SubjectLogonId":"0x3e7","TargetUserSid":"S-1-5-18","TargetUserName":"FLAREVM$","TargetDomainName":"WORKGROUP","TargetLogonId":"0x3e7","ProcessName":"C:\\Windows\\System32\\svchost.exe","ProcessId":"0xb94","EnabledPrivilegeList":"SeAssignPrimaryTokenPrivilege\r\n\t\t\tSeIncreaseQuotaPrivilege\r\n\t\t\tSeSecurityPrivilege\r\n\t\t\tSeTakeOwnershipPrivilege\r\n\t\t\tSeLoadDriverPrivilege\r\n\t\t\tSeSystemtimePrivilege\r\n\t\t\tSeBackupPrivilege\r\n\t\t\tSeRestorePrivilege\r\n\t\t\tSeShutdownPrivilege\r\n\t\t\tSeSystemEnvironmentPrivilege\r\n\t\t\tSeUndockPrivilege\r\n\t\t\tSeManageVolumePrivilege","DisabledPrivilegeList":"-"},{"EventSourceName":"Microsoft-Windows-Security-Auditing","Provider":"Microsoft-Windows-Security-Auditing","ProviderGuid":"{54849625-5478-4994-a5ba-3e3b0328c30d}","Level":"0","Keywords":"0x8020000000000000","Channel":"Security","Computer":"FlareVM","TimeCreated":"2023-02-17T08:08:01.295Z","TimeGenerated":"2023-02-17T01:08:01.295Z","EventRecordID":"157617","EventID":4703,"Message":"A token right was adjusted.\r\n\r\nSubject:\r\n\tSecurity ID:\t\tS-1-5-18\r\n\tAccount Name:\t\tFLAREVM$\r\n\tAccount Domain:\t\tWORKGROUP\r\n\tLogon ID:\t\t0x3E7\r\n\r\nTarget Account:\r\n\tSecurity ID:\t\tS-1-5-18\r\n\tAccount Name:\t\tFLAREVM$\r\n\tAccount Domain:\t\tWORKGROUP\r\n\tLogon ID:\t\t0x3E7\r\n\r\nProcess Information:\r\n\tProcess ID:\t\t0xb94\r\n\tProcess Name:\t\tC:\\Windows\\System32\\svchost.exe\r\n\r\nEnabled Privileges:\r\n\t\t\tSeAssignPrimaryTokenPrivilege\r\n\t\t\tSeIncreaseQuotaPrivilege\r\n\t\t\tSeSecurityPrivilege\r\n\t\t\tSeTakeOwnershipPrivilege\r\n\t\t\tSeLoadDriverPrivilege\r\n\t\t\tSeSystemtimePrivilege\r\n\t\t\tSeBackupPrivilege\r\n\t\t\tSeRestorePrivilege\r\n\t\t\tSeShutdownPrivilege\r\n\t\t\tSeSystemEnvironmentPrivilege\r\n\t\t\tSeUndockPrivilege\r\n\t\t\tSeManageVolumePrivilege\r\n\r\nDisabled Privileges:\r\n\t\t\t-","EventData":"\u003cEventData xmlns=\"http://schemas.microsoft.com/win/2004/08/events/event\"\u003e\u003cData Name=\"SubjectUserSid\"\u003eS-1-5-18\u003c/Data\u003e\u003cData Name=\"SubjectUserName\"\u003eFLAREVM$\u003c/Data\u003e\u003cData Name=\"SubjectDomainName\"\u003eWORKGROUP\u003c/Data\u003e\u003cData Name=\"SubjectLogonId\"\u003e0x3e7\u003c/Data\u003e\u003cData Name=\"TargetUserSid\"\u003eS-1-5-18\u003c/Data\u003e\u003cData Name=\"TargetUserName\"\u003eFLAREVM$\u003c/Data\u003e\u003cData Name=\"TargetDomainName\"\u003eWORKGROUP\u003c/Data\u003e\u003cData Name=\"TargetLogonId\"\u003e0x3e7\u003c/Data\u003e\u003cData Name=\"ProcessName\"\u003eC:\\Windows\\System32\\svchost.exe\u003c/Data\u003e\u003cData Name=\"ProcessId\"\u003e0xb94\u003c/Data\u003e\u003cData Name=\"EnabledPrivilegeList\"\u003eSeAssignPrimaryTokenPrivilege\n\t\t\tSeIncreaseQuotaPrivilege\n\t\t\tSeSecurityPrivilege\n\t\t\tSeTakeOwnershipPrivilege\n\t\t\tSeLoadDriverPrivilege\n\t\t\tSeSystemtimePrivilege\n\t\t\tSeBackupPrivilege\n\t\t\tSeRestorePrivilege\n\t\t\tSeShutdownPrivilege\n\t\t\tSeSystemEnvironmentPrivilege\n\t\t\tSeUndockPrivilege\n\t\t\tSeManageVolumePrivilege\u003c/Data\u003e\u003cData Name=\"DisabledPrivilegeList\"\u003e-\u003c/Data\u003e\u003c/EventData\u003e","Task":13317,"SubjectUserSid":"S-1-5-18","SubjectUserName":"FLAREVM$","SubjectDomainName":"WORKGROUP","SubjectLogonId":"0x3e7","TargetUserSid":"S-1-5-18","TargetUserName":"FLAREVM$","TargetDomainName":"WORKGROUP","TargetLogonId":"0x3e7","ProcessName":"C:\\Windows\\System32\\svchost.exe","ProcessId":"0xb94","EnabledPrivilegeList":"SeAssignPrimaryTokenPrivilege\r\n\t\t\tSeIncreaseQuotaPrivilege\r\n\t\t\tSeSecurityPrivilege\r\n\t\t\tSeTakeOwnershipPrivilege\r\n\t\t\tSeLoadDriverPrivilege\r\n\t\t\tSeSystemtimePrivilege\r\n\t\t\tSeBackupPrivilege\r\n\t\t\tSeRestorePrivilege\r\n\t\t\tSeShutdownPrivilege\r\n\t\t\tSeSystemEnvironmentPrivilege\r\n\t\t\tSeUndockPrivilege\r\n\t\t\tSeManageVolumePrivilege","DisabledPrivilegeList":"-"},{"EventSourceName":"Microsoft-Windows-Security-Auditing","Provider":"Microsoft-Windows-Security-Auditing","ProviderGuid":"{54849625-5478-4994-a5ba-3e3b0328c30d}","Level":"0","Keywords":"0x8020000000000000","Channel":"Security","Computer":"FlareVM","TimeCreated":"2023-02-17T08:08:01.326Z","TimeGenerated":"2023-02-17T01:08:01.326Z","EventRecordID":"157618","EventID":4703,"Message":"A token right was adjusted.\r\n\r\nSubject:\r\n\tSecurity ID:\t\tS-1-5-18\r\n\tAccount Name:\t\tFLAREVM$\r\n\tAccount Domain:\t\tWORKGROUP\r\n\tLogon ID:\t\t0x3E7\r\n\r\nTarget Account:\r\n\tSecurity ID:\t\tS-1-5-18\r\n\tAccount Name:\t\tFLAREVM$\r\n\tAccount Domain:\t\tWORKGROUP\r\n\tLogon ID:\t\t0x3E7\r\n\r\nProcess Information:\r\n\tProcess ID:\t\t0xb94\r\n\tProcess Name:\t\tC:\\Windows\\System32\\svchost.exe\r\n\r\nEnabled Privileges:\r\n\t\t\tSeAssignPrimaryTokenPrivilege\r\n\t\t\tSeIncreaseQuotaPrivilege\r\n\t\t\tSeSecurityPrivilege\r\n\t\t\tSeTakeOwnershipPrivilege\r\n\t\t\tSeLoadDriverPrivilege\r\n\t\t\tSeSystemtimePrivilege\r\n\t\t\tSeBackupPrivilege\r\n\t\t\tSeRestorePrivilege\r\n\t\t\tSeShutdownPrivilege\r\n\t\t\tSeSystemEnvironmentPrivilege\r\n\t\t\tSeUndockPrivilege\r\n\t\t\tSeManageVolumePrivilege\r\n\r\nDisabled Privileges:\r\n\t\t\t-","EventData":"\u003cEventData xmlns=\"http://schemas.microsoft.com/win/2004/08/events/event\"\u003e\u003cData Name=\"SubjectUserSid\"\u003eS-1-5-18\u003c/Data\u003e\u003cData Name=\"SubjectUserName\"\u003eFLAREVM$\u003c/Data\u003e\u003cData Name=\"SubjectDomainName\"\u003eWORKGROUP\u003c/Data\u003e\u003cData Name=\"SubjectLogonId\"\u003e0x3e7\u003c/Data\u003e\u003cData Name=\"TargetUserSid\"\u003eS-1-5-18\u003c/Data\u003e\u003cData Name=\"TargetUserName\"\u003eFLAREVM$\u003c/Data\u003e\u003cData Name=\"TargetDomainName\"\u003eWORKGROUP\u003c/Data\u003e\u003cData Name=\"TargetLogonId\"\u003e0x3e7\u003c/Data\u003e\u003cData Name=\"ProcessName\"\u003eC:\\Windows\\System32\\svchost.exe\u003c/Data\u003e\u003cData Name=\"ProcessId\"\u003e0xb94\u003c/Data\u003e\u003cData Name=\"EnabledPrivilegeList\"\u003eSeAssignPrimaryTokenPrivilege\n\t\t\tSeIncreaseQuotaPrivilege\n\t\t\tSeSecurityPrivilege\n\t\t\tSeTakeOwnershipPrivilege\n\t\t\tSeLoadDriverPrivilege\n\t\t\tSeSystemtimePrivilege\n\t\t\tSeBackupPrivilege\n\t\t\tSeRestorePrivilege\n\t\t\tSeShutdownPrivilege\n\t\t\tSeSystemEnvironmentPrivilege\n\t\t\tSeUndockPrivilege\n\t\t\tSeManageVolumePrivilege\u003c/Data\u003e\u003cData Name=\"DisabledPrivilegeList\"\u003e-\u003c/Data\u003e\u003c/EventData\u003e","Task":13317,"SubjectUserSid":"S-1-5-18","SubjectUserName":"FLAREVM$","SubjectDomainName":"WORKGROUP","SubjectLogonId":"0x3e7","TargetUserSid":"S-1-5-18","TargetUserName":"FLAREVM$","TargetDomainName":"WORKGROUP","TargetLogonId":"0x3e7","ProcessName":"C:\\Windows\\System32\\svchost.exe","ProcessId":"0xb94","EnabledPrivilegeList":"SeAssignPrimaryTokenPrivilege\r\n\t\t\tSeIncreaseQuotaPrivilege\r\n\t\t\tSeSecurityPrivilege\r\n\t\t\tSeTakeOwnershipPrivilege\r\n\t\t\tSeLoadDriverPrivilege\r\n\t\t\tSeSystemtimePrivilege\r\n\t\t\tSeBackupPrivilege\r\n\t\t\tSeRestorePrivilege\r\n\t\t\tSeShutdownPrivilege\r\n\t\t\tSeSystemEnvironmentPrivilege\r\n\t\t\tSeUndockPrivilege\r\n\t\t\tSeManageVolumePrivilege","DisabledPrivilegeList":"-"},{"EventSourceName":"Microsoft-Windows-Security-Auditing","Provider":"Microsoft-Windows-Security-Auditing","ProviderGuid":"{54849625-5478-4994-a5ba-3e3b0328c30d}","Level":"0","Keywords":"0x8020000000000000","Channel":"Security","Computer":"FlareVM","TimeCreated":"2023-02-17T08:08:01.327Z","TimeGenerated":"2023-02-17T01:08:01.327Z","EventRecordID":"157619","EventID":4703,"Message":"A token right was adjusted.\r\n\r\nSubject:\r\n\tSecurity ID:\t\tS-1-5-18\r\n\tAccount Name:\t\tFLAREVM$\r\n\tAccount Domain:\t\tWORKGROUP\r\n\tLogon ID:\t\t0x3E7\r\n\r\nTarget Account:\r\n\tSecurity ID:\t\tS-1-5-18\r\n\tAccount Name:\t\tFLAREVM$\r\n\tAccount Domain:\t\tWORKGROUP\r\n\tLogon ID:\t\t0x3E7\r\n\r\nProcess Information:\r\n\tProcess ID:\t\t0xb94\r\n\tProcess Name:\t\tC:\\Windows\\System32\\svchost.exe\r\n\r\nEnabled Privileges:\r\n\t\t\tSeAssignPrimaryTokenPrivilege\r\n\t\t\tSeIncreaseQuotaPrivilege\r\n\t\t\tSeSecurityPrivilege\r\n\t\t\tSeTakeOwnershipPrivilege\r\n\t\t\tSeLoadDriverPrivilege\r\n\t\t\tSeSystemtimePrivilege\r\n\t\t\tSeBackupPrivilege\r\n\t\t\tSeRestorePrivilege\r\n\t\t\tSeShutdownPrivilege\r\n\t\t\tSeSystemEnvironmentPrivilege\r\n\t\t\tSeUndockPrivilege\r\n\t\t\tSeManageVolumePrivilege\r\n\r\nDisabled Privileges:\r\n\t\t\t-","EventData":"\u003cEventData xmlns=\"http://schemas.microsoft.com/win/2004/08/events/event\"\u003e\u003cData Name=\"SubjectUserSid\"\u003eS-1-5-18\u003c/Data\u003e\u003cData Name=\"SubjectUserName\"\u003eFLAREVM$\u003c/Data\u003e\u003cData Name=\"SubjectDomainName\"\u003eWORKGROUP\u003c/Data\u003e\u003cData Name=\"SubjectLogonId\"\u003e0x3e7\u003c/Data\u003e\u003cData Name=\"TargetUserSid\"\u003eS-1-5-18\u003c/Data\u003e\u003cData Name=\"TargetUserName\"\u003eFLAREVM$\u003c/Data\u003e\u003cData Name=\"TargetDomainName\"\u003eWORKGROUP\u003c/Data\u003e\u003cData Name=\"TargetLogonId\"\u003e0x3e7\u003c/Data\u003e\u003cData Name=\"ProcessName\"\u003eC:\\Windows\\System32\\svchost.exe\u003c/Data\u003e\u003cData Name=\"ProcessId\"\u003e0xb94\u003c/Data\u003e\u003cData Name=\"EnabledPrivilegeList\"\u003eSeAssignPrimaryTokenPrivilege\n\t\t\tSeIncreaseQuotaPrivilege\n\t\t\tSeSecurityPrivilege\n\t\t\tSeTakeOwnershipPrivilege\n\t\t\tSeLoadDriverPrivilege\n\t\t\tSeSystemtimePrivilege\n\t\t\tSeBackupPrivilege\n\t\t\tSeRestorePrivilege\n\t\t\tSeShutdownPrivilege\n\t\t\tSeSystemEnvironmentPrivilege\n\t\t\tSeUndockPrivilege\n\t\t\tSeManageVolumePrivilege\u003c/Data\u003e\u003cData Name=\"DisabledPrivilegeList\"\u003e-\u003c/Data\u003e\u003c/EventData\u003e","Task":13317,"SubjectUserSid":"S-1-5-18","SubjectUserName":"FLAREVM$","SubjectDomainName":"WORKGROUP","SubjectLogonId":"0x3e7","TargetUserSid":"S-1-5-18","TargetUserName":"FLAREVM$","TargetDomainName":"WORKGROUP","TargetLogonId":"0x3e7","ProcessName":"C:\\Windows\\System32\\svchost.exe","ProcessId":"0xb94","EnabledPrivilegeList":"SeAssignPrimaryTokenPrivilege\r\n\t\t\tSeIncreaseQuotaPrivilege\r\n\t\t\tSeSecurityPrivilege\r\n\t\t\tSeTakeOwnershipPrivilege\r\n\t\t\tSeLoadDriverPrivilege\r\n\t\t\tSeSystemtimePrivilege\r\n\t\t\tSeBackupPrivilege\r\n\t\t\tSeRestorePrivilege\r\n\t\t\tSeShutdownPrivilege\r\n\t\t\tSeSystemEnvironmentPrivilege\r\n\t\t\tSeUndockPrivilege\r\n\t\t\tSeManageVolumePrivilege","DisabledPrivilegeList":"-"},{"EventSourceName":"Microsoft-Windows-Security-Auditing","Provider":"Microsoft-Windows-Security-Auditing","ProviderGuid":"{54849625-5478-4994-a5ba-3e3b0328c30d}","Level":"0","Keywords":"0x8020000000000000","Channel":"Security","Computer":"FlareVM","TimeCreated":"2023-02-17T08:08:01.327Z","TimeGenerated":"2023-02-17T01:08:01.327Z","EventRecordID":"157620","EventID":4703,"Message":"A token right was adjusted.\r\n\r\nSubject:\r\n\tSecurity ID:\t\tS-1-5-18\r\n\tAccount Name:\t\tFLAREVM$\r\n\tAccount Domain:\t\tWORKGROUP\r\n\tLogon ID:\t\t0x3E7\r\n\r\nTarget Account:\r\n\tSecurity ID:\t\tS-1-5-18\r\n\tAccount Name:\t\tFLAREVM$\r\n\tAccount Domain:\t\tWORKGROUP\r\n\tLogon ID:\t\t0x3E7\r\n\r\nProcess Information:\r\n\tProcess ID:\t\t0xb94\r\n\tProcess Name:\t\tC:\\Windows\\System32\\svchost.exe\r\n\r\nEnabled Privileges:\r\n\t\t\tSeAssignPrimaryTokenPrivilege\r\n\t\t\tSeIncreaseQuotaPrivilege\r\n\t\t\tSeSecurityPrivilege\r\n\t\t\tSeTakeOwnershipPrivilege\r\n\t\t\tSeLoadDriverPrivilege\r\n\t\t\tSeSystemtimePrivilege\r\n\t\t\tSeBackupPrivilege\r\n\t\t\tSeRestorePrivilege\r\n\t\t\tSeShutdownPrivilege\r\n\t\t\tSeSystemEnvironmentPrivilege\r\n\t\t\tSeUndockPrivilege\r\n\t\t\tSeManageVolumePrivilege\r\n\r\nDisabled Privileges:\r\n\t\t\t-","EventData":"\u003cEventData xmlns=\"http://schemas.microsoft.com/win/2004/08/events/event\"\u003e\u003cData Name=\"SubjectUserSid\"\u003eS-1-5-18\u003c/Data\u003e\u003cData Name=\"SubjectUserName\"\u003eFLAREVM$\u003c/Data\u003e\u003cData Name=\"SubjectDomainName\"\u003eWORKGROUP\u003c/Data\u003e\u003cData Name=\"SubjectLogonId\"\u003e0x3e7\u003c/Data\u003e\u003cData Name=\"TargetUserSid\"\u003eS-1-5-18\u003c/Data\u003e\u003cData Name=\"TargetUserName\"\u003eFLAREVM$\u003c/Data\u003e\u003cData Name=\"TargetDomainName\"\u003eWORKGROUP\u003c/Data\u003e\u003cData Name=\"TargetLogonId\"\u003e0x3e7\u003c/Data\u003e\u003cData Name=\"ProcessName\"\u003eC:\\Windows\\System32\\svchost.exe\u003c/Data\u003e\u003cData Name=\"ProcessId\"\u003e0xb94\u003c/Data\u003e\u003cData Name=\"EnabledPrivilegeList\"\u003eSeAssignPrimaryTokenPrivilege\n\t\t\tSeIncreaseQuotaPrivilege\n\t\t\tSeSecurityPrivilege\n\t\t\tSeTakeOwnershipPrivilege\n\t\t\tSeLoadDriverPrivilege\n\t\t\tSeSystemtimePrivilege\n\t\t\tSeBackupPrivilege\n\t\t\tSeRestorePrivilege\n\t\t\tSeShutdownPrivilege\n\t\t\tSeSystemEnvironmentPrivilege\n\t\t\tSeUndockPrivilege\n\t\t\tSeManageVolumePrivilege\u003c/Data\u003e\u003cData Name=\"DisabledPrivilegeList\"\u003e-\u003c/Data\u003e\u003c/EventData\u003e","Task":13317,"SubjectUserSid":"S-1-5-18","SubjectUserName":"FLAREVM$","SubjectDomainName":"WORKGROUP","SubjectLogonId":"0x3e7","TargetUserSid":"S-1-5-18","TargetUserName":"FLAREVM$","TargetDomainName":"WORKGROUP","TargetLogonId":"0x3e7","ProcessName":"C:\\Windows\\System32\\svchost.exe","ProcessId":"0xb94","EnabledPrivilegeList":"SeAssignPrimaryTokenPrivilege\r\n\t\t\tSeIncreaseQuotaPrivilege\r\n\t\t\tSeSecurityPrivilege\r\n\t\t\tSeTakeOwnershipPrivilege\r\n\t\t\tSeLoadDriverPrivilege\r\n\t\t\tSeSystemtimePrivilege\r\n\t\t\tSeBackupPrivilege\r\n\t\t\tSeRestorePrivilege\r\n\t\t\tSeShutdownPrivilege\r\n\t\t\tSeSystemEnvironmentPrivilege\r\n\t\t\tSeUndockPrivilege\r\n\t\t\tSeManageVolumePrivilege","DisabledPrivilegeList":"-"},{"EventSourceName":"Microsoft-Windows-Security-Auditing","Provider":"Microsoft-Windows-Security-Auditing","ProviderGuid":"{54849625-5478-4994-a5ba-3e3b0328c30d}","Level":"0","Keywords":"0x8020000000000000","Channel":"Security","Computer":"FlareVM","TimeCreated":"2023-02-17T08:08:01.328Z","TimeGenerated":"2023-02-17T01:08:01.328Z","EventRecordID":"157621","EventID":4703,"Message":"A token right was adjusted.\r\n\r\nSubject:\r\n\tSecurity ID:\t\tS-1-5-18\r\n\tAccount Name:\t\tFLAREVM$\r\n\tAccount Domain:\t\tWORKGROUP\r\n\tLogon ID:\t\t0x3E7\r\n\r\nTarget Account:\r\n\tSecurity ID:\t\tS-1-5-18\r\n\tAccount Name:\t\tFLAREVM$\r\n\tAccount Domain:\t\tWORKGROUP\r\n\tLogon ID:\t\t0x3E7\r\n\r\nProcess Information:\r\n\tProcess ID:\t\t0xb94\r\n\tProcess Name:\t\tC:\\Windows\\System32\\svchost.exe\r\n\r\nEnabled Privileges:\r\n\t\t\tSeAssignPrimaryTokenPrivilege\r\n\t\t\tSeIncreaseQuotaPrivilege\r\n\t\t\tSeSecurityPrivilege\r\n\t\t\tSeTakeOwnershipPrivilege\r\n\t\t\tSeLoadDriverPrivilege\r\n\t\t\tSeSystemtimePrivilege\r\n\t\t\tSeBackupPrivilege\r\n\t\t\tSeRestorePrivilege\r\n\t\t\tSeShutdownPrivilege\r\n\t\t\tSeSystemEnvironmentPrivilege\r\n\t\t\tSeUndockPrivilege\r\n\t\t\tSeManageVolumePrivilege\r\n\r\nDisabled Privileges:\r\n\t\t\t-","EventData":"\u003cEventData xmlns=\"http://schemas.microsoft.com/win/2004/08/events/event\"\u003e\u003cData Name=\"SubjectUserSid\"\u003eS-1-5-18\u003c/Data\u003e\u003cData Name=\"SubjectUserName\"\u003eFLAREVM$\u003c/Data\u003e\u003cData Name=\"SubjectDomainName\"\u003eWORKGROUP\u003c/Data\u003e\u003cData Name=\"SubjectLogonId\"\u003e0x3e7\u003c/Data\u003e\u003cData Name=\"TargetUserSid\"\u003eS-1-5-18\u003c/Data\u003e\u003cData Name=\"TargetUserName\"\u003eFLAREVM$\u003c/Data\u003e\u003cData Name=\"TargetDomainName\"\u003eWORKGROUP\u003c/Data\u003e\u003cData Name=\"TargetLogonId\"\u003e0x3e7\u003c/Data\u003e\u003cData Name=\"ProcessName\"\u003eC:\\Windows\\System32\\svchost.exe\u003c/Data\u003e\u003cData Name=\"ProcessId\"\u003e0xb94\u003c/Data\u003e\u003cData Name=\"EnabledPrivilegeList\"\u003eSeAssignPrimaryTokenPrivilege\n\t\t\tSeIncreaseQuotaPrivilege\n\t\t\tSeSecurityPrivilege\n\t\t\tSeTakeOwnershipPrivilege\n\t\t\tSeLoadDriverPrivilege\n\t\t\tSeSystemtimePrivilege\n\t\t\tSeBackupPrivilege\n\t\t\tSeRestorePrivilege\n\t\t\tSeShutdownPrivilege\n\t\t\tSeSystemEnvironmentPrivilege\n\t\t\tSeUndockPrivilege\n\t\t\tSeManageVolumePrivilege\u003c/Data\u003e\u003cData Name=\"DisabledPrivilegeList\"\u003e-\u003c/Data\u003e\u003c/EventData\u003e","Task":13317,"SubjectUserSid":"S-1-5-18","SubjectUserName":"FLAREVM$","SubjectDomainName":"WORKGROUP","SubjectLogonId":"0x3e7","TargetUserSid":"S-1-5-18","TargetUserName":"FLAREVM$","TargetDomainName":"WORKGROUP","TargetLogonId":"0x3e7","ProcessName":"C:\\Windows\\System32\\svchost.exe","ProcessId":"0xb94","EnabledPrivilegeList":"SeAssignPrimaryTokenPrivilege\r\n\t\t\tSeIncreaseQuotaPrivilege\r\n\t\t\tSeSecurityPrivilege\r\n\t\t\tSeTakeOwnershipPrivilege\r\n\t\t\tSeLoadDriverPrivilege\r\n\t\t\tSeSystemtimePrivilege\r\n\t\t\tSeBackupPrivilege\r\n\t\t\tSeRestorePrivilege\r\n\t\t\tSeShutdownPrivilege\r\n\t\t\tSeSystemEnvironmentPrivilege\r\n\t\t\tSeUndockPrivilege\r\n\t\t\tSeManageVolumePrivilege","DisabledPrivilegeList":"-"},{"EventSourceName":"Microsoft-Windows-Security-Auditing","Provider":"Microsoft-Windows-Security-Auditing","ProviderGuid":"{54849625-5478-4994-a5ba-3e3b0328c30d}","Level":"0","Keywords":"0x8020000000000000","Channel":"Security","Computer":"FlareVM","TimeCreated":"2023-02-17T08:08:01.337Z","TimeGenerated":"2023-02-17T01:08:01.337Z","EventRecordID":"157622","EventID":4703,"Message":"A token right was adjusted.\r\n\r\nSubject:\r\n\tSecurity ID:\t\tS-1-5-18\r\n\tAccount Name:\t\tFLAREVM$\r\n\tAccount Domain:\t\tWORKGROUP\r\n\tLogon ID:\t\t0x3E7\r\n\r\nTarget Account:\r\n\tSecurity ID:\t\tS-1-5-18\r\n\tAccount Name:\t\tFLAREVM$\r\n\tAccount Domain:\t\tWORKGROUP\r\n\tLogon ID:\t\t0x3E7\r\n\r\nProcess Information:\r\n\tProcess ID:\t\t0xb94\r\n\tProcess Name:\t\tC:\\Windows\\System32\\svchost.exe\r\n\r\nEnabled Privileges:\r\n\t\t\tSeAssignPrimaryTokenPrivilege\r\n\t\t\tSeIncreaseQuotaPrivilege\r\n\t\t\tSeSecurityPrivilege\r\n\t\t\tSeTakeOwnershipPrivilege\r\n\t\t\tSeLoadDriverPrivilege\r\n\t\t\tSeSystemtimePrivilege\r\n\t\t\tSeBackupPrivilege\r\n\t\t\tSeRestorePrivilege\r\n\t\t\tSeShutdownPrivilege\r\n\t\t\tSeSystemEnvironmentPrivilege\r\n\t\t\tSeUndockPrivilege\r\n\t\t\tSeManageVolumePrivilege\r\n\r\nDisabled Privileges:\r\n\t\t\t-","EventData":"\u003cEventData xmlns=\"http://schemas.microsoft.com/win/2004/08/events/event\"\u003e\u003cData Name=\"SubjectUserSid\"\u003eS-1-5-18\u003c/Data\u003e\u003cData Name=\"SubjectUserName\"\u003eFLAREVM$\u003c/Data\u003e\u003cData Name=\"SubjectDomainName\"\u003eWORKGROUP\u003c/Data\u003e\u003cData Name=\"SubjectLogonId\"\u003e0x3e7\u003c/Data\u003e\u003cData Name=\"TargetUserSid\"\u003eS-1-5-18\u003c/Data\u003e\u003cData Name=\"TargetUserName\"\u003eFLAREVM$\u003c/Data\u003e\u003cData Name=\"TargetDomainName\"\u003eWORKGROUP\u003c/Data\u003e\u003cData Name=\"TargetLogonId\"\u003e0x3e7\u003c/Data\u003e\u003cData Name=\"ProcessName\"\u003eC:\\Windows\\System32\\svchost.exe\u003c/Data\u003e\u003cData Name=\"ProcessId\"\u003e0xb94\u003c/Data\u003e\u003cData Name=\"EnabledPrivilegeList\"\u003eSeAssignPrimaryTokenPrivilege\n\t\t\tSeIncreaseQuotaPrivilege\n\t\t\tSeSecurityPrivilege\n\t\t\tSeTakeOwnershipPrivilege\n\t\t\tSeLoadDriverPrivilege\n\t\t\tSeSystemtimePrivilege\n\t\t\tSeBackupPrivilege\n\t\t\tSeRestorePrivilege\n\t\t\tSeShutdownPrivilege\n\t\t\tSeSystemEnvironmentPrivilege\n\t\t\tSeUndockPrivilege\n\t\t\tSeManageVolumePrivilege\u003c/Data\u003e\u003cData Name=\"DisabledPrivilegeList\"\u003e-\u003c/Data\u003e\u003c/EventData\u003e","Task":13317,"SubjectUserSid":"S-1-5-18","SubjectUserName":"FLAREVM$","SubjectDomainName":"WORKGROUP","SubjectLogonId":"0x3e7","TargetUserSid":"S-1-5-18","TargetUserName":"FLAREVM$","TargetDomainName":"WORKGROUP","TargetLogonId":"0x3e7","ProcessName":"C:\\Windows\\System32\\svchost.exe","ProcessId":"0xb94","EnabledPrivilegeList":"SeAssignPrimaryTokenPrivilege\r\n\t\t\tSeIncreaseQuotaPrivilege\r\n\t\t\tSeSecurityPrivilege\r\n\t\t\tSeTakeOwnershipPrivilege\r\n\t\t\tSeLoadDriverPrivilege\r\n\t\t\tSeSystemtimePrivilege\r\n\t\t\tSeBackupPrivilege\r\n\t\t\tSeRestorePrivilege\r\n\t\t\tSeShutdownPrivilege\r\n\t\t\tSeSystemEnvironmentPrivilege\r\n\t\t\tSeUndockPrivilege\r\n\t\t\tSeManageVolumePrivilege","DisabledPrivilegeList":"-"},{"EventSourceName":"Microsoft-Windows-Security-Auditing","Provider":"Microsoft-Windows-Security-Auditing","ProviderGuid":"{54849625-5478-4994-a5ba-3e3b0328c30d}","Level":"0","Keywords":"0x8020000000000000","Channel":"Security","Computer":"FlareVM","TimeCreated":"2023-02-17T08:08:01.337Z","TimeGenerated":"2023-02-17T01:08:01.337Z","EventRecordID":"157623","EventID":4703,"Message":"A token right was adjusted.\r\n\r\nSubject:\r\n\tSecurity ID:\t\tS-1-5-18\r\n\tAccount Name:\t\tFLAREVM$\r\n\tAccount Domain:\t\tWORKGROUP\r\n\tLogon ID:\t\t0x3E7\r\n\r\nTarget Account:\r\n\tSecurity ID:\t\tS-1-5-18\r\n\tAccount Name:\t\tFLAREVM$\r\n\tAccount Domain:\t\tWORKGROUP\r\n\tLogon ID:\t\t0x3E7\r\n\r\nProcess Information:\r\n\tProcess ID:\t\t0xb94\r\n\tProcess Name:\t\tC:\\Windows\\System32\\svchost.exe\r\n\r\nEnabled Privileges:\r\n\t\t\tSeAssignPrimaryTokenPrivilege\r\n\t\t\tSeIncreaseQuotaPrivilege\r\n\t\t\tSeSecurityPrivilege\r\n\t\t\tSeTakeOwnershipPrivilege\r\n\t\t\tSeLoadDriverPrivilege\r\n\t\t\tSeSystemtimePrivilege\r\n\t\t\tSeBackupPrivilege\r\n\t\t\tSeRestorePrivilege\r\n\t\t\tSeShutdownPrivilege\r\n\t\t\tSeSystemEnvironmentPrivilege\r\n\t\t\tSeUndockPrivilege\r\n\t\t\tSeManageVolumePrivilege\r\n\r\nDisabled Privileges:\r\n\t\t\t-","EventData":"\u003cEventData xmlns=\"http://schemas.microsoft.com/win/2004/08/events/event\"\u003e\u003cData Name=\"SubjectUserSid\"\u003eS-1-5-18\u003c/Data\u003e\u003cData Name=\"SubjectUserName\"\u003eFLAREVM$\u003c/Data\u003e\u003cData Name=\"SubjectDomainName\"\u003eWORKGROUP\u003c/Data\u003e\u003cData Name=\"SubjectLogonId\"\u003e0x3e7\u003c/Data\u003e\u003cData Name=\"TargetUserSid\"\u003eS-1-5-18\u003c/Data\u003e\u003cData Name=\"TargetUserName\"\u003eFLAREVM$\u003c/Data\u003e\u003cData Name=\"TargetDomainName\"\u003eWORKGROUP\u003c/Data\u003e\u003cData Name=\"TargetLogonId\"\u003e0x3e7\u003c/Data\u003e\u003cData Name=\"ProcessName\"\u003eC:\\Windows\\System32\\svchost.exe\u003c/Data\u003e\u003cData Name=\"ProcessId\"\u003e0xb94\u003c/Data\u003e\u003cData Name=\"EnabledPrivilegeList\"\u003eSeAssignPrimaryTokenPrivilege\n\t\t\tSeIncreaseQuotaPrivilege\n\t\t\tSeSecurityPrivilege\n\t\t\tSeTakeOwnershipPrivilege\n\t\t\tSeLoadDriverPrivilege\n\t\t\tSeSystemtimePrivilege\n\t\t\tSeBackupPrivilege\n\t\t\tSeRestorePrivilege\n\t\t\tSeShutdownPrivilege\n\t\t\tSeSystemEnvironmentPrivilege\n\t\t\tSeUndockPrivilege\n\t\t\tSeManageVolumePrivilege\u003c/Data\u003e\u003cData Name=\"DisabledPrivilegeList\"\u003e-\u003c/Data\u003e\u003c/EventData\u003e","Task":13317,"SubjectUserSid":"S-1-5-18","SubjectUserName":"FLAREVM$","SubjectDomainName":"WORKGROUP","SubjectLogonId":"0x3e7","TargetUserSid":"S-1-5-18","TargetUserName":"FLAREVM$","TargetDomainName":"WORKGROUP","TargetLogonId":"0x3e7","ProcessName":"C:\\Windows\\System32\\svchost.exe","ProcessId":"0xb94","EnabledPrivilegeList":"SeAssignPrimaryTokenPrivilege\r\n\t\t\tSeIncreaseQuotaPrivilege\r\n\t\t\tSeSecurityPrivilege\r\n\t\t\tSeTakeOwnershipPrivilege\r\n\t\t\tSeLoadDriverPrivilege\r\n\t\t\tSeSystemtimePrivilege\r\n\t\t\tSeBackupPrivilege\r\n\t\t\tSeRestorePrivilege\r\n\t\t\tSeShutdownPrivilege\r\n\t\t\tSeSystemEnvironmentPrivilege\r\n\t\t\tSeUndockPrivilege\r\n\t\t\tSeManageVolumePrivilege","DisabledPrivilegeList":"-"},{"EventSourceName":"Microsoft-Windows-Security-Auditing","Provider":"Microsoft-Windows-Security-Auditing","ProviderGuid":"{54849625-5478-4994-a5ba-3e3b0328c30d}","Level":"0","Keywords":"0x8020000000000000","Channel":"Security","Computer":"FlareVM","TimeCreated":"2023-02-17T08:08:01.338Z","TimeGenerated":"2023-02-17T01:08:01.338Z","EventRecordID":"157624","EventID":4703,"Message":"A token right was adjusted.\r\n\r\nSubject:\r\n\tSecurity ID:\t\tS-1-5-18\r\n\tAccount Name:\t\tFLAREVM$\r\n\tAccount Domain:\t\tWORKGROUP\r\n\tLogon ID:\t\t0x3E7\r\n\r\nTarget Account:\r\n\tSecurity ID:\t\tS-1-5-18\r\n\tAccount Name:\t\tFLAREVM$\r\n\tAccount Domain:\t\tWORKGROUP\r\n\tLogon ID:\t\t0x3E7\r\n\r\nProcess Information:\r\n\tProcess ID:\t\t0xb94\r\n\tProcess Name:\t\tC:\\Windows\\System32\\svchost.exe\r\n\r\nEnabled Privileges:\r\n\t\t\tSeAssignPrimaryTokenPrivilege\r\n\t\t\tSeIncreaseQuotaPrivilege\r\n\t\t\tSeSecurityPrivilege\r\n\t\t\tSeTakeOwnershipPrivilege\r\n\t\t\tSeLoadDriverPrivilege\r\n\t\t\tSeSystemtimePrivilege\r\n\t\t\tSeBackupPrivilege\r\n\t\t\tSeRestorePrivilege\r\n\t\t\tSeShutdownPrivilege\r\n\t\t\tSeSystemEnvironmentPrivilege\r\n\t\t\tSeUndockPrivilege\r\n\t\t\tSeManageVolumePrivilege\r\n\r\nDisabled Privileges:\r\n\t\t\t-","EventData":"\u003cEventData xmlns=\"http://schemas.microsoft.com/win/2004/08/events/event\"\u003e\u003cData Name=\"SubjectUserSid\"\u003eS-1-5-18\u003c/Data\u003e\u003cData Name=\"SubjectUserName\"\u003eFLAREVM$\u003c/Data\u003e\u003cData Name=\"SubjectDomainName\"\u003eWORKGROUP\u003c/Data\u003e\u003cData Name=\"SubjectLogonId\"\u003e0x3e7\u003c/Data\u003e\u003cData Name=\"TargetUserSid\"\u003eS-1-5-18\u003c/Data\u003e\u003cData Name=\"TargetUserName\"\u003eFLAREVM$\u003c/Data\u003e\u003cData Name=\"TargetDomainName\"\u003eWORKGROUP\u003c/Data\u003e\u003cData Name=\"TargetLogonId\"\u003e0x3e7\u003c/Data\u003e\u003cData Name=\"ProcessName\"\u003eC:\\Windows\\System32\\svchost.exe\u003c/Data\u003e\u003cData Name=\"ProcessId\"\u003e0xb94\u003c/Data\u003e\u003cData Name=\"EnabledPrivilegeList\"\u003eSeAssignPrimaryTokenPrivilege\n\t\t\tSeIncreaseQuotaPrivilege\n\t\t\tSeSecurityPrivilege\n\t\t\tSeTakeOwnershipPrivilege\n\t\t\tSeLoadDriverPrivilege\n\t\t\tSeSystemtimePrivilege\n\t\t\tSeBackupPrivilege\n\t\t\tSeRestorePrivilege\n\t\t\tSeShutdownPrivilege\n\t\t\tSeSystemEnvironmentPrivilege\n\t\t\tSeUndockPrivilege\n\t\t\tSeManageVolumePrivilege\u003c/Data\u003e\u003cData Name=\"DisabledPrivilegeList\"\u003e-\u003c/Data\u003e\u003c/EventData\u003e","Task":13317,"SubjectUserSid":"S-1-5-18","SubjectUserName":"FLAREVM$","SubjectDomainName":"WORKGROUP","SubjectLogonId":"0x3e7","TargetUserSid":"S-1-5-18","TargetUserName":"FLAREVM$","TargetDomainName":"WORKGROUP","TargetLogonId":"0x3e7","ProcessName":"C:\\Windows\\System32\\svchost.exe","ProcessId":"0xb94","EnabledPrivilegeList":"SeAssignPrimaryTokenPrivilege\r\n\t\t\tSeIncreaseQuotaPrivilege\r\n\t\t\tSeSecurityPrivilege\r\n\t\t\tSeTakeOwnershipPrivilege\r\n\t\t\tSeLoadDriverPrivilege\r\n\t\t\tSeSystemtimePrivilege\r\n\t\t\tSeBackupPrivilege\r\n\t\t\tSeRestorePrivilege\r\n\t\t\tSeShutdownPrivilege\r\n\t\t\tSeSystemEnvironmentPrivilege\r\n\t\t\tSeUndockPrivilege\r\n\t\t\tSeManageVolumePrivilege","DisabledPrivilegeList":"-"},{"EventSourceName":"Microsoft-Windows-Security-Auditing","Provider":"Microsoft-Windows-Security-Auditing","ProviderGuid":"{54849625-5478-4994-a5ba-3e3b0328c30d}","Level":"0","Keywords":"0x8020000000000000","Channel":"Security","Computer":"FlareVM","TimeCreated":"2023-02-17T08:08:01.338Z","TimeGenerated":"2023-02-17T01:08:01.338Z","EventRecordID":"157625","EventID":4703,"Message":"A token right was adjusted.\r\n\r\nSubject:\r\n\tSecurity ID:\t\tS-1-5-18\r\n\tAccount Name:\t\tFLAREVM$\r\n\tAccount Domain:\t\tWORKGROUP\r\n\tLogon ID:\t\t0x3E7\r\n\r\nTarget Account:\r\n\tSecurity ID:\t\tS-1-5-18\r\n\tAccount Name:\t\tFLAREVM$\r\n\tAccount Domain:\t\tWORKGROUP\r\n\tLogon ID:\t\t0x3E7\r\n\r\nProcess Information:\r\n\tProcess ID:\t\t0xb94\r\n\tProcess Name:\t\tC:\\Windows\\System32\\svchost.exe\r\n\r\nEnabled Privileges:\r\n\t\t\tSeAssignPrimaryTokenPrivilege\r\n\t\t\tSeIncreaseQuotaPrivilege\r\n\t\t\tSeSecurityPrivilege\r\n\t\t\tSeTakeOwnershipPrivilege\r\n\t\t\tSeLoadDriverPrivilege\r\n\t\t\tSeSystemtimePrivilege\r\n\t\t\tSeBackupPrivilege\r\n\t\t\tSeRestorePrivilege\r\n\t\t\tSeShutdownPrivilege\r\n\t\t\tSeSystemEnvironmentPrivilege\r\n\t\t\tSeUndockPrivilege\r\n\t\t\tSeManageVolumePrivilege\r\n\r\nDisabled Privileges:\r\n\t\t\t-","EventData":"\u003cEventData xmlns=\"http://schemas.microsoft.com/win/2004/08/events/event\"\u003e\u003cData Name=\"SubjectUserSid\"\u003eS-1-5-18\u003c/Data\u003e\u003cData Name=\"SubjectUserName\"\u003eFLAREVM$\u003c/Data\u003e\u003cData Name=\"SubjectDomainName\"\u003eWORKGROUP\u003c/Data\u003e\u003cData Name=\"SubjectLogonId\"\u003e0x3e7\u003c/Data\u003e\u003cData Name=\"TargetUserSid\"\u003eS-1-5-18\u003c/Data\u003e\u003cData Name=\"TargetUserName\"\u003eFLAREVM$\u003c/Data\u003e\u003cData Name=\"TargetDomainName\"\u003eWORKGROUP\u003c/Data\u003e\u003cData Name=\"TargetLogonId\"\u003e0x3e7\u003c/Data\u003e\u003cData Name=\"ProcessName\"\u003eC:\\Windows\\System32\\svchost.exe\u003c/Data\u003e\u003cData Name=\"ProcessId\"\u003e0xb94\u003c/Data\u003e\u003cData Name=\"EnabledPrivilegeList\"\u003eSeAssignPrimaryTokenPrivilege\n\t\t\tSeIncreaseQuotaPrivilege\n\t\t\tSeSecurityPrivilege\n\t\t\tSeTakeOwnershipPrivilege\n\t\t\tSeLoadDriverPrivilege\n\t\t\tSeSystemtimePrivilege\n\t\t\tSeBackupPrivilege\n\t\t\tSeRestorePrivilege\n\t\t\tSeShutdownPrivilege\n\t\t\tSeSystemEnvironmentPrivilege\n\t\t\tSeUndockPrivilege\n\t\t\tSeManageVolumePrivilege\u003c/Data\u003e\u003cData Name=\"DisabledPrivilegeList\"\u003e-\u003c/Data\u003e\u003c/EventData\u003e","Task":13317,"SubjectUserSid":"S-1-5-18","SubjectUserName":"FLAREVM$","SubjectDomainName":"WORKGROUP","SubjectLogonId":"0x3e7","TargetUserSid":"S-1-5-18","TargetUserName":"FLAREVM$","TargetDomainName":"WORKGROUP","TargetLogonId":"0x3e7","ProcessName":"C:\\Windows\\System32\\svchost.exe","ProcessId":"0xb94","EnabledPrivilegeList":"SeAssignPrimaryTokenPrivilege\r\n\t\t\tSeIncreaseQuotaPrivilege\r\n\t\t\tSeSecurityPrivilege\r\n\t\t\tSeTakeOwnershipPrivilege\r\n\t\t\tSeLoadDriverPrivilege\r\n\t\t\tSeSystemtimePrivilege\r\n\t\t\tSeBackupPrivilege\r\n\t\t\tSeRestorePrivilege\r\n\t\t\tSeShutdownPrivilege\r\n\t\t\tSeSystemEnvironmentPrivilege\r\n\t\t\tSeUndockPrivilege\r\n\t\t\tSeManageVolumePrivilege","DisabledPrivilegeList":"-"},{"EventSourceName":"Microsoft-Windows-Security-Auditing","Provider":"Microsoft-Windows-Security-Auditing","ProviderGuid":"{54849625-5478-4994-a5ba-3e3b0328c30d}","Level":"0","Keywords":"0x8020000000000000","Channel":"Security","Computer":"FlareVM","TimeCreated":"2023-02-17T08:08:03.857Z","TimeGenerated":"2023-02-17T01:08:03.857Z","EventRecordID":"157626","EventID":5158,"Message":"The Windows Filtering Platform has permitted a bind to a local port.\r\n\r\nApplication Information:\r\n\tProcess ID:\t\t9756\r\n\tApplication Name:\t\\device\\harddiskvolume3\\program files\\winlogbeat\\winlogbeat.exe\r\n\r\nNetwork Information:\r\n\tSource Address:\t\t0.0.0.0\r\n\tSource Port:\t\t50117\r\n\tProtocol:\t\t6\r\n\r\nFilter Information:\r\n\tFilter Run-Time ID:\t0\r\n\tLayer Name:\t\tResource Assignment\r\n\tLayer Run-Time ID:\t36","EventData":"\u003cEventData xmlns=\"http://schemas.microsoft.com/win/2004/08/events/event\"\u003e\u003cData Name=\"ProcessId\"\u003e9756\u003c/Data\u003e\u003cData Name=\"Application\"\u003e\\device\\harddiskvolume3\\program files\\winlogbeat\\winlogbeat.exe\u003c/Data\u003e\u003cData Name=\"SourceAddress\"\u003e0.0.0.0\u003c/Data\u003e\u003cData Name=\"SourcePort\"\u003e50117\u003c/Data\u003e\u003cData Name=\"Protocol\"\u003e6\u003c/Data\u003e\u003cData Name=\"FilterRTID\"\u003e0\u003c/Data\u003e\u003cData Name=\"LayerName\"\u003e%%14608\u003c/Data\u003e\u003cData Name=\"LayerRTID\"\u003e36\u003c/Data\u003e\u003c/EventData\u003e","Task":12810,"ProcessId":"0x261c","Application":"\\device\\harddiskvolume3\\program files\\winlogbeat\\winlogbeat.exe","SourceAddress":"0.0.0.0","SourcePort":"50117","Protocol":6,"FilterRTID":"0x0","LayerName":"%%14608","LayerRTID":"0x24"},{"EventSourceName":"Microsoft-Windows-Security-Auditing","Provider":"Microsoft-Windows-Security-Auditing","ProviderGuid":"{54849625-5478-4994-a5ba-3e3b0328c30d}","Level":"0","Keywords":"0x8020000000000000","Channel":"Security","Computer":"FlareVM","TimeCreated":"2023-02-17T08:08:03.857Z","TimeGenerated":"2023-02-17T01:08:03.857Z","EventRecordID":"157627","EventID":5156,"Message":"The Windows Filtering Platform has permitted a connection.\r\n\r\nApplication Information:\r\n\tProcess ID:\t\t9756\r\n\tApplication Name:\t\\device\\harddiskvolume3\\program files\\winlogbeat\\winlogbeat.exe\r\n\r\nNetwork Information:\r\n\tDirection:\t\tOutbound\r\n\tSource Address:\t\t192.168.1.25\r\n\tSource Port:\t\t50117\r\n\tDestination Address:\t192.168.1.40\r\n\tDestination Port:\t\t9092\r\n\tProtocol:\t\t6\r\n\r\nFilter Information:\r\n\tFilter Run-Time ID:\t66907\r\n\tLayer Name:\t\tConnect\r\n\tLayer Run-Time ID:\t48","EventData":"\u003cEventData xmlns=\"http://schemas.microsoft.com/win/2004/08/events/event\"\u003e\u003cData Name=\"ProcessID\"\u003e9756\u003c/Data\u003e\u003cData Name=\"Application\"\u003e\\device\\harddiskvolume3\\program files\\winlogbeat\\winlogbeat.exe\u003c/Data\u003e\u003cData Name=\"Direction\"\u003e%%14593\u003c/Data\u003e\u003cData Name=\"SourceAddress\"\u003e192.168.1.25\u003c/Data\u003e\u003cData Name=\"SourcePort\"\u003e50117\u003c/Data\u003e\u003cData Name=\"DestAddress\"\u003e192.168.1.40\u003c/Data\u003e\u003cData Name=\"DestPort\"\u003e9092\u003c/Data\u003e\u003cData Name=\"Protocol\"\u003e6\u003c/Data\u003e\u003cData Name=\"FilterRTID\"\u003e66907\u003c/Data\u003e\u003cData Name=\"LayerName\"\u003e%%14611\u003c/Data\u003e\u003cData Name=\"LayerRTID\"\u003e48\u003c/Data\u003e\u003cData Name=\"RemoteUserID\"\u003eS-1-0-0\u003c/Data\u003e\u003cData Name=\"RemoteMachineID\"\u003eS-1-0-0\u003c/Data\u003e\u003c/EventData\u003e","Task":12810,"ProcessID":"0x261c","Application":"\\device\\harddiskvolume3\\program files\\winlogbeat\\winlogbeat.exe","Direction":"%%14593","SourceAddress":"192.168.1.25","SourcePort":"50117","DestAddress":"192.168.1.40","DestPort":"9092","Protocol":6,"FilterRTID":"0x1055b","LayerName":"%%14611","LayerRTID":"0x30","RemoteUserID":"S-1-0-0","RemoteMachineID":"S-1-0-0"},{"EventSourceName":"Microsoft-Windows-Security-Auditing","Provider":"Microsoft-Windows-Security-Auditing","ProviderGuid":"{54849625-5478-4994-a5ba-3e3b0328c30d}","Level":"0","Keywords":"0x8010000000000000","Channel":"Security","Computer":"FlareVM","TimeCreated":"2023-02-17T08:08:10.382Z","TimeGenerated":"2023-02-17T01:08:10.382Z","EventRecordID":"157628","EventID":5152,"Message":"The Windows Filtering Platform has blocked a packet.\r\n\r\nApplication Information:\r\n\tProcess ID:\t\t4\r\n\tApplication Name:\tSystem\r\n\r\nNetwork Information:\r\n\tDirection:\t\tInbound\r\n\tSource Address:\t\t192.168.1.2\r\n\tSource Port:\t\t137\r\n\tDestination Address:\t192.168.1.255\r\n\tDestination Port:\t\t137\r\n\tProtocol:\t\t17\r\n\r\nFilter Information:\r\n\tFilter Run-Time ID:\t66893\r\n\tLayer Name:\t\tReceive/Accept\r\n\tLayer Run-Time ID:\t44","EventData":"\u003cEventData xmlns=\"http://schemas.microsoft.com/win/2004/08/events/event\"\u003e\u003cData Name=\"ProcessId\"\u003e4\u003c/Data\u003e\u003cData Name=\"Application\"\u003eSystem\u003c/Data\u003e\u003cData Name=\"Direction\"\u003e%%14592\u003c/Data\u003e\u003cData Name=\"SourceAddress\"\u003e192.168.1.2\u003c/Data\u003e\u003cData Name=\"SourcePort\"\u003e137\u003c/Data\u003e\u003cData Name=\"DestAddress\"\u003e192.168.1.255\u003c/Data\u003e\u003cData Name=\"DestPort\"\u003e137\u003c/Data\u003e\u003cData Name=\"Protocol\"\u003e17\u003c/Data\u003e\u003cData Name=\"FilterRTID\"\u003e66893\u003c/Data\u003e\u003cData Name=\"LayerName\"\u003e%%14610\u003c/Data\u003e\u003cData Name=\"LayerRTID\"\u003e44\u003c/Data\u003e\u003c/EventData\u003e","Task":12809,"ProcessId":"0x4","Application":"System","Direction":"%%14592","SourceAddress":"192.168.1.2","SourcePort":"137","DestAddress":"192.168.1.255","DestPort":"137","Protocol":17,"FilterRTID":"0x1054d","LayerName":"%%14610","LayerRTID":"0x2c"},{"EventSourceName":"Microsoft-Windows-Security-Auditing","Provider":"Microsoft-Windows-Security-Auditing","ProviderGuid":"{54849625-5478-4994-a5ba-3e3b0328c30d}","Level":"0","Keywords":"0x8010000000000000","Channel":"Security","Computer":"FlareVM","TimeCreated":"2023-02-17T08:08:10.382Z","TimeGenerated":"2023-02-17T01:08:10.382Z","EventRecordID":"157629","EventID":5157,"Message":"The Windows Filtering Platform has blocked a connection.\r\n\r\nApplication Information:\r\n\tProcess ID:\t\t4\r\n\tApplication Name:\tSystem\r\n\r\nNetwork Information:\r\n\tDirection:\t\tInbound\r\n\tSource Address:\t\t192.168.1.2\r\n\tSource Port:\t\t137\r\n\tDestination Address:\t192.168.1.255\r\n\tDestination Port:\t\t137\r\n\tProtocol:\t\t17\r\n\r\nFilter Information:\r\n\tFilter Run-Time ID:\t66893\r\n\tLayer Name:\t\tReceive/Accept\r\n\tLayer Run-Time ID:\t44","EventData":"\u003cEventData xmlns=\"http://schemas.microsoft.com/win/2004/08/events/event\"\u003e\u003cData Name=\"ProcessID\"\u003e4\u003c/Data\u003e\u003cData Name=\"Application\"\u003eSystem\u003c/Data\u003e\u003cData Name=\"Direction\"\u003e%%14592\u003c/Data\u003e\u003cData Name=\"SourceAddress\"\u003e192.168.1.2\u003c/Data\u003e\u003cData Name=\"SourcePort\"\u003e137\u003c/Data\u003e\u003cData Name=\"DestAddress\"\u003e192.168.1.255\u003c/Data\u003e\u003cData Name=\"DestPort\"\u003e137\u003c/Data\u003e\u003cData Name=\"Protocol\"\u003e17\u003c/Data\u003e\u003cData Name=\"FilterRTID\"\u003e66893\u003c/Data\u003e\u003cData Name=\"LayerName\"\u003e%%14610\u003c/Data\u003e\u003cData Name=\"LayerRTID\"\u003e44\u003c/Data\u003e\u003cData Name=\"RemoteUserID\"\u003eS-1-0-0\u003c/Data\u003e\u003cData Name=\"RemoteMachineID\"\u003eS-1-0-0\u003c/Data\u003e\u003c/EventData\u003e","Task":12810,"ProcessID":"0x4","Application":"System","Direction":"%%14592","SourceAddress":"192.168.1.2","SourcePort":"137","DestAddress":"192.168.1.255","DestPort":"137","Protocol":17,"FilterRTID":"0x1054d","LayerName":"%%14610","LayerRTID":"0x2c","RemoteUserID":"S-1-0-0","RemoteMachineID":"S-1-0-0"},