[{"EventSourceName":"Microsoft-Windows-Sysmon","Provider":"Microsoft-Windows-Sysmon","ProviderGuid":"{5770385f-c22a-43e0-bf4c-06f5698ffbd9}","Level":"4","Keywords":"0x8000000000000000","Channel":"Microsoft-Windows-Sysmon/Operational","Computer":"FlareVM","TimeCreated":"2023-02-17T08:08:34.337Z","TimeGenerated":"2023-02-17T01:08:34.337Z","EventRecordID":"26487","EventID":1,"Message":"Process Create:\r\nRuleName: technique_id=T1059.001,technique_name=PowerShell\r\nUtcTime: 2023-02-17 13:08:34.336\r\nProcessGuid: {159466bb-7c52-63ef-6901-000000000c00}\r\nProcessId: 7840\r\nImage: C:\\Users\\malware\\Downloads\\PrintSpoofer64.exe\r\nFileVersion: -\r\nDescription: -\r\nProduct: -\r\nCompany: -\r\nOriginalFileName: -\r\nCommandLine: \"C:\\Users\\malware\\Downloads\\PrintSpoofer64.exe\" -h\r\nCurrentDirectory: C:\\Users\\malware\\Downloads\\\r\nUser: FLAREVM\\malware\r\nLogonGuid: {159466bb-3ce4-63c4-e204-020000000000}\r\nLogonId: 0x204E2\r\nTerminalSessionId: 1\r\nIntegrityLevel: High\r\nHashes: SHA1=188098B9CAF3BC4D1B68DCAD50D2E1CBD2E9D519,MD5=108DA75DE148145B8F056EC0827F1665,SHA256=8524FBC0D73E711E69D60C64F1F1B7BEF35C986705880643DD4D5E17779E586D,IMPHASH=545A81240793F9CA97306FA5B3AD76DF\r\nParentProcessGuid: {159466bb-7c0f-63ef-6701-000000000c00}\r\nParentProcessId: 5768\r\nParentImage: C:\\Windows\\System32\\WindowsPowerShell\\v1.0\\powershell.exe\r\nParentCommandLine: \"C:\\Windows\\System32\\WindowsPowerShell\\v1.0\\powershell.exe\" \r\nParentUser: FLAREVM\\malware","EventData":"\u003cEventData xmlns=\"http://schemas.microsoft.com/win/2004/08/events/event\"\u003e\u003cData Name=\"RuleName\"\u003etechnique_id=T1059.001,technique_name=PowerShell\u003c/Data\u003e\u003cData Name=\"UtcTime\"\u003e2023-02-17 13:08:34.336\u003c/Data\u003e\u003cData Name=\"ProcessGuid\"\u003e{159466bb-7c52-63ef-6901-000000000c00}\u003c/Data\u003e\u003cData Name=\"ProcessId\"\u003e7840\u003c/Data\u003e\u003cData Name=\"Image\"\u003eC:\\Users\\malware\\Downloads\\PrintSpoofer64.exe\u003c/Data\u003e\u003cData Name=\"FileVersion\"\u003e-\u003c/Data\u003e\u003cData Name=\"Description\"\u003e-\u003c/Data\u003e\u003cData Name=\"Product\"\u003e-\u003c/Data\u003e\u003cData Name=\"Company\"\u003e-\u003c/Data\u003e\u003cData Name=\"OriginalFileName\"\u003e-\u003c/Data\u003e\u003cData Name=\"CommandLine\"\u003e\"C:\\Users\\malware\\Downloads\\PrintSpoofer64.exe\" -h\u003c/Data\u003e\u003cData Name=\"CurrentDirectory\"\u003eC:\\Users\\malware\\Downloads\\\u003c/Data\u003e\u003cData Name=\"User\"\u003eFLAREVM\\malware\u003c/Data\u003e\u003cData Name=\"LogonGuid\"\u003e{159466bb-3ce4-63c4-e204-020000000000}\u003c/Data\u003e\u003cData Name=\"LogonId\"\u003e0x204e2\u003c/Data\u003e\u003cData Name=\"TerminalSessionId\"\u003e1\u003c/Data\u003e\u003cData Name=\"IntegrityLevel\"\u003eHigh\u003c/Data\u003e\u003cData Name=\"Hashes\"\u003eSHA1=188098B9CAF3BC4D1B68DCAD50D2E1CBD2E9D519,MD5=108DA75DE148145B8F056EC0827F1665,SHA256=8524FBC0D73E711E69D60C64F1F1B7BEF35C986705880643DD4D5E17779E586D,IMPHASH=545A81240793F9CA97306FA5B3AD76DF\u003c/Data\u003e\u003cData Name=\"ParentProcessGuid\"\u003e{159466bb-7c0f-63ef-6701-000000000c00}\u003c/Data\u003e\u003cData Name=\"ParentProcessId\"\u003e5768\u003c/Data\u003e\u003cData Name=\"ParentImage\"\u003eC:\\Windows\\System32\\WindowsPowerShell\\v1.0\\powershell.exe\u003c/Data\u003e\u003cData Name=\"ParentCommandLine\"\u003e\"C:\\Windows\\System32\\WindowsPowerShell\\v1.0\\powershell.exe\" \u003c/Data\u003e\u003cData Name=\"ParentUser\"\u003eFLAREVM\\malware\u003c/Data\u003e\u003c/EventData\u003e","Task":1,"RuleName":"technique_id=T1059.001,technique_name=PowerShell","UtcTime":"2023-02-17 13:08:34.336","ProcessGuid":"159466bb-7c52-63ef-6901-000000000c00","ProcessId":7840,"Image":"C:\\Users\\malware\\Downloads\\PrintSpoofer64.exe","FileVersion":"-","Description":"-","Product":"-","Company":"-","OriginalFileName":"-","CommandLine":"\"C:\\Users\\malware\\Downloads\\PrintSpoofer64.exe\" -h","CurrentDirectory":"C:\\Users\\malware\\Downloads\\","User":"FLAREVM\\malware","LogonGuid":"159466bb-3ce4-63c4-e204-020000000000","LogonId":"0x204e2","TerminalSessionId":1,"IntegrityLevel":"High","Hashes":"SHA1=188098B9CAF3BC4D1B68DCAD50D2E1CBD2E9D519,MD5=108DA75DE148145B8F056EC0827F1665,SHA256=8524FBC0D73E711E69D60C64F1F1B7BEF35C986705880643DD4D5E17779E586D,IMPHASH=545A81240793F9CA97306FA5B3AD76DF","ParentProcessGuid":"159466bb-7c0f-63ef-6701-000000000c00","ParentProcessId":5768,"ParentImage":"C:\\Windows\\System32\\WindowsPowerShell\\v1.0\\powershell.exe","ParentCommandLine":"\"C:\\Windows\\System32\\WindowsPowerShell\\v1.0\\powershell.exe\" ","ParentUser":"FLAREVM\\malware"},{"EventSourceName":"Microsoft-Windows-Sysmon","Provider":"Microsoft-Windows-Sysmon","ProviderGuid":"{5770385f-c22a-43e0-bf4c-06f5698ffbd9}","Level":"4","Keywords":"0x8000000000000000","Channel":"Microsoft-Windows-Sysmon/Operational","Computer":"FlareVM","TimeCreated":"2023-02-17T08:08:34.337Z","TimeGenerated":"2023-02-17T01:08:34.337Z","EventRecordID":"26488","EventID":10,"Message":"Process accessed:\r\nRuleName: technique_id=T1055.001,technique_name=Dynamic-link Library Injection\r\nUtcTime: 2023-02-17 13:08:34.333\r\nSourceProcessGUID: {159466bb-7c0f-63ef-6701-000000000c00}\r\nSourceProcessId: 5768\r\nSourceThreadId: 5280\r\nSourceImage: C:\\Windows\\System32\\WindowsPowerShell\\v1.0\\powershell.exe\r\nTargetProcessGUID: {159466bb-7c52-63ef-6901-000000000c00}\r\nTargetProcessId: 7840\r\nTargetImage: C:\\Users\\malware\\Downloads\\PrintSpoofer64.exe\r\nGrantedAccess: 0x1FFFFF\r\nCallTrace: C:\\Windows\\SYSTEM32\\ntdll.dll+9e9b4|C:\\Windows\\System32\\KERNELBASE.dll+9053|C:\\Windows\\System32\\KERNELBASE.dll+73c6|C:\\Windows\\System32\\KERNEL32.DLL+1d374|C:\\Windows\\assembly\\NativeImages_v4.0.30319_64\\System\\b187b7f31cee3e87b56c8edca55324e0\\System.ni.dll+383fe6|C:\\Windows\\assembly\\NativeImages_v4.0.30319_64\\System\\b187b7f31cee3e87b56c8edca55324e0\\System.ni.dll+2c4809|C:\\Windows\\assembly\\NativeImages_v4.0.30319_64\\System\\b187b7f31cee3e87b56c8edca55324e0\\System.ni.dll+2c4179|C:\\Windows\\assembly\\NativeImages_v4.0.30319_64\\System.Manaa57fc8cc#\\e32f2c23c49a7ddedcbbc2a1eea65314\\System.Management.Automation.ni.dll+111e3c9|C:\\Windows\\assembly\\NativeImages_v4.0.30319_64\\System.Manaa57fc8cc#\\e32f2c23c49a7ddedcbbc2a1eea65314\\System.Management.Automation.ni.dll+107558a|C:\\Windows\\assembly\\NativeImages_v4.0.30319_64\\System.Manaa57fc8cc#\\e32f2c23c49a7ddedcbbc2a1eea65314\\System.Management.Automation.ni.dll+10ffc7d|C:\\Windows\\assembly\\NativeImages_v4.0.30319_64\\System.Manaa57fc8cc#\\e32f2c23c49a7ddedcbbc2a1eea65314\\System.Management.Automation.ni.dll+10ff93b|C:\\Windows\\assembly\\NativeImages_v4.0.30319_64\\System.Manaa57fc8cc#\\e32f2c23c49a7ddedcbbc2a1eea65314\\System.Management.Automation.ni.dll+1202e0f|UNKNOWN(00007FFE934F5251)\r\nSourceUser: FLAREVM\\malware\r\nTargetUser: FLAREVM\\malware","EventData":"\u003cEventData xmlns=\"http://schemas.microsoft.com/win/2004/08/events/event\"\u003e\u003cData Name=\"RuleName\"\u003etechnique_id=T1055.001,technique_name=Dynamic-link Library Injection\u003c/Data\u003e\u003cData Name=\"UtcTime\"\u003e2023-02-17 13:08:34.333\u003c/Data\u003e\u003cData Name=\"SourceProcessGUID\"\u003e{159466bb-7c0f-63ef-6701-000000000c00}\u003c/Data\u003e\u003cData Name=\"SourceProcessId\"\u003e5768\u003c/Data\u003e\u003cData Name=\"SourceThreadId\"\u003e5280\u003c/Data\u003e\u003cData Name=\"SourceImage\"\u003eC:\\Windows\\System32\\WindowsPowerShell\\v1.0\\powershell.exe\u003c/Data\u003e\u003cData Name=\"TargetProcessGUID\"\u003e{159466bb-7c52-63ef-6901-000000000c00}\u003c/Data\u003e\u003cData Name=\"TargetProcessId\"\u003e7840\u003c/Data\u003e\u003cData Name=\"TargetImage\"\u003eC:\\Users\\malware\\Downloads\\PrintSpoofer64.exe\u003c/Data\u003e\u003cData Name=\"GrantedAccess\"\u003e0x1fffff\u003c/Data\u003e\u003cData Name=\"CallTrace\"\u003eC:\\Windows\\SYSTEM32\\ntdll.dll+9e9b4|C:\\Windows\\System32\\KERNELBASE.dll+9053|C:\\Windows\\System32\\KERNELBASE.dll+73c6|C:\\Windows\\System32\\KERNEL32.DLL+1d374|C:\\Windows\\assembly\\NativeImages_v4.0.30319_64\\System\\b187b7f31cee3e87b56c8edca55324e0\\System.ni.dll+383fe6|C:\\Windows\\assembly\\NativeImages_v4.0.30319_64\\System\\b187b7f31cee3e87b56c8edca55324e0\\System.ni.dll+2c4809|C:\\Windows\\assembly\\NativeImages_v4.0.30319_64\\System\\b187b7f31cee3e87b56c8edca55324e0\\System.ni.dll+2c4179|C:\\Windows\\assembly\\NativeImages_v4.0.30319_64\\System.Manaa57fc8cc#\\e32f2c23c49a7ddedcbbc2a1eea65314\\System.Management.Automation.ni.dll+111e3c9|C:\\Windows\\assembly\\NativeImages_v4.0.30319_64\\System.Manaa57fc8cc#\\e32f2c23c49a7ddedcbbc2a1eea65314\\System.Management.Automation.ni.dll+107558a|C:\\Windows\\assembly\\NativeImages_v4.0.30319_64\\System.Manaa57fc8cc#\\e32f2c23c49a7ddedcbbc2a1eea65314\\System.Management.Automation.ni.dll+10ffc7d|C:\\Windows\\assembly\\NativeImages_v4.0.30319_64\\System.Manaa57fc8cc#\\e32f2c23c49a7ddedcbbc2a1eea65314\\System.Management.Automation.ni.dll+10ff93b|C:\\Windows\\assembly\\NativeImages_v4.0.30319_64\\System.Manaa57fc8cc#\\e32f2c23c49a7ddedcbbc2a1eea65314\\System.Management.Automation.ni.dll+1202e0f|UNKNOWN(00007FFE934F5251)\u003c/Data\u003e\u003cData Name=\"SourceUser\"\u003eFLAREVM\\malware\u003c/Data\u003e\u003cData Name=\"TargetUser\"\u003eFLAREVM\\malware\u003c/Data\u003e\u003c/EventData\u003e","Task":10,"RuleName":"technique_id=T1055.001,technique_name=Dynamic-link Library Injection","UtcTime":"2023-02-17 13:08:34.333","SourceProcessGUID":"159466bb-7c0f-63ef-6701-000000000c00","SourceProcessId":5768,"SourceThreadId":5280,"SourceImage":"C:\\Windows\\System32\\WindowsPowerShell\\v1.0\\powershell.exe","TargetProcessGUID":"159466bb-7c52-63ef-6901-000000000c00","TargetProcessId":7840,"TargetImage":"C:\\Users\\malware\\Downloads\\PrintSpoofer64.exe","GrantedAccess":2097151,"CallTrace":"C:\\Windows\\SYSTEM32\\ntdll.dll+9e9b4|C:\\Windows\\System32\\KERNELBASE.dll+9053|C:\\Windows\\System32\\KERNELBASE.dll+73c6|C:\\Windows\\System32\\KERNEL32.DLL+1d374|C:\\Windows\\assembly\\NativeImages_v4.0.30319_64\\System\\b187b7f31cee3e87b56c8edca55324e0\\System.ni.dll+383fe6|C:\\Windows\\assembly\\NativeImages_v4.0.30319_64\\System\\b187b7f31cee3e87b56c8edca55324e0\\System.ni.dll+2c4809|C:\\Windows\\assembly\\NativeImages_v4.0.30319_64\\System\\b187b7f31cee3e87b56c8edca55324e0\\System.ni.dll+2c4179|C:\\Windows\\assembly\\NativeImages_v4.0.30319_64\\System.Manaa57fc8cc#\\e32f2c23c49a7ddedcbbc2a1eea65314\\System.Management.Automation.ni.dll+111e3c9|C:\\Windows\\assembly\\NativeImages_v4.0.30319_64\\System.Manaa57fc8cc#\\e32f2c23c49a7ddedcbbc2a1eea65314\\System.Management.Automation.ni.dll+107558a|C:\\Windows\\assembly\\NativeImages_v4.0.30319_64\\System.Manaa57fc8cc#\\e32f2c23c49a7ddedcbbc2a1eea65314\\System.Management.Automation.ni.dll+10ffc7d|C:\\Windows\\assembly\\NativeImages_v4.0.30319_64\\System.Manaa57fc8cc#\\e32f2c23c49a7ddedcbbc2a1eea65314\\System.Management.Automation.ni.dll+10ff93b|C:\\Windows\\assembly\\NativeImages_v4.0.30319_64\\System.Manaa57fc8cc#\\e32f2c23c49a7ddedcbbc2a1eea65314\\System.Management.Automation.ni.dll+1202e0f|UNKNOWN(00007FFE934F5251)","SourceUser":"FLAREVM\\malware","TargetUser":"FLAREVM\\malware"},{"EventSourceName":"Microsoft-Windows-Sysmon","Provider":"Microsoft-Windows-Sysmon","ProviderGuid":"{5770385f-c22a-43e0-bf4c-06f5698ffbd9}","Level":"4","Keywords":"0x8000000000000000","Channel":"Microsoft-Windows-Sysmon/Operational","Computer":"FlareVM","TimeCreated":"2023-02-17T08:08:34.341Z","TimeGenerated":"2023-02-17T01:08:34.341Z","EventRecordID":"26489","EventID":7,"Message":"Image loaded:\r\nRuleName: technique_id=T1574.002,technique_name=DLL Side-Loading\r\nUtcTime: 2023-02-17 13:08:34.333\r\nProcessGuid: {159466bb-7c52-63ef-6901-000000000c00}\r\nProcessId: 7840\r\nImage: C:\\Users\\malware\\Downloads\\PrintSpoofer64.exe\r\nImageLoaded: C:\\Users\\malware\\Downloads\\PrintSpoofer64.exe\r\nFileVersion: -\r\nDescription: -\r\nProduct: -\r\nCompany: -\r\nOriginalFileName: -\r\nHashes: SHA1=188098B9CAF3BC4D1B68DCAD50D2E1CBD2E9D519,MD5=108DA75DE148145B8F056EC0827F1665,SHA256=8524FBC0D73E711E69D60C64F1F1B7BEF35C986705880643DD4D5E17779E586D,IMPHASH=545A81240793F9CA97306FA5B3AD76DF\r\nSigned: false\r\nSignature: -\r\nSignatureStatus: Unavailable\r\nUser: FLAREVM\\malware","EventData":"\u003cEventData xmlns=\"http://schemas.microsoft.com/win/2004/08/events/event\"\u003e\u003cData Name=\"RuleName\"\u003etechnique_id=T1574.002,technique_name=DLL Side-Loading\u003c/Data\u003e\u003cData Name=\"UtcTime\"\u003e2023-02-17 13:08:34.333\u003c/Data\u003e\u003cData Name=\"ProcessGuid\"\u003e{159466bb-7c52-63ef-6901-000000000c00}\u003c/Data\u003e\u003cData Name=\"ProcessId\"\u003e7840\u003c/Data\u003e\u003cData Name=\"Image\"\u003eC:\\Users\\malware\\Downloads\\PrintSpoofer64.exe\u003c/Data\u003e\u003cData Name=\"ImageLoaded\"\u003eC:\\Users\\malware\\Downloads\\PrintSpoofer64.exe\u003c/Data\u003e\u003cData Name=\"FileVersion\"\u003e-\u003c/Data\u003e\u003cData Name=\"Description\"\u003e-\u003c/Data\u003e\u003cData Name=\"Product\"\u003e-\u003c/Data\u003e\u003cData Name=\"Company\"\u003e-\u003c/Data\u003e\u003cData Name=\"OriginalFileName\"\u003e-\u003c/Data\u003e\u003cData Name=\"Hashes\"\u003eSHA1=188098B9CAF3BC4D1B68DCAD50D2E1CBD2E9D519,MD5=108DA75DE148145B8F056EC0827F1665,SHA256=8524FBC0D73E711E69D60C64F1F1B7BEF35C986705880643DD4D5E17779E586D,IMPHASH=545A81240793F9CA97306FA5B3AD76DF\u003c/Data\u003e\u003cData Name=\"Signed\"\u003efalse\u003c/Data\u003e\u003cData Name=\"Signature\"\u003e-\u003c/Data\u003e\u003cData Name=\"SignatureStatus\"\u003eUnavailable\u003c/Data\u003e\u003cData Name=\"User\"\u003eFLAREVM\\malware\u003c/Data\u003e\u003c/EventData\u003e","Task":7,"RuleName":"technique_id=T1574.002,technique_name=DLL Side-Loading","UtcTime":"2023-02-17 13:08:34.333","ProcessGuid":"159466bb-7c52-63ef-6901-000000000c00","ProcessId":7840,"Image":"C:\\Users\\malware\\Downloads\\PrintSpoofer64.exe","ImageLoaded":"C:\\Users\\malware\\Downloads\\PrintSpoofer64.exe","FileVersion":"-","Description":"-","Product":"-","Company":"-","OriginalFileName":"-","Hashes":"SHA1=188098B9CAF3BC4D1B68DCAD50D2E1CBD2E9D519,MD5=108DA75DE148145B8F056EC0827F1665,SHA256=8524FBC0D73E711E69D60C64F1F1B7BEF35C986705880643DD4D5E17779E586D,IMPHASH=545A81240793F9CA97306FA5B3AD76DF","Signed":"false","Signature":"-","SignatureStatus":"Unavailable","User":"FLAREVM\\malware"},{"EventSourceName":"Microsoft-Windows-Sysmon","Provider":"Microsoft-Windows-Sysmon","ProviderGuid":"{5770385f-c22a-43e0-bf4c-06f5698ffbd9}","Level":"4","Keywords":"0x8000000000000000","Channel":"Microsoft-Windows-Sysmon/Operational","Computer":"FlareVM","TimeCreated":"2023-02-17T08:08:34.352Z","TimeGenerated":"2023-02-17T01:08:34.352Z","EventRecordID":"26490","EventID":5,"Message":"Process terminated:\r\nRuleName: -\r\nUtcTime: 2023-02-17 13:08:34.349\r\nProcessGuid: {159466bb-7c52-63ef-6901-000000000c00}\r\nProcessId: 7840\r\nImage: C:\\Users\\malware\\Downloads\\PrintSpoofer64.exe\r\nUser: FLAREVM\\malware","EventData":"\u003cEventData xmlns=\"http://schemas.microsoft.com/win/2004/08/events/event\"\u003e\u003cData Name=\"RuleName\"\u003e-\u003c/Data\u003e\u003cData Name=\"UtcTime\"\u003e2023-02-17 13:08:34.349\u003c/Data\u003e\u003cData Name=\"ProcessGuid\"\u003e{159466bb-7c52-63ef-6901-000000000c00}\u003c/Data\u003e\u003cData Name=\"ProcessId\"\u003e7840\u003c/Data\u003e\u003cData Name=\"Image\"\u003eC:\\Users\\malware\\Downloads\\PrintSpoofer64.exe\u003c/Data\u003e\u003cData Name=\"User\"\u003eFLAREVM\\malware\u003c/Data\u003e\u003c/EventData\u003e","Task":5,"RuleName":"-","UtcTime":"2023-02-17 13:08:34.349","ProcessGuid":"159466bb-7c52-63ef-6901-000000000c00","ProcessId":7840,"Image":"C:\\Users\\malware\\Downloads\\PrintSpoofer64.exe","User":"FLAREVM\\malware"},{"EventSourceName":"Microsoft-Windows-Sysmon","Provider":"Microsoft-Windows-Sysmon","ProviderGuid":"{5770385f-c22a-43e0-bf4c-06f5698ffbd9}","Level":"4","Keywords":"0x8000000000000000","Channel":"Microsoft-Windows-Sysmon/Operational","Computer":"FlareVM","TimeCreated":"2023-02-17T08:08:34.353Z","TimeGenerated":"2023-02-17T01:08:34.353Z","EventRecordID":"26491","EventID":11,"Message":"File created:\r\nRuleName: technique_id=T1574.010,technique_name=Services File Permissions Weakness\r\nUtcTime: 2023-02-17 13:08:34.349\r\nProcessGuid: {159466bb-3ce3-63c4-2700-000000000c00}\r\nProcessId: 1848\r\nImage: C:\\Windows\\system32\\svchost.exe\r\nTargetFilename: C:\\Windows\\Prefetch\\PRINTSPOOFER64.EXE-E3F2FF77.pf\r\nCreationUtcTime: 2023-02-17 13:08:34.349\r\nUser: NT AUTHORITY\\SYSTEM","EventData":"\u003cEventData xmlns=\"http://schemas.microsoft.com/win/2004/08/events/event\"\u003e\u003cData Name=\"RuleName\"\u003etechnique_id=T1574.010,technique_name=Services File Permissions Weakness\u003c/Data\u003e\u003cData Name=\"UtcTime\"\u003e2023-02-17 13:08:34.349\u003c/Data\u003e\u003cData Name=\"ProcessGuid\"\u003e{159466bb-3ce3-63c4-2700-000000000c00}\u003c/Data\u003e\u003cData Name=\"ProcessId\"\u003e1848\u003c/Data\u003e\u003cData Name=\"Image\"\u003eC:\\Windows\\system32\\svchost.exe\u003c/Data\u003e\u003cData Name=\"TargetFilename\"\u003eC:\\Windows\\Prefetch\\PRINTSPOOFER64.EXE-E3F2FF77.pf\u003c/Data\u003e\u003cData Name=\"CreationUtcTime\"\u003e2023-02-17 13:08:34.349\u003c/Data\u003e\u003cData Name=\"User\"\u003eNT AUTHORITY\\SYSTEM\u003c/Data\u003e\u003c/EventData\u003e","Task":11,"RuleName":"technique_id=T1574.010,technique_name=Services File Permissions Weakness","UtcTime":"2023-02-17 13:08:34.349","ProcessGuid":"159466bb-3ce3-63c4-2700-000000000c00","ProcessId":1848,"Image":"C:\\Windows\\system32\\svchost.exe","TargetFilename":"C:\\Windows\\Prefetch\\PRINTSPOOFER64.EXE-E3F2FF77.pf","CreationUtcTime":"2023-02-17 13:08:34.349","User":"NT AUTHORITY\\SYSTEM"},{"EventSourceName":"Microsoft-Windows-Sysmon","Provider":"Microsoft-Windows-Sysmon","ProviderGuid":"{5770385f-c22a-43e0-bf4c-06f5698ffbd9}","Level":"4","Keywords":"0x8000000000000000","Channel":"Microsoft-Windows-Sysmon/Operational","Computer":"FlareVM","TimeCreated":"2023-02-17T08:08:41.749Z","TimeGenerated":"2023-02-17T01:08:41.749Z","EventRecordID":"26492","EventID":1,"Message":"Process Create:\r\nRuleName: technique_id=T1059.001,technique_name=PowerShell\r\nUtcTime: 2023-02-17 13:08:41.749\r\nProcessGuid: {159466bb-7c59-63ef-6a01-000000000c00}\r\nProcessId: 4044\r\nImage: C:\\Users\\malware\\Downloads\\PrintSpoofer64.exe\r\nFileVersion: -\r\nDescription: -\r\nProduct: -\r\nCompany: -\r\nOriginalFileName: -\r\nCommandLine: \"C:\\Users\\malware\\Downloads\\PrintSpoofer64.exe\" -i -c cmd\r\nCurrentDirectory: C:\\Users\\malware\\Downloads\\\r\nUser: FLAREVM\\malware\r\nLogonGuid: {159466bb-3ce4-63c4-e204-020000000000}\r\nLogonId: 0x204E2\r\nTerminalSessionId: 1\r\nIntegrityLevel: High\r\nHashes: SHA1=188098B9CAF3BC4D1B68DCAD50D2E1CBD2E9D519,MD5=108DA75DE148145B8F056EC0827F1665,SHA256=8524FBC0D73E711E69D60C64F1F1B7BEF35C986705880643DD4D5E17779E586D,IMPHASH=545A81240793F9CA97306FA5B3AD76DF\r\nParentProcessGuid: {159466bb-7c0f-63ef-6701-000000000c00}\r\nParentProcessId: 5768\r\nParentImage: C:\\Windows\\System32\\WindowsPowerShell\\v1.0\\powershell.exe\r\nParentCommandLine: \"C:\\Windows\\System32\\WindowsPowerShell\\v1.0\\powershell.exe\" \r\nParentUser: FLAREVM\\malware","EventData":"\u003cEventData xmlns=\"http://schemas.microsoft.com/win/2004/08/events/event\"\u003e\u003cData Name=\"RuleName\"\u003etechnique_id=T1059.001,technique_name=PowerShell\u003c/Data\u003e\u003cData Name=\"UtcTime\"\u003e2023-02-17 13:08:41.749\u003c/Data\u003e\u003cData Name=\"ProcessGuid\"\u003e{159466bb-7c59-63ef-6a01-000000000c00}\u003c/Data\u003e\u003cData Name=\"ProcessId\"\u003e4044\u003c/Data\u003e\u003cData Name=\"Image\"\u003eC:\\Users\\malware\\Downloads\\PrintSpoofer64.exe\u003c/Data\u003e\u003cData Name=\"FileVersion\"\u003e-\u003c/Data\u003e\u003cData Name=\"Description\"\u003e-\u003c/Data\u003e\u003cData Name=\"Product\"\u003e-\u003c/Data\u003e\u003cData Name=\"Company\"\u003e-\u003c/Data\u003e\u003cData Name=\"OriginalFileName\"\u003e-\u003c/Data\u003e\u003cData Name=\"CommandLine\"\u003e\"C:\\Users\\malware\\Downloads\\PrintSpoofer64.exe\" -i -c cmd\u003c/Data\u003e\u003cData Name=\"CurrentDirectory\"\u003eC:\\Users\\malware\\Downloads\\\u003c/Data\u003e\u003cData Name=\"User\"\u003eFLAREVM\\malware\u003c/Data\u003e\u003cData Name=\"LogonGuid\"\u003e{159466bb-3ce4-63c4-e204-020000000000}\u003c/Data\u003e\u003cData Name=\"LogonId\"\u003e0x204e2\u003c/Data\u003e\u003cData Name=\"TerminalSessionId\"\u003e1\u003c/Data\u003e\u003cData Name=\"IntegrityLevel\"\u003eHigh\u003c/Data\u003e\u003cData Name=\"Hashes\"\u003eSHA1=188098B9CAF3BC4D1B68DCAD50D2E1CBD2E9D519,MD5=108DA75DE148145B8F056EC0827F1665,SHA256=8524FBC0D73E711E69D60C64F1F1B7BEF35C986705880643DD4D5E17779E586D,IMPHASH=545A81240793F9CA97306FA5B3AD76DF\u003c/Data\u003e\u003cData Name=\"ParentProcessGuid\"\u003e{159466bb-7c0f-63ef-6701-000000000c00}\u003c/Data\u003e\u003cData Name=\"ParentProcessId\"\u003e5768\u003c/Data\u003e\u003cData Name=\"ParentImage\"\u003eC:\\Windows\\System32\\WindowsPowerShell\\v1.0\\powershell.exe\u003c/Data\u003e\u003cData Name=\"ParentCommandLine\"\u003e\"C:\\Windows\\System32\\WindowsPowerShell\\v1.0\\powershell.exe\" \u003c/Data\u003e\u003cData Name=\"ParentUser\"\u003eFLAREVM\\malware\u003c/Data\u003e\u003c/EventData\u003e","Task":1,"RuleName":"technique_id=T1059.001,technique_name=PowerShell","UtcTime":"2023-02-17 13:08:41.749","ProcessGuid":"159466bb-7c59-63ef-6a01-000000000c00","ProcessId":4044,"Image":"C:\\Users\\malware\\Downloads\\PrintSpoofer64.exe","FileVersion":"-","Description":"-","Product":"-","Company":"-","OriginalFileName":"-","CommandLine":"\"C:\\Users\\malware\\Downloads\\PrintSpoofer64.exe\" -i -c cmd","CurrentDirectory":"C:\\Users\\malware\\Downloads\\","User":"FLAREVM\\malware","LogonGuid":"159466bb-3ce4-63c4-e204-020000000000","LogonId":"0x204e2","TerminalSessionId":1,"IntegrityLevel":"High","Hashes":"SHA1=188098B9CAF3BC4D1B68DCAD50D2E1CBD2E9D519,MD5=108DA75DE148145B8F056EC0827F1665,SHA256=8524FBC0D73E711E69D60C64F1F1B7BEF35C986705880643DD4D5E17779E586D,IMPHASH=545A81240793F9CA97306FA5B3AD76DF","ParentProcessGuid":"159466bb-7c0f-63ef-6701-000000000c00","ParentProcessId":5768,"ParentImage":"C:\\Windows\\System32\\WindowsPowerShell\\v1.0\\powershell.exe","ParentCommandLine":"\"C:\\Windows\\System32\\WindowsPowerShell\\v1.0\\powershell.exe\" ","ParentUser":"FLAREVM\\malware"},{"EventSourceName":"Microsoft-Windows-Sysmon","Provider":"Microsoft-Windows-Sysmon","ProviderGuid":"{5770385f-c22a-43e0-bf4c-06f5698ffbd9}","Level":"4","Keywords":"0x8000000000000000","Channel":"Microsoft-Windows-Sysmon/Operational","Computer":"FlareVM","TimeCreated":"2023-02-17T08:08:41.750Z","TimeGenerated":"2023-02-17T01:08:41.750Z","EventRecordID":"26493","EventID":10,"Message":"Process accessed:\r\nRuleName: technique_id=T1055.001,technique_name=Dynamic-link Library Injection\r\nUtcTime: 2023-02-17 13:08:41.744\r\nSourceProcessGUID: {159466bb-7c0f-63ef-6701-000000000c00}\r\nSourceProcessId: 5768\r\nSourceThreadId: 5280\r\nSourceImage: C:\\Windows\\System32\\WindowsPowerShell\\v1.0\\powershell.exe\r\nTargetProcessGUID: {159466bb-7c59-63ef-6a01-000000000c00}\r\nTargetProcessId: 4044\r\nTargetImage: C:\\Users\\malware\\Downloads\\PrintSpoofer64.exe\r\nGrantedAccess: 0x1FFFFF\r\nCallTrace: C:\\Windows\\SYSTEM32\\ntdll.dll+9e9b4|C:\\Windows\\System32\\KERNELBASE.dll+9053|C:\\Windows\\System32\\KERNELBASE.dll+73c6|C:\\Windows\\System32\\KERNEL32.DLL+1d374|C:\\Windows\\assembly\\NativeImages_v4.0.30319_64\\System\\b187b7f31cee3e87b56c8edca55324e0\\System.ni.dll+383fe6|C:\\Windows\\assembly\\NativeImages_v4.0.30319_64\\System\\b187b7f31cee3e87b56c8edca55324e0\\System.ni.dll+2c4809|C:\\Windows\\assembly\\NativeImages_v4.0.30319_64\\System\\b187b7f31cee3e87b56c8edca55324e0\\System.ni.dll+2c4179|C:\\Windows\\assembly\\NativeImages_v4.0.30319_64\\System.Manaa57fc8cc#\\e32f2c23c49a7ddedcbbc2a1eea65314\\System.Management.Automation.ni.dll+111e3c9|C:\\Windows\\assembly\\NativeImages_v4.0.30319_64\\System.Manaa57fc8cc#\\e32f2c23c49a7ddedcbbc2a1eea65314\\System.Management.Automation.ni.dll+107558a|C:\\Windows\\assembly\\NativeImages_v4.0.30319_64\\System.Manaa57fc8cc#\\e32f2c23c49a7ddedcbbc2a1eea65314\\System.Management.Automation.ni.dll+10ffc7d|C:\\Windows\\assembly\\NativeImages_v4.0.30319_64\\System.Manaa57fc8cc#\\e32f2c23c49a7ddedcbbc2a1eea65314\\System.Management.Automation.ni.dll+10ff93b|C:\\Windows\\assembly\\NativeImages_v4.0.30319_64\\System.Manaa57fc8cc#\\e32f2c23c49a7ddedcbbc2a1eea65314\\System.Management.Automation.ni.dll+1202e0f|UNKNOWN(00007FFE934F5251)\r\nSourceUser: FLAREVM\\malware\r\nTargetUser: FLAREVM\\malware","EventData":"\u003cEventData xmlns=\"http://schemas.microsoft.com/win/2004/08/events/event\"\u003e\u003cData Name=\"RuleName\"\u003etechnique_id=T1055.001,technique_name=Dynamic-link Library Injection\u003c/Data\u003e\u003cData Name=\"UtcTime\"\u003e2023-02-17 13:08:41.744\u003c/Data\u003e\u003cData Name=\"SourceProcessGUID\"\u003e{159466bb-7c0f-63ef-6701-000000000c00}\u003c/Data\u003e\u003cData Name=\"SourceProcessId\"\u003e5768\u003c/Data\u003e\u003cData Name=\"SourceThreadId\"\u003e5280\u003c/Data\u003e\u003cData Name=\"SourceImage\"\u003eC:\\Windows\\System32\\WindowsPowerShell\\v1.0\\powershell.exe\u003c/Data\u003e\u003cData Name=\"TargetProcessGUID\"\u003e{159466bb-7c59-63ef-6a01-000000000c00}\u003c/Data\u003e\u003cData Name=\"TargetProcessId\"\u003e4044\u003c/Data\u003e\u003cData Name=\"TargetImage\"\u003eC:\\Users\\malware\\Downloads\\PrintSpoofer64.exe\u003c/Data\u003e\u003cData Name=\"GrantedAccess\"\u003e0x1fffff\u003c/Data\u003e\u003cData Name=\"CallTrace\"\u003eC:\\Windows\\SYSTEM32\\ntdll.dll+9e9b4|C:\\Windows\\System32\\KERNELBASE.dll+9053|C:\\Windows\\System32\\KERNELBASE.dll+73c6|C:\\Windows\\System32\\KERNEL32.DLL+1d374|C:\\Windows\\assembly\\NativeImages_v4.0.30319_64\\System\\b187b7f31cee3e87b56c8edca55324e0\\System.ni.dll+383fe6|C:\\Windows\\assembly\\NativeImages_v4.0.30319_64\\System\\b187b7f31cee3e87b56c8edca55324e0\\System.ni.dll+2c4809|C:\\Windows\\assembly\\NativeImages_v4.0.30319_64\\System\\b187b7f31cee3e87b56c8edca55324e0\\System.ni.dll+2c4179|C:\\Windows\\assembly\\NativeImages_v4.0.30319_64\\System.Manaa57fc8cc#\\e32f2c23c49a7ddedcbbc2a1eea65314\\System.Management.Automation.ni.dll+111e3c9|C:\\Windows\\assembly\\NativeImages_v4.0.30319_64\\System.Manaa57fc8cc#\\e32f2c23c49a7ddedcbbc2a1eea65314\\System.Management.Automation.ni.dll+107558a|C:\\Windows\\assembly\\NativeImages_v4.0.30319_64\\System.Manaa57fc8cc#\\e32f2c23c49a7ddedcbbc2a1eea65314\\System.Management.Automation.ni.dll+10ffc7d|C:\\Windows\\assembly\\NativeImages_v4.0.30319_64\\System.Manaa57fc8cc#\\e32f2c23c49a7ddedcbbc2a1eea65314\\System.Management.Automation.ni.dll+10ff93b|C:\\Windows\\assembly\\NativeImages_v4.0.30319_64\\System.Manaa57fc8cc#\\e32f2c23c49a7ddedcbbc2a1eea65314\\System.Management.Automation.ni.dll+1202e0f|UNKNOWN(00007FFE934F5251)\u003c/Data\u003e\u003cData Name=\"SourceUser\"\u003eFLAREVM\\malware\u003c/Data\u003e\u003cData Name=\"TargetUser\"\u003eFLAREVM\\malware\u003c/Data\u003e\u003c/EventData\u003e","Task":10,"RuleName":"technique_id=T1055.001,technique_name=Dynamic-link Library Injection","UtcTime":"2023-02-17 13:08:41.744","SourceProcessGUID":"159466bb-7c0f-63ef-6701-000000000c00","SourceProcessId":5768,"SourceThreadId":5280,"SourceImage":"C:\\Windows\\System32\\WindowsPowerShell\\v1.0\\powershell.exe","TargetProcessGUID":"159466bb-7c59-63ef-6a01-000000000c00","TargetProcessId":4044,"TargetImage":"C:\\Users\\malware\\Downloads\\PrintSpoofer64.exe","GrantedAccess":2097151,"CallTrace":"C:\\Windows\\SYSTEM32\\ntdll.dll+9e9b4|C:\\Windows\\System32\\KERNELBASE.dll+9053|C:\\Windows\\System32\\KERNELBASE.dll+73c6|C:\\Windows\\System32\\KERNEL32.DLL+1d374|C:\\Windows\\assembly\\NativeImages_v4.0.30319_64\\System\\b187b7f31cee3e87b56c8edca55324e0\\System.ni.dll+383fe6|C:\\Windows\\assembly\\NativeImages_v4.0.30319_64\\System\\b187b7f31cee3e87b56c8edca55324e0\\System.ni.dll+2c4809|C:\\Windows\\assembly\\NativeImages_v4.0.30319_64\\System\\b187b7f31cee3e87b56c8edca55324e0\\System.ni.dll+2c4179|C:\\Windows\\assembly\\NativeImages_v4.0.30319_64\\System.Manaa57fc8cc#\\e32f2c23c49a7ddedcbbc2a1eea65314\\System.Management.Automation.ni.dll+111e3c9|C:\\Windows\\assembly\\NativeImages_v4.0.30319_64\\System.Manaa57fc8cc#\\e32f2c23c49a7ddedcbbc2a1eea65314\\System.Management.Automation.ni.dll+107558a|C:\\Windows\\assembly\\NativeImages_v4.0.30319_64\\System.Manaa57fc8cc#\\e32f2c23c49a7ddedcbbc2a1eea65314\\System.Management.Automation.ni.dll+10ffc7d|C:\\Windows\\assembly\\NativeImages_v4.0.30319_64\\System.Manaa57fc8cc#\\e32f2c23c49a7ddedcbbc2a1eea65314\\System.Management.Automation.ni.dll+10ff93b|C:\\Windows\\assembly\\NativeImages_v4.0.30319_64\\System.Manaa57fc8cc#\\e32f2c23c49a7ddedcbbc2a1eea65314\\System.Management.Automation.ni.dll+1202e0f|UNKNOWN(00007FFE934F5251)","SourceUser":"FLAREVM\\malware","TargetUser":"FLAREVM\\malware"},{"EventSourceName":"Microsoft-Windows-Sysmon","Provider":"Microsoft-Windows-Sysmon","ProviderGuid":"{5770385f-c22a-43e0-bf4c-06f5698ffbd9}","Level":"4","Keywords":"0x8000000000000000","Channel":"Microsoft-Windows-Sysmon/Operational","Computer":"FlareVM","TimeCreated":"2023-02-17T08:08:41.750Z","TimeGenerated":"2023-02-17T01:08:41.750Z","EventRecordID":"26494","EventID":7,"Message":"Image loaded:\r\nRuleName: technique_id=T1574.002,technique_name=DLL Side-Loading\r\nUtcTime: 2023-02-17 13:08:41.744\r\nProcessGuid: {159466bb-7c59-63ef-6a01-000000000c00}\r\nProcessId: 4044\r\nImage: C:\\Users\\malware\\Downloads\\PrintSpoofer64.exe\r\nImageLoaded: C:\\Users\\malware\\Downloads\\PrintSpoofer64.exe\r\nFileVersion: -\r\nDescription: -\r\nProduct: -\r\nCompany: -\r\nOriginalFileName: -\r\nHashes: SHA1=188098B9CAF3BC4D1B68DCAD50D2E1CBD2E9D519,MD5=108DA75DE148145B8F056EC0827F1665,SHA256=8524FBC0D73E711E69D60C64F1F1B7BEF35C986705880643DD4D5E17779E586D,IMPHASH=545A81240793F9CA97306FA5B3AD76DF\r\nSigned: false\r\nSignature: -\r\nSignatureStatus: Unavailable\r\nUser: FLAREVM\\malware","EventData":"\u003cEventData xmlns=\"http://schemas.microsoft.com/win/2004/08/events/event\"\u003e\u003cData Name=\"RuleName\"\u003etechnique_id=T1574.002,technique_name=DLL Side-Loading\u003c/Data\u003e\u003cData Name=\"UtcTime\"\u003e2023-02-17 13:08:41.744\u003c/Data\u003e\u003cData Name=\"ProcessGuid\"\u003e{159466bb-7c59-63ef-6a01-000000000c00}\u003c/Data\u003e\u003cData Name=\"ProcessId\"\u003e4044\u003c/Data\u003e\u003cData Name=\"Image\"\u003eC:\\Users\\malware\\Downloads\\PrintSpoofer64.exe\u003c/Data\u003e\u003cData Name=\"ImageLoaded\"\u003eC:\\Users\\malware\\Downloads\\PrintSpoofer64.exe\u003c/Data\u003e\u003cData Name=\"FileVersion\"\u003e-\u003c/Data\u003e\u003cData Name=\"Description\"\u003e-\u003c/Data\u003e\u003cData Name=\"Product\"\u003e-\u003c/Data\u003e\u003cData Name=\"Company\"\u003e-\u003c/Data\u003e\u003cData Name=\"OriginalFileName\"\u003e-\u003c/Data\u003e\u003cData Name=\"Hashes\"\u003eSHA1=188098B9CAF3BC4D1B68DCAD50D2E1CBD2E9D519,MD5=108DA75DE148145B8F056EC0827F1665,SHA256=8524FBC0D73E711E69D60C64F1F1B7BEF35C986705880643DD4D5E17779E586D,IMPHASH=545A81240793F9CA97306FA5B3AD76DF\u003c/Data\u003e\u003cData Name=\"Signed\"\u003efalse\u003c/Data\u003e\u003cData Name=\"Signature\"\u003e-\u003c/Data\u003e\u003cData Name=\"SignatureStatus\"\u003eUnavailable\u003c/Data\u003e\u003cData Name=\"User\"\u003eFLAREVM\\malware\u003c/Data\u003e\u003c/EventData\u003e","Task":7,"RuleName":"technique_id=T1574.002,technique_name=DLL Side-Loading","UtcTime":"2023-02-17 13:08:41.744","ProcessGuid":"159466bb-7c59-63ef-6a01-000000000c00","ProcessId":4044,"Image":"C:\\Users\\malware\\Downloads\\PrintSpoofer64.exe","ImageLoaded":"C:\\Users\\malware\\Downloads\\PrintSpoofer64.exe","FileVersion":"-","Description":"-","Product":"-","Company":"-","OriginalFileName":"-","Hashes":"SHA1=188098B9CAF3BC4D1B68DCAD50D2E1CBD2E9D519,MD5=108DA75DE148145B8F056EC0827F1665,SHA256=8524FBC0D73E711E69D60C64F1F1B7BEF35C986705880643DD4D5E17779E586D,IMPHASH=545A81240793F9CA97306FA5B3AD76DF","Signed":"false","Signature":"-","SignatureStatus":"Unavailable","User":"FLAREVM\\malware"},{"EventSourceName":"Microsoft-Windows-Sysmon","Provider":"Microsoft-Windows-Sysmon","ProviderGuid":"{5770385f-c22a-43e0-bf4c-06f5698ffbd9}","Level":"4","Keywords":"0x8000000000000000","Channel":"Microsoft-Windows-Sysmon/Operational","Computer":"FlareVM","TimeCreated":"2023-02-17T08:08:41.767Z","TimeGenerated":"2023-02-17T01:08:41.767Z","EventRecordID":"26495","EventID":17,"Message":"Pipe Created:\r\nRuleName: -\r\nEventType: CreatePipe\r\nUtcTime: 2023-02-17 13:08:41.760\r\nProcessGuid: {159466bb-7c59-63ef-6a01-000000000c00}\r\nProcessId: 4044\r\nPipeName: \\ec9bbf36-1fd6-417f-81b1-caa40ba2c65b\\pipe\\spoolss\r\nImage: C:\\Users\\malware\\Downloads\\PrintSpoofer64.exe\r\nUser: FLAREVM\\malware","EventData":"\u003cEventData xmlns=\"http://schemas.microsoft.com/win/2004/08/events/event\"\u003e\u003cData Name=\"RuleName\"\u003e-\u003c/Data\u003e\u003cData Name=\"EventType\"\u003eCreatePipe\u003c/Data\u003e\u003cData Name=\"UtcTime\"\u003e2023-02-17 13:08:41.760\u003c/Data\u003e\u003cData Name=\"ProcessGuid\"\u003e{159466bb-7c59-63ef-6a01-000000000c00}\u003c/Data\u003e\u003cData Name=\"ProcessId\"\u003e4044\u003c/Data\u003e\u003cData Name=\"PipeName\"\u003e\\ec9bbf36-1fd6-417f-81b1-caa40ba2c65b\\pipe\\spoolss\u003c/Data\u003e\u003cData Name=\"Image\"\u003eC:\\Users\\malware\\Downloads\\PrintSpoofer64.exe\u003c/Data\u003e\u003cData Name=\"User\"\u003eFLAREVM\\malware\u003c/Data\u003e\u003c/EventData\u003e","Task":17,"RuleName":"-","EventType":"CreatePipe","UtcTime":"2023-02-17 13:08:41.760","ProcessGuid":"159466bb-7c59-63ef-6a01-000000000c00","ProcessId":4044,"PipeName":"\\ec9bbf36-1fd6-417f-81b1-caa40ba2c65b\\pipe\\spoolss","Image":"C:\\Users\\malware\\Downloads\\PrintSpoofer64.exe","User":"FLAREVM\\malware"},{"EventSourceName":"Microsoft-Windows-Sysmon","Provider":"Microsoft-Windows-Sysmon","ProviderGuid":"{5770385f-c22a-43e0-bf4c-06f5698ffbd9}","Level":"4","Keywords":"0x8000000000000000","Channel":"Microsoft-Windows-Sysmon/Operational","Computer":"FlareVM","TimeCreated":"2023-02-17T08:08:41.785Z","TimeGenerated":"2023-02-17T01:08:41.785Z","EventRecordID":"26496","EventID":12,"Message":"Registry object added or deleted:\r\nRuleName: technique_id=T1553.004,technique_name=Install Root Certificate\r\nEventType: CreateKey\r\nUtcTime: 2023-02-17 13:08:41.775\r\nProcessGuid: {159466bb-3ce2-63c4-0c00-000000000c00}\r\nProcessId: 700\r\nImage: C:\\Windows\\system32\\lsass.exe\r\nTargetObject: HKU\\.DEFAULT\\Software\\Microsoft\\SystemCertificates\\CA\\Certificates\r\nUser: NT AUTHORITY\\SYSTEM","EventData":"\u003cEventData xmlns=\"http://schemas.microsoft.com/win/2004/08/events/event\"\u003e\u003cData Name=\"RuleName\"\u003etechnique_id=T1553.004,technique_name=Install Root Certificate\u003c/Data\u003e\u003cData Name=\"EventType\"\u003eCreateKey\u003c/Data\u003e\u003cData Name=\"UtcTime\"\u003e2023-02-17 13:08:41.775\u003c/Data\u003e\u003cData Name=\"ProcessGuid\"\u003e{159466bb-3ce2-63c4-0c00-000000000c00}\u003c/Data\u003e\u003cData Name=\"ProcessId\"\u003e700\u003c/Data\u003e\u003cData Name=\"Image\"\u003eC:\\Windows\\system32\\lsass.exe\u003c/Data\u003e\u003cData Name=\"TargetObject\"\u003eHKU\\.DEFAULT\\Software\\Microsoft\\SystemCertificates\\CA\\Certificates\u003c/Data\u003e\u003cData Name=\"User\"\u003eNT AUTHORITY\\SYSTEM\u003c/Data\u003e\u003c/EventData\u003e","Task":12,"RuleName":"technique_id=T1553.004,technique_name=Install Root Certificate","EventType":"CreateKey","UtcTime":"2023-02-17 13:08:41.775","ProcessGuid":"159466bb-3ce2-63c4-0c00-000000000c00","ProcessId":700,"Image":"C:\\Windows\\system32\\lsass.exe","TargetObject":"HKU\\.DEFAULT\\Software\\Microsoft\\SystemCertificates\\CA\\Certificates","User":"NT AUTHORITY\\SYSTEM"},{"EventSourceName":"Microsoft-Windows-Sysmon","Provider":"Microsoft-Windows-Sysmon","ProviderGuid":"{5770385f-c22a-43e0-bf4c-06f5698ffbd9}","Level":"4","Keywords":"0x8000000000000000","Channel":"Microsoft-Windows-Sysmon/Operational","Computer":"FlareVM","TimeCreated":"2023-02-17T08:08:41.785Z","TimeGenerated":"2023-02-17T01:08:41.785Z","EventRecordID":"26497","EventID":12,"Message":"Registry object added or deleted:\r\nRuleName: technique_id=T1553.004,technique_name=Install Root Certificate\r\nEventType: CreateKey\r\nUtcTime: 2023-02-17 13:08:41.775\r\nProcessGuid: {159466bb-3ce2-63c4-0c00-000000000c00}\r\nProcessId: 700\r\nImage: C:\\Windows\\system32\\lsass.exe\r\nTargetObject: HKU\\.DEFAULT\\Software\\Policies\\Microsoft\\SystemCertificates\\CA\\Certificates\r\nUser: NT AUTHORITY\\SYSTEM","EventData":"\u003cEventData xmlns=\"http://schemas.microsoft.com/win/2004/08/events/event\"\u003e\u003cData Name=\"RuleName\"\u003etechnique_id=T1553.004,technique_name=Install Root Certificate\u003c/Data\u003e\u003cData Name=\"EventType\"\u003eCreateKey\u003c/Data\u003e\u003cData Name=\"UtcTime\"\u003e2023-02-17 13:08:41.775\u003c/Data\u003e\u003cData Name=\"ProcessGuid\"\u003e{159466bb-3ce2-63c4-0c00-000000000c00}\u003c/Data\u003e\u003cData Name=\"ProcessId\"\u003e700\u003c/Data\u003e\u003cData Name=\"Image\"\u003eC:\\Windows\\system32\\lsass.exe\u003c/Data\u003e\u003cData Name=\"TargetObject\"\u003eHKU\\.DEFAULT\\Software\\Policies\\Microsoft\\SystemCertificates\\CA\\Certificates\u003c/Data\u003e\u003cData Name=\"User\"\u003eNT AUTHORITY\\SYSTEM\u003c/Data\u003e\u003c/EventData\u003e","Task":12,"RuleName":"technique_id=T1553.004,technique_name=Install Root Certificate","EventType":"CreateKey","UtcTime":"2023-02-17 13:08:41.775","ProcessGuid":"159466bb-3ce2-63c4-0c00-000000000c00","ProcessId":700,"Image":"C:\\Windows\\system32\\lsass.exe","TargetObject":"HKU\\.DEFAULT\\Software\\Policies\\Microsoft\\SystemCertificates\\CA\\Certificates","User":"NT AUTHORITY\\SYSTEM"},{"EventSourceName":"Microsoft-Windows-Sysmon","Provider":"Microsoft-Windows-Sysmon","ProviderGuid":"{5770385f-c22a-43e0-bf4c-06f5698ffbd9}","Level":"4","Keywords":"0x8000000000000000","Channel":"Microsoft-Windows-Sysmon/Operational","Computer":"FlareVM","TimeCreated":"2023-02-17T08:08:41.785Z","TimeGenerated":"2023-02-17T01:08:41.785Z","EventRecordID":"26498","EventID":12,"Message":"Registry object added or deleted:\r\nRuleName: technique_id=T1553.004,technique_name=Install Root Certificate\r\nEventType: CreateKey\r\nUtcTime: 2023-02-17 13:08:41.775\r\nProcessGuid: {159466bb-3ce2-63c4-0c00-000000000c00}\r\nProcessId: 700\r\nImage: C:\\Windows\\system32\\lsass.exe\r\nTargetObject: HKLM\\SOFTWARE\\Microsoft\\SystemCertificates\\CA\\Certificates\r\nUser: NT AUTHORITY\\SYSTEM","EventData":"\u003cEventData xmlns=\"http://schemas.microsoft.com/win/2004/08/events/event\"\u003e\u003cData Name=\"RuleName\"\u003etechnique_id=T1553.004,technique_name=Install Root Certificate\u003c/Data\u003e\u003cData Name=\"EventType\"\u003eCreateKey\u003c/Data\u003e\u003cData Name=\"UtcTime\"\u003e2023-02-17 13:08:41.775\u003c/Data\u003e\u003cData Name=\"ProcessGuid\"\u003e{159466bb-3ce2-63c4-0c00-000000000c00}\u003c/Data\u003e\u003cData Name=\"ProcessId\"\u003e700\u003c/Data\u003e\u003cData Name=\"Image\"\u003eC:\\Windows\\system32\\lsass.exe\u003c/Data\u003e\u003cData Name=\"TargetObject\"\u003eHKLM\\SOFTWARE\\Microsoft\\SystemCertificates\\CA\\Certificates\u003c/Data\u003e\u003cData Name=\"User\"\u003eNT AUTHORITY\\SYSTEM\u003c/Data\u003e\u003c/EventData\u003e","Task":12,"RuleName":"technique_id=T1553.004,technique_name=Install Root Certificate","EventType":"CreateKey","UtcTime":"2023-02-17 13:08:41.775","ProcessGuid":"159466bb-3ce2-63c4-0c00-000000000c00","ProcessId":700,"Image":"C:\\Windows\\system32\\lsass.exe","TargetObject":"HKLM\\SOFTWARE\\Microsoft\\SystemCertificates\\CA\\Certificates","User":"NT AUTHORITY\\SYSTEM"},{"EventSourceName":"Microsoft-Windows-Sysmon","Provider":"Microsoft-Windows-Sysmon","ProviderGuid":"{5770385f-c22a-43e0-bf4c-06f5698ffbd9}","Level":"4","Keywords":"0x8000000000000000","Channel":"Microsoft-Windows-Sysmon/Operational","Computer":"FlareVM","TimeCreated":"2023-02-17T08:08:41.785Z","TimeGenerated":"2023-02-17T01:08:41.785Z","EventRecordID":"26499","EventID":12,"Message":"Registry object added or deleted:\r\nRuleName: technique_id=T1553.004,technique_name=Install Root Certificate\r\nEventType: CreateKey\r\nUtcTime: 2023-02-17 13:08:41.775\r\nProcessGuid: {159466bb-3ce2-63c4-0c00-000000000c00}\r\nProcessId: 700\r\nImage: C:\\Windows\\system32\\lsass.exe\r\nTargetObject: HKLM\\SOFTWARE\\Policies\\Microsoft\\SystemCertificates\\CA\\Certificates\r\nUser: NT AUTHORITY\\SYSTEM","EventData":"\u003cEventData xmlns=\"http://schemas.microsoft.com/win/2004/08/events/event\"\u003e\u003cData Name=\"RuleName\"\u003etechnique_id=T1553.004,technique_name=Install Root Certificate\u003c/Data\u003e\u003cData Name=\"EventType\"\u003eCreateKey\u003c/Data\u003e\u003cData Name=\"UtcTime\"\u003e2023-02-17 13:08:41.775\u003c/Data\u003e\u003cData Name=\"ProcessGuid\"\u003e{159466bb-3ce2-63c4-0c00-000000000c00}\u003c/Data\u003e\u003cData Name=\"ProcessId\"\u003e700\u003c/Data\u003e\u003cData Name=\"Image\"\u003eC:\\Windows\\system32\\lsass.exe\u003c/Data\u003e\u003cData Name=\"TargetObject\"\u003eHKLM\\SOFTWARE\\Policies\\Microsoft\\SystemCertificates\\CA\\Certificates\u003c/Data\u003e\u003cData Name=\"User\"\u003eNT AUTHORITY\\SYSTEM\u003c/Data\u003e\u003c/EventData\u003e","Task":12,"RuleName":"technique_id=T1553.004,technique_name=Install Root Certificate","EventType":"CreateKey","UtcTime":"2023-02-17 13:08:41.775","ProcessGuid":"159466bb-3ce2-63c4-0c00-000000000c00","ProcessId":700,"Image":"C:\\Windows\\system32\\lsass.exe","TargetObject":"HKLM\\SOFTWARE\\Policies\\Microsoft\\SystemCertificates\\CA\\Certificates","User":"NT AUTHORITY\\SYSTEM"},{"EventSourceName":"Microsoft-Windows-Sysmon","Provider":"Microsoft-Windows-Sysmon","ProviderGuid":"{5770385f-c22a-43e0-bf4c-06f5698ffbd9}","Level":"4","Keywords":"0x8000000000000000","Channel":"Microsoft-Windows-Sysmon/Operational","Computer":"FlareVM","TimeCreated":"2023-02-17T08:08:41.786Z","TimeGenerated":"2023-02-17T01:08:41.786Z","EventRecordID":"26500","EventID":12,"Message":"Registry object added or deleted:\r\nRuleName: technique_id=T1553.004,technique_name=Install Root Certificate\r\nEventType: CreateKey\r\nUtcTime: 2023-02-17 13:08:41.775\r\nProcessGuid: {159466bb-3ce2-63c4-0c00-000000000c00}\r\nProcessId: 700\r\nImage: C:\\Windows\\system32\\lsass.exe\r\nTargetObject: HKU\\.DEFAULT\\Software\\Microsoft\\SystemCertificates\\CA\\Certificates\r\nUser: NT AUTHORITY\\SYSTEM","EventData":"\u003cEventData xmlns=\"http://schemas.microsoft.com/win/2004/08/events/event\"\u003e\u003cData Name=\"RuleName\"\u003etechnique_id=T1553.004,technique_name=Install Root Certificate\u003c/Data\u003e\u003cData Name=\"EventType\"\u003eCreateKey\u003c/Data\u003e\u003cData Name=\"UtcTime\"\u003e2023-02-17 13:08:41.775\u003c/Data\u003e\u003cData Name=\"ProcessGuid\"\u003e{159466bb-3ce2-63c4-0c00-000000000c00}\u003c/Data\u003e\u003cData Name=\"ProcessId\"\u003e700\u003c/Data\u003e\u003cData Name=\"Image\"\u003eC:\\Windows\\system32\\lsass.exe\u003c/Data\u003e\u003cData Name=\"TargetObject\"\u003eHKU\\.DEFAULT\\Software\\Microsoft\\SystemCertificates\\CA\\Certificates\u003c/Data\u003e\u003cData Name=\"User\"\u003eNT AUTHORITY\\SYSTEM\u003c/Data\u003e\u003c/EventData\u003e","Task":12,"RuleName":"technique_id=T1553.004,technique_name=Install Root Certificate","EventType":"CreateKey","UtcTime":"2023-02-17 13:08:41.775","ProcessGuid":"159466bb-3ce2-63c4-0c00-000000000c00","ProcessId":700,"Image":"C:\\Windows\\system32\\lsass.exe","TargetObject":"HKU\\.DEFAULT\\Software\\Microsoft\\SystemCertificates\\CA\\Certificates","User":"NT AUTHORITY\\SYSTEM"},{"EventSourceName":"Microsoft-Windows-Sysmon","Provider":"Microsoft-Windows-Sysmon","ProviderGuid":"{5770385f-c22a-43e0-bf4c-06f5698ffbd9}","Level":"4","Keywords":"0x8000000000000000","Channel":"Microsoft-Windows-Sysmon/Operational","Computer":"FlareVM","TimeCreated":"2023-02-17T08:08:41.787Z","TimeGenerated":"2023-02-17T01:08:41.787Z","EventRecordID":"26501","EventID":12,"Message":"Registry object added or deleted:\r\nRuleName: technique_id=T1553.004,technique_name=Install Root Certificate\r\nEventType: CreateKey\r\nUtcTime: 2023-02-17 13:08:41.775\r\nProcessGuid: {159466bb-3ce2-63c4-0c00-000000000c00}\r\nProcessId: 700\r\nImage: C:\\Windows\\system32\\lsass.exe\r\nTargetObject: HKU\\.DEFAULT\\Software\\Policies\\Microsoft\\SystemCertificates\\CA\\Certificates\r\nUser: NT AUTHORITY\\SYSTEM","EventData":"\u003cEventData xmlns=\"http://schemas.microsoft.com/win/2004/08/events/event\"\u003e\u003cData Name=\"RuleName\"\u003etechnique_id=T1553.004,technique_name=Install Root Certificate\u003c/Data\u003e\u003cData Name=\"EventType\"\u003eCreateKey\u003c/Data\u003e\u003cData Name=\"UtcTime\"\u003e2023-02-17 13:08:41.775\u003c/Data\u003e\u003cData Name=\"ProcessGuid\"\u003e{159466bb-3ce2-63c4-0c00-000000000c00}\u003c/Data\u003e\u003cData Name=\"ProcessId\"\u003e700\u003c/Data\u003e\u003cData Name=\"Image\"\u003eC:\\Windows\\system32\\lsass.exe\u003c/Data\u003e\u003cData Name=\"TargetObject\"\u003eHKU\\.DEFAULT\\Software\\Policies\\Microsoft\\SystemCertificates\\CA\\Certificates\u003c/Data\u003e\u003cData Name=\"User\"\u003eNT AUTHORITY\\SYSTEM\u003c/Data\u003e\u003c/EventData\u003e","Task":12,"RuleName":"technique_id=T1553.004,technique_name=Install Root Certificate","EventType":"CreateKey","UtcTime":"2023-02-17 13:08:41.775","ProcessGuid":"159466bb-3ce2-63c4-0c00-000000000c00","ProcessId":700,"Image":"C:\\Windows\\system32\\lsass.exe","TargetObject":"HKU\\.DEFAULT\\Software\\Policies\\Microsoft\\SystemCertificates\\CA\\Certificates","User":"NT AUTHORITY\\SYSTEM"},{"EventSourceName":"Microsoft-Windows-Sysmon","Provider":"Microsoft-Windows-Sysmon","ProviderGuid":"{5770385f-c22a-43e0-bf4c-06f5698ffbd9}","Level":"4","Keywords":"0x8000000000000000","Channel":"Microsoft-Windows-Sysmon/Operational","Computer":"FlareVM","TimeCreated":"2023-02-17T08:08:41.787Z","TimeGenerated":"2023-02-17T01:08:41.787Z","EventRecordID":"26502","EventID":12,"Message":"Registry object added or deleted:\r\nRuleName: technique_id=T1553.004,technique_name=Install Root Certificate\r\nEventType: CreateKey\r\nUtcTime: 2023-02-17 13:08:41.775\r\nProcessGuid: {159466bb-3ce2-63c4-0c00-000000000c00}\r\nProcessId: 700\r\nImage: C:\\Windows\\system32\\lsass.exe\r\nTargetObject: HKLM\\SOFTWARE\\Microsoft\\SystemCertificates\\CA\\Certificates\r\nUser: NT AUTHORITY\\SYSTEM","EventData":"\u003cEventData xmlns=\"http://schemas.microsoft.com/win/2004/08/events/event\"\u003e\u003cData Name=\"RuleName\"\u003etechnique_id=T1553.004,technique_name=Install Root Certificate\u003c/Data\u003e\u003cData Name=\"EventType\"\u003eCreateKey\u003c/Data\u003e\u003cData Name=\"UtcTime\"\u003e2023-02-17 13:08:41.775\u003c/Data\u003e\u003cData Name=\"ProcessGuid\"\u003e{159466bb-3ce2-63c4-0c00-000000000c00}\u003c/Data\u003e\u003cData Name=\"ProcessId\"\u003e700\u003c/Data\u003e\u003cData Name=\"Image\"\u003eC:\\Windows\\system32\\lsass.exe\u003c/Data\u003e\u003cData Name=\"TargetObject\"\u003eHKLM\\SOFTWARE\\Microsoft\\SystemCertificates\\CA\\Certificates\u003c/Data\u003e\u003cData Name=\"User\"\u003eNT AUTHORITY\\SYSTEM\u003c/Data\u003e\u003c/EventData\u003e","Task":12,"RuleName":"technique_id=T1553.004,technique_name=Install Root Certificate","EventType":"CreateKey","UtcTime":"2023-02-17 13:08:41.775","ProcessGuid":"159466bb-3ce2-63c4-0c00-000000000c00","ProcessId":700,"Image":"C:\\Windows\\system32\\lsass.exe","TargetObject":"HKLM\\SOFTWARE\\Microsoft\\SystemCertificates\\CA\\Certificates","User":"NT AUTHORITY\\SYSTEM"},{"EventSourceName":"Microsoft-Windows-Sysmon","Provider":"Microsoft-Windows-Sysmon","ProviderGuid":"{5770385f-c22a-43e0-bf4c-06f5698ffbd9}","Level":"4","Keywords":"0x8000000000000000","Channel":"Microsoft-Windows-Sysmon/Operational","Computer":"FlareVM","TimeCreated":"2023-02-17T08:08:41.787Z","TimeGenerated":"2023-02-17T01:08:41.787Z","EventRecordID":"26503","EventID":12,"Message":"Registry object added or deleted:\r\nRuleName: technique_id=T1553.004,technique_name=Install Root Certificate\r\nEventType: CreateKey\r\nUtcTime: 2023-02-17 13:08:41.775\r\nProcessGuid: {159466bb-3ce2-63c4-0c00-000000000c00}\r\nProcessId: 700\r\nImage: C:\\Windows\\system32\\lsass.exe\r\nTargetObject: HKLM\\SOFTWARE\\Policies\\Microsoft\\SystemCertificates\\CA\\Certificates\r\nUser: NT AUTHORITY\\SYSTEM","EventData":"\u003cEventData xmlns=\"http://schemas.microsoft.com/win/2004/08/events/event\"\u003e\u003cData Name=\"RuleName\"\u003etechnique_id=T1553.004,technique_name=Install Root Certificate\u003c/Data\u003e\u003cData Name=\"EventType\"\u003eCreateKey\u003c/Data\u003e\u003cData Name=\"UtcTime\"\u003e2023-02-17 13:08:41.775\u003c/Data\u003e\u003cData Name=\"ProcessGuid\"\u003e{159466bb-3ce2-63c4-0c00-000000000c00}\u003c/Data\u003e\u003cData Name=\"ProcessId\"\u003e700\u003c/Data\u003e\u003cData Name=\"Image\"\u003eC:\\Windows\\system32\\lsass.exe\u003c/Data\u003e\u003cData Name=\"TargetObject\"\u003eHKLM\\SOFTWARE\\Policies\\Microsoft\\SystemCertificates\\CA\\Certificates\u003c/Data\u003e\u003cData Name=\"User\"\u003eNT AUTHORITY\\SYSTEM\u003c/Data\u003e\u003c/EventData\u003e","Task":12,"RuleName":"technique_id=T1553.004,technique_name=Install Root Certificate","EventType":"CreateKey","UtcTime":"2023-02-17 13:08:41.775","ProcessGuid":"159466bb-3ce2-63c4-0c00-000000000c00","ProcessId":700,"Image":"C:\\Windows\\system32\\lsass.exe","TargetObject":"HKLM\\SOFTWARE\\Policies\\Microsoft\\SystemCertificates\\CA\\Certificates","User":"NT AUTHORITY\\SYSTEM"},