{"EventSourceName":"Microsoft-Windows-Sysmon","Provider":"Microsoft-Windows-Sysmon","ProviderGuid":"{5770385f-c22a-43e0-bf4c-06f5698ffbd9}","Level":"4","Keywords":"0x8000000000000000","Channel":"Microsoft-Windows-Sysmon/Operational","Computer":"FlareVM","TimeCreated":"2023-03-02T11:38:24.360Z","TimeGenerated":"2023-03-02T04:38:24.360Z","EventRecordID":"57658","EventID":11,"Message":"File created:\r\nRuleName: technique_id=T1574.010,technique_name=Services File Permissions Weakness\r\nUtcTime: 2023-03-02 16:38:24.346\r\nProcessGuid: {159466bb-a9f3-63f7-2800-000000000f00}\r\nProcessId: 1888\r\nImage: C:\\Windows\\system32\\svchost.exe\r\nTargetFilename: C:\\Windows\\Prefetch\\MSHTA.EXE-392EB492.pf\r\nCreationUtcTime: 2023-03-02 16:38:16.396\r\nUser: NT AUTHORITY\\SYSTEM","EventData":"\u003cEventData xmlns=\"http://schemas.microsoft.com/win/2004/08/events/event\"\u003e\u003cData Name=\"RuleName\"\u003etechnique_id=T1574.010,technique_name=Services File Permissions Weakness\u003c/Data\u003e\u003cData Name=\"UtcTime\"\u003e2023-03-02 16:38:24.346\u003c/Data\u003e\u003cData Name=\"ProcessGuid\"\u003e{159466bb-a9f3-63f7-2800-000000000f00}\u003c/Data\u003e\u003cData Name=\"ProcessId\"\u003e1888\u003c/Data\u003e\u003cData Name=\"Image\"\u003eC:\\Windows\\system32\\svchost.exe\u003c/Data\u003e\u003cData Name=\"TargetFilename\"\u003eC:\\Windows\\Prefetch\\MSHTA.EXE-392EB492.pf\u003c/Data\u003e\u003cData Name=\"CreationUtcTime\"\u003e2023-03-02 16:38:16.396\u003c/Data\u003e\u003cData Name=\"User\"\u003eNT AUTHORITY\\SYSTEM\u003c/Data\u003e\u003c/EventData\u003e","Task":11,"RuleName":"technique_id=T1574.010,technique_name=Services File Permissions Weakness","UtcTime":"2023-03-02 16:38:24.346","ProcessGuid":"159466bb-a9f3-63f7-2800-000000000f00","ProcessId":1888,"Image":"C:\\Windows\\system32\\svchost.exe","TargetFilename":"C:\\Windows\\Prefetch\\MSHTA.EXE-392EB492.pf","CreationUtcTime":"2023-03-02 16:38:16.396","User":"NT AUTHORITY\\SYSTEM"},{"EventSourceName":"Microsoft-Windows-Sysmon","Provider":"Microsoft-Windows-Sysmon","ProviderGuid":"{5770385f-c22a-43e0-bf4c-06f5698ffbd9}","Level":"4","Keywords":"0x8000000000000000","Channel":"Microsoft-Windows-Sysmon/Operational","Computer":"FlareVM","TimeCreated":"2023-03-02T11:38:25.017Z","TimeGenerated":"2023-03-02T04:38:25.017Z","EventRecordID":"57659","EventID":7,"Message":"Image loaded:\r\nRuleName: technique_id=T1218.005,technique_name=MSHTA with AMSI Bypass\r\nUtcTime: 2023-03-02 16:38:25.012\r\nProcessGuid: {159466bb-d0ee-6400-4101-000000000f00}\r\nProcessId: 5844\r\nImage: C:\\Windows\\SysWOW64\\mshta.exe\r\nImageLoaded: C:\\Windows\\SysWOW64\\jscript9.dll\r\nFileVersion: 11.00.19041.2251 (WinBuild.160101.0800)\r\nDescription: Microsoft ® JScript\r\nProduct: Internet Explorer\r\nCompany: Microsoft Corporation\r\nOriginalFileName: jscript9.dll\r\nHashes: SHA1=C77A3E920AB1CD7C38E52DE4EA58432EF1AB5C62,MD5=435867A5CDAE3265A27E91D38EB4368F,SHA256=77F81AE733807037920760BD43EDBB2BF6220F19C5A1B97E45EF03EBF29E85B0,IMPHASH=2A4AA2BF50C18D4670C4C746AD402E94\r\nSigned: true\r\nSignature: Microsoft Windows\r\nSignatureStatus: Valid\r\nUser: FLAREVM\\malware","EventData":"\u003cEventData xmlns=\"http://schemas.microsoft.com/win/2004/08/events/event\"\u003e\u003cData Name=\"RuleName\"\u003etechnique_id=T1218.005,technique_name=MSHTA with AMSI Bypass\u003c/Data\u003e\u003cData Name=\"UtcTime\"\u003e2023-03-02 16:38:25.012\u003c/Data\u003e\u003cData Name=\"ProcessGuid\"\u003e{159466bb-d0ee-6400-4101-000000000f00}\u003c/Data\u003e\u003cData Name=\"ProcessId\"\u003e5844\u003c/Data\u003e\u003cData Name=\"Image\"\u003eC:\\Windows\\SysWOW64\\mshta.exe\u003c/Data\u003e\u003cData Name=\"ImageLoaded\"\u003eC:\\Windows\\SysWOW64\\jscript9.dll\u003c/Data\u003e\u003cData Name=\"FileVersion\"\u003e11.00.19041.2251 (WinBuild.160101.0800)\u003c/Data\u003e\u003cData Name=\"Description\"\u003eMicrosoft ® JScript\u003c/Data\u003e\u003cData Name=\"Product\"\u003eInternet Explorer\u003c/Data\u003e\u003cData Name=\"Company\"\u003eMicrosoft Corporation\u003c/Data\u003e\u003cData Name=\"OriginalFileName\"\u003ejscript9.dll\u003c/Data\u003e\u003cData Name=\"Hashes\"\u003eSHA1=C77A3E920AB1CD7C38E52DE4EA58432EF1AB5C62,MD5=435867A5CDAE3265A27E91D38EB4368F,SHA256=77F81AE733807037920760BD43EDBB2BF6220F19C5A1B97E45EF03EBF29E85B0,IMPHASH=2A4AA2BF50C18D4670C4C746AD402E94\u003c/Data\u003e\u003cData Name=\"Signed\"\u003etrue\u003c/Data\u003e\u003cData Name=\"Signature\"\u003eMicrosoft Windows\u003c/Data\u003e\u003cData Name=\"SignatureStatus\"\u003eValid\u003c/Data\u003e\u003cData Name=\"User\"\u003eFLAREVM\\malware\u003c/Data\u003e\u003c/EventData\u003e","Task":7,"RuleName":"technique_id=T1218.005,technique_name=MSHTA with AMSI Bypass","UtcTime":"2023-03-02 16:38:25.012","ProcessGuid":"159466bb-d0ee-6400-4101-000000000f00","ProcessId":5844,"Image":"C:\\Windows\\SysWOW64\\mshta.exe","ImageLoaded":"C:\\Windows\\SysWOW64\\jscript9.dll","FileVersion":"11.00.19041.2251 (WinBuild.160101.0800)","Description":"Microsoft ® JScript","Product":"Internet Explorer","Company":"Microsoft Corporation","OriginalFileName":"jscript9.dll","Hashes":"SHA1=C77A3E920AB1CD7C38E52DE4EA58432EF1AB5C62,MD5=435867A5CDAE3265A27E91D38EB4368F,SHA256=77F81AE733807037920760BD43EDBB2BF6220F19C5A1B97E45EF03EBF29E85B0,IMPHASH=2A4AA2BF50C18D4670C4C746AD402E94","Signed":"true","Signature":"Microsoft Windows","SignatureStatus":"Valid","User":"FLAREVM\\malware"},{"EventSourceName":"Microsoft-Windows-Sysmon","Provider":"Microsoft-Windows-Sysmon","ProviderGuid":"{5770385f-c22a-43e0-bf4c-06f5698ffbd9}","Level":"4","Keywords":"0x8000000000000000","Channel":"Microsoft-Windows-Sysmon/Operational","Computer":"FlareVM","TimeCreated":"2023-03-02T11:38:25.068Z","TimeGenerated":"2023-03-02T04:38:25.068Z","EventRecordID":"57660","EventID":13,"Message":"Registry value set:\r\nRuleName: technique_id=T1543,technique_name=Service Creation\r\nEventType: SetValue\r\nUtcTime: 2023-03-02 16:38:25.065\r\nProcessGuid: {159466bb-d0ee-6400-4101-000000000f00}\r\nProcessId: 5844\r\nImage: C:\\Windows\\SysWOW64\\mshta.exe\r\nTargetObject: HKLM\\System\\CurrentControlSet\\Services\\bam\\State\\UserSettings\\S-1-5-21-2199682790-2533951109-4136935257-1001\\\\Device\\HarddiskVolume3\\Windows\\SysWOW64\\mshta.exe\r\nDetails: Binary Data\r\nUser: FLAREVM\\malware","EventData":"\u003cEventData xmlns=\"http://schemas.microsoft.com/win/2004/08/events/event\"\u003e\u003cData Name=\"RuleName\"\u003etechnique_id=T1543,technique_name=Service Creation\u003c/Data\u003e\u003cData Name=\"EventType\"\u003eSetValue\u003c/Data\u003e\u003cData Name=\"UtcTime\"\u003e2023-03-02 16:38:25.065\u003c/Data\u003e\u003cData Name=\"ProcessGuid\"\u003e{159466bb-d0ee-6400-4101-000000000f00}\u003c/Data\u003e\u003cData Name=\"ProcessId\"\u003e5844\u003c/Data\u003e\u003cData Name=\"Image\"\u003eC:\\Windows\\SysWOW64\\mshta.exe\u003c/Data\u003e\u003cData Name=\"TargetObject\"\u003eHKLM\\System\\CurrentControlSet\\Services\\bam\\State\\UserSettings\\S-1-5-21-2199682790-2533951109-4136935257-1001\\\\Device\\HarddiskVolume3\\Windows\\SysWOW64\\mshta.exe\u003c/Data\u003e\u003cData Name=\"Details\"\u003eBinary Data\u003c/Data\u003e\u003cData Name=\"User\"\u003eFLAREVM\\malware\u003c/Data\u003e\u003c/EventData\u003e","Task":13,"RuleName":"technique_id=T1543,technique_name=Service Creation","EventType":"SetValue","UtcTime":"2023-03-02 16:38:25.065","ProcessGuid":"159466bb-d0ee-6400-4101-000000000f00","ProcessId":5844,"Image":"C:\\Windows\\SysWOW64\\mshta.exe","TargetObject":"HKLM\\System\\CurrentControlSet\\Services\\bam\\State\\UserSettings\\S-1-5-21-2199682790-2533951109-4136935257-1001\\\\Device\\HarddiskVolume3\\Windows\\SysWOW64\\mshta.exe","Details":"Binary Data","User":"FLAREVM\\malware"},{"EventSourceName":"Microsoft-Windows-Sysmon","Provider":"Microsoft-Windows-Sysmon","ProviderGuid":"{5770385f-c22a-43e0-bf4c-06f5698ffbd9}","Level":"4","Keywords":"0x8000000000000000","Channel":"Microsoft-Windows-Sysmon/Operational","Computer":"FlareVM","TimeCreated":"2023-03-02T11:38:46.335Z","TimeGenerated":"2023-03-02T04:38:46.335Z","EventRecordID":"57661","EventID":13,"Message":"Registry value set:\r\nRuleName: technique_id=T1543,technique_name=Service Creation\r\nEventType: SetValue\r\nUtcTime: 2023-03-02 16:38:46.321\r\nProcessGuid: {159466bb-cd44-6400-e800-000000000f00}\r\nProcessId: 10696\r\nImage: C:\\Program Files\\Mozilla Firefox\\firefox.exe\r\nTargetObject: HKLM\\System\\CurrentControlSet\\Services\\bam\\State\\UserSettings\\S-1-5-21-2199682790-2533951109-4136935257-1001\\\\Device\\HarddiskVolume3\\Program Files\\Mozilla Firefox\\firefox.exe\r\nDetails: Binary Data\r\nUser: FLAREVM\\malware","EventData":"\u003cEventData xmlns=\"http://schemas.microsoft.com/win/2004/08/events/event\"\u003e\u003cData Name=\"RuleName\"\u003etechnique_id=T1543,technique_name=Service Creation\u003c/Data\u003e\u003cData Name=\"EventType\"\u003eSetValue\u003c/Data\u003e\u003cData Name=\"UtcTime\"\u003e2023-03-02 16:38:46.321\u003c/Data\u003e\u003cData Name=\"ProcessGuid\"\u003e{159466bb-cd44-6400-e800-000000000f00}\u003c/Data\u003e\u003cData Name=\"ProcessId\"\u003e10696\u003c/Data\u003e\u003cData Name=\"Image\"\u003eC:\\Program Files\\Mozilla Firefox\\firefox.exe\u003c/Data\u003e\u003cData Name=\"TargetObject\"\u003eHKLM\\System\\CurrentControlSet\\Services\\bam\\State\\UserSettings\\S-1-5-21-2199682790-2533951109-4136935257-1001\\\\Device\\HarddiskVolume3\\Program Files\\Mozilla Firefox\\firefox.exe\u003c/Data\u003e\u003cData Name=\"Details\"\u003eBinary Data\u003c/Data\u003e\u003cData Name=\"User\"\u003eFLAREVM\\malware\u003c/Data\u003e\u003c/EventData\u003e","Task":13,"RuleName":"technique_id=T1543,technique_name=Service Creation","EventType":"SetValue","UtcTime":"2023-03-02 16:38:46.321","ProcessGuid":"159466bb-cd44-6400-e800-000000000f00","ProcessId":10696,"Image":"C:\\Program Files\\Mozilla Firefox\\firefox.exe","TargetObject":"HKLM\\System\\CurrentControlSet\\Services\\bam\\State\\UserSettings\\S-1-5-21-2199682790-2533951109-4136935257-1001\\\\Device\\HarddiskVolume3\\Program Files\\Mozilla Firefox\\firefox.exe","Details":"Binary Data","User":"FLAREVM\\malware"},{"EventSourceName":"Microsoft-Windows-Sysmon","Provider":"Microsoft-Windows-Sysmon","ProviderGuid":"{5770385f-c22a-43e0-bf4c-06f5698ffbd9}","Level":"4","Keywords":"0x8000000000000000","Channel":"Microsoft-Windows-Sysmon/Operational","Computer":"FlareVM","TimeCreated":"2023-03-02T11:38:46.366Z","TimeGenerated":"2023-03-02T04:38:46.366Z","EventRecordID":"57662","EventID":13,"Message":"Registry value set:\r\nRuleName: technique_id=T1543,technique_name=Service Creation\r\nEventType: SetValue\r\nUtcTime: 2023-03-02 16:38:46.352\r\nProcessGuid: {159466bb-cd46-6400-ea00-000000000f00}\r\nProcessId: 11152\r\nImage: C:\\Program Files\\Mozilla Firefox\\firefox.exe\r\nTargetObject: HKLM\\System\\CurrentControlSet\\Services\\bam\\State\\UserSettings\\S-1-5-21-2199682790-2533951109-4136935257-1001\\\\Device\\HarddiskVolume3\\Program Files\\Mozilla Firefox\\firefox.exe\r\nDetails: Binary Data\r\nUser: FLAREVM\\malware","EventData":"\u003cEventData xmlns=\"http://schemas.microsoft.com/win/2004/08/events/event\"\u003e\u003cData Name=\"RuleName\"\u003etechnique_id=T1543,technique_name=Service Creation\u003c/Data\u003e\u003cData Name=\"EventType\"\u003eSetValue\u003c/Data\u003e\u003cData Name=\"UtcTime\"\u003e2023-03-02 16:38:46.352\u003c/Data\u003e\u003cData Name=\"ProcessGuid\"\u003e{159466bb-cd46-6400-ea00-000000000f00}\u003c/Data\u003e\u003cData Name=\"ProcessId\"\u003e11152\u003c/Data\u003e\u003cData Name=\"Image\"\u003eC:\\Program Files\\Mozilla Firefox\\firefox.exe\u003c/Data\u003e\u003cData Name=\"TargetObject\"\u003eHKLM\\System\\CurrentControlSet\\Services\\bam\\State\\UserSettings\\S-1-5-21-2199682790-2533951109-4136935257-1001\\\\Device\\HarddiskVolume3\\Program Files\\Mozilla Firefox\\firefox.exe\u003c/Data\u003e\u003cData Name=\"Details\"\u003eBinary Data\u003c/Data\u003e\u003cData Name=\"User\"\u003eFLAREVM\\malware\u003c/Data\u003e\u003c/EventData\u003e","Task":13,"RuleName":"technique_id=T1543,technique_name=Service Creation","EventType":"SetValue","UtcTime":"2023-03-02 16:38:46.352","ProcessGuid":"159466bb-cd46-6400-ea00-000000000f00","ProcessId":11152,"Image":"C:\\Program Files\\Mozilla Firefox\\firefox.exe","TargetObject":"HKLM\\System\\CurrentControlSet\\Services\\bam\\State\\UserSettings\\S-1-5-21-2199682790-2533951109-4136935257-1001\\\\Device\\HarddiskVolume3\\Program Files\\Mozilla Firefox\\firefox.exe","Details":"Binary Data","User":"FLAREVM\\malware"},{"EventSourceName":"Microsoft-Windows-Sysmon","Provider":"Microsoft-Windows-Sysmon","ProviderGuid":"{5770385f-c22a-43e0-bf4c-06f5698ffbd9}","Level":"4","Keywords":"0x8000000000000000","Channel":"Microsoft-Windows-Sysmon/Operational","Computer":"FlareVM","TimeCreated":"2023-03-02T11:38:46.661Z","TimeGenerated":"2023-03-02T04:38:46.661Z","EventRecordID":"57663","EventID":13,"Message":"Registry value set:\r\nRuleName: technique_id=T1543,technique_name=Service Creation\r\nEventType: SetValue\r\nUtcTime: 2023-03-02 16:38:46.656\r\nProcessGuid: {159466bb-cd30-6400-ca00-000000000f00}\r\nProcessId: 9336\r\nImage: C:\\Program Files\\Mozilla Firefox\\firefox.exe\r\nTargetObject: HKLM\\System\\CurrentControlSet\\Services\\bam\\State\\UserSettings\\S-1-5-21-2199682790-2533951109-4136935257-1001\\\\Device\\HarddiskVolume3\\Program Files\\Mozilla Firefox\\firefox.exe\r\nDetails: Binary Data\r\nUser: FLAREVM\\malware","EventData":"\u003cEventData xmlns=\"http://schemas.microsoft.com/win/2004/08/events/event\"\u003e\u003cData Name=\"RuleName\"\u003etechnique_id=T1543,technique_name=Service Creation\u003c/Data\u003e\u003cData Name=\"EventType\"\u003eSetValue\u003c/Data\u003e\u003cData Name=\"UtcTime\"\u003e2023-03-02 16:38:46.656\u003c/Data\u003e\u003cData Name=\"ProcessGuid\"\u003e{159466bb-cd30-6400-ca00-000000000f00}\u003c/Data\u003e\u003cData Name=\"ProcessId\"\u003e9336\u003c/Data\u003e\u003cData Name=\"Image\"\u003eC:\\Program Files\\Mozilla Firefox\\firefox.exe\u003c/Data\u003e\u003cData Name=\"TargetObject\"\u003eHKLM\\System\\CurrentControlSet\\Services\\bam\\State\\UserSettings\\S-1-5-21-2199682790-2533951109-4136935257-1001\\\\Device\\HarddiskVolume3\\Program Files\\Mozilla Firefox\\firefox.exe\u003c/Data\u003e\u003cData Name=\"Details\"\u003eBinary Data\u003c/Data\u003e\u003cData Name=\"User\"\u003eFLAREVM\\malware\u003c/Data\u003e\u003c/EventData\u003e","Task":13,"RuleName":"technique_id=T1543,technique_name=Service Creation","EventType":"SetValue","UtcTime":"2023-03-02 16:38:46.656","ProcessGuid":"159466bb-cd30-6400-ca00-000000000f00","ProcessId":9336,"Image":"C:\\Program Files\\Mozilla Firefox\\firefox.exe","TargetObject":"HKLM\\System\\CurrentControlSet\\Services\\bam\\State\\UserSettings\\S-1-5-21-2199682790-2533951109-4136935257-1001\\\\Device\\HarddiskVolume3\\Program Files\\Mozilla Firefox\\firefox.exe","Details":"Binary Data","User":"FLAREVM\\malware"},{"EventSourceName":"Microsoft-Windows-Sysmon","Provider":"Microsoft-Windows-Sysmon","ProviderGuid":"{5770385f-c22a-43e0-bf4c-06f5698ffbd9}","Level":"4","Keywords":"0x8000000000000000","Channel":"Microsoft-Windows-Sysmon/Operational","Computer":"FlareVM","TimeCreated":"2023-03-02T11:38:46.671Z","TimeGenerated":"2023-03-02T04:38:46.671Z","EventRecordID":"57664","EventID":13,"Message":"Registry value set:\r\nRuleName: technique_id=T1543,technique_name=Service Creation\r\nEventType: SetValue\r\nUtcTime: 2023-03-02 16:38:46.671\r\nProcessGuid: {159466bb-cd30-6400-ca00-000000000f00}\r\nProcessId: 9336\r\nImage: C:\\Program Files\\Mozilla Firefox\\firefox.exe\r\nTargetObject: HKLM\\System\\CurrentControlSet\\Services\\bam\\State\\UserSettings\\S-1-5-21-2199682790-2533951109-4136935257-1001\\\\Device\\HarddiskVolume3\\Program Files\\Mozilla Firefox\\firefox.exe\r\nDetails: Binary Data\r\nUser: FLAREVM\\malware","EventData":"\u003cEventData xmlns=\"http://schemas.microsoft.com/win/2004/08/events/event\"\u003e\u003cData Name=\"RuleName\"\u003etechnique_id=T1543,technique_name=Service Creation\u003c/Data\u003e\u003cData Name=\"EventType\"\u003eSetValue\u003c/Data\u003e\u003cData Name=\"UtcTime\"\u003e2023-03-02 16:38:46.671\u003c/Data\u003e\u003cData Name=\"ProcessGuid\"\u003e{159466bb-cd30-6400-ca00-000000000f00}\u003c/Data\u003e\u003cData Name=\"ProcessId\"\u003e9336\u003c/Data\u003e\u003cData Name=\"Image\"\u003eC:\\Program Files\\Mozilla Firefox\\firefox.exe\u003c/Data\u003e\u003cData Name=\"TargetObject\"\u003eHKLM\\System\\CurrentControlSet\\Services\\bam\\State\\UserSettings\\S-1-5-21-2199682790-2533951109-4136935257-1001\\\\Device\\HarddiskVolume3\\Program Files\\Mozilla Firefox\\firefox.exe\u003c/Data\u003e\u003cData Name=\"Details\"\u003eBinary Data\u003c/Data\u003e\u003cData Name=\"User\"\u003eFLAREVM\\malware\u003c/Data\u003e\u003c/EventData\u003e","Task":13,"RuleName":"technique_id=T1543,technique_name=Service Creation","EventType":"SetValue","UtcTime":"2023-03-02 16:38:46.671","ProcessGuid":"159466bb-cd30-6400-ca00-000000000f00","ProcessId":9336,"Image":"C:\\Program Files\\Mozilla Firefox\\firefox.exe","TargetObject":"HKLM\\System\\CurrentControlSet\\Services\\bam\\State\\UserSettings\\S-1-5-21-2199682790-2533951109-4136935257-1001\\\\Device\\HarddiskVolume3\\Program Files\\Mozilla Firefox\\firefox.exe","Details":"Binary Data","User":"FLAREVM\\malware"},{"EventSourceName":"Microsoft-Windows-Sysmon","Provider":"Microsoft-Windows-Sysmon","ProviderGuid":"{5770385f-c22a-43e0-bf4c-06f5698ffbd9}","Level":"4","Keywords":"0x8000000000000000","Channel":"Microsoft-Windows-Sysmon/Operational","Computer":"FlareVM","TimeCreated":"2023-03-02T11:38:46.677Z","TimeGenerated":"2023-03-02T04:38:46.677Z","EventRecordID":"57665","EventID":13,"Message":"Registry value set:\r\nRuleName: technique_id=T1543,technique_name=Service Creation\r\nEventType: SetValue\r\nUtcTime: 2023-03-02 16:38:46.671\r\nProcessGuid: {159466bb-cd30-6400-ca00-000000000f00}\r\nProcessId: 9336\r\nImage: C:\\Program Files\\Mozilla Firefox\\firefox.exe\r\nTargetObject: HKLM\\System\\CurrentControlSet\\Services\\bam\\State\\UserSettings\\S-1-5-21-2199682790-2533951109-4136935257-1001\\\\Device\\HarddiskVolume3\\Program Files\\Mozilla Firefox\\firefox.exe\r\nDetails: Binary Data\r\nUser: FLAREVM\\malware","EventData":"\u003cEventData xmlns=\"http://schemas.microsoft.com/win/2004/08/events/event\"\u003e\u003cData Name=\"RuleName\"\u003etechnique_id=T1543,technique_name=Service Creation\u003c/Data\u003e\u003cData Name=\"EventType\"\u003eSetValue\u003c/Data\u003e\u003cData Name=\"UtcTime\"\u003e2023-03-02 16:38:46.671\u003c/Data\u003e\u003cData Name=\"ProcessGuid\"\u003e{159466bb-cd30-6400-ca00-000000000f00}\u003c/Data\u003e\u003cData Name=\"ProcessId\"\u003e9336\u003c/Data\u003e\u003cData Name=\"Image\"\u003eC:\\Program Files\\Mozilla Firefox\\firefox.exe\u003c/Data\u003e\u003cData Name=\"TargetObject\"\u003eHKLM\\System\\CurrentControlSet\\Services\\bam\\State\\UserSettings\\S-1-5-21-2199682790-2533951109-4136935257-1001\\\\Device\\HarddiskVolume3\\Program Files\\Mozilla Firefox\\firefox.exe\u003c/Data\u003e\u003cData Name=\"Details\"\u003eBinary Data\u003c/Data\u003e\u003cData Name=\"User\"\u003eFLAREVM\\malware\u003c/Data\u003e\u003c/EventData\u003e","Task":13,"RuleName":"technique_id=T1543,technique_name=Service Creation","EventType":"SetValue","UtcTime":"2023-03-02 16:38:46.671","ProcessGuid":"159466bb-cd30-6400-ca00-000000000f00","ProcessId":9336,"Image":"C:\\Program Files\\Mozilla Firefox\\firefox.exe","TargetObject":"HKLM\\System\\CurrentControlSet\\Services\\bam\\State\\UserSettings\\S-1-5-21-2199682790-2533951109-4136935257-1001\\\\Device\\HarddiskVolume3\\Program Files\\Mozilla Firefox\\firefox.exe","Details":"Binary Data","User":"FLAREVM\\malware"},{"EventSourceName":"Microsoft-Windows-Sysmon","Provider":"Microsoft-Windows-Sysmon","ProviderGuid":"{5770385f-c22a-43e0-bf4c-06f5698ffbd9}","Level":"4","Keywords":"0x8000000000000000","Channel":"Microsoft-Windows-Sysmon/Operational","Computer":"FlareVM","TimeCreated":"2023-03-02T11:38:47.283Z","TimeGenerated":"2023-03-02T04:38:47.283Z","EventRecordID":"57666","EventID":17,"Message":"Pipe Created:\r\nRuleName: -\r\nEventType: CreatePipe\r\nUtcTime: 2023-03-02 16:38:47.283\r\nProcessGuid: {159466bb-cd30-6400-ca00-000000000f00}\r\nProcessId: 9336\r\nPipeName: \\gecko.9336.9516.7057797984650660266\r\nImage: C:\\Program Files\\Mozilla Firefox\\firefox.exe\r\nUser: FLAREVM\\malware","EventData":"\u003cEventData xmlns=\"http://schemas.microsoft.com/win/2004/08/events/event\"\u003e\u003cData Name=\"RuleName\"\u003e-\u003c/Data\u003e\u003cData Name=\"EventType\"\u003eCreatePipe\u003c/Data\u003e\u003cData Name=\"UtcTime\"\u003e2023-03-02 16:38:47.283\u003c/Data\u003e\u003cData Name=\"ProcessGuid\"\u003e{159466bb-cd30-6400-ca00-000000000f00}\u003c/Data\u003e\u003cData Name=\"ProcessId\"\u003e9336\u003c/Data\u003e\u003cData Name=\"PipeName\"\u003e\\gecko.9336.9516.7057797984650660266\u003c/Data\u003e\u003cData Name=\"Image\"\u003eC:\\Program Files\\Mozilla Firefox\\firefox.exe\u003c/Data\u003e\u003cData Name=\"User\"\u003eFLAREVM\\malware\u003c/Data\u003e\u003c/EventData\u003e","Task":17,"RuleName":"-","EventType":"CreatePipe","UtcTime":"2023-03-02 16:38:47.283","ProcessGuid":"159466bb-cd30-6400-ca00-000000000f00","ProcessId":9336,"PipeName":"\\gecko.9336.9516.7057797984650660266","Image":"C:\\Program Files\\Mozilla Firefox\\firefox.exe","User":"FLAREVM\\malware"},{"EventSourceName":"Microsoft-Windows-Sysmon","Provider":"Microsoft-Windows-Sysmon","ProviderGuid":"{5770385f-c22a-43e0-bf4c-06f5698ffbd9}","Level":"4","Keywords":"0x8000000000000000","Channel":"Microsoft-Windows-Sysmon/Operational","Computer":"FlareVM","TimeCreated":"2023-03-02T11:38:47.285Z","TimeGenerated":"2023-03-02T04:38:47.285Z","EventRecordID":"57667","EventID":17,"Message":"Pipe Created:\r\nRuleName: -\r\nEventType: CreatePipe\r\nUtcTime: 2023-03-02 16:38:47.283\r\nProcessGuid: {159466bb-cd30-6400-ca00-000000000f00}\r\nProcessId: 9336\r\nPipeName: \\gecko.9336.9516.8762629357886127964\r\nImage: C:\\Program Files\\Mozilla Firefox\\firefox.exe\r\nUser: FLAREVM\\malware","EventData":"\u003cEventData xmlns=\"http://schemas.microsoft.com/win/2004/08/events/event\"\u003e\u003cData Name=\"RuleName\"\u003e-\u003c/Data\u003e\u003cData Name=\"EventType\"\u003eCreatePipe\u003c/Data\u003e\u003cData Name=\"UtcTime\"\u003e2023-03-02 16:38:47.283\u003c/Data\u003e\u003cData Name=\"ProcessGuid\"\u003e{159466bb-cd30-6400-ca00-000000000f00}\u003c/Data\u003e\u003cData Name=\"ProcessId\"\u003e9336\u003c/Data\u003e\u003cData Name=\"PipeName\"\u003e\\gecko.9336.9516.8762629357886127964\u003c/Data\u003e\u003cData Name=\"Image\"\u003eC:\\Program Files\\Mozilla Firefox\\firefox.exe\u003c/Data\u003e\u003cData Name=\"User\"\u003eFLAREVM\\malware\u003c/Data\u003e\u003c/EventData\u003e","Task":17,"RuleName":"-","EventType":"CreatePipe","UtcTime":"2023-03-02 16:38:47.283","ProcessGuid":"159466bb-cd30-6400-ca00-000000000f00","ProcessId":9336,"PipeName":"\\gecko.9336.9516.8762629357886127964","Image":"C:\\Program Files\\Mozilla Firefox\\firefox.exe","User":"FLAREVM\\malware"},{"EventSourceName":"Microsoft-Windows-Sysmon","Provider":"Microsoft-Windows-Sysmon","ProviderGuid":"{5770385f-c22a-43e0-bf4c-06f5698ffbd9}","Level":"4","Keywords":"0x8000000000000000","Channel":"Microsoft-Windows-Sysmon/Operational","Computer":"FlareVM","TimeCreated":"2023-03-02T11:38:47.287Z","TimeGenerated":"2023-03-02T04:38:47.287Z","EventRecordID":"57668","EventID":17,"Message":"Pipe Created:\r\nRuleName: -\r\nEventType: CreatePipe\r\nUtcTime: 2023-03-02 16:38:47.286\r\nProcessGuid: {159466bb-cd30-6400-ca00-000000000f00}\r\nProcessId: 9336\r\nPipeName: \\gecko.9336.9516.10273389976104694994\r\nImage: C:\\Program Files\\Mozilla Firefox\\firefox.exe\r\nUser: FLAREVM\\malware","EventData":"\u003cEventData xmlns=\"http://schemas.microsoft.com/win/2004/08/events/event\"\u003e\u003cData Name=\"RuleName\"\u003e-\u003c/Data\u003e\u003cData Name=\"EventType\"\u003eCreatePipe\u003c/Data\u003e\u003cData Name=\"UtcTime\"\u003e2023-03-02 16:38:47.286\u003c/Data\u003e\u003cData Name=\"ProcessGuid\"\u003e{159466bb-cd30-6400-ca00-000000000f00}\u003c/Data\u003e\u003cData Name=\"ProcessId\"\u003e9336\u003c/Data\u003e\u003cData Name=\"PipeName\"\u003e\\gecko.9336.9516.10273389976104694994\u003c/Data\u003e\u003cData Name=\"Image\"\u003eC:\\Program Files\\Mozilla Firefox\\firefox.exe\u003c/Data\u003e\u003cData Name=\"User\"\u003eFLAREVM\\malware\u003c/Data\u003e\u003c/EventData\u003e","Task":17,"RuleName":"-","EventType":"CreatePipe","UtcTime":"2023-03-02 16:38:47.286","ProcessGuid":"159466bb-cd30-6400-ca00-000000000f00","ProcessId":9336,"PipeName":"\\gecko.9336.9516.10273389976104694994","Image":"C:\\Program Files\\Mozilla Firefox\\firefox.exe","User":"FLAREVM\\malware"},{"EventSourceName":"Microsoft-Windows-Sysmon","Provider":"Microsoft-Windows-Sysmon","ProviderGuid":"{5770385f-c22a-43e0-bf4c-06f5698ffbd9}","Level":"4","Keywords":"0x8000000000000000","Channel":"Microsoft-Windows-Sysmon/Operational","Computer":"FlareVM","TimeCreated":"2023-03-02T11:38:47.301Z","TimeGenerated":"2023-03-02T04:38:47.301Z","EventRecordID":"57669","EventID":17,"Message":"Pipe Created:\r\nRuleName: -\r\nEventType: CreatePipe\r\nUtcTime: 2023-03-02 16:38:47.294\r\nProcessGuid: {159466bb-cd30-6400-ca00-000000000f00}\r\nProcessId: 9336\r\nPipeName: \\LOCAL\\cubeb-pipe-9336-9\r\nImage: C:\\Program Files\\Mozilla Firefox\\firefox.exe\r\nUser: FLAREVM\\malware","EventData":"\u003cEventData xmlns=\"http://schemas.microsoft.com/win/2004/08/events/event\"\u003e\u003cData Name=\"RuleName\"\u003e-\u003c/Data\u003e\u003cData Name=\"EventType\"\u003eCreatePipe\u003c/Data\u003e\u003cData Name=\"UtcTime\"\u003e2023-03-02 16:38:47.294\u003c/Data\u003e\u003cData Name=\"ProcessGuid\"\u003e{159466bb-cd30-6400-ca00-000000000f00}\u003c/Data\u003e\u003cData Name=\"ProcessId\"\u003e9336\u003c/Data\u003e\u003cData Name=\"PipeName\"\u003e\\LOCAL\\cubeb-pipe-9336-9\u003c/Data\u003e\u003cData Name=\"Image\"\u003eC:\\Program Files\\Mozilla Firefox\\firefox.exe\u003c/Data\u003e\u003cData Name=\"User\"\u003eFLAREVM\\malware\u003c/Data\u003e\u003c/EventData\u003e","Task":17,"RuleName":"-","EventType":"CreatePipe","UtcTime":"2023-03-02 16:38:47.294","ProcessGuid":"159466bb-cd30-6400-ca00-000000000f00","ProcessId":9336,"PipeName":"\\LOCAL\\cubeb-pipe-9336-9","Image":"C:\\Program Files\\Mozilla Firefox\\firefox.exe","User":"FLAREVM\\malware"},{"EventSourceName":"Microsoft-Windows-Sysmon","Provider":"Microsoft-Windows-Sysmon","ProviderGuid":"{5770385f-c22a-43e0-bf4c-06f5698ffbd9}","Level":"4","Keywords":"0x8000000000000000","Channel":"Microsoft-Windows-Sysmon/Operational","Computer":"FlareVM","TimeCreated":"2023-03-02T11:38:47.302Z","TimeGenerated":"2023-03-02T04:38:47.302Z","EventRecordID":"57670","EventID":17,"Message":"Pipe Created:\r\nRuleName: -\r\nEventType: CreatePipe\r\nUtcTime: 2023-03-02 16:38:47.294\r\nProcessGuid: {159466bb-cd30-6400-ca00-000000000f00}\r\nProcessId: 9336\r\nPipeName: \\LOCAL\\cubeb-pipe-9336-10\r\nImage: C:\\Program Files\\Mozilla Firefox\\firefox.exe\r\nUser: FLAREVM\\malware","EventData":"\u003cEventData xmlns=\"http://schemas.microsoft.com/win/2004/08/events/event\"\u003e\u003cData Name=\"RuleName\"\u003e-\u003c/Data\u003e\u003cData Name=\"EventType\"\u003eCreatePipe\u003c/Data\u003e\u003cData Name=\"UtcTime\"\u003e2023-03-02 16:38:47.294\u003c/Data\u003e\u003cData Name=\"ProcessGuid\"\u003e{159466bb-cd30-6400-ca00-000000000f00}\u003c/Data\u003e\u003cData Name=\"ProcessId\"\u003e9336\u003c/Data\u003e\u003cData Name=\"PipeName\"\u003e\\LOCAL\\cubeb-pipe-9336-10\u003c/Data\u003e\u003cData Name=\"Image\"\u003eC:\\Program Files\\Mozilla Firefox\\firefox.exe\u003c/Data\u003e\u003cData Name=\"User\"\u003eFLAREVM\\malware\u003c/Data\u003e\u003c/EventData\u003e","Task":17,"RuleName":"-","EventType":"CreatePipe","UtcTime":"2023-03-02 16:38:47.294","ProcessGuid":"159466bb-cd30-6400-ca00-000000000f00","ProcessId":9336,"PipeName":"\\LOCAL\\cubeb-pipe-9336-10","Image":"C:\\Program Files\\Mozilla Firefox\\firefox.exe","User":"FLAREVM\\malware"},{"EventSourceName":"Microsoft-Windows-Sysmon","Provider":"Microsoft-Windows-Sysmon","ProviderGuid":"{5770385f-c22a-43e0-bf4c-06f5698ffbd9}","Level":"4","Keywords":"0x8000000000000000","Channel":"Microsoft-Windows-Sysmon/Operational","Computer":"FlareVM","TimeCreated":"2023-03-02T11:38:47.302Z","TimeGenerated":"2023-03-02T04:38:47.302Z","EventRecordID":"57671","EventID":17,"Message":"Pipe Created:\r\nRuleName: -\r\nEventType: CreatePipe\r\nUtcTime: 2023-03-02 16:38:47.297\r\nProcessGuid: {159466bb-cd30-6400-ca00-000000000f00}\r\nProcessId: 9336\r\nPipeName: \\LOCAL\\cubeb-pipe-9336-11\r\nImage: C:\\Program Files\\Mozilla Firefox\\firefox.exe\r\nUser: FLAREVM\\malware","EventData":"\u003cEventData xmlns=\"http://schemas.microsoft.com/win/2004/08/events/event\"\u003e\u003cData Name=\"RuleName\"\u003e-\u003c/Data\u003e\u003cData Name=\"EventType\"\u003eCreatePipe\u003c/Data\u003e\u003cData Name=\"UtcTime\"\u003e2023-03-02 16:38:47.297\u003c/Data\u003e\u003cData Name=\"ProcessGuid\"\u003e{159466bb-cd30-6400-ca00-000000000f00}\u003c/Data\u003e\u003cData Name=\"ProcessId\"\u003e9336\u003c/Data\u003e\u003cData Name=\"PipeName\"\u003e\\LOCAL\\cubeb-pipe-9336-11\u003c/Data\u003e\u003cData Name=\"Image\"\u003eC:\\Program Files\\Mozilla Firefox\\firefox.exe\u003c/Data\u003e\u003cData Name=\"User\"\u003eFLAREVM\\malware\u003c/Data\u003e\u003c/EventData\u003e","Task":17,"RuleName":"-","EventType":"CreatePipe","UtcTime":"2023-03-02 16:38:47.297","ProcessGuid":"159466bb-cd30-6400-ca00-000000000f00","ProcessId":9336,"PipeName":"\\LOCAL\\cubeb-pipe-9336-11","Image":"C:\\Program Files\\Mozilla Firefox\\firefox.exe","User":"FLAREVM\\malware"},{"EventSourceName":"Microsoft-Windows-Sysmon","Provider":"Microsoft-Windows-Sysmon","ProviderGuid":"{5770385f-c22a-43e0-bf4c-06f5698ffbd9}","Level":"4","Keywords":"0x8000000000000000","Channel":"Microsoft-Windows-Sysmon/Operational","Computer":"FlareVM","TimeCreated":"2023-03-02T11:38:49.681Z","TimeGenerated":"2023-03-02T04:38:49.681Z","EventRecordID":"57672","EventID":22,"Message":"Dns query:\r\nRuleName: -\r\nUtcTime: 2023-03-02 16:27:14.995\r\nProcessGuid: {159466bb-cd30-6400-ca00-000000000f00}\r\nProcessId: 9336\r\nQueryName: d3ag4hukkh62yn.cloudfront.net\r\nQueryStatus: 0\r\nQueryResults: 2600:9000:2368:8800:7:49a5:5fd2:8621;2600:9000:2368:9800:7:49a5:5fd2:8621;2600:9000:2368:b000:7:49a5:5fd2:8621;2600:9000:2368:f800:7:49a5:5fd2:8621;2600:9000:2368:3a00:7:49a5:5fd2:8621;2600:9000:2368:1600:7:49a5:5fd2:8621;2600:9000:2368:2c00:7:49a5:5fd2:8621;2600:9000:2368:200:7:49a5:5fd2:8621;\r\nImage: C:\\Program Files\\Mozilla Firefox\\firefox.exe\r\nUser: FLAREVM\\malware","EventData":"\u003cEventData xmlns=\"http://schemas.microsoft.com/win/2004/08/events/event\"\u003e\u003cData Name=\"RuleName\"\u003e-\u003c/Data\u003e\u003cData Name=\"UtcTime\"\u003e2023-03-02 16:27:14.995\u003c/Data\u003e\u003cData Name=\"ProcessGuid\"\u003e{159466bb-cd30-6400-ca00-000000000f00}\u003c/Data\u003e\u003cData Name=\"ProcessId\"\u003e9336\u003c/Data\u003e\u003cData Name=\"QueryName\"\u003ed3ag4hukkh62yn.cloudfront.net\u003c/Data\u003e\u003cData Name=\"QueryStatus\"\u003e0\u003c/Data\u003e\u003cData Name=\"QueryResults\"\u003e2600:9000:2368:8800:7:49a5:5fd2:8621;2600:9000:2368:9800:7:49a5:5fd2:8621;2600:9000:2368:b000:7:49a5:5fd2:8621;2600:9000:2368:f800:7:49a5:5fd2:8621;2600:9000:2368:3a00:7:49a5:5fd2:8621;2600:9000:2368:1600:7:49a5:5fd2:8621;2600:9000:2368:2c00:7:49a5:5fd2:8621;2600:9000:2368:200:7:49a5:5fd2:8621;\u003c/Data\u003e\u003cData Name=\"Image\"\u003eC:\\Program Files\\Mozilla Firefox\\firefox.exe\u003c/Data\u003e\u003cData Name=\"User\"\u003eFLAREVM\\malware\u003c/Data\u003e\u003c/EventData\u003e","Task":22,"RuleName":"-","UtcTime":"2023-03-02 16:27:14.995","ProcessGuid":"159466bb-cd30-6400-ca00-000000000f00","ProcessId":9336,"QueryName":"d3ag4hukkh62yn.cloudfront.net","QueryStatus":"0","QueryResults":"2600:9000:2368:8800:7:49a5:5fd2:8621;2600:9000:2368:9800:7:49a5:5fd2:8621;2600:9000:2368:b000:7:49a5:5fd2:8621;2600:9000:2368:f800:7:49a5:5fd2:8621;2600:9000:2368:3a00:7:49a5:5fd2:8621;2600:9000:2368:1600:7:49a5:5fd2:8621;2600:9000:2368:2c00:7:49a5:5fd2:8621;2600:9000:2368:200:7:49a5:5fd2:8621;","Image":"C:\\Program Files\\Mozilla Firefox\\firefox.exe","User":"FLAREVM\\malware"},{"EventSourceName":"Microsoft-Windows-Sysmon","Provider":"Microsoft-Windows-Sysmon","ProviderGuid":"{5770385f-c22a-43e0-bf4c-06f5698ffbd9}","Level":"4","Keywords":"0x8000000000000000","Channel":"Microsoft-Windows-Sysmon/Operational","Computer":"FlareVM","TimeCreated":"2023-03-02T11:38:56.762Z","TimeGenerated":"2023-03-02T04:38:56.762Z","EventRecordID":"57673","EventID":11,"Message":"File created:\r\nRuleName: technique_id=T1574.010,technique_name=Services File Permissions Weakness\r\nUtcTime: 2023-03-02 16:38:56.754\r\nProcessGuid: {159466bb-a9f3-63f7-2800-000000000f00}\r\nProcessId: 1888\r\nImage: C:\\Windows\\system32\\svchost.exe\r\nTargetFilename: C:\\Windows\\Prefetch\\FIREFOX.EXE-66015FD1.pf\r\nCreationUtcTime: 2022-12-31 17:43:39.559\r\nUser: NT AUTHORITY\\SYSTEM","EventData":"\u003cEventData xmlns=\"http://schemas.microsoft.com/win/2004/08/events/event\"\u003e\u003cData Name=\"RuleName\"\u003etechnique_id=T1574.010,technique_name=Services File Permissions Weakness\u003c/Data\u003e\u003cData Name=\"UtcTime\"\u003e2023-03-02 16:38:56.754\u003c/Data\u003e\u003cData Name=\"ProcessGuid\"\u003e{159466bb-a9f3-63f7-2800-000000000f00}\u003c/Data\u003e\u003cData Name=\"ProcessId\"\u003e1888\u003c/Data\u003e\u003cData Name=\"Image\"\u003eC:\\Windows\\system32\\svchost.exe\u003c/Data\u003e\u003cData Name=\"TargetFilename\"\u003eC:\\Windows\\Prefetch\\FIREFOX.EXE-66015FD1.pf\u003c/Data\u003e\u003cData Name=\"CreationUtcTime\"\u003e2022-12-31 17:43:39.559\u003c/Data\u003e\u003cData Name=\"User\"\u003eNT AUTHORITY\\SYSTEM\u003c/Data\u003e\u003c/EventData\u003e","Task":11,"RuleName":"technique_id=T1574.010,technique_name=Services File Permissions Weakness","UtcTime":"2023-03-02 16:38:56.754","ProcessGuid":"159466bb-a9f3-63f7-2800-000000000f00","ProcessId":1888,"Image":"C:\\Windows\\system32\\svchost.exe","TargetFilename":"C:\\Windows\\Prefetch\\FIREFOX.EXE-66015FD1.pf","CreationUtcTime":"2022-12-31 17:43:39.559","User":"NT AUTHORITY\\SYSTEM"},{"EventSourceName":"Microsoft-Windows-Sysmon","Provider":"Microsoft-Windows-Sysmon","ProviderGuid":"{5770385f-c22a-43e0-bf4c-06f5698ffbd9}","Level":"4","Keywords":"0x8000000000000000","Channel":"Microsoft-Windows-Sysmon/Operational","Computer":"FlareVM","TimeCreated":"2023-03-02T11:38:56.769Z","TimeGenerated":"2023-03-02T04:38:56.769Z","EventRecordID":"57674","EventID":11,"Message":"File created:\r\nRuleName: technique_id=T1574.010,technique_name=Services File Permissions Weakness\r\nUtcTime: 2023-03-02 16:38:56.754\r\nProcessGuid: {159466bb-a9f3-63f7-2800-000000000f00}\r\nProcessId: 1888\r\nImage: C:\\Windows\\system32\\svchost.exe\r\nTargetFilename: C:\\Windows\\Prefetch\\FIREFOX.EXE-66015FD1.pf\r\nCreationUtcTime: 2022-12-31 17:43:39.559\r\nUser: NT AUTHORITY\\SYSTEM","EventData":"\u003cEventData xmlns=\"http://schemas.microsoft.com/win/2004/08/events/event\"\u003e\u003cData Name=\"RuleName\"\u003etechnique_id=T1574.010,technique_name=Services File Permissions Weakness\u003c/Data\u003e\u003cData Name=\"UtcTime\"\u003e2023-03-02 16:38:56.754\u003c/Data\u003e\u003cData Name=\"ProcessGuid\"\u003e{159466bb-a9f3-63f7-2800-000000000f00}\u003c/Data\u003e\u003cData Name=\"ProcessId\"\u003e1888\u003c/Data\u003e\u003cData Name=\"Image\"\u003eC:\\Windows\\system32\\svchost.exe\u003c/Data\u003e\u003cData Name=\"TargetFilename\"\u003eC:\\Windows\\Prefetch\\FIREFOX.EXE-66015FD1.pf\u003c/Data\u003e\u003cData Name=\"CreationUtcTime\"\u003e2022-12-31 17:43:39.559\u003c/Data\u003e\u003cData Name=\"User\"\u003eNT AUTHORITY\\SYSTEM\u003c/Data\u003e\u003c/EventData\u003e","Task":11,"RuleName":"technique_id=T1574.010,technique_name=Services File Permissions Weakness","UtcTime":"2023-03-02 16:38:56.754","ProcessGuid":"159466bb-a9f3-63f7-2800-000000000f00","ProcessId":1888,"Image":"C:\\Windows\\system32\\svchost.exe","TargetFilename":"C:\\Windows\\Prefetch\\FIREFOX.EXE-66015FD1.pf","CreationUtcTime":"2022-12-31 17:43:39.559","User":"NT AUTHORITY\\SYSTEM"},{"EventSourceName":"Microsoft-Windows-Sysmon","Provider":"Microsoft-Windows-Sysmon","ProviderGuid":"{5770385f-c22a-43e0-bf4c-06f5698ffbd9}","Level":"4","Keywords":"0x8000000000000000","Channel":"Microsoft-Windows-Sysmon/Operational","Computer":"FlareVM","TimeCreated":"2023-03-02T11:38:56.777Z","TimeGenerated":"2023-03-02T04:38:56.777Z","EventRecordID":"57675","EventID":11,"Message":"File created:\r\nRuleName: technique_id=T1574.010,technique_name=Services File Permissions Weakness\r\nUtcTime: 2023-03-02 16:38:56.770\r\nProcessGuid: {159466bb-a9f3-63f7-2800-000000000f00}\r\nProcessId: 1888\r\nImage: C:\\Windows\\system32\\svchost.exe\r\nTargetFilename: C:\\Windows\\Prefetch\\FIREFOX.EXE-66015FD1.pf\r\nCreationUtcTime: 2022-12-31 17:43:39.559\r\nUser: NT AUTHORITY\\SYSTEM","EventData":"\u003cEventData xmlns=\"http://schemas.microsoft.com/win/2004/08/events/event\"\u003e\u003cData Name=\"RuleName\"\u003etechnique_id=T1574.010,technique_name=Services File Permissions Weakness\u003c/Data\u003e\u003cData Name=\"UtcTime\"\u003e2023-03-02 16:38:56.770\u003c/Data\u003e\u003cData Name=\"ProcessGuid\"\u003e{159466bb-a9f3-63f7-2800-000000000f00}\u003c/Data\u003e\u003cData Name=\"ProcessId\"\u003e1888\u003c/Data\u003e\u003cData Name=\"Image\"\u003eC:\\Windows\\system32\\svchost.exe\u003c/Data\u003e\u003cData Name=\"TargetFilename\"\u003eC:\\Windows\\Prefetch\\FIREFOX.EXE-66015FD1.pf\u003c/Data\u003e\u003cData Name=\"CreationUtcTime\"\u003e2022-12-31 17:43:39.559\u003c/Data\u003e\u003cData Name=\"User\"\u003eNT AUTHORITY\\SYSTEM\u003c/Data\u003e\u003c/EventData\u003e","Task":11,"RuleName":"technique_id=T1574.010,technique_name=Services File Permissions Weakness","UtcTime":"2023-03-02 16:38:56.770","ProcessGuid":"159466bb-a9f3-63f7-2800-000000000f00","ProcessId":1888,"Image":"C:\\Windows\\system32\\svchost.exe","TargetFilename":"C:\\Windows\\Prefetch\\FIREFOX.EXE-66015FD1.pf","CreationUtcTime":"2022-12-31 17:43:39.559","User":"NT AUTHORITY\\SYSTEM"},{"EventSourceName":"Microsoft-Windows-Sysmon","Provider":"Microsoft-Windows-Sysmon","ProviderGuid":"{5770385f-c22a-43e0-bf4c-06f5698ffbd9}","Level":"4","Keywords":"0x8000000000000000","Channel":"Microsoft-Windows-Sysmon/Operational","Computer":"FlareVM","TimeCreated":"2023-03-02T11:38:58.292Z","TimeGenerated":"2023-03-02T04:38:58.292Z","EventRecordID":"57676","EventID":11,"Message":"File created:\r\nRuleName: technique_id=T1574.010,technique_name=Services File Permissions Weakness\r\nUtcTime: 2023-03-02 16:38:58.281\r\nProcessGuid: {159466bb-d0bb-6400-3d01-000000000f00}\r\nProcessId: 4784\r\nImage: \\\\?\\C:\\Windows\\system32\\wbem\\WMIADAP.EXE\r\nTargetFilename: C:\\Windows\\System32\\perfc009.dat\r\nCreationUtcTime: 2019-12-07 09:17:25.648\r\nUser: NT AUTHORITY\\SYSTEM","EventData":"\u003cEventData xmlns=\"http://schemas.microsoft.com/win/2004/08/events/event\"\u003e\u003cData Name=\"RuleName\"\u003etechnique_id=T1574.010,technique_name=Services File Permissions Weakness\u003c/Data\u003e\u003cData Name=\"UtcTime\"\u003e2023-03-02 16:38:58.281\u003c/Data\u003e\u003cData Name=\"ProcessGuid\"\u003e{159466bb-d0bb-6400-3d01-000000000f00}\u003c/Data\u003e\u003cData Name=\"ProcessId\"\u003e4784\u003c/Data\u003e\u003cData Name=\"Image\"\u003e\\\\?\\C:\\Windows\\system32\\wbem\\WMIADAP.EXE\u003c/Data\u003e\u003cData Name=\"TargetFilename\"\u003eC:\\Windows\\System32\\perfc009.dat\u003c/Data\u003e\u003cData Name=\"CreationUtcTime\"\u003e2019-12-07 09:17:25.648\u003c/Data\u003e\u003cData Name=\"User\"\u003eNT AUTHORITY\\SYSTEM\u003c/Data\u003e\u003c/EventData\u003e","Task":11,"RuleName":"technique_id=T1574.010,technique_name=Services File Permissions Weakness","UtcTime":"2023-03-02 16:38:58.281","ProcessGuid":"159466bb-d0bb-6400-3d01-000000000f00","ProcessId":4784,"Image":"\\\\?\\C:\\Windows\\system32\\wbem\\WMIADAP.EXE","TargetFilename":"C:\\Windows\\System32\\perfc009.dat","CreationUtcTime":"2019-12-07 09:17:25.648","User":"NT AUTHORITY\\SYSTEM"},{"EventSourceName":"Microsoft-Windows-Sysmon","Provider":"Microsoft-Windows-Sysmon","ProviderGuid":"{5770385f-c22a-43e0-bf4c-06f5698ffbd9}","Level":"4","Keywords":"0x8000000000000000","Channel":"Microsoft-Windows-Sysmon/Operational","Computer":"FlareVM","TimeCreated":"2023-03-02T11:38:58.292Z","TimeGenerated":"2023-03-02T04:38:58.292Z","EventRecordID":"57677","EventID":11,"Message":"File created:\r\nRuleName: technique_id=T1574.010,technique_name=Services File Permissions Weakness\r\nUtcTime: 2023-03-02 16:38:58.281\r\nProcessGuid: {159466bb-d0bb-6400-3d01-000000000f00}\r\nProcessId: 4784\r\nImage: \\\\?\\C:\\Windows\\system32\\wbem\\WMIADAP.EXE\r\nTargetFilename: C:\\Windows\\System32\\perfh009.dat\r\nCreationUtcTime: 2019-12-07 09:17:25.648\r\nUser: NT AUTHORITY\\SYSTEM","EventData":"\u003cEventData xmlns=\"http://schemas.microsoft.com/win/2004/08/events/event\"\u003e\u003cData Name=\"RuleName\"\u003etechnique_id=T1574.010,technique_name=Services File Permissions Weakness\u003c/Data\u003e\u003cData Name=\"UtcTime\"\u003e2023-03-02 16:38:58.281\u003c/Data\u003e\u003cData Name=\"ProcessGuid\"\u003e{159466bb-d0bb-6400-3d01-000000000f00}\u003c/Data\u003e\u003cData Name=\"ProcessId\"\u003e4784\u003c/Data\u003e\u003cData Name=\"Image\"\u003e\\\\?\\C:\\Windows\\system32\\wbem\\WMIADAP.EXE\u003c/Data\u003e\u003cData Name=\"TargetFilename\"\u003eC:\\Windows\\System32\\perfh009.dat\u003c/Data\u003e\u003cData Name=\"CreationUtcTime\"\u003e2019-12-07 09:17:25.648\u003c/Data\u003e\u003cData Name=\"User\"\u003eNT AUTHORITY\\SYSTEM\u003c/Data\u003e\u003c/EventData\u003e","Task":11,"RuleName":"technique_id=T1574.010,technique_name=Services File Permissions Weakness","UtcTime":"2023-03-02 16:38:58.281","ProcessGuid":"159466bb-d0bb-6400-3d01-000000000f00","ProcessId":4784,"Image":"\\\\?\\C:\\Windows\\system32\\wbem\\WMIADAP.EXE","TargetFilename":"C:\\Windows\\System32\\perfh009.dat","CreationUtcTime":"2019-12-07 09:17:25.648","User":"NT AUTHORITY\\SYSTEM"},{"EventSourceName":"Microsoft-Windows-Sysmon","Provider":"Microsoft-Windows-Sysmon","ProviderGuid":"{5770385f-c22a-43e0-bf4c-06f5698ffbd9}","Level":"4","Keywords":"0x8000000000000000","Channel":"Microsoft-Windows-Sysmon/Operational","Computer":"FlareVM","TimeCreated":"2023-03-02T11:38:58.293Z","TimeGenerated":"2023-03-02T04:38:58.293Z","EventRecordID":"57678","EventID":12,"Message":"Registry object added or deleted:\r\nRuleName: technique_id=T1543,technique_name=Service Creation\r\nEventType: DeleteValue\r\nUtcTime: 2023-03-02 16:38:58.281\r\nProcessGuid: {159466bb-d0bb-6400-3d01-000000000f00}\r\nProcessId: 4784\r\nImage: \\\\?\\C:\\Windows\\system32\\wbem\\WMIADAP.EXE\r\nTargetObject: HKLM\\System\\CurrentControlSet\\Services\\WmiApRpl\\Performance\\First Counter\r\nUser: NT AUTHORITY\\SYSTEM","EventData":"\u003cEventData xmlns=\"http://schemas.microsoft.com/win/2004/08/events/event\"\u003e\u003cData Name=\"RuleName\"\u003etechnique_id=T1543,technique_name=Service Creation\u003c/Data\u003e\u003cData Name=\"EventType\"\u003eDeleteValue\u003c/Data\u003e\u003cData Name=\"UtcTime\"\u003e2023-03-02 16:38:58.281\u003c/Data\u003e\u003cData Name=\"ProcessGuid\"\u003e{159466bb-d0bb-6400-3d01-000000000f00}\u003c/Data\u003e\u003cData Name=\"ProcessId\"\u003e4784\u003c/Data\u003e\u003cData Name=\"Image\"\u003e\\\\?\\C:\\Windows\\system32\\wbem\\WMIADAP.EXE\u003c/Data\u003e\u003cData Name=\"TargetObject\"\u003eHKLM\\System\\CurrentControlSet\\Services\\WmiApRpl\\Performance\\First Counter\u003c/Data\u003e\u003cData Name=\"User\"\u003eNT AUTHORITY\\SYSTEM\u003c/Data\u003e\u003c/EventData\u003e","Task":12,"RuleName":"technique_id=T1543,technique_name=Service Creation","EventType":"DeleteValue","UtcTime":"2023-03-02 16:38:58.281","ProcessGuid":"159466bb-d0bb-6400-3d01-000000000f00","ProcessId":4784,"Image":"\\\\?\\C:\\Windows\\system32\\wbem\\WMIADAP.EXE","TargetObject":"HKLM\\System\\CurrentControlSet\\Services\\WmiApRpl\\Performance\\First Counter","User":"NT AUTHORITY\\SYSTEM"},{"EventSourceName":"Microsoft-Windows-Sysmon","Provider":"Microsoft-Windows-Sysmon","ProviderGuid":"{5770385f-c22a-43e0-bf4c-06f5698ffbd9}","Level":"4","Keywords":"0x8000000000000000","Channel":"Microsoft-Windows-Sysmon/Operational","Computer":"FlareVM","TimeCreated":"2023-03-02T11:38:58.293Z","TimeGenerated":"2023-03-02T04:38:58.293Z","EventRecordID":"57679","EventID":12,"Message":"Registry object added or deleted:\r\nRuleName: technique_id=T1543,technique_name=Service Creation\r\nEventType: DeleteValue\r\nUtcTime: 2023-03-02 16:38:58.281\r\nProcessGuid: {159466bb-d0bb-6400-3d01-000000000f00}\r\nProcessId: 4784\r\nImage: \\\\?\\C:\\Windows\\system32\\wbem\\WMIADAP.EXE\r\nTargetObject: HKLM\\System\\CurrentControlSet\\Services\\WmiApRpl\\Performance\\Last Counter\r\nUser: NT AUTHORITY\\SYSTEM","EventData":"\u003cEventData xmlns=\"http://schemas.microsoft.com/win/2004/08/events/event\"\u003e\u003cData Name=\"RuleName\"\u003etechnique_id=T1543,technique_name=Service Creation\u003c/Data\u003e\u003cData Name=\"EventType\"\u003eDeleteValue\u003c/Data\u003e\u003cData Name=\"UtcTime\"\u003e2023-03-02 16:38:58.281\u003c/Data\u003e\u003cData Name=\"ProcessGuid\"\u003e{159466bb-d0bb-6400-3d01-000000000f00}\u003c/Data\u003e\u003cData Name=\"ProcessId\"\u003e4784\u003c/Data\u003e\u003cData Name=\"Image\"\u003e\\\\?\\C:\\Windows\\system32\\wbem\\WMIADAP.EXE\u003c/Data\u003e\u003cData Name=\"TargetObject\"\u003eHKLM\\System\\CurrentControlSet\\Services\\WmiApRpl\\Performance\\Last Counter\u003c/Data\u003e\u003cData Name=\"User\"\u003eNT AUTHORITY\\SYSTEM\u003c/Data\u003e\u003c/EventData\u003e","Task":12,"RuleName":"technique_id=T1543,technique_name=Service Creation","EventType":"DeleteValue","UtcTime":"2023-03-02 16:38:58.281","ProcessGuid":"159466bb-d0bb-6400-3d01-000000000f00","ProcessId":4784,"Image":"\\\\?\\C:\\Windows\\system32\\wbem\\WMIADAP.EXE","TargetObject":"HKLM\\System\\CurrentControlSet\\Services\\WmiApRpl\\Performance\\Last Counter","User":"NT AUTHORITY\\SYSTEM"},{"EventSourceName":"Microsoft-Windows-Sysmon","Provider":"Microsoft-Windows-Sysmon","ProviderGuid":"{5770385f-c22a-43e0-bf4c-06f5698ffbd9}","Level":"4","Keywords":"0x8000000000000000","Channel":"Microsoft-Windows-Sysmon/Operational","Computer":"FlareVM","TimeCreated":"2023-03-02T11:38:58.293Z","TimeGenerated":"2023-03-02T04:38:58.293Z","EventRecordID":"57680","EventID":12,"Message":"Registry object added or deleted:\r\nRuleName: technique_id=T1543,technique_name=Service Creation\r\nEventType: DeleteValue\r\nUtcTime: 2023-03-02 16:38:58.281\r\nProcessGuid: {159466bb-d0bb-6400-3d01-000000000f00}\r\nProcessId: 4784\r\nImage: \\\\?\\C:\\Windows\\system32\\wbem\\WMIADAP.EXE\r\nTargetObject: HKLM\\System\\CurrentControlSet\\Services\\WmiApRpl\\Performance\\First Help\r\nUser: NT AUTHORITY\\SYSTEM","EventData":"\u003cEventData xmlns=\"http://schemas.microsoft.com/win/2004/08/events/event\"\u003e\u003cData Name=\"RuleName\"\u003etechnique_id=T1543,technique_name=Service Creation\u003c/Data\u003e\u003cData Name=\"EventType\"\u003eDeleteValue\u003c/Data\u003e\u003cData Name=\"UtcTime\"\u003e2023-03-02 16:38:58.281\u003c/Data\u003e\u003cData Name=\"ProcessGuid\"\u003e{159466bb-d0bb-6400-3d01-000000000f00}\u003c/Data\u003e\u003cData Name=\"ProcessId\"\u003e4784\u003c/Data\u003e\u003cData Name=\"Image\"\u003e\\\\?\\C:\\Windows\\system32\\wbem\\WMIADAP.EXE\u003c/Data\u003e\u003cData Name=\"TargetObject\"\u003eHKLM\\System\\CurrentControlSet\\Services\\WmiApRpl\\Performance\\First Help\u003c/Data\u003e\u003cData Name=\"User\"\u003eNT AUTHORITY\\SYSTEM\u003c/Data\u003e\u003c/EventData\u003e","Task":12,"RuleName":"technique_id=T1543,technique_name=Service Creation","EventType":"DeleteValue","UtcTime":"2023-03-02 16:38:58.281","ProcessGuid":"159466bb-d0bb-6400-3d01-000000000f00","ProcessId":4784,"Image":"\\\\?\\C:\\Windows\\system32\\wbem\\WMIADAP.EXE","TargetObject":"HKLM\\System\\CurrentControlSet\\Services\\WmiApRpl\\Performance\\First Help","User":"NT AUTHORITY\\SYSTEM"},