{"EventSourceName":"Microsoft-Windows-Sysmon","Provider":"Microsoft-Windows-Sysmon","ProviderGuid":"{5770385f-c22a-43e0-bf4c-06f5698ffbd9}","Level":"4","Keywords":"0x8000000000000000","Channel":"Microsoft-Windows-Sysmon/Operational","Computer":"FlareVM","TimeCreated":"2023-03-02T11:39:50.604Z","TimeGenerated":"2023-03-02T04:39:50.604Z","EventRecordID":"57705","EventID":11,"Message":"File created:\r\nRuleName: technique_id=T1574.010,technique_name=Services File Permissions Weakness\r\nUtcTime: 2023-03-02 16:39:50.603\r\nProcessGuid: {159466bb-a9f3-63f7-2800-000000000f00}\r\nProcessId: 1888\r\nImage: C:\\Windows\\system32\\svchost.exe\r\nTargetFilename: C:\\Windows\\Prefetch\\SEARCHFILTERHOST.EXE-44162447.pf\r\nCreationUtcTime: 2022-12-31 17:48:09.031\r\nUser: NT AUTHORITY\\SYSTEM","EventData":"\u003cEventData xmlns=\"http://schemas.microsoft.com/win/2004/08/events/event\"\u003e\u003cData Name=\"RuleName\"\u003etechnique_id=T1574.010,technique_name=Services File Permissions Weakness\u003c/Data\u003e\u003cData Name=\"UtcTime\"\u003e2023-03-02 16:39:50.603\u003c/Data\u003e\u003cData Name=\"ProcessGuid\"\u003e{159466bb-a9f3-63f7-2800-000000000f00}\u003c/Data\u003e\u003cData Name=\"ProcessId\"\u003e1888\u003c/Data\u003e\u003cData Name=\"Image\"\u003eC:\\Windows\\system32\\svchost.exe\u003c/Data\u003e\u003cData Name=\"TargetFilename\"\u003eC:\\Windows\\Prefetch\\SEARCHFILTERHOST.EXE-44162447.pf\u003c/Data\u003e\u003cData Name=\"CreationUtcTime\"\u003e2022-12-31 17:48:09.031\u003c/Data\u003e\u003cData Name=\"User\"\u003eNT AUTHORITY\\SYSTEM\u003c/Data\u003e\u003c/EventData\u003e","Task":11,"RuleName":"technique_id=T1574.010,technique_name=Services File Permissions Weakness","UtcTime":"2023-03-02 16:39:50.603","ProcessGuid":"159466bb-a9f3-63f7-2800-000000000f00","ProcessId":1888,"Image":"C:\\Windows\\system32\\svchost.exe","TargetFilename":"C:\\Windows\\Prefetch\\SEARCHFILTERHOST.EXE-44162447.pf","CreationUtcTime":"2022-12-31 17:48:09.031","User":"NT AUTHORITY\\SYSTEM"},{"EventSourceName":"Microsoft-Windows-Sysmon","Provider":"Microsoft-Windows-Sysmon","ProviderGuid":"{5770385f-c22a-43e0-bf4c-06f5698ffbd9}","Level":"4","Keywords":"0x8000000000000000","Channel":"Microsoft-Windows-Sysmon/Operational","Computer":"FlareVM","TimeCreated":"2023-03-02T11:40:02.089Z","TimeGenerated":"2023-03-02T04:40:02.089Z","EventRecordID":"57706","EventID":11,"Message":"File created:\r\nRuleName: -\r\nUtcTime: 2023-03-02 16:40:02.083\r\nProcessGuid: {159466bb-cd30-6400-c200-000000000f00}\r\nProcessId: 8616\r\nImage: C:\\Windows\\system32\\mmc.exe\r\nTargetFilename: C:\\Users\\malware\\Desktop\\Datasets\\qakbot_winevent.evtx\r\nCreationUtcTime: 2023-03-02 16:40:02.083\r\nUser: FLAREVM\\malware","EventData":"\u003cEventData xmlns=\"http://schemas.microsoft.com/win/2004/08/events/event\"\u003e\u003cData Name=\"RuleName\"\u003e-\u003c/Data\u003e\u003cData Name=\"UtcTime\"\u003e2023-03-02 16:40:02.083\u003c/Data\u003e\u003cData Name=\"ProcessGuid\"\u003e{159466bb-cd30-6400-c200-000000000f00}\u003c/Data\u003e\u003cData Name=\"ProcessId\"\u003e8616\u003c/Data\u003e\u003cData Name=\"Image\"\u003eC:\\Windows\\system32\\mmc.exe\u003c/Data\u003e\u003cData Name=\"TargetFilename\"\u003eC:\\Users\\malware\\Desktop\\Datasets\\qakbot_winevent.evtx\u003c/Data\u003e\u003cData Name=\"CreationUtcTime\"\u003e2023-03-02 16:40:02.083\u003c/Data\u003e\u003cData Name=\"User\"\u003eFLAREVM\\malware\u003c/Data\u003e\u003c/EventData\u003e","Task":11,"RuleName":"-","UtcTime":"2023-03-02 16:40:02.083","ProcessGuid":"159466bb-cd30-6400-c200-000000000f00","ProcessId":8616,"Image":"C:\\Windows\\system32\\mmc.exe","TargetFilename":"C:\\Users\\malware\\Desktop\\Datasets\\qakbot_winevent.evtx","CreationUtcTime":"2023-03-02 16:40:02.083","User":"FLAREVM\\malware"},{"EventSourceName":"Microsoft-Windows-Sysmon","Provider":"Microsoft-Windows-Sysmon","ProviderGuid":"{5770385f-c22a-43e0-bf4c-06f5698ffbd9}","Level":"4","Keywords":"0x8000000000000000","Channel":"Microsoft-Windows-Sysmon/Operational","Computer":"FlareVM","TimeCreated":"2023-03-02T11:40:02.123Z","TimeGenerated":"2023-03-02T04:40:02.123Z","EventRecordID":"57707","EventID":23,"Message":"File Delete archived:\r\nRuleName: Scripts and payloads\r\nUtcTime: 2023-03-02 16:40:02.120\r\nProcessGuid: {159466bb-cd21-6400-9700-000000000f00}\r\nProcessId: 6508\r\nUser: FLAREVM\\malware\r\nImage: C:\\Windows\\Explorer.EXE\r\nTargetFilename: C:\\Users\\malware\\AppData\\Roaming\\Microsoft\\Windows\\Recent\\Datasets.lnk\r\nHashes: SHA1=2074168AC4B9069AF36293B8DDC24A61147CDDFC,MD5=29C50C84DFE060110EC51E103ACE2F5B,SHA256=20B4232C7F21AE94E2A65B41A2F32A54D92AEBC7EE383670A49E56D192013BA4,IMPHASH=00000000000000000000000000000000\r\nIsExecutable: false\r\nArchived: true","EventData":"\u003cEventData xmlns=\"http://schemas.microsoft.com/win/2004/08/events/event\"\u003e\u003cData Name=\"RuleName\"\u003eScripts and payloads\u003c/Data\u003e\u003cData Name=\"UtcTime\"\u003e2023-03-02 16:40:02.120\u003c/Data\u003e\u003cData Name=\"ProcessGuid\"\u003e{159466bb-cd21-6400-9700-000000000f00}\u003c/Data\u003e\u003cData Name=\"ProcessId\"\u003e6508\u003c/Data\u003e\u003cData Name=\"User\"\u003eFLAREVM\\malware\u003c/Data\u003e\u003cData Name=\"Image\"\u003eC:\\Windows\\Explorer.EXE\u003c/Data\u003e\u003cData Name=\"TargetFilename\"\u003eC:\\Users\\malware\\AppData\\Roaming\\Microsoft\\Windows\\Recent\\Datasets.lnk\u003c/Data\u003e\u003cData Name=\"Hashes\"\u003eSHA1=2074168AC4B9069AF36293B8DDC24A61147CDDFC,MD5=29C50C84DFE060110EC51E103ACE2F5B,SHA256=20B4232C7F21AE94E2A65B41A2F32A54D92AEBC7EE383670A49E56D192013BA4,IMPHASH=00000000000000000000000000000000\u003c/Data\u003e\u003cData Name=\"IsExecutable\"\u003efalse\u003c/Data\u003e\u003cData Name=\"Archived\"\u003etrue\u003c/Data\u003e\u003c/EventData\u003e","Task":23,"RuleName":"Scripts and payloads","UtcTime":"2023-03-02 16:40:02.120","ProcessGuid":"159466bb-cd21-6400-9700-000000000f00","ProcessId":6508,"User":"FLAREVM\\malware","Image":"C:\\Windows\\Explorer.EXE","TargetFilename":"C:\\Users\\malware\\AppData\\Roaming\\Microsoft\\Windows\\Recent\\Datasets.lnk","Hashes":"SHA1=2074168AC4B9069AF36293B8DDC24A61147CDDFC,MD5=29C50C84DFE060110EC51E103ACE2F5B,SHA256=20B4232C7F21AE94E2A65B41A2F32A54D92AEBC7EE383670A49E56D192013BA4,IMPHASH=00000000000000000000000000000000","IsExecutable":false,"Archived":"true"},{"EventSourceName":"Microsoft-Windows-Sysmon","Provider":"Microsoft-Windows-Sysmon","ProviderGuid":"{5770385f-c22a-43e0-bf4c-06f5698ffbd9}","Level":"4","Keywords":"0x8000000000000000","Channel":"Microsoft-Windows-Sysmon/Operational","Computer":"FlareVM","TimeCreated":"2023-03-02T11:40:04.610Z","TimeGenerated":"2023-03-02T04:40:04.610Z","EventRecordID":"57708","EventID":11,"Message":"File created:\r\nRuleName: -\r\nUtcTime: 2023-03-02 16:40:04.602\r\nProcessGuid: {159466bb-a9f3-63f7-1e00-000000000f00}\r\nProcessId: 1488\r\nImage: C:\\Windows\\System32\\svchost.exe\r\nTargetFilename: C:\\Users\\malware\\Desktop\\Datasets\\qakbot_winevent.evtx\r\nCreationUtcTime: 2023-03-02 16:40:02.083\r\nUser: NT AUTHORITY\\LOCAL SERVICE","EventData":"\u003cEventData xmlns=\"http://schemas.microsoft.com/win/2004/08/events/event\"\u003e\u003cData Name=\"RuleName\"\u003e-\u003c/Data\u003e\u003cData Name=\"UtcTime\"\u003e2023-03-02 16:40:04.602\u003c/Data\u003e\u003cData Name=\"ProcessGuid\"\u003e{159466bb-a9f3-63f7-1e00-000000000f00}\u003c/Data\u003e\u003cData Name=\"ProcessId\"\u003e1488\u003c/Data\u003e\u003cData Name=\"Image\"\u003eC:\\Windows\\System32\\svchost.exe\u003c/Data\u003e\u003cData Name=\"TargetFilename\"\u003eC:\\Users\\malware\\Desktop\\Datasets\\qakbot_winevent.evtx\u003c/Data\u003e\u003cData Name=\"CreationUtcTime\"\u003e2023-03-02 16:40:02.083\u003c/Data\u003e\u003cData Name=\"User\"\u003eNT AUTHORITY\\LOCAL SERVICE\u003c/Data\u003e\u003c/EventData\u003e","Task":11,"RuleName":"-","UtcTime":"2023-03-02 16:40:04.602","ProcessGuid":"159466bb-a9f3-63f7-1e00-000000000f00","ProcessId":1488,"Image":"C:\\Windows\\System32\\svchost.exe","TargetFilename":"C:\\Users\\malware\\Desktop\\Datasets\\qakbot_winevent.evtx","CreationUtcTime":"2023-03-02 16:40:02.083","User":"NT AUTHORITY\\LOCAL SERVICE"}]
