{"EventSourceName":"Microsoft-Windows-Sysmon","Provider":"Microsoft-Windows-Sysmon","ProviderGuid":"{5770385f-c22a-43e0-bf4c-06f5698ffbd9}","Level":"4","Keywords":"0x8000000000000000","Channel":"Microsoft-Windows-Sysmon/Operational","Computer":"FlareVM","TimeCreated":"2023-03-02T11:38:58.293Z","TimeGenerated":"2023-03-02T04:38:58.293Z","EventRecordID":"57681","EventID":12,"Message":"Registry object added or deleted:\r\nRuleName: technique_id=T1543,technique_name=Service Creation\r\nEventType: DeleteValue\r\nUtcTime: 2023-03-02 16:38:58.281\r\nProcessGuid: {159466bb-d0bb-6400-3d01-000000000f00}\r\nProcessId: 4784\r\nImage: \\\\?\\C:\\Windows\\system32\\wbem\\WMIADAP.EXE\r\nTargetObject: HKLM\\System\\CurrentControlSet\\Services\\WmiApRpl\\Performance\\Last Help\r\nUser: NT AUTHORITY\\SYSTEM","EventData":"\u003cEventData xmlns=\"http://schemas.microsoft.com/win/2004/08/events/event\"\u003e\u003cData Name=\"RuleName\"\u003etechnique_id=T1543,technique_name=Service Creation\u003c/Data\u003e\u003cData Name=\"EventType\"\u003eDeleteValue\u003c/Data\u003e\u003cData Name=\"UtcTime\"\u003e2023-03-02 16:38:58.281\u003c/Data\u003e\u003cData Name=\"ProcessGuid\"\u003e{159466bb-d0bb-6400-3d01-000000000f00}\u003c/Data\u003e\u003cData Name=\"ProcessId\"\u003e4784\u003c/Data\u003e\u003cData Name=\"Image\"\u003e\\\\?\\C:\\Windows\\system32\\wbem\\WMIADAP.EXE\u003c/Data\u003e\u003cData Name=\"TargetObject\"\u003eHKLM\\System\\CurrentControlSet\\Services\\WmiApRpl\\Performance\\Last Help\u003c/Data\u003e\u003cData Name=\"User\"\u003eNT AUTHORITY\\SYSTEM\u003c/Data\u003e\u003c/EventData\u003e","Task":12,"RuleName":"technique_id=T1543,technique_name=Service Creation","EventType":"DeleteValue","UtcTime":"2023-03-02 16:38:58.281","ProcessGuid":"159466bb-d0bb-6400-3d01-000000000f00","ProcessId":4784,"Image":"\\\\?\\C:\\Windows\\system32\\wbem\\WMIADAP.EXE","TargetObject":"HKLM\\System\\CurrentControlSet\\Services\\WmiApRpl\\Performance\\Last Help","User":"NT AUTHORITY\\SYSTEM"},{"EventSourceName":"Microsoft-Windows-Sysmon","Provider":"Microsoft-Windows-Sysmon","ProviderGuid":"{5770385f-c22a-43e0-bf4c-06f5698ffbd9}","Level":"4","Keywords":"0x8000000000000000","Channel":"Microsoft-Windows-Sysmon/Operational","Computer":"FlareVM","TimeCreated":"2023-03-02T11:38:58.293Z","TimeGenerated":"2023-03-02T04:38:58.293Z","EventRecordID":"57682","EventID":12,"Message":"Registry object added or deleted:\r\nRuleName: technique_id=T1543,technique_name=Service Creation\r\nEventType: DeleteValue\r\nUtcTime: 2023-03-02 16:38:58.281\r\nProcessGuid: {159466bb-d0bb-6400-3d01-000000000f00}\r\nProcessId: 4784\r\nImage: \\\\?\\C:\\Windows\\system32\\wbem\\WMIADAP.EXE\r\nTargetObject: HKLM\\System\\CurrentControlSet\\Services\\WmiApRpl\\Performance\\Object List\r\nUser: NT AUTHORITY\\SYSTEM","EventData":"\u003cEventData xmlns=\"http://schemas.microsoft.com/win/2004/08/events/event\"\u003e\u003cData Name=\"RuleName\"\u003etechnique_id=T1543,technique_name=Service Creation\u003c/Data\u003e\u003cData Name=\"EventType\"\u003eDeleteValue\u003c/Data\u003e\u003cData Name=\"UtcTime\"\u003e2023-03-02 16:38:58.281\u003c/Data\u003e\u003cData Name=\"ProcessGuid\"\u003e{159466bb-d0bb-6400-3d01-000000000f00}\u003c/Data\u003e\u003cData Name=\"ProcessId\"\u003e4784\u003c/Data\u003e\u003cData Name=\"Image\"\u003e\\\\?\\C:\\Windows\\system32\\wbem\\WMIADAP.EXE\u003c/Data\u003e\u003cData Name=\"TargetObject\"\u003eHKLM\\System\\CurrentControlSet\\Services\\WmiApRpl\\Performance\\Object List\u003c/Data\u003e\u003cData Name=\"User\"\u003eNT AUTHORITY\\SYSTEM\u003c/Data\u003e\u003c/EventData\u003e","Task":12,"RuleName":"technique_id=T1543,technique_name=Service Creation","EventType":"DeleteValue","UtcTime":"2023-03-02 16:38:58.281","ProcessGuid":"159466bb-d0bb-6400-3d01-000000000f00","ProcessId":4784,"Image":"\\\\?\\C:\\Windows\\system32\\wbem\\WMIADAP.EXE","TargetObject":"HKLM\\System\\CurrentControlSet\\Services\\WmiApRpl\\Performance\\Object List","User":"NT AUTHORITY\\SYSTEM"},{"EventSourceName":"Microsoft-Windows-Sysmon","Provider":"Microsoft-Windows-Sysmon","ProviderGuid":"{5770385f-c22a-43e0-bf4c-06f5698ffbd9}","Level":"4","Keywords":"0x8000000000000000","Channel":"Microsoft-Windows-Sysmon/Operational","Computer":"FlareVM","TimeCreated":"2023-03-02T11:38:58.297Z","TimeGenerated":"2023-03-02T04:38:58.297Z","EventRecordID":"57683","EventID":11,"Message":"File created:\r\nRuleName: technique_id=T1574.010,technique_name=Services File Permissions Weakness\r\nUtcTime: 2023-03-02 16:38:58.281\r\nProcessGuid: {159466bb-d0bb-6400-3d01-000000000f00}\r\nProcessId: 4784\r\nImage: \\\\?\\C:\\Windows\\system32\\wbem\\WMIADAP.EXE\r\nTargetFilename: C:\\Windows\\INF\\WmiApRpl\r\nCreationUtcTime: 2023-03-02 16:38:58.281\r\nUser: NT AUTHORITY\\SYSTEM","EventData":"\u003cEventData xmlns=\"http://schemas.microsoft.com/win/2004/08/events/event\"\u003e\u003cData Name=\"RuleName\"\u003etechnique_id=T1574.010,technique_name=Services File Permissions Weakness\u003c/Data\u003e\u003cData Name=\"UtcTime\"\u003e2023-03-02 16:38:58.281\u003c/Data\u003e\u003cData Name=\"ProcessGuid\"\u003e{159466bb-d0bb-6400-3d01-000000000f00}\u003c/Data\u003e\u003cData Name=\"ProcessId\"\u003e4784\u003c/Data\u003e\u003cData Name=\"Image\"\u003e\\\\?\\C:\\Windows\\system32\\wbem\\WMIADAP.EXE\u003c/Data\u003e\u003cData Name=\"TargetFilename\"\u003eC:\\Windows\\INF\\WmiApRpl\u003c/Data\u003e\u003cData Name=\"CreationUtcTime\"\u003e2023-03-02 16:38:58.281\u003c/Data\u003e\u003cData Name=\"User\"\u003eNT AUTHORITY\\SYSTEM\u003c/Data\u003e\u003c/EventData\u003e","Task":11,"RuleName":"technique_id=T1574.010,technique_name=Services File Permissions Weakness","UtcTime":"2023-03-02 16:38:58.281","ProcessGuid":"159466bb-d0bb-6400-3d01-000000000f00","ProcessId":4784,"Image":"\\\\?\\C:\\Windows\\system32\\wbem\\WMIADAP.EXE","TargetFilename":"C:\\Windows\\INF\\WmiApRpl","CreationUtcTime":"2023-03-02 16:38:58.281","User":"NT AUTHORITY\\SYSTEM"},{"EventSourceName":"Microsoft-Windows-Sysmon","Provider":"Microsoft-Windows-Sysmon","ProviderGuid":"{5770385f-c22a-43e0-bf4c-06f5698ffbd9}","Level":"4","Keywords":"0x8000000000000000","Channel":"Microsoft-Windows-Sysmon/Operational","Computer":"FlareVM","TimeCreated":"2023-03-02T11:38:58.297Z","TimeGenerated":"2023-03-02T04:38:58.297Z","EventRecordID":"57684","EventID":11,"Message":"File created:\r\nRuleName: technique_id=T1574.010,technique_name=Services File Permissions Weakness\r\nUtcTime: 2023-03-02 16:38:58.281\r\nProcessGuid: {159466bb-d0bb-6400-3d01-000000000f00}\r\nProcessId: 4784\r\nImage: \\\\?\\C:\\Windows\\system32\\wbem\\WMIADAP.EXE\r\nTargetFilename: C:\\Windows\\INF\\WmiApRpl\\WmiApRpl.h\r\nCreationUtcTime: 2023-03-02 16:38:58.281\r\nUser: NT AUTHORITY\\SYSTEM","EventData":"\u003cEventData xmlns=\"http://schemas.microsoft.com/win/2004/08/events/event\"\u003e\u003cData Name=\"RuleName\"\u003etechnique_id=T1574.010,technique_name=Services File Permissions Weakness\u003c/Data\u003e\u003cData Name=\"UtcTime\"\u003e2023-03-02 16:38:58.281\u003c/Data\u003e\u003cData Name=\"ProcessGuid\"\u003e{159466bb-d0bb-6400-3d01-000000000f00}\u003c/Data\u003e\u003cData Name=\"ProcessId\"\u003e4784\u003c/Data\u003e\u003cData Name=\"Image\"\u003e\\\\?\\C:\\Windows\\system32\\wbem\\WMIADAP.EXE\u003c/Data\u003e\u003cData Name=\"TargetFilename\"\u003eC:\\Windows\\INF\\WmiApRpl\\WmiApRpl.h\u003c/Data\u003e\u003cData Name=\"CreationUtcTime\"\u003e2023-03-02 16:38:58.281\u003c/Data\u003e\u003cData Name=\"User\"\u003eNT AUTHORITY\\SYSTEM\u003c/Data\u003e\u003c/EventData\u003e","Task":11,"RuleName":"technique_id=T1574.010,technique_name=Services File Permissions Weakness","UtcTime":"2023-03-02 16:38:58.281","ProcessGuid":"159466bb-d0bb-6400-3d01-000000000f00","ProcessId":4784,"Image":"\\\\?\\C:\\Windows\\system32\\wbem\\WMIADAP.EXE","TargetFilename":"C:\\Windows\\INF\\WmiApRpl\\WmiApRpl.h","CreationUtcTime":"2023-03-02 16:38:58.281","User":"NT AUTHORITY\\SYSTEM"},{"EventSourceName":"Microsoft-Windows-Sysmon","Provider":"Microsoft-Windows-Sysmon","ProviderGuid":"{5770385f-c22a-43e0-bf4c-06f5698ffbd9}","Level":"4","Keywords":"0x8000000000000000","Channel":"Microsoft-Windows-Sysmon/Operational","Computer":"FlareVM","TimeCreated":"2023-03-02T11:38:58.298Z","TimeGenerated":"2023-03-02T04:38:58.298Z","EventRecordID":"57685","EventID":11,"Message":"File created:\r\nRuleName: technique_id=T1574.010,technique_name=Services File Permissions Weakness\r\nUtcTime: 2023-03-02 16:38:58.297\r\nProcessGuid: {159466bb-d0bb-6400-3d01-000000000f00}\r\nProcessId: 4784\r\nImage: \\\\?\\C:\\Windows\\system32\\wbem\\WMIADAP.EXE\r\nTargetFilename: C:\\Windows\\INF\\WmiApRpl\\WmiApRpl.ini\r\nCreationUtcTime: 2023-03-02 16:38:58.297\r\nUser: NT AUTHORITY\\SYSTEM","EventData":"\u003cEventData xmlns=\"http://schemas.microsoft.com/win/2004/08/events/event\"\u003e\u003cData Name=\"RuleName\"\u003etechnique_id=T1574.010,technique_name=Services File Permissions Weakness\u003c/Data\u003e\u003cData Name=\"UtcTime\"\u003e2023-03-02 16:38:58.297\u003c/Data\u003e\u003cData Name=\"ProcessGuid\"\u003e{159466bb-d0bb-6400-3d01-000000000f00}\u003c/Data\u003e\u003cData Name=\"ProcessId\"\u003e4784\u003c/Data\u003e\u003cData Name=\"Image\"\u003e\\\\?\\C:\\Windows\\system32\\wbem\\WMIADAP.EXE\u003c/Data\u003e\u003cData Name=\"TargetFilename\"\u003eC:\\Windows\\INF\\WmiApRpl\\WmiApRpl.ini\u003c/Data\u003e\u003cData Name=\"CreationUtcTime\"\u003e2023-03-02 16:38:58.297\u003c/Data\u003e\u003cData Name=\"User\"\u003eNT AUTHORITY\\SYSTEM\u003c/Data\u003e\u003c/EventData\u003e","Task":11,"RuleName":"technique_id=T1574.010,technique_name=Services File Permissions Weakness","UtcTime":"2023-03-02 16:38:58.297","ProcessGuid":"159466bb-d0bb-6400-3d01-000000000f00","ProcessId":4784,"Image":"\\\\?\\C:\\Windows\\system32\\wbem\\WMIADAP.EXE","TargetFilename":"C:\\Windows\\INF\\WmiApRpl\\WmiApRpl.ini","CreationUtcTime":"2023-03-02 16:38:58.297","User":"NT AUTHORITY\\SYSTEM"},{"EventSourceName":"Microsoft-Windows-Sysmon","Provider":"Microsoft-Windows-Sysmon","ProviderGuid":"{5770385f-c22a-43e0-bf4c-06f5698ffbd9}","Level":"4","Keywords":"0x8000000000000000","Channel":"Microsoft-Windows-Sysmon/Operational","Computer":"FlareVM","TimeCreated":"2023-03-02T11:38:58.299Z","TimeGenerated":"2023-03-02T04:38:58.299Z","EventRecordID":"57686","EventID":11,"Message":"File created:\r\nRuleName: technique_id=T1574.010,technique_name=Services File Permissions Weakness\r\nUtcTime: 2023-03-02 16:38:58.297\r\nProcessGuid: {159466bb-d0bb-6400-3d01-000000000f00}\r\nProcessId: 4784\r\nImage: \\\\?\\C:\\Windows\\system32\\wbem\\WMIADAP.EXE\r\nTargetFilename: C:\\Windows\\INF\\WmiApRpl\\0009\r\nCreationUtcTime: 2023-03-02 16:38:58.297\r\nUser: NT AUTHORITY\\SYSTEM","EventData":"\u003cEventData xmlns=\"http://schemas.microsoft.com/win/2004/08/events/event\"\u003e\u003cData Name=\"RuleName\"\u003etechnique_id=T1574.010,technique_name=Services File Permissions Weakness\u003c/Data\u003e\u003cData Name=\"UtcTime\"\u003e2023-03-02 16:38:58.297\u003c/Data\u003e\u003cData Name=\"ProcessGuid\"\u003e{159466bb-d0bb-6400-3d01-000000000f00}\u003c/Data\u003e\u003cData Name=\"ProcessId\"\u003e4784\u003c/Data\u003e\u003cData Name=\"Image\"\u003e\\\\?\\C:\\Windows\\system32\\wbem\\WMIADAP.EXE\u003c/Data\u003e\u003cData Name=\"TargetFilename\"\u003eC:\\Windows\\INF\\WmiApRpl\\0009\u003c/Data\u003e\u003cData Name=\"CreationUtcTime\"\u003e2023-03-02 16:38:58.297\u003c/Data\u003e\u003cData Name=\"User\"\u003eNT AUTHORITY\\SYSTEM\u003c/Data\u003e\u003c/EventData\u003e","Task":11,"RuleName":"technique_id=T1574.010,technique_name=Services File Permissions Weakness","UtcTime":"2023-03-02 16:38:58.297","ProcessGuid":"159466bb-d0bb-6400-3d01-000000000f00","ProcessId":4784,"Image":"\\\\?\\C:\\Windows\\system32\\wbem\\WMIADAP.EXE","TargetFilename":"C:\\Windows\\INF\\WmiApRpl\\0009","CreationUtcTime":"2023-03-02 16:38:58.297","User":"NT AUTHORITY\\SYSTEM"},{"EventSourceName":"Microsoft-Windows-Sysmon","Provider":"Microsoft-Windows-Sysmon","ProviderGuid":"{5770385f-c22a-43e0-bf4c-06f5698ffbd9}","Level":"4","Keywords":"0x8000000000000000","Channel":"Microsoft-Windows-Sysmon/Operational","Computer":"FlareVM","TimeCreated":"2023-03-02T11:38:58.299Z","TimeGenerated":"2023-03-02T04:38:58.299Z","EventRecordID":"57687","EventID":13,"Message":"Registry value set:\r\nRuleName: technique_id=T1543,technique_name=Service Creation\r\nEventType: SetValue\r\nUtcTime: 2023-03-02 16:38:58.297\r\nProcessGuid: {159466bb-d0bb-6400-3d01-000000000f00}\r\nProcessId: 4784\r\nImage: \\\\?\\C:\\Windows\\system32\\wbem\\WMIADAP.EXE\r\nTargetObject: HKLM\\System\\CurrentControlSet\\Services\\WmiApRpl\\Performance\\PerfIniFile\r\nDetails: WmiApRpl.ini\r\nUser: NT AUTHORITY\\SYSTEM","EventData":"\u003cEventData xmlns=\"http://schemas.microsoft.com/win/2004/08/events/event\"\u003e\u003cData Name=\"RuleName\"\u003etechnique_id=T1543,technique_name=Service Creation\u003c/Data\u003e\u003cData Name=\"EventType\"\u003eSetValue\u003c/Data\u003e\u003cData Name=\"UtcTime\"\u003e2023-03-02 16:38:58.297\u003c/Data\u003e\u003cData Name=\"ProcessGuid\"\u003e{159466bb-d0bb-6400-3d01-000000000f00}\u003c/Data\u003e\u003cData Name=\"ProcessId\"\u003e4784\u003c/Data\u003e\u003cData Name=\"Image\"\u003e\\\\?\\C:\\Windows\\system32\\wbem\\WMIADAP.EXE\u003c/Data\u003e\u003cData Name=\"TargetObject\"\u003eHKLM\\System\\CurrentControlSet\\Services\\WmiApRpl\\Performance\\PerfIniFile\u003c/Data\u003e\u003cData Name=\"Details\"\u003eWmiApRpl.ini\u003c/Data\u003e\u003cData Name=\"User\"\u003eNT AUTHORITY\\SYSTEM\u003c/Data\u003e\u003c/EventData\u003e","Task":13,"RuleName":"technique_id=T1543,technique_name=Service Creation","EventType":"SetValue","UtcTime":"2023-03-02 16:38:58.297","ProcessGuid":"159466bb-d0bb-6400-3d01-000000000f00","ProcessId":4784,"Image":"\\\\?\\C:\\Windows\\system32\\wbem\\WMIADAP.EXE","TargetObject":"HKLM\\System\\CurrentControlSet\\Services\\WmiApRpl\\Performance\\PerfIniFile","Details":"WmiApRpl.ini","User":"NT AUTHORITY\\SYSTEM"},{"EventSourceName":"Microsoft-Windows-Sysmon","Provider":"Microsoft-Windows-Sysmon","ProviderGuid":"{5770385f-c22a-43e0-bf4c-06f5698ffbd9}","Level":"4","Keywords":"0x8000000000000000","Channel":"Microsoft-Windows-Sysmon/Operational","Computer":"FlareVM","TimeCreated":"2023-03-02T11:38:58.303Z","TimeGenerated":"2023-03-02T04:38:58.303Z","EventRecordID":"57688","EventID":11,"Message":"File created:\r\nRuleName: technique_id=T1574.010,technique_name=Services File Permissions Weakness\r\nUtcTime: 2023-03-02 16:38:58.297\r\nProcessGuid: {159466bb-d0bb-6400-3d01-000000000f00}\r\nProcessId: 4784\r\nImage: \\\\?\\C:\\Windows\\system32\\wbem\\WMIADAP.EXE\r\nTargetFilename: C:\\Windows\\System32\\PerfStringBackup.TMP\r\nCreationUtcTime: 2023-03-02 16:38:58.297\r\nUser: NT AUTHORITY\\SYSTEM","EventData":"\u003cEventData xmlns=\"http://schemas.microsoft.com/win/2004/08/events/event\"\u003e\u003cData Name=\"RuleName\"\u003etechnique_id=T1574.010,technique_name=Services File Permissions Weakness\u003c/Data\u003e\u003cData Name=\"UtcTime\"\u003e2023-03-02 16:38:58.297\u003c/Data\u003e\u003cData Name=\"ProcessGuid\"\u003e{159466bb-d0bb-6400-3d01-000000000f00}\u003c/Data\u003e\u003cData Name=\"ProcessId\"\u003e4784\u003c/Data\u003e\u003cData Name=\"Image\"\u003e\\\\?\\C:\\Windows\\system32\\wbem\\WMIADAP.EXE\u003c/Data\u003e\u003cData Name=\"TargetFilename\"\u003eC:\\Windows\\System32\\PerfStringBackup.TMP\u003c/Data\u003e\u003cData Name=\"CreationUtcTime\"\u003e2023-03-02 16:38:58.297\u003c/Data\u003e\u003cData Name=\"User\"\u003eNT AUTHORITY\\SYSTEM\u003c/Data\u003e\u003c/EventData\u003e","Task":11,"RuleName":"technique_id=T1574.010,technique_name=Services File Permissions Weakness","UtcTime":"2023-03-02 16:38:58.297","ProcessGuid":"159466bb-d0bb-6400-3d01-000000000f00","ProcessId":4784,"Image":"\\\\?\\C:\\Windows\\system32\\wbem\\WMIADAP.EXE","TargetFilename":"C:\\Windows\\System32\\PerfStringBackup.TMP","CreationUtcTime":"2023-03-02 16:38:58.297","User":"NT AUTHORITY\\SYSTEM"},{"EventSourceName":"Microsoft-Windows-Sysmon","Provider":"Microsoft-Windows-Sysmon","ProviderGuid":"{5770385f-c22a-43e0-bf4c-06f5698ffbd9}","Level":"4","Keywords":"0x8000000000000000","Channel":"Microsoft-Windows-Sysmon/Operational","Computer":"FlareVM","TimeCreated":"2023-03-02T11:38:58.328Z","TimeGenerated":"2023-03-02T04:38:58.328Z","EventRecordID":"57689","EventID":11,"Message":"File created:\r\nRuleName: technique_id=T1574.010,technique_name=Services File Permissions Weakness\r\nUtcTime: 2023-03-02 16:38:58.313\r\nProcessGuid: {159466bb-d0bb-6400-3d01-000000000f00}\r\nProcessId: 4784\r\nImage: \\\\?\\C:\\Windows\\system32\\wbem\\WMIADAP.EXE\r\nTargetFilename: C:\\Windows\\System32\\PerfStringBackup.INI\r\nCreationUtcTime: 2022-12-31 17:42:24.895\r\nUser: NT AUTHORITY\\SYSTEM","EventData":"\u003cEventData xmlns=\"http://schemas.microsoft.com/win/2004/08/events/event\"\u003e\u003cData Name=\"RuleName\"\u003etechnique_id=T1574.010,technique_name=Services File Permissions Weakness\u003c/Data\u003e\u003cData Name=\"UtcTime\"\u003e2023-03-02 16:38:58.313\u003c/Data\u003e\u003cData Name=\"ProcessGuid\"\u003e{159466bb-d0bb-6400-3d01-000000000f00}\u003c/Data\u003e\u003cData Name=\"ProcessId\"\u003e4784\u003c/Data\u003e\u003cData Name=\"Image\"\u003e\\\\?\\C:\\Windows\\system32\\wbem\\WMIADAP.EXE\u003c/Data\u003e\u003cData Name=\"TargetFilename\"\u003eC:\\Windows\\System32\\PerfStringBackup.INI\u003c/Data\u003e\u003cData Name=\"CreationUtcTime\"\u003e2022-12-31 17:42:24.895\u003c/Data\u003e\u003cData Name=\"User\"\u003eNT AUTHORITY\\SYSTEM\u003c/Data\u003e\u003c/EventData\u003e","Task":11,"RuleName":"technique_id=T1574.010,technique_name=Services File Permissions Weakness","UtcTime":"2023-03-02 16:38:58.313","ProcessGuid":"159466bb-d0bb-6400-3d01-000000000f00","ProcessId":4784,"Image":"\\\\?\\C:\\Windows\\system32\\wbem\\WMIADAP.EXE","TargetFilename":"C:\\Windows\\System32\\PerfStringBackup.INI","CreationUtcTime":"2022-12-31 17:42:24.895","User":"NT AUTHORITY\\SYSTEM"},{"EventSourceName":"Microsoft-Windows-Sysmon","Provider":"Microsoft-Windows-Sysmon","ProviderGuid":"{5770385f-c22a-43e0-bf4c-06f5698ffbd9}","Level":"4","Keywords":"0x8000000000000000","Channel":"Microsoft-Windows-Sysmon/Operational","Computer":"FlareVM","TimeCreated":"2023-03-02T11:38:58.330Z","TimeGenerated":"2023-03-02T04:38:58.330Z","EventRecordID":"57690","EventID":11,"Message":"File created:\r\nRuleName: technique_id=T1574.010,technique_name=Services File Permissions Weakness\r\nUtcTime: 2023-03-02 16:38:58.328\r\nProcessGuid: {159466bb-d0bb-6400-3d01-000000000f00}\r\nProcessId: 4784\r\nImage: \\\\?\\C:\\Windows\\system32\\wbem\\WMIADAP.EXE\r\nTargetFilename: C:\\Windows\\System32\\perfc009.dat\r\nCreationUtcTime: 2019-12-07 09:17:25.648\r\nUser: NT AUTHORITY\\SYSTEM","EventData":"\u003cEventData xmlns=\"http://schemas.microsoft.com/win/2004/08/events/event\"\u003e\u003cData Name=\"RuleName\"\u003etechnique_id=T1574.010,technique_name=Services File Permissions Weakness\u003c/Data\u003e\u003cData Name=\"UtcTime\"\u003e2023-03-02 16:38:58.328\u003c/Data\u003e\u003cData Name=\"ProcessGuid\"\u003e{159466bb-d0bb-6400-3d01-000000000f00}\u003c/Data\u003e\u003cData Name=\"ProcessId\"\u003e4784\u003c/Data\u003e\u003cData Name=\"Image\"\u003e\\\\?\\C:\\Windows\\system32\\wbem\\WMIADAP.EXE\u003c/Data\u003e\u003cData Name=\"TargetFilename\"\u003eC:\\Windows\\System32\\perfc009.dat\u003c/Data\u003e\u003cData Name=\"CreationUtcTime\"\u003e2019-12-07 09:17:25.648\u003c/Data\u003e\u003cData Name=\"User\"\u003eNT AUTHORITY\\SYSTEM\u003c/Data\u003e\u003c/EventData\u003e","Task":11,"RuleName":"technique_id=T1574.010,technique_name=Services File Permissions Weakness","UtcTime":"2023-03-02 16:38:58.328","ProcessGuid":"159466bb-d0bb-6400-3d01-000000000f00","ProcessId":4784,"Image":"\\\\?\\C:\\Windows\\system32\\wbem\\WMIADAP.EXE","TargetFilename":"C:\\Windows\\System32\\perfc009.dat","CreationUtcTime":"2019-12-07 09:17:25.648","User":"NT AUTHORITY\\SYSTEM"},{"EventSourceName":"Microsoft-Windows-Sysmon","Provider":"Microsoft-Windows-Sysmon","ProviderGuid":"{5770385f-c22a-43e0-bf4c-06f5698ffbd9}","Level":"4","Keywords":"0x8000000000000000","Channel":"Microsoft-Windows-Sysmon/Operational","Computer":"FlareVM","TimeCreated":"2023-03-02T11:38:58.331Z","TimeGenerated":"2023-03-02T04:38:58.331Z","EventRecordID":"57691","EventID":11,"Message":"File created:\r\nRuleName: technique_id=T1574.010,technique_name=Services File Permissions Weakness\r\nUtcTime: 2023-03-02 16:38:58.328\r\nProcessGuid: {159466bb-d0bb-6400-3d01-000000000f00}\r\nProcessId: 4784\r\nImage: \\\\?\\C:\\Windows\\system32\\wbem\\WMIADAP.EXE\r\nTargetFilename: C:\\Windows\\System32\\perfh009.dat\r\nCreationUtcTime: 2019-12-07 09:17:25.648\r\nUser: NT AUTHORITY\\SYSTEM","EventData":"\u003cEventData xmlns=\"http://schemas.microsoft.com/win/2004/08/events/event\"\u003e\u003cData Name=\"RuleName\"\u003etechnique_id=T1574.010,technique_name=Services File Permissions Weakness\u003c/Data\u003e\u003cData Name=\"UtcTime\"\u003e2023-03-02 16:38:58.328\u003c/Data\u003e\u003cData Name=\"ProcessGuid\"\u003e{159466bb-d0bb-6400-3d01-000000000f00}\u003c/Data\u003e\u003cData Name=\"ProcessId\"\u003e4784\u003c/Data\u003e\u003cData Name=\"Image\"\u003e\\\\?\\C:\\Windows\\system32\\wbem\\WMIADAP.EXE\u003c/Data\u003e\u003cData Name=\"TargetFilename\"\u003eC:\\Windows\\System32\\perfh009.dat\u003c/Data\u003e\u003cData Name=\"CreationUtcTime\"\u003e2019-12-07 09:17:25.648\u003c/Data\u003e\u003cData Name=\"User\"\u003eNT AUTHORITY\\SYSTEM\u003c/Data\u003e\u003c/EventData\u003e","Task":11,"RuleName":"technique_id=T1574.010,technique_name=Services File Permissions Weakness","UtcTime":"2023-03-02 16:38:58.328","ProcessGuid":"159466bb-d0bb-6400-3d01-000000000f00","ProcessId":4784,"Image":"\\\\?\\C:\\Windows\\system32\\wbem\\WMIADAP.EXE","TargetFilename":"C:\\Windows\\System32\\perfh009.dat","CreationUtcTime":"2019-12-07 09:17:25.648","User":"NT AUTHORITY\\SYSTEM"},{"EventSourceName":"Microsoft-Windows-Sysmon","Provider":"Microsoft-Windows-Sysmon","ProviderGuid":"{5770385f-c22a-43e0-bf4c-06f5698ffbd9}","Level":"4","Keywords":"0x8000000000000000","Channel":"Microsoft-Windows-Sysmon/Operational","Computer":"FlareVM","TimeCreated":"2023-03-02T11:38:58.331Z","TimeGenerated":"2023-03-02T04:38:58.331Z","EventRecordID":"57692","EventID":13,"Message":"Registry value set:\r\nRuleName: technique_id=T1543,technique_name=Service Creation\r\nEventType: SetValue\r\nUtcTime: 2023-03-02 16:38:58.328\r\nProcessGuid: {159466bb-d0bb-6400-3d01-000000000f00}\r\nProcessId: 4784\r\nImage: \\\\?\\C:\\Windows\\system32\\wbem\\WMIADAP.EXE\r\nTargetObject: HKLM\\System\\CurrentControlSet\\Services\\WmiApRpl\\Performance\\Last Counter\r\nDetails: DWORD (0x0000269c)\r\nUser: NT AUTHORITY\\SYSTEM","EventData":"\u003cEventData xmlns=\"http://schemas.microsoft.com/win/2004/08/events/event\"\u003e\u003cData Name=\"RuleName\"\u003etechnique_id=T1543,technique_name=Service Creation\u003c/Data\u003e\u003cData Name=\"EventType\"\u003eSetValue\u003c/Data\u003e\u003cData Name=\"UtcTime\"\u003e2023-03-02 16:38:58.328\u003c/Data\u003e\u003cData Name=\"ProcessGuid\"\u003e{159466bb-d0bb-6400-3d01-000000000f00}\u003c/Data\u003e\u003cData Name=\"ProcessId\"\u003e4784\u003c/Data\u003e\u003cData Name=\"Image\"\u003e\\\\?\\C:\\Windows\\system32\\wbem\\WMIADAP.EXE\u003c/Data\u003e\u003cData Name=\"TargetObject\"\u003eHKLM\\System\\CurrentControlSet\\Services\\WmiApRpl\\Performance\\Last Counter\u003c/Data\u003e\u003cData Name=\"Details\"\u003eDWORD (0x0000269c)\u003c/Data\u003e\u003cData Name=\"User\"\u003eNT AUTHORITY\\SYSTEM\u003c/Data\u003e\u003c/EventData\u003e","Task":13,"RuleName":"technique_id=T1543,technique_name=Service Creation","EventType":"SetValue","UtcTime":"2023-03-02 16:38:58.328","ProcessGuid":"159466bb-d0bb-6400-3d01-000000000f00","ProcessId":4784,"Image":"\\\\?\\C:\\Windows\\system32\\wbem\\WMIADAP.EXE","TargetObject":"HKLM\\System\\CurrentControlSet\\Services\\WmiApRpl\\Performance\\Last Counter","Details":"DWORD (0x0000269c)","User":"NT AUTHORITY\\SYSTEM"},{"EventSourceName":"Microsoft-Windows-Sysmon","Provider":"Microsoft-Windows-Sysmon","ProviderGuid":"{5770385f-c22a-43e0-bf4c-06f5698ffbd9}","Level":"4","Keywords":"0x8000000000000000","Channel":"Microsoft-Windows-Sysmon/Operational","Computer":"FlareVM","TimeCreated":"2023-03-02T11:38:58.331Z","TimeGenerated":"2023-03-02T04:38:58.331Z","EventRecordID":"57693","EventID":13,"Message":"Registry value set:\r\nRuleName: technique_id=T1543,technique_name=Service Creation\r\nEventType: SetValue\r\nUtcTime: 2023-03-02 16:38:58.328\r\nProcessGuid: {159466bb-d0bb-6400-3d01-000000000f00}\r\nProcessId: 4784\r\nImage: \\\\?\\C:\\Windows\\system32\\wbem\\WMIADAP.EXE\r\nTargetObject: HKLM\\System\\CurrentControlSet\\Services\\WmiApRpl\\Performance\\Last Help\r\nDetails: DWORD (0x0000269d)\r\nUser: NT AUTHORITY\\SYSTEM","EventData":"\u003cEventData xmlns=\"http://schemas.microsoft.com/win/2004/08/events/event\"\u003e\u003cData Name=\"RuleName\"\u003etechnique_id=T1543,technique_name=Service Creation\u003c/Data\u003e\u003cData Name=\"EventType\"\u003eSetValue\u003c/Data\u003e\u003cData Name=\"UtcTime\"\u003e2023-03-02 16:38:58.328\u003c/Data\u003e\u003cData Name=\"ProcessGuid\"\u003e{159466bb-d0bb-6400-3d01-000000000f00}\u003c/Data\u003e\u003cData Name=\"ProcessId\"\u003e4784\u003c/Data\u003e\u003cData Name=\"Image\"\u003e\\\\?\\C:\\Windows\\system32\\wbem\\WMIADAP.EXE\u003c/Data\u003e\u003cData Name=\"TargetObject\"\u003eHKLM\\System\\CurrentControlSet\\Services\\WmiApRpl\\Performance\\Last Help\u003c/Data\u003e\u003cData Name=\"Details\"\u003eDWORD (0x0000269d)\u003c/Data\u003e\u003cData Name=\"User\"\u003eNT AUTHORITY\\SYSTEM\u003c/Data\u003e\u003c/EventData\u003e","Task":13,"RuleName":"technique_id=T1543,technique_name=Service Creation","EventType":"SetValue","UtcTime":"2023-03-02 16:38:58.328","ProcessGuid":"159466bb-d0bb-6400-3d01-000000000f00","ProcessId":4784,"Image":"\\\\?\\C:\\Windows\\system32\\wbem\\WMIADAP.EXE","TargetObject":"HKLM\\System\\CurrentControlSet\\Services\\WmiApRpl\\Performance\\Last Help","Details":"DWORD (0x0000269d)","User":"NT AUTHORITY\\SYSTEM"},{"EventSourceName":"Microsoft-Windows-Sysmon","Provider":"Microsoft-Windows-Sysmon","ProviderGuid":"{5770385f-c22a-43e0-bf4c-06f5698ffbd9}","Level":"4","Keywords":"0x8000000000000000","Channel":"Microsoft-Windows-Sysmon/Operational","Computer":"FlareVM","TimeCreated":"2023-03-02T11:38:58.331Z","TimeGenerated":"2023-03-02T04:38:58.331Z","EventRecordID":"57694","EventID":13,"Message":"Registry value set:\r\nRuleName: technique_id=T1543,technique_name=Service Creation\r\nEventType: SetValue\r\nUtcTime: 2023-03-02 16:38:58.328\r\nProcessGuid: {159466bb-d0bb-6400-3d01-000000000f00}\r\nProcessId: 4784\r\nImage: \\\\?\\C:\\Windows\\system32\\wbem\\WMIADAP.EXE\r\nTargetObject: HKLM\\System\\CurrentControlSet\\Services\\WmiApRpl\\Performance\\First Counter\r\nDetails: DWORD (0x000025f6)\r\nUser: NT AUTHORITY\\SYSTEM","EventData":"\u003cEventData xmlns=\"http://schemas.microsoft.com/win/2004/08/events/event\"\u003e\u003cData Name=\"RuleName\"\u003etechnique_id=T1543,technique_name=Service Creation\u003c/Data\u003e\u003cData Name=\"EventType\"\u003eSetValue\u003c/Data\u003e\u003cData Name=\"UtcTime\"\u003e2023-03-02 16:38:58.328\u003c/Data\u003e\u003cData Name=\"ProcessGuid\"\u003e{159466bb-d0bb-6400-3d01-000000000f00}\u003c/Data\u003e\u003cData Name=\"ProcessId\"\u003e4784\u003c/Data\u003e\u003cData Name=\"Image\"\u003e\\\\?\\C:\\Windows\\system32\\wbem\\WMIADAP.EXE\u003c/Data\u003e\u003cData Name=\"TargetObject\"\u003eHKLM\\System\\CurrentControlSet\\Services\\WmiApRpl\\Performance\\First Counter\u003c/Data\u003e\u003cData Name=\"Details\"\u003eDWORD (0x000025f6)\u003c/Data\u003e\u003cData Name=\"User\"\u003eNT AUTHORITY\\SYSTEM\u003c/Data\u003e\u003c/EventData\u003e","Task":13,"RuleName":"technique_id=T1543,technique_name=Service Creation","EventType":"SetValue","UtcTime":"2023-03-02 16:38:58.328","ProcessGuid":"159466bb-d0bb-6400-3d01-000000000f00","ProcessId":4784,"Image":"\\\\?\\C:\\Windows\\system32\\wbem\\WMIADAP.EXE","TargetObject":"HKLM\\System\\CurrentControlSet\\Services\\WmiApRpl\\Performance\\First Counter","Details":"DWORD (0x000025f6)","User":"NT AUTHORITY\\SYSTEM"},{"EventSourceName":"Microsoft-Windows-Sysmon","Provider":"Microsoft-Windows-Sysmon","ProviderGuid":"{5770385f-c22a-43e0-bf4c-06f5698ffbd9}","Level":"4","Keywords":"0x8000000000000000","Channel":"Microsoft-Windows-Sysmon/Operational","Computer":"FlareVM","TimeCreated":"2023-03-02T11:38:58.331Z","TimeGenerated":"2023-03-02T04:38:58.331Z","EventRecordID":"57695","EventID":13,"Message":"Registry value set:\r\nRuleName: technique_id=T1543,technique_name=Service Creation\r\nEventType: SetValue\r\nUtcTime: 2023-03-02 16:38:58.328\r\nProcessGuid: {159466bb-d0bb-6400-3d01-000000000f00}\r\nProcessId: 4784\r\nImage: \\\\?\\C:\\Windows\\system32\\wbem\\WMIADAP.EXE\r\nTargetObject: HKLM\\System\\CurrentControlSet\\Services\\WmiApRpl\\Performance\\First Help\r\nDetails: DWORD (0x000025f7)\r\nUser: NT AUTHORITY\\SYSTEM","EventData":"\u003cEventData xmlns=\"http://schemas.microsoft.com/win/2004/08/events/event\"\u003e\u003cData Name=\"RuleName\"\u003etechnique_id=T1543,technique_name=Service Creation\u003c/Data\u003e\u003cData Name=\"EventType\"\u003eSetValue\u003c/Data\u003e\u003cData Name=\"UtcTime\"\u003e2023-03-02 16:38:58.328\u003c/Data\u003e\u003cData Name=\"ProcessGuid\"\u003e{159466bb-d0bb-6400-3d01-000000000f00}\u003c/Data\u003e\u003cData Name=\"ProcessId\"\u003e4784\u003c/Data\u003e\u003cData Name=\"Image\"\u003e\\\\?\\C:\\Windows\\system32\\wbem\\WMIADAP.EXE\u003c/Data\u003e\u003cData Name=\"TargetObject\"\u003eHKLM\\System\\CurrentControlSet\\Services\\WmiApRpl\\Performance\\First Help\u003c/Data\u003e\u003cData Name=\"Details\"\u003eDWORD (0x000025f7)\u003c/Data\u003e\u003cData Name=\"User\"\u003eNT AUTHORITY\\SYSTEM\u003c/Data\u003e\u003c/EventData\u003e","Task":13,"RuleName":"technique_id=T1543,technique_name=Service Creation","EventType":"SetValue","UtcTime":"2023-03-02 16:38:58.328","ProcessGuid":"159466bb-d0bb-6400-3d01-000000000f00","ProcessId":4784,"Image":"\\\\?\\C:\\Windows\\system32\\wbem\\WMIADAP.EXE","TargetObject":"HKLM\\System\\CurrentControlSet\\Services\\WmiApRpl\\Performance\\First Help","Details":"DWORD (0x000025f7)","User":"NT AUTHORITY\\SYSTEM"},{"EventSourceName":"Microsoft-Windows-Sysmon","Provider":"Microsoft-Windows-Sysmon","ProviderGuid":"{5770385f-c22a-43e0-bf4c-06f5698ffbd9}","Level":"4","Keywords":"0x8000000000000000","Channel":"Microsoft-Windows-Sysmon/Operational","Computer":"FlareVM","TimeCreated":"2023-03-02T11:38:58.332Z","TimeGenerated":"2023-03-02T04:38:58.332Z","EventRecordID":"57696","EventID":13,"Message":"Registry value set:\r\nRuleName: technique_id=T1543,technique_name=Service Creation\r\nEventType: SetValue\r\nUtcTime: 2023-03-02 16:38:58.328\r\nProcessGuid: {159466bb-d0bb-6400-3d01-000000000f00}\r\nProcessId: 4784\r\nImage: \\\\?\\C:\\Windows\\system32\\wbem\\WMIADAP.EXE\r\nTargetObject: HKLM\\System\\CurrentControlSet\\Services\\WmiApRpl\\Performance\\Object List\r\nDetails: 9718 9724 9734 9744 9764 9808 9818 9856 9862 9878\r\nUser: NT AUTHORITY\\SYSTEM","EventData":"\u003cEventData xmlns=\"http://schemas.microsoft.com/win/2004/08/events/event\"\u003e\u003cData Name=\"RuleName\"\u003etechnique_id=T1543,technique_name=Service Creation\u003c/Data\u003e\u003cData Name=\"EventType\"\u003eSetValue\u003c/Data\u003e\u003cData Name=\"UtcTime\"\u003e2023-03-02 16:38:58.328\u003c/Data\u003e\u003cData Name=\"ProcessGuid\"\u003e{159466bb-d0bb-6400-3d01-000000000f00}\u003c/Data\u003e\u003cData Name=\"ProcessId\"\u003e4784\u003c/Data\u003e\u003cData Name=\"Image\"\u003e\\\\?\\C:\\Windows\\system32\\wbem\\WMIADAP.EXE\u003c/Data\u003e\u003cData Name=\"TargetObject\"\u003eHKLM\\System\\CurrentControlSet\\Services\\WmiApRpl\\Performance\\Object List\u003c/Data\u003e\u003cData Name=\"Details\"\u003e9718 9724 9734 9744 9764 9808 9818 9856 9862 9878\u003c/Data\u003e\u003cData Name=\"User\"\u003eNT AUTHORITY\\SYSTEM\u003c/Data\u003e\u003c/EventData\u003e","Task":13,"RuleName":"technique_id=T1543,technique_name=Service Creation","EventType":"SetValue","UtcTime":"2023-03-02 16:38:58.328","ProcessGuid":"159466bb-d0bb-6400-3d01-000000000f00","ProcessId":4784,"Image":"\\\\?\\C:\\Windows\\system32\\wbem\\WMIADAP.EXE","TargetObject":"HKLM\\System\\CurrentControlSet\\Services\\WmiApRpl\\Performance\\Object List","Details":"9718 9724 9734 9744 9764 9808 9818 9856 9862 9878","User":"NT AUTHORITY\\SYSTEM"},{"EventSourceName":"Microsoft-Windows-Sysmon","Provider":"Microsoft-Windows-Sysmon","ProviderGuid":"{5770385f-c22a-43e0-bf4c-06f5698ffbd9}","Level":"4","Keywords":"0x8000000000000000","Channel":"Microsoft-Windows-Sysmon/Operational","Computer":"FlareVM","TimeCreated":"2023-03-02T11:39:14.789Z","TimeGenerated":"2023-03-02T04:39:14.789Z","EventRecordID":"57697","EventID":11,"Message":"File created:\r\nRuleName: technique_id=T1574.010,technique_name=Services File Permissions Weakness\r\nUtcTime: 2023-03-02 16:39:14.788\r\nProcessGuid: {159466bb-a9f3-63f7-1e00-000000000f00}\r\nProcessId: 1488\r\nImage: C:\\Windows\\System32\\svchost.exe\r\nTargetFilename: C:\\Windows\\ServiceState\\EventLog\\Data\\lastalive0.dat\r\nCreationUtcTime: 2023-02-23 18:01:23.856\r\nUser: NT AUTHORITY\\LOCAL SERVICE","EventData":"\u003cEventData xmlns=\"http://schemas.microsoft.com/win/2004/08/events/event\"\u003e\u003cData Name=\"RuleName\"\u003etechnique_id=T1574.010,technique_name=Services File Permissions Weakness\u003c/Data\u003e\u003cData Name=\"UtcTime\"\u003e2023-03-02 16:39:14.788\u003c/Data\u003e\u003cData Name=\"ProcessGuid\"\u003e{159466bb-a9f3-63f7-1e00-000000000f00}\u003c/Data\u003e\u003cData Name=\"ProcessId\"\u003e1488\u003c/Data\u003e\u003cData Name=\"Image\"\u003eC:\\Windows\\System32\\svchost.exe\u003c/Data\u003e\u003cData Name=\"TargetFilename\"\u003eC:\\Windows\\ServiceState\\EventLog\\Data\\lastalive0.dat\u003c/Data\u003e\u003cData Name=\"CreationUtcTime\"\u003e2023-02-23 18:01:23.856\u003c/Data\u003e\u003cData Name=\"User\"\u003eNT AUTHORITY\\LOCAL SERVICE\u003c/Data\u003e\u003c/EventData\u003e","Task":11,"RuleName":"technique_id=T1574.010,technique_name=Services File Permissions Weakness","UtcTime":"2023-03-02 16:39:14.788","ProcessGuid":"159466bb-a9f3-63f7-1e00-000000000f00","ProcessId":1488,"Image":"C:\\Windows\\System32\\svchost.exe","TargetFilename":"C:\\Windows\\ServiceState\\EventLog\\Data\\lastalive0.dat","CreationUtcTime":"2023-02-23 18:01:23.856","User":"NT AUTHORITY\\LOCAL SERVICE"},{"EventSourceName":"Microsoft-Windows-Sysmon","Provider":"Microsoft-Windows-Sysmon","ProviderGuid":"{5770385f-c22a-43e0-bf4c-06f5698ffbd9}","Level":"4","Keywords":"0x8000000000000000","Channel":"Microsoft-Windows-Sysmon/Operational","Computer":"FlareVM","TimeCreated":"2023-03-02T11:39:36.235Z","TimeGenerated":"2023-03-02T04:39:36.235Z","EventRecordID":"57698","EventID":11,"Message":"File created:\r\nRuleName: -\r\nUtcTime: 2023-03-02 16:39:36.234\r\nProcessGuid: {159466bb-cd30-6400-c200-000000000f00}\r\nProcessId: 8616\r\nImage: C:\\Windows\\system32\\mmc.exe\r\nTargetFilename: C:\\Users\\malware\\Desktop\\Datasets\\Qakbot.evtx\r\nCreationUtcTime: 2023-03-02 16:39:36.234\r\nUser: FLAREVM\\malware","EventData":"\u003cEventData xmlns=\"http://schemas.microsoft.com/win/2004/08/events/event\"\u003e\u003cData Name=\"RuleName\"\u003e-\u003c/Data\u003e\u003cData Name=\"UtcTime\"\u003e2023-03-02 16:39:36.234\u003c/Data\u003e\u003cData Name=\"ProcessGuid\"\u003e{159466bb-cd30-6400-c200-000000000f00}\u003c/Data\u003e\u003cData Name=\"ProcessId\"\u003e8616\u003c/Data\u003e\u003cData Name=\"Image\"\u003eC:\\Windows\\system32\\mmc.exe\u003c/Data\u003e\u003cData Name=\"TargetFilename\"\u003eC:\\Users\\malware\\Desktop\\Datasets\\Qakbot.evtx\u003c/Data\u003e\u003cData Name=\"CreationUtcTime\"\u003e2023-03-02 16:39:36.234\u003c/Data\u003e\u003cData Name=\"User\"\u003eFLAREVM\\malware\u003c/Data\u003e\u003c/EventData\u003e","Task":11,"RuleName":"-","UtcTime":"2023-03-02 16:39:36.234","ProcessGuid":"159466bb-cd30-6400-c200-000000000f00","ProcessId":8616,"Image":"C:\\Windows\\system32\\mmc.exe","TargetFilename":"C:\\Users\\malware\\Desktop\\Datasets\\Qakbot.evtx","CreationUtcTime":"2023-03-02 16:39:36.234","User":"FLAREVM\\malware"},{"EventSourceName":"Microsoft-Windows-Sysmon","Provider":"Microsoft-Windows-Sysmon","ProviderGuid":"{5770385f-c22a-43e0-bf4c-06f5698ffbd9}","Level":"4","Keywords":"0x8000000000000000","Channel":"Microsoft-Windows-Sysmon/Operational","Computer":"FlareVM","TimeCreated":"2023-03-02T11:39:36.243Z","TimeGenerated":"2023-03-02T04:39:36.243Z","EventRecordID":"57699","EventID":12,"Message":"Registry object added or deleted:\r\nRuleName: technique_id=T1546.001,technique_name=Change Default File Association\r\nEventType: CreateKey\r\nUtcTime: 2023-03-02 16:39:36.234\r\nProcessGuid: {159466bb-cd21-6400-9700-000000000f00}\r\nProcessId: 6508\r\nImage: C:\\Windows\\Explorer.EXE\r\nTargetObject: HKU\\S-1-5-21-2199682790-2533951109-4136935257-1001\\SOFTWARE\\Microsoft\\Windows\\CurrentVersion\\Explorer\\FileExts\\.evtx\r\nUser: FLAREVM\\malware","EventData":"\u003cEventData xmlns=\"http://schemas.microsoft.com/win/2004/08/events/event\"\u003e\u003cData Name=\"RuleName\"\u003etechnique_id=T1546.001,technique_name=Change Default File Association\u003c/Data\u003e\u003cData Name=\"EventType\"\u003eCreateKey\u003c/Data\u003e\u003cData Name=\"UtcTime\"\u003e2023-03-02 16:39:36.234\u003c/Data\u003e\u003cData Name=\"ProcessGuid\"\u003e{159466bb-cd21-6400-9700-000000000f00}\u003c/Data\u003e\u003cData Name=\"ProcessId\"\u003e6508\u003c/Data\u003e\u003cData Name=\"Image\"\u003eC:\\Windows\\Explorer.EXE\u003c/Data\u003e\u003cData Name=\"TargetObject\"\u003eHKU\\S-1-5-21-2199682790-2533951109-4136935257-1001\\SOFTWARE\\Microsoft\\Windows\\CurrentVersion\\Explorer\\FileExts\\.evtx\u003c/Data\u003e\u003cData Name=\"User\"\u003eFLAREVM\\malware\u003c/Data\u003e\u003c/EventData\u003e","Task":12,"RuleName":"technique_id=T1546.001,technique_name=Change Default File Association","EventType":"CreateKey","UtcTime":"2023-03-02 16:39:36.234","ProcessGuid":"159466bb-cd21-6400-9700-000000000f00","ProcessId":6508,"Image":"C:\\Windows\\Explorer.EXE","TargetObject":"HKU\\S-1-5-21-2199682790-2533951109-4136935257-1001\\SOFTWARE\\Microsoft\\Windows\\CurrentVersion\\Explorer\\FileExts\\.evtx","User":"FLAREVM\\malware"},{"EventSourceName":"Microsoft-Windows-Sysmon","Provider":"Microsoft-Windows-Sysmon","ProviderGuid":"{5770385f-c22a-43e0-bf4c-06f5698ffbd9}","Level":"4","Keywords":"0x8000000000000000","Channel":"Microsoft-Windows-Sysmon/Operational","Computer":"FlareVM","TimeCreated":"2023-03-02T11:39:36.278Z","TimeGenerated":"2023-03-02T04:39:36.278Z","EventRecordID":"57700","EventID":23,"Message":"File Delete archived:\r\nRuleName: Scripts and payloads\r\nUtcTime: 2023-03-02 16:39:36.268\r\nProcessGuid: {159466bb-cd21-6400-9700-000000000f00}\r\nProcessId: 6508\r\nUser: FLAREVM\\malware\r\nImage: C:\\Windows\\Explorer.EXE\r\nTargetFilename: C:\\Users\\malware\\AppData\\Roaming\\Microsoft\\Windows\\Recent\\Datasets.lnk\r\nHashes: SHA1=D9C34E1074C3DA8D4D23C4E6115ABD6C8A73DD62,MD5=CC6D7D36C4D9F5AF6196EADBA753A145,SHA256=97BEABE1E725B79BCE821C3EF6CF3ADE31E97BEAFE660194EADDD1CBA7F157F9,IMPHASH=00000000000000000000000000000000\r\nIsExecutable: false\r\nArchived: true","EventData":"\u003cEventData xmlns=\"http://schemas.microsoft.com/win/2004/08/events/event\"\u003e\u003cData Name=\"RuleName\"\u003eScripts and payloads\u003c/Data\u003e\u003cData Name=\"UtcTime\"\u003e2023-03-02 16:39:36.268\u003c/Data\u003e\u003cData Name=\"ProcessGuid\"\u003e{159466bb-cd21-6400-9700-000000000f00}\u003c/Data\u003e\u003cData Name=\"ProcessId\"\u003e6508\u003c/Data\u003e\u003cData Name=\"User\"\u003eFLAREVM\\malware\u003c/Data\u003e\u003cData Name=\"Image\"\u003eC:\\Windows\\Explorer.EXE\u003c/Data\u003e\u003cData Name=\"TargetFilename\"\u003eC:\\Users\\malware\\AppData\\Roaming\\Microsoft\\Windows\\Recent\\Datasets.lnk\u003c/Data\u003e\u003cData Name=\"Hashes\"\u003eSHA1=D9C34E1074C3DA8D4D23C4E6115ABD6C8A73DD62,MD5=CC6D7D36C4D9F5AF6196EADBA753A145,SHA256=97BEABE1E725B79BCE821C3EF6CF3ADE31E97BEAFE660194EADDD1CBA7F157F9,IMPHASH=00000000000000000000000000000000\u003c/Data\u003e\u003cData Name=\"IsExecutable\"\u003efalse\u003c/Data\u003e\u003cData Name=\"Archived\"\u003etrue\u003c/Data\u003e\u003c/EventData\u003e","Task":23,"RuleName":"Scripts and payloads","UtcTime":"2023-03-02 16:39:36.268","ProcessGuid":"159466bb-cd21-6400-9700-000000000f00","ProcessId":6508,"User":"FLAREVM\\malware","Image":"C:\\Windows\\Explorer.EXE","TargetFilename":"C:\\Users\\malware\\AppData\\Roaming\\Microsoft\\Windows\\Recent\\Datasets.lnk","Hashes":"SHA1=D9C34E1074C3DA8D4D23C4E6115ABD6C8A73DD62,MD5=CC6D7D36C4D9F5AF6196EADBA753A145,SHA256=97BEABE1E725B79BCE821C3EF6CF3ADE31E97BEAFE660194EADDD1CBA7F157F9,IMPHASH=00000000000000000000000000000000","IsExecutable":false,"Archived":"true"},{"EventSourceName":"Microsoft-Windows-Sysmon","Provider":"Microsoft-Windows-Sysmon","ProviderGuid":"{5770385f-c22a-43e0-bf4c-06f5698ffbd9}","Level":"4","Keywords":"0x8000000000000000","Channel":"Microsoft-Windows-Sysmon/Operational","Computer":"FlareVM","TimeCreated":"2023-03-02T11:39:39.459Z","TimeGenerated":"2023-03-02T04:39:39.459Z","EventRecordID":"57701","EventID":11,"Message":"File created:\r\nRuleName: -\r\nUtcTime: 2023-03-02 16:39:39.455\r\nProcessGuid: {159466bb-a9f3-63f7-1e00-000000000f00}\r\nProcessId: 1488\r\nImage: C:\\Windows\\System32\\svchost.exe\r\nTargetFilename: C:\\Users\\malware\\Desktop\\Datasets\\Qakbot.evtx\r\nCreationUtcTime: 2023-03-02 16:39:36.234\r\nUser: NT AUTHORITY\\LOCAL SERVICE","EventData":"\u003cEventData xmlns=\"http://schemas.microsoft.com/win/2004/08/events/event\"\u003e\u003cData Name=\"RuleName\"\u003e-\u003c/Data\u003e\u003cData Name=\"UtcTime\"\u003e2023-03-02 16:39:39.455\u003c/Data\u003e\u003cData Name=\"ProcessGuid\"\u003e{159466bb-a9f3-63f7-1e00-000000000f00}\u003c/Data\u003e\u003cData Name=\"ProcessId\"\u003e1488\u003c/Data\u003e\u003cData Name=\"Image\"\u003eC:\\Windows\\System32\\svchost.exe\u003c/Data\u003e\u003cData Name=\"TargetFilename\"\u003eC:\\Users\\malware\\Desktop\\Datasets\\Qakbot.evtx\u003c/Data\u003e\u003cData Name=\"CreationUtcTime\"\u003e2023-03-02 16:39:36.234\u003c/Data\u003e\u003cData Name=\"User\"\u003eNT AUTHORITY\\LOCAL SERVICE\u003c/Data\u003e\u003c/EventData\u003e","Task":11,"RuleName":"-","UtcTime":"2023-03-02 16:39:39.455","ProcessGuid":"159466bb-a9f3-63f7-1e00-000000000f00","ProcessId":1488,"Image":"C:\\Windows\\System32\\svchost.exe","TargetFilename":"C:\\Users\\malware\\Desktop\\Datasets\\Qakbot.evtx","CreationUtcTime":"2023-03-02 16:39:36.234","User":"NT AUTHORITY\\LOCAL SERVICE"},{"EventSourceName":"Microsoft-Windows-Sysmon","Provider":"Microsoft-Windows-Sysmon","ProviderGuid":"{5770385f-c22a-43e0-bf4c-06f5698ffbd9}","Level":"4","Keywords":"0x8000000000000000","Channel":"Microsoft-Windows-Sysmon/Operational","Computer":"FlareVM","TimeCreated":"2023-03-02T11:39:46.004Z","TimeGenerated":"2023-03-02T04:39:46.004Z","EventRecordID":"57702","EventID":11,"Message":"File created:\r\nRuleName: technique_id=T1574.010,technique_name=Services File Permissions Weakness\r\nUtcTime: 2023-03-02 16:39:45.997\r\nProcessGuid: {159466bb-a9f3-63f7-2800-000000000f00}\r\nProcessId: 1888\r\nImage: C:\\Windows\\system32\\svchost.exe\r\nTargetFilename: C:\\Windows\\Prefetch\\DLLHOST.EXE-4B6CB38A.pf\r\nCreationUtcTime: 2022-12-31 17:39:12.708\r\nUser: NT AUTHORITY\\SYSTEM","EventData":"\u003cEventData xmlns=\"http://schemas.microsoft.com/win/2004/08/events/event\"\u003e\u003cData Name=\"RuleName\"\u003etechnique_id=T1574.010,technique_name=Services File Permissions Weakness\u003c/Data\u003e\u003cData Name=\"UtcTime\"\u003e2023-03-02 16:39:45.997\u003c/Data\u003e\u003cData Name=\"ProcessGuid\"\u003e{159466bb-a9f3-63f7-2800-000000000f00}\u003c/Data\u003e\u003cData Name=\"ProcessId\"\u003e1888\u003c/Data\u003e\u003cData Name=\"Image\"\u003eC:\\Windows\\system32\\svchost.exe\u003c/Data\u003e\u003cData Name=\"TargetFilename\"\u003eC:\\Windows\\Prefetch\\DLLHOST.EXE-4B6CB38A.pf\u003c/Data\u003e\u003cData Name=\"CreationUtcTime\"\u003e2022-12-31 17:39:12.708\u003c/Data\u003e\u003cData Name=\"User\"\u003eNT AUTHORITY\\SYSTEM\u003c/Data\u003e\u003c/EventData\u003e","Task":11,"RuleName":"technique_id=T1574.010,technique_name=Services File Permissions Weakness","UtcTime":"2023-03-02 16:39:45.997","ProcessGuid":"159466bb-a9f3-63f7-2800-000000000f00","ProcessId":1888,"Image":"C:\\Windows\\system32\\svchost.exe","TargetFilename":"C:\\Windows\\Prefetch\\DLLHOST.EXE-4B6CB38A.pf","CreationUtcTime":"2022-12-31 17:39:12.708","User":"NT AUTHORITY\\SYSTEM"},{"EventSourceName":"Microsoft-Windows-Sysmon","Provider":"Microsoft-Windows-Sysmon","ProviderGuid":"{5770385f-c22a-43e0-bf4c-06f5698ffbd9}","Level":"4","Keywords":"0x8000000000000000","Channel":"Microsoft-Windows-Sysmon/Operational","Computer":"FlareVM","TimeCreated":"2023-03-02T11:39:46.354Z","TimeGenerated":"2023-03-02T04:39:46.354Z","EventRecordID":"57703","EventID":13,"Message":"Registry value set:\r\nRuleName: technique_id=T1543,technique_name=Service Creation\r\nEventType: SetValue\r\nUtcTime: 2023-03-02 16:39:46.347\r\nProcessGuid: {159466bb-cd4a-6400-eb00-000000000f00}\r\nProcessId: 10744\r\nImage: C:\\Program Files\\Mozilla Firefox\\firefox.exe\r\nTargetObject: HKLM\\System\\CurrentControlSet\\Services\\bam\\State\\UserSettings\\S-1-5-21-2199682790-2533951109-4136935257-1001\\\\Device\\HarddiskVolume3\\Program Files\\Mozilla Firefox\\firefox.exe\r\nDetails: Binary Data\r\nUser: FLAREVM\\malware","EventData":"\u003cEventData xmlns=\"http://schemas.microsoft.com/win/2004/08/events/event\"\u003e\u003cData Name=\"RuleName\"\u003etechnique_id=T1543,technique_name=Service Creation\u003c/Data\u003e\u003cData Name=\"EventType\"\u003eSetValue\u003c/Data\u003e\u003cData Name=\"UtcTime\"\u003e2023-03-02 16:39:46.347\u003c/Data\u003e\u003cData Name=\"ProcessGuid\"\u003e{159466bb-cd4a-6400-eb00-000000000f00}\u003c/Data\u003e\u003cData Name=\"ProcessId\"\u003e10744\u003c/Data\u003e\u003cData Name=\"Image\"\u003eC:\\Program Files\\Mozilla Firefox\\firefox.exe\u003c/Data\u003e\u003cData Name=\"TargetObject\"\u003eHKLM\\System\\CurrentControlSet\\Services\\bam\\State\\UserSettings\\S-1-5-21-2199682790-2533951109-4136935257-1001\\\\Device\\HarddiskVolume3\\Program Files\\Mozilla Firefox\\firefox.exe\u003c/Data\u003e\u003cData Name=\"Details\"\u003eBinary Data\u003c/Data\u003e\u003cData Name=\"User\"\u003eFLAREVM\\malware\u003c/Data\u003e\u003c/EventData\u003e","Task":13,"RuleName":"technique_id=T1543,technique_name=Service Creation","EventType":"SetValue","UtcTime":"2023-03-02 16:39:46.347","ProcessGuid":"159466bb-cd4a-6400-eb00-000000000f00","ProcessId":10744,"Image":"C:\\Program Files\\Mozilla Firefox\\firefox.exe","TargetObject":"HKLM\\System\\CurrentControlSet\\Services\\bam\\State\\UserSettings\\S-1-5-21-2199682790-2533951109-4136935257-1001\\\\Device\\HarddiskVolume3\\Program Files\\Mozilla Firefox\\firefox.exe","Details":"Binary Data","User":"FLAREVM\\malware"},{"EventSourceName":"Microsoft-Windows-Sysmon","Provider":"Microsoft-Windows-Sysmon","ProviderGuid":"{5770385f-c22a-43e0-bf4c-06f5698ffbd9}","Level":"4","Keywords":"0x8000000000000000","Channel":"Microsoft-Windows-Sysmon/Operational","Computer":"FlareVM","TimeCreated":"2023-03-02T11:39:50.574Z","TimeGenerated":"2023-03-02T04:39:50.574Z","EventRecordID":"57704","EventID":11,"Message":"File created:\r\nRuleName: technique_id=T1574.010,technique_name=Services File Permissions Weakness\r\nUtcTime: 2023-03-02 16:39:50.573\r\nProcessGuid: {159466bb-a9f3-63f7-2800-000000000f00}\r\nProcessId: 1888\r\nImage: C:\\Windows\\system32\\svchost.exe\r\nTargetFilename: C:\\Windows\\Prefetch\\SEARCHPROTOCOLHOST.EXE-69C456C3.pf\r\nCreationUtcTime: 2022-12-31 17:48:09.031\r\nUser: NT AUTHORITY\\SYSTEM","EventData":"\u003cEventData xmlns=\"http://schemas.microsoft.com/win/2004/08/events/event\"\u003e\u003cData Name=\"RuleName\"\u003etechnique_id=T1574.010,technique_name=Services File Permissions Weakness\u003c/Data\u003e\u003cData Name=\"UtcTime\"\u003e2023-03-02 16:39:50.573\u003c/Data\u003e\u003cData Name=\"ProcessGuid\"\u003e{159466bb-a9f3-63f7-2800-000000000f00}\u003c/Data\u003e\u003cData Name=\"ProcessId\"\u003e1888\u003c/Data\u003e\u003cData Name=\"Image\"\u003eC:\\Windows\\system32\\svchost.exe\u003c/Data\u003e\u003cData Name=\"TargetFilename\"\u003eC:\\Windows\\Prefetch\\SEARCHPROTOCOLHOST.EXE-69C456C3.pf\u003c/Data\u003e\u003cData Name=\"CreationUtcTime\"\u003e2022-12-31 17:48:09.031\u003c/Data\u003e\u003cData Name=\"User\"\u003eNT AUTHORITY\\SYSTEM\u003c/Data\u003e\u003c/EventData\u003e","Task":11,"RuleName":"technique_id=T1574.010,technique_name=Services File Permissions Weakness","UtcTime":"2023-03-02 16:39:50.573","ProcessGuid":"159466bb-a9f3-63f7-2800-000000000f00","ProcessId":1888,"Image":"C:\\Windows\\system32\\svchost.exe","TargetFilename":"C:\\Windows\\Prefetch\\SEARCHPROTOCOLHOST.EXE-69C456C3.pf","CreationUtcTime":"2022-12-31 17:48:09.031","User":"NT AUTHORITY\\SYSTEM"},