{"EventSourceName":"Microsoft-Windows-Sysmon","Provider":"Microsoft-Windows-Sysmon","ProviderGuid":"{5770385f-c22a-43e0-bf4c-06f5698ffbd9}","Level":"4","Keywords":"0x8000000000000000","Channel":"Microsoft-Windows-Sysmon/Operational","Computer":"FlareVM","TimeCreated":"2023-02-28T10:54:52.511Z","TimeGenerated":"2023-02-28T03:54:52.511Z","EventRecordID":"58126","EventID":7,"Message":"Image loaded:\r\nRuleName: technique_id=T1047,technique_name=Windows Management Instrumentation\r\nUtcTime: 2023-02-28 15:54:52.510\r\nProcessGuid: {159466bb-23cb-63fe-6404-000000000e00}\r\nProcessId: 5448\r\nImage: C:\\Windows\\System32\\WindowsPowerShell\\v1.0\\powershell.exe\r\nImageLoaded: C:\\Windows\\System32\\wbem\\wmiutils.dll\r\nFileVersion: 10.0.19041.1320 (WinBuild.160101.0800)\r\nDescription: WMI\r\nProduct: Microsoft® Windows® Operating System\r\nCompany: Microsoft Corporation\r\nOriginalFileName: wmiutils.dll\r\nHashes: SHA1=58270A4D3629EE9CAAFD55F0A361F44E8D0BFD13,MD5=6F53470E6B7650ADE20C51AFBE044390,SHA256=D707BC4490D373BB2E02BF65C294E4EE9123293080EE81771A6A32EB0A720FC4,IMPHASH=0D31E6D27B954AD879CB4DF742982F1A\r\nSigned: true\r\nSignature: Microsoft Windows\r\nSignatureStatus: Valid\r\nUser: FLAREVM\\malware","EventData":"\u003cEventData xmlns=\"http://schemas.microsoft.com/win/2004/08/events/event\"\u003e\u003cData Name=\"RuleName\"\u003etechnique_id=T1047,technique_name=Windows Management Instrumentation\u003c/Data\u003e\u003cData Name=\"UtcTime\"\u003e2023-02-28 15:54:52.510\u003c/Data\u003e\u003cData Name=\"ProcessGuid\"\u003e{159466bb-23cb-63fe-6404-000000000e00}\u003c/Data\u003e\u003cData Name=\"ProcessId\"\u003e5448\u003c/Data\u003e\u003cData Name=\"Image\"\u003eC:\\Windows\\System32\\WindowsPowerShell\\v1.0\\powershell.exe\u003c/Data\u003e\u003cData Name=\"ImageLoaded\"\u003eC:\\Windows\\System32\\wbem\\wmiutils.dll\u003c/Data\u003e\u003cData Name=\"FileVersion\"\u003e10.0.19041.1320 (WinBuild.160101.0800)\u003c/Data\u003e\u003cData Name=\"Description\"\u003eWMI\u003c/Data\u003e\u003cData Name=\"Product\"\u003eMicrosoft® Windows® Operating System\u003c/Data\u003e\u003cData Name=\"Company\"\u003eMicrosoft Corporation\u003c/Data\u003e\u003cData Name=\"OriginalFileName\"\u003ewmiutils.dll\u003c/Data\u003e\u003cData Name=\"Hashes\"\u003eSHA1=58270A4D3629EE9CAAFD55F0A361F44E8D0BFD13,MD5=6F53470E6B7650ADE20C51AFBE044390,SHA256=D707BC4490D373BB2E02BF65C294E4EE9123293080EE81771A6A32EB0A720FC4,IMPHASH=0D31E6D27B954AD879CB4DF742982F1A\u003c/Data\u003e\u003cData Name=\"Signed\"\u003etrue\u003c/Data\u003e\u003cData Name=\"Signature\"\u003eMicrosoft Windows\u003c/Data\u003e\u003cData Name=\"SignatureStatus\"\u003eValid\u003c/Data\u003e\u003cData Name=\"User\"\u003eFLAREVM\\malware\u003c/Data\u003e\u003c/EventData\u003e","Task":7,"RuleName":"technique_id=T1047,technique_name=Windows Management Instrumentation","UtcTime":"2023-02-28 15:54:52.510","ProcessGuid":"159466bb-23cb-63fe-6404-000000000e00","ProcessId":5448,"Image":"C:\\Windows\\System32\\WindowsPowerShell\\v1.0\\powershell.exe","ImageLoaded":"C:\\Windows\\System32\\wbem\\wmiutils.dll","FileVersion":"10.0.19041.1320 (WinBuild.160101.0800)","Description":"WMI","Product":"Microsoft® Windows® Operating System","Company":"Microsoft Corporation","OriginalFileName":"wmiutils.dll","Hashes":"SHA1=58270A4D3629EE9CAAFD55F0A361F44E8D0BFD13,MD5=6F53470E6B7650ADE20C51AFBE044390,SHA256=D707BC4490D373BB2E02BF65C294E4EE9123293080EE81771A6A32EB0A720FC4,IMPHASH=0D31E6D27B954AD879CB4DF742982F1A","Signed":"true","Signature":"Microsoft Windows","SignatureStatus":"Valid","User":"FLAREVM\\malware"},{"EventSourceName":"Microsoft-Windows-Sysmon","Provider":"Microsoft-Windows-Sysmon","ProviderGuid":"{5770385f-c22a-43e0-bf4c-06f5698ffbd9}","Level":"4","Keywords":"0x8000000000000000","Channel":"Microsoft-Windows-Sysmon/Operational","Computer":"FlareVM","TimeCreated":"2023-02-28T10:54:52.541Z","TimeGenerated":"2023-02-28T03:54:52.541Z","EventRecordID":"58127","EventID":11,"Message":"File created:\r\nRuleName: -\r\nUtcTime: 2023-02-28 15:54:52.525\r\nProcessGuid: {159466bb-23cb-63fe-6404-000000000e00}\r\nProcessId: 5448\r\nImage: C:\\Windows\\System32\\WindowsPowerShell\\v1.0\\powershell.exe\r\nTargetFilename: C:\\Users\\malware\\AppData\\Local\\Microsoft\\Windows\\PowerShell\\StartupProfileData-NonInteractive\r\nCreationUtcTime: 2022-12-31 18:17:41.984\r\nUser: FLAREVM\\malware","EventData":"\u003cEventData xmlns=\"http://schemas.microsoft.com/win/2004/08/events/event\"\u003e\u003cData Name=\"RuleName\"\u003e-\u003c/Data\u003e\u003cData Name=\"UtcTime\"\u003e2023-02-28 15:54:52.525\u003c/Data\u003e\u003cData Name=\"ProcessGuid\"\u003e{159466bb-23cb-63fe-6404-000000000e00}\u003c/Data\u003e\u003cData Name=\"ProcessId\"\u003e5448\u003c/Data\u003e\u003cData Name=\"Image\"\u003eC:\\Windows\\System32\\WindowsPowerShell\\v1.0\\powershell.exe\u003c/Data\u003e\u003cData Name=\"TargetFilename\"\u003eC:\\Users\\malware\\AppData\\Local\\Microsoft\\Windows\\PowerShell\\StartupProfileData-NonInteractive\u003c/Data\u003e\u003cData Name=\"CreationUtcTime\"\u003e2022-12-31 18:17:41.984\u003c/Data\u003e\u003cData Name=\"User\"\u003eFLAREVM\\malware\u003c/Data\u003e\u003c/EventData\u003e","Task":11,"RuleName":"-","UtcTime":"2023-02-28 15:54:52.525","ProcessGuid":"159466bb-23cb-63fe-6404-000000000e00","ProcessId":5448,"Image":"C:\\Windows\\System32\\WindowsPowerShell\\v1.0\\powershell.exe","TargetFilename":"C:\\Users\\malware\\AppData\\Local\\Microsoft\\Windows\\PowerShell\\StartupProfileData-NonInteractive","CreationUtcTime":"2022-12-31 18:17:41.984","User":"FLAREVM\\malware"},{"EventSourceName":"Microsoft-Windows-Sysmon","Provider":"Microsoft-Windows-Sysmon","ProviderGuid":"{5770385f-c22a-43e0-bf4c-06f5698ffbd9}","Level":"4","Keywords":"0x8000000000000000","Channel":"Microsoft-Windows-Sysmon/Operational","Computer":"FlareVM","TimeCreated":"2023-02-28T10:54:52.547Z","TimeGenerated":"2023-02-28T03:54:52.547Z","EventRecordID":"58128","EventID":13,"Message":"Registry value set:\r\nRuleName: technique_id=T1543,technique_name=Service Creation\r\nEventType: SetValue\r\nUtcTime: 2023-02-28 15:54:52.541\r\nProcessGuid: {159466bb-23cb-63fe-6404-000000000e00}\r\nProcessId: 5448\r\nImage: C:\\Windows\\System32\\WindowsPowerShell\\v1.0\\powershell.exe\r\nTargetObject: HKLM\\System\\CurrentControlSet\\Services\\bam\\State\\UserSettings\\S-1-5-21-2199682790-2533951109-4136935257-1001\\\\Device\\HarddiskVolume3\\Windows\\System32\\WindowsPowerShell\\v1.0\\powershell.exe\r\nDetails: Binary Data\r\nUser: FLAREVM\\malware","EventData":"\u003cEventData xmlns=\"http://schemas.microsoft.com/win/2004/08/events/event\"\u003e\u003cData Name=\"RuleName\"\u003etechnique_id=T1543,technique_name=Service Creation\u003c/Data\u003e\u003cData Name=\"EventType\"\u003eSetValue\u003c/Data\u003e\u003cData Name=\"UtcTime\"\u003e2023-02-28 15:54:52.541\u003c/Data\u003e\u003cData Name=\"ProcessGuid\"\u003e{159466bb-23cb-63fe-6404-000000000e00}\u003c/Data\u003e\u003cData Name=\"ProcessId\"\u003e5448\u003c/Data\u003e\u003cData Name=\"Image\"\u003eC:\\Windows\\System32\\WindowsPowerShell\\v1.0\\powershell.exe\u003c/Data\u003e\u003cData Name=\"TargetObject\"\u003eHKLM\\System\\CurrentControlSet\\Services\\bam\\State\\UserSettings\\S-1-5-21-2199682790-2533951109-4136935257-1001\\\\Device\\HarddiskVolume3\\Windows\\System32\\WindowsPowerShell\\v1.0\\powershell.exe\u003c/Data\u003e\u003cData Name=\"Details\"\u003eBinary Data\u003c/Data\u003e\u003cData Name=\"User\"\u003eFLAREVM\\malware\u003c/Data\u003e\u003c/EventData\u003e","Task":13,"RuleName":"technique_id=T1543,technique_name=Service Creation","EventType":"SetValue","UtcTime":"2023-02-28 15:54:52.541","ProcessGuid":"159466bb-23cb-63fe-6404-000000000e00","ProcessId":5448,"Image":"C:\\Windows\\System32\\WindowsPowerShell\\v1.0\\powershell.exe","TargetObject":"HKLM\\System\\CurrentControlSet\\Services\\bam\\State\\UserSettings\\S-1-5-21-2199682790-2533951109-4136935257-1001\\\\Device\\HarddiskVolume3\\Windows\\System32\\WindowsPowerShell\\v1.0\\powershell.exe","Details":"Binary Data","User":"FLAREVM\\malware"},{"EventSourceName":"Microsoft-Windows-Sysmon","Provider":"Microsoft-Windows-Sysmon","ProviderGuid":"{5770385f-c22a-43e0-bf4c-06f5698ffbd9}","Level":"4","Keywords":"0x8000000000000000","Channel":"Microsoft-Windows-Sysmon/Operational","Computer":"FlareVM","TimeCreated":"2023-02-28T10:54:52.668Z","TimeGenerated":"2023-02-28T03:54:52.668Z","EventRecordID":"58129","EventID":11,"Message":"File created:\r\nRuleName: technique_id=T1574.010,technique_name=Services File Permissions Weakness\r\nUtcTime: 2023-02-28 15:54:52.667\r\nProcessGuid: {159466bb-3a6b-63f6-1d00-000000000e00}\r\nProcessId: 1484\r\nImage: C:\\Windows\\System32\\svchost.exe\r\nTargetFilename: C:\\Windows\\ServiceState\\EventLog\\Data\\lastalive0.dat\r\nCreationUtcTime: 2023-02-22 15:53:15.647\r\nUser: NT AUTHORITY\\LOCAL SERVICE","EventData":"\u003cEventData xmlns=\"http://schemas.microsoft.com/win/2004/08/events/event\"\u003e\u003cData Name=\"RuleName\"\u003etechnique_id=T1574.010,technique_name=Services File Permissions Weakness\u003c/Data\u003e\u003cData Name=\"UtcTime\"\u003e2023-02-28 15:54:52.667\u003c/Data\u003e\u003cData Name=\"ProcessGuid\"\u003e{159466bb-3a6b-63f6-1d00-000000000e00}\u003c/Data\u003e\u003cData Name=\"ProcessId\"\u003e1484\u003c/Data\u003e\u003cData Name=\"Image\"\u003eC:\\Windows\\System32\\svchost.exe\u003c/Data\u003e\u003cData Name=\"TargetFilename\"\u003eC:\\Windows\\ServiceState\\EventLog\\Data\\lastalive0.dat\u003c/Data\u003e\u003cData Name=\"CreationUtcTime\"\u003e2023-02-22 15:53:15.647\u003c/Data\u003e\u003cData Name=\"User\"\u003eNT AUTHORITY\\LOCAL SERVICE\u003c/Data\u003e\u003c/EventData\u003e","Task":11,"RuleName":"technique_id=T1574.010,technique_name=Services File Permissions Weakness","UtcTime":"2023-02-28 15:54:52.667","ProcessGuid":"159466bb-3a6b-63f6-1d00-000000000e00","ProcessId":1484,"Image":"C:\\Windows\\System32\\svchost.exe","TargetFilename":"C:\\Windows\\ServiceState\\EventLog\\Data\\lastalive0.dat","CreationUtcTime":"2023-02-22 15:53:15.647","User":"NT AUTHORITY\\LOCAL SERVICE"},{"EventSourceName":"Microsoft-Windows-Sysmon","Provider":"Microsoft-Windows-Sysmon","ProviderGuid":"{5770385f-c22a-43e0-bf4c-06f5698ffbd9}","Level":"4","Keywords":"0x8000000000000000","Channel":"Microsoft-Windows-Sysmon/Operational","Computer":"FlareVM","TimeCreated":"2023-02-28T10:54:52.681Z","TimeGenerated":"2023-02-28T03:54:52.681Z","EventRecordID":"58130","EventID":13,"Message":"Registry value set:\r\nRuleName: technique_id=T1543,technique_name=Service Creation\r\nEventType: SetValue\r\nUtcTime: 2023-02-28 15:54:52.667\r\nProcessGuid: {159466bb-a6da-63f7-e900-000000000e00}\r\nProcessId: 9024\r\nImage: C:\\Windows\\System32\\WindowsPowerShell\\v1.0\\powershell.exe\r\nTargetObject: HKLM\\System\\CurrentControlSet\\Services\\bam\\State\\UserSettings\\S-1-5-21-2199682790-2533951109-4136935257-1001\\\\Device\\HarddiskVolume3\\Windows\\System32\\WindowsPowerShell\\v1.0\\powershell.exe\r\nDetails: Binary Data\r\nUser: FLAREVM\\malware","EventData":"\u003cEventData xmlns=\"http://schemas.microsoft.com/win/2004/08/events/event\"\u003e\u003cData Name=\"RuleName\"\u003etechnique_id=T1543,technique_name=Service Creation\u003c/Data\u003e\u003cData Name=\"EventType\"\u003eSetValue\u003c/Data\u003e\u003cData Name=\"UtcTime\"\u003e2023-02-28 15:54:52.667\u003c/Data\u003e\u003cData Name=\"ProcessGuid\"\u003e{159466bb-a6da-63f7-e900-000000000e00}\u003c/Data\u003e\u003cData Name=\"ProcessId\"\u003e9024\u003c/Data\u003e\u003cData Name=\"Image\"\u003eC:\\Windows\\System32\\WindowsPowerShell\\v1.0\\powershell.exe\u003c/Data\u003e\u003cData Name=\"TargetObject\"\u003eHKLM\\System\\CurrentControlSet\\Services\\bam\\State\\UserSettings\\S-1-5-21-2199682790-2533951109-4136935257-1001\\\\Device\\HarddiskVolume3\\Windows\\System32\\WindowsPowerShell\\v1.0\\powershell.exe\u003c/Data\u003e\u003cData Name=\"Details\"\u003eBinary Data\u003c/Data\u003e\u003cData Name=\"User\"\u003eFLAREVM\\malware\u003c/Data\u003e\u003c/EventData\u003e","Task":13,"RuleName":"technique_id=T1543,technique_name=Service Creation","EventType":"SetValue","UtcTime":"2023-02-28 15:54:52.667","ProcessGuid":"159466bb-a6da-63f7-e900-000000000e00","ProcessId":9024,"Image":"C:\\Windows\\System32\\WindowsPowerShell\\v1.0\\powershell.exe","TargetObject":"HKLM\\System\\CurrentControlSet\\Services\\bam\\State\\UserSettings\\S-1-5-21-2199682790-2533951109-4136935257-1001\\\\Device\\HarddiskVolume3\\Windows\\System32\\WindowsPowerShell\\v1.0\\powershell.exe","Details":"Binary Data","User":"FLAREVM\\malware"},{"EventSourceName":"Microsoft-Windows-Sysmon","Provider":"Microsoft-Windows-Sysmon","ProviderGuid":"{5770385f-c22a-43e0-bf4c-06f5698ffbd9}","Level":"4","Keywords":"0x8000000000000000","Channel":"Microsoft-Windows-Sysmon/Operational","Computer":"FlareVM","TimeCreated":"2023-02-28T10:54:52.682Z","TimeGenerated":"2023-02-28T03:54:52.682Z","EventRecordID":"58131","EventID":1,"Message":"Process Create:\r\nRuleName: technique_id=T1059.001,technique_name=PowerShell\r\nUtcTime: 2023-02-28 15:54:52.681\r\nProcessGuid: {159466bb-23cc-63fe-6604-000000000e00}\r\nProcessId: 1560\r\nImage: C:\\Windows\\System32\\WindowsPowerShell\\v1.0\\powershell.exe\r\nFileVersion: 10.0.19041.546 (WinBuild.160101.0800)\r\nDescription: Windows PowerShell\r\nProduct: Microsoft® Windows® Operating System\r\nCompany: Microsoft Corporation\r\nOriginalFileName: PowerShell.EXE\r\nCommandLine: \"powershell.exe\" \u0026 {$keep = Mount-DiskImage -ImagePath \\\"\"C:\\AtomicRedTeam\\atomics\\T1553.005\\bin\\FeelTheBurn.iso\\\"\" -StorageType ISO -Access ReadOnly\n$driveLetter = ($keep | Get-Volume).DriveLetter\ninvoke-item \\\"\"$($driveLetter):\\hello.exe\\\"\"}\r\nCurrentDirectory: C:\\Users\\malware\\AppData\\Local\\Temp\\\r\nUser: FLAREVM\\malware\r\nLogonGuid: {159466bb-a666-63f7-de77-090000000000}\r\nLogonId: 0x977DE\r\nTerminalSessionId: 1\r\nIntegrityLevel: High\r\nHashes: SHA1=F43D9BB316E30AE1A3494AC5B0624F6BEA1BF054,MD5=04029E121A0CFA5991749937DD22A1D9,SHA256=9F914D42706FE215501044ACD85A32D58AAEF1419D404FDDFA5D3B48F66CCD9F,IMPHASH=7C955A0ABC747F57CCC4324480737EF7\r\nParentProcessGuid: {159466bb-a6da-63f7-e900-000000000e00}\r\nParentProcessId: 9024\r\nParentImage: C:\\Windows\\System32\\WindowsPowerShell\\v1.0\\powershell.exe\r\nParentCommandLine: \"C:\\Windows\\System32\\WindowsPowerShell\\v1.0\\powershell.exe\" \r\nParentUser: FLAREVM\\malware","EventData":"\u003cEventData xmlns=\"http://schemas.microsoft.com/win/2004/08/events/event\"\u003e\u003cData Name=\"RuleName\"\u003etechnique_id=T1059.001,technique_name=PowerShell\u003c/Data\u003e\u003cData Name=\"UtcTime\"\u003e2023-02-28 15:54:52.681\u003c/Data\u003e\u003cData Name=\"ProcessGuid\"\u003e{159466bb-23cc-63fe-6604-000000000e00}\u003c/Data\u003e\u003cData Name=\"ProcessId\"\u003e1560\u003c/Data\u003e\u003cData Name=\"Image\"\u003eC:\\Windows\\System32\\WindowsPowerShell\\v1.0\\powershell.exe\u003c/Data\u003e\u003cData Name=\"FileVersion\"\u003e10.0.19041.546 (WinBuild.160101.0800)\u003c/Data\u003e\u003cData Name=\"Description\"\u003eWindows PowerShell\u003c/Data\u003e\u003cData Name=\"Product\"\u003eMicrosoft® Windows® Operating System\u003c/Data\u003e\u003cData Name=\"Company\"\u003eMicrosoft Corporation\u003c/Data\u003e\u003cData Name=\"OriginalFileName\"\u003ePowerShell.EXE\u003c/Data\u003e\u003cData Name=\"CommandLine\"\u003e\"powershell.exe\" \u0026amp; {$keep = Mount-DiskImage -ImagePath \\\"\"C:\\AtomicRedTeam\\atomics\\T1553.005\\bin\\FeelTheBurn.iso\\\"\" -StorageType ISO -Access ReadOnly\n$driveLetter = ($keep | Get-Volume).DriveLetter\ninvoke-item \\\"\"$($driveLetter):\\hello.exe\\\"\"}\u003c/Data\u003e\u003cData Name=\"CurrentDirectory\"\u003eC:\\Users\\malware\\AppData\\Local\\Temp\\\u003c/Data\u003e\u003cData Name=\"User\"\u003eFLAREVM\\malware\u003c/Data\u003e\u003cData Name=\"LogonGuid\"\u003e{159466bb-a666-63f7-de77-090000000000}\u003c/Data\u003e\u003cData Name=\"LogonId\"\u003e0x977de\u003c/Data\u003e\u003cData Name=\"TerminalSessionId\"\u003e1\u003c/Data\u003e\u003cData Name=\"IntegrityLevel\"\u003eHigh\u003c/Data\u003e\u003cData Name=\"Hashes\"\u003eSHA1=F43D9BB316E30AE1A3494AC5B0624F6BEA1BF054,MD5=04029E121A0CFA5991749937DD22A1D9,SHA256=9F914D42706FE215501044ACD85A32D58AAEF1419D404FDDFA5D3B48F66CCD9F,IMPHASH=7C955A0ABC747F57CCC4324480737EF7\u003c/Data\u003e\u003cData Name=\"ParentProcessGuid\"\u003e{159466bb-a6da-63f7-e900-000000000e00}\u003c/Data\u003e\u003cData Name=\"ParentProcessId\"\u003e9024\u003c/Data\u003e\u003cData Name=\"ParentImage\"\u003eC:\\Windows\\System32\\WindowsPowerShell\\v1.0\\powershell.exe\u003c/Data\u003e\u003cData Name=\"ParentCommandLine\"\u003e\"C:\\Windows\\System32\\WindowsPowerShell\\v1.0\\powershell.exe\" \u003c/Data\u003e\u003cData Name=\"ParentUser\"\u003eFLAREVM\\malware\u003c/Data\u003e\u003c/EventData\u003e","Task":1,"RuleName":"technique_id=T1059.001,technique_name=PowerShell","UtcTime":"2023-02-28 15:54:52.681","ProcessGuid":"159466bb-23cc-63fe-6604-000000000e00","ProcessId":1560,"Image":"C:\\Windows\\System32\\WindowsPowerShell\\v1.0\\powershell.exe","FileVersion":"10.0.19041.546 (WinBuild.160101.0800)","Description":"Windows PowerShell","Product":"Microsoft® Windows® Operating System","Company":"Microsoft Corporation","OriginalFileName":"PowerShell.EXE","CommandLine":"\"powershell.exe\" \u0026 {$keep = Mount-DiskImage -ImagePath \\\"\"C:\\AtomicRedTeam\\atomics\\T1553.005\\bin\\FeelTheBurn.iso\\\"\" -StorageType ISO -Access ReadOnly\n$driveLetter = ($keep | Get-Volume).DriveLetter\ninvoke-item \\\"\"$($driveLetter):\\hello.exe\\\"\"}","CurrentDirectory":"C:\\Users\\malware\\AppData\\Local\\Temp\\","User":"FLAREVM\\malware","LogonGuid":"159466bb-a666-63f7-de77-090000000000","LogonId":"0x977de","TerminalSessionId":1,"IntegrityLevel":"High","Hashes":"SHA1=F43D9BB316E30AE1A3494AC5B0624F6BEA1BF054,MD5=04029E121A0CFA5991749937DD22A1D9,SHA256=9F914D42706FE215501044ACD85A32D58AAEF1419D404FDDFA5D3B48F66CCD9F,IMPHASH=7C955A0ABC747F57CCC4324480737EF7","ParentProcessGuid":"159466bb-a6da-63f7-e900-000000000e00","ParentProcessId":9024,"ParentImage":"C:\\Windows\\System32\\WindowsPowerShell\\v1.0\\powershell.exe","ParentCommandLine":"\"C:\\Windows\\System32\\WindowsPowerShell\\v1.0\\powershell.exe\" ","ParentUser":"FLAREVM\\malware"},{"EventSourceName":"Microsoft-Windows-Sysmon","Provider":"Microsoft-Windows-Sysmon","ProviderGuid":"{5770385f-c22a-43e0-bf4c-06f5698ffbd9}","Level":"4","Keywords":"0x8000000000000000","Channel":"Microsoft-Windows-Sysmon/Operational","Computer":"FlareVM","TimeCreated":"2023-02-28T10:54:52.682Z","TimeGenerated":"2023-02-28T03:54:52.682Z","EventRecordID":"58132","EventID":10,"Message":"Process accessed:\r\nRuleName: technique_id=T1055.001,technique_name=Dynamic-link Library Injection\r\nUtcTime: 2023-02-28 15:54:52.667\r\nSourceProcessGUID: {159466bb-a6da-63f7-e900-000000000e00}\r\nSourceProcessId: 9024\r\nSourceThreadId: 6712\r\nSourceImage: C:\\Windows\\System32\\WindowsPowerShell\\v1.0\\powershell.exe\r\nTargetProcessGUID: {159466bb-23cc-63fe-6604-000000000e00}\r\nTargetProcessId: 1560\r\nTargetImage: C:\\Windows\\System32\\WindowsPowerShell\\v1.0\\powershell.exe\r\nGrantedAccess: 0x1FFFFF\r\nCallTrace: C:\\Windows\\SYSTEM32\\ntdll.dll+9e9b4|C:\\Windows\\System32\\KERNELBASE.dll+9053|C:\\Windows\\System32\\KERNELBASE.dll+73c6|C:\\Windows\\System32\\KERNEL32.DLL+1d374|C:\\Windows\\assembly\\NativeImages_v4.0.30319_64\\System\\b187b7f31cee3e87b56c8edca55324e0\\System.ni.dll+383fe6|C:\\Windows\\assembly\\NativeImages_v4.0.30319_64\\System\\b187b7f31cee3e87b56c8edca55324e0\\System.ni.dll+2c4809|C:\\Windows\\assembly\\NativeImages_v4.0.30319_64\\System\\b187b7f31cee3e87b56c8edca55324e0\\System.ni.dll+2c4179|UNKNOWN(00007FF8C51B3195)\r\nSourceUser: FLAREVM\\malware\r\nTargetUser: FLAREVM\\malware","EventData":"\u003cEventData xmlns=\"http://schemas.microsoft.com/win/2004/08/events/event\"\u003e\u003cData Name=\"RuleName\"\u003etechnique_id=T1055.001,technique_name=Dynamic-link Library Injection\u003c/Data\u003e\u003cData Name=\"UtcTime\"\u003e2023-02-28 15:54:52.667\u003c/Data\u003e\u003cData Name=\"SourceProcessGUID\"\u003e{159466bb-a6da-63f7-e900-000000000e00}\u003c/Data\u003e\u003cData Name=\"SourceProcessId\"\u003e9024\u003c/Data\u003e\u003cData Name=\"SourceThreadId\"\u003e6712\u003c/Data\u003e\u003cData Name=\"SourceImage\"\u003eC:\\Windows\\System32\\WindowsPowerShell\\v1.0\\powershell.exe\u003c/Data\u003e\u003cData Name=\"TargetProcessGUID\"\u003e{159466bb-23cc-63fe-6604-000000000e00}\u003c/Data\u003e\u003cData Name=\"TargetProcessId\"\u003e1560\u003c/Data\u003e\u003cData Name=\"TargetImage\"\u003eC:\\Windows\\System32\\WindowsPowerShell\\v1.0\\powershell.exe\u003c/Data\u003e\u003cData Name=\"GrantedAccess\"\u003e0x1fffff\u003c/Data\u003e\u003cData Name=\"CallTrace\"\u003eC:\\Windows\\SYSTEM32\\ntdll.dll+9e9b4|C:\\Windows\\System32\\KERNELBASE.dll+9053|C:\\Windows\\System32\\KERNELBASE.dll+73c6|C:\\Windows\\System32\\KERNEL32.DLL+1d374|C:\\Windows\\assembly\\NativeImages_v4.0.30319_64\\System\\b187b7f31cee3e87b56c8edca55324e0\\System.ni.dll+383fe6|C:\\Windows\\assembly\\NativeImages_v4.0.30319_64\\System\\b187b7f31cee3e87b56c8edca55324e0\\System.ni.dll+2c4809|C:\\Windows\\assembly\\NativeImages_v4.0.30319_64\\System\\b187b7f31cee3e87b56c8edca55324e0\\System.ni.dll+2c4179|UNKNOWN(00007FF8C51B3195)\u003c/Data\u003e\u003cData Name=\"SourceUser\"\u003eFLAREVM\\malware\u003c/Data\u003e\u003cData Name=\"TargetUser\"\u003eFLAREVM\\malware\u003c/Data\u003e\u003c/EventData\u003e","Task":10,"RuleName":"technique_id=T1055.001,technique_name=Dynamic-link Library Injection","UtcTime":"2023-02-28 15:54:52.667","SourceProcessGUID":"159466bb-a6da-63f7-e900-000000000e00","SourceProcessId":9024,"SourceThreadId":6712,"SourceImage":"C:\\Windows\\System32\\WindowsPowerShell\\v1.0\\powershell.exe","TargetProcessGUID":"159466bb-23cc-63fe-6604-000000000e00","TargetProcessId":1560,"TargetImage":"C:\\Windows\\System32\\WindowsPowerShell\\v1.0\\powershell.exe","GrantedAccess":2097151,"CallTrace":"C:\\Windows\\SYSTEM32\\ntdll.dll+9e9b4|C:\\Windows\\System32\\KERNELBASE.dll+9053|C:\\Windows\\System32\\KERNELBASE.dll+73c6|C:\\Windows\\System32\\KERNEL32.DLL+1d374|C:\\Windows\\assembly\\NativeImages_v4.0.30319_64\\System\\b187b7f31cee3e87b56c8edca55324e0\\System.ni.dll+383fe6|C:\\Windows\\assembly\\NativeImages_v4.0.30319_64\\System\\b187b7f31cee3e87b56c8edca55324e0\\System.ni.dll+2c4809|C:\\Windows\\assembly\\NativeImages_v4.0.30319_64\\System\\b187b7f31cee3e87b56c8edca55324e0\\System.ni.dll+2c4179|UNKNOWN(00007FF8C51B3195)","SourceUser":"FLAREVM\\malware","TargetUser":"FLAREVM\\malware"},{"EventSourceName":"Microsoft-Windows-Sysmon","Provider":"Microsoft-Windows-Sysmon","ProviderGuid":"{5770385f-c22a-43e0-bf4c-06f5698ffbd9}","Level":"4","Keywords":"0x8000000000000000","Channel":"Microsoft-Windows-Sysmon/Operational","Computer":"FlareVM","TimeCreated":"2023-02-28T10:54:52.708Z","TimeGenerated":"2023-02-28T03:54:52.708Z","EventRecordID":"58133","EventID":7,"Message":"Image loaded:\r\nRuleName: technique_id=T1055,technique_name=Process Injection\r\nUtcTime: 2023-02-28 15:54:52.698\r\nProcessGuid: {159466bb-23cc-63fe-6604-000000000e00}\r\nProcessId: 1560\r\nImage: C:\\Windows\\System32\\WindowsPowerShell\\v1.0\\powershell.exe\r\nImageLoaded: C:\\Windows\\System32\\mscoree.dll\r\nFileVersion: 10.0.19041.1 (WinBuild.160101.0800)\r\nDescription: Microsoft .NET Runtime Execution Engine\r\nProduct: Microsoft® Windows® Operating System\r\nCompany: Microsoft Corporation\r\nOriginalFileName: mscoree.dll\r\nHashes: SHA1=CFEF8F0BA040939B87B74F101970A6BBEB5DA15F,MD5=D5971EF71DE1BDD46D537203ABFCC756,SHA256=8828DE042D008783BA5B31C82935A3ED38D5996927C3399B3E1FC6FE723FC84E,IMPHASH=65F23EFA1EB51A5DAAB399BFAA840074\r\nSigned: true\r\nSignature: Microsoft Windows\r\nSignatureStatus: Valid\r\nUser: FLAREVM\\malware","EventData":"\u003cEventData xmlns=\"http://schemas.microsoft.com/win/2004/08/events/event\"\u003e\u003cData Name=\"RuleName\"\u003etechnique_id=T1055,technique_name=Process Injection\u003c/Data\u003e\u003cData Name=\"UtcTime\"\u003e2023-02-28 15:54:52.698\u003c/Data\u003e\u003cData Name=\"ProcessGuid\"\u003e{159466bb-23cc-63fe-6604-000000000e00}\u003c/Data\u003e\u003cData Name=\"ProcessId\"\u003e1560\u003c/Data\u003e\u003cData Name=\"Image\"\u003eC:\\Windows\\System32\\WindowsPowerShell\\v1.0\\powershell.exe\u003c/Data\u003e\u003cData Name=\"ImageLoaded\"\u003eC:\\Windows\\System32\\mscoree.dll\u003c/Data\u003e\u003cData Name=\"FileVersion\"\u003e10.0.19041.1 (WinBuild.160101.0800)\u003c/Data\u003e\u003cData Name=\"Description\"\u003eMicrosoft .NET Runtime Execution Engine\u003c/Data\u003e\u003cData Name=\"Product\"\u003eMicrosoft® Windows® Operating System\u003c/Data\u003e\u003cData Name=\"Company\"\u003eMicrosoft Corporation\u003c/Data\u003e\u003cData Name=\"OriginalFileName\"\u003emscoree.dll\u003c/Data\u003e\u003cData Name=\"Hashes\"\u003eSHA1=CFEF8F0BA040939B87B74F101970A6BBEB5DA15F,MD5=D5971EF71DE1BDD46D537203ABFCC756,SHA256=8828DE042D008783BA5B31C82935A3ED38D5996927C3399B3E1FC6FE723FC84E,IMPHASH=65F23EFA1EB51A5DAAB399BFAA840074\u003c/Data\u003e\u003cData Name=\"Signed\"\u003etrue\u003c/Data\u003e\u003cData Name=\"Signature\"\u003eMicrosoft Windows\u003c/Data\u003e\u003cData Name=\"SignatureStatus\"\u003eValid\u003c/Data\u003e\u003cData Name=\"User\"\u003eFLAREVM\\malware\u003c/Data\u003e\u003c/EventData\u003e","Task":7,"RuleName":"technique_id=T1055,technique_name=Process Injection","UtcTime":"2023-02-28 15:54:52.698","ProcessGuid":"159466bb-23cc-63fe-6604-000000000e00","ProcessId":1560,"Image":"C:\\Windows\\System32\\WindowsPowerShell\\v1.0\\powershell.exe","ImageLoaded":"C:\\Windows\\System32\\mscoree.dll","FileVersion":"10.0.19041.1 (WinBuild.160101.0800)","Description":"Microsoft .NET Runtime Execution Engine","Product":"Microsoft® Windows® Operating System","Company":"Microsoft Corporation","OriginalFileName":"mscoree.dll","Hashes":"SHA1=CFEF8F0BA040939B87B74F101970A6BBEB5DA15F,MD5=D5971EF71DE1BDD46D537203ABFCC756,SHA256=8828DE042D008783BA5B31C82935A3ED38D5996927C3399B3E1FC6FE723FC84E,IMPHASH=65F23EFA1EB51A5DAAB399BFAA840074","Signed":"true","Signature":"Microsoft Windows","SignatureStatus":"Valid","User":"FLAREVM\\malware"},{"EventSourceName":"Microsoft-Windows-Sysmon","Provider":"Microsoft-Windows-Sysmon","ProviderGuid":"{5770385f-c22a-43e0-bf4c-06f5698ffbd9}","Level":"4","Keywords":"0x8000000000000000","Channel":"Microsoft-Windows-Sysmon/Operational","Computer":"FlareVM","TimeCreated":"2023-02-28T10:54:52.711Z","TimeGenerated":"2023-02-28T03:54:52.711Z","EventRecordID":"58134","EventID":7,"Message":"Image loaded:\r\nRuleName: technique_id=T1055,technique_name=Process Injection\r\nUtcTime: 2023-02-28 15:54:52.698\r\nProcessGuid: {159466bb-23cc-63fe-6604-000000000e00}\r\nProcessId: 1560\r\nImage: C:\\Windows\\System32\\WindowsPowerShell\\v1.0\\powershell.exe\r\nImageLoaded: C:\\Windows\\Microsoft.NET\\Framework64\\v4.0.30319\\mscoreei.dll\r\nFileVersion: 4.8.4180.0 built by: NET48REL1LAST_B\r\nDescription: Microsoft .NET Runtime Execution Engine\r\nProduct: Microsoft® .NET Framework\r\nCompany: Microsoft Corporation\r\nOriginalFileName: mscoreei.dll\r\nHashes: SHA1=1283EF637FA53D571118F269F9B8C0A5CCA2BF01,MD5=899A8B655E52A061B33571D97C5C06ED,SHA256=DE05B03E37FB9BA5D74CF8FA36A6F0B15AB61705285B738BC90D14FDE580A45E,IMPHASH=005299FA213F652A596AC31760C5340B\r\nSigned: true\r\nSignature: Microsoft Corporation\r\nSignatureStatus: Valid\r\nUser: FLAREVM\\malware","EventData":"\u003cEventData xmlns=\"http://schemas.microsoft.com/win/2004/08/events/event\"\u003e\u003cData Name=\"RuleName\"\u003etechnique_id=T1055,technique_name=Process Injection\u003c/Data\u003e\u003cData Name=\"UtcTime\"\u003e2023-02-28 15:54:52.698\u003c/Data\u003e\u003cData Name=\"ProcessGuid\"\u003e{159466bb-23cc-63fe-6604-000000000e00}\u003c/Data\u003e\u003cData Name=\"ProcessId\"\u003e1560\u003c/Data\u003e\u003cData Name=\"Image\"\u003eC:\\Windows\\System32\\WindowsPowerShell\\v1.0\\powershell.exe\u003c/Data\u003e\u003cData Name=\"ImageLoaded\"\u003eC:\\Windows\\Microsoft.NET\\Framework64\\v4.0.30319\\mscoreei.dll\u003c/Data\u003e\u003cData Name=\"FileVersion\"\u003e4.8.4180.0 built by: NET48REL1LAST_B\u003c/Data\u003e\u003cData Name=\"Description\"\u003eMicrosoft .NET Runtime Execution Engine\u003c/Data\u003e\u003cData Name=\"Product\"\u003eMicrosoft® .NET Framework\u003c/Data\u003e\u003cData Name=\"Company\"\u003eMicrosoft Corporation\u003c/Data\u003e\u003cData Name=\"OriginalFileName\"\u003emscoreei.dll\u003c/Data\u003e\u003cData Name=\"Hashes\"\u003eSHA1=1283EF637FA53D571118F269F9B8C0A5CCA2BF01,MD5=899A8B655E52A061B33571D97C5C06ED,SHA256=DE05B03E37FB9BA5D74CF8FA36A6F0B15AB61705285B738BC90D14FDE580A45E,IMPHASH=005299FA213F652A596AC31760C5340B\u003c/Data\u003e\u003cData Name=\"Signed\"\u003etrue\u003c/Data\u003e\u003cData Name=\"Signature\"\u003eMicrosoft Corporation\u003c/Data\u003e\u003cData Name=\"SignatureStatus\"\u003eValid\u003c/Data\u003e\u003cData Name=\"User\"\u003eFLAREVM\\malware\u003c/Data\u003e\u003c/EventData\u003e","Task":7,"RuleName":"technique_id=T1055,technique_name=Process Injection","UtcTime":"2023-02-28 15:54:52.698","ProcessGuid":"159466bb-23cc-63fe-6604-000000000e00","ProcessId":1560,"Image":"C:\\Windows\\System32\\WindowsPowerShell\\v1.0\\powershell.exe","ImageLoaded":"C:\\Windows\\Microsoft.NET\\Framework64\\v4.0.30319\\mscoreei.dll","FileVersion":"4.8.4180.0 built by: NET48REL1LAST_B","Description":"Microsoft .NET Runtime Execution Engine","Product":"Microsoft® .NET Framework","Company":"Microsoft Corporation","OriginalFileName":"mscoreei.dll","Hashes":"SHA1=1283EF637FA53D571118F269F9B8C0A5CCA2BF01,MD5=899A8B655E52A061B33571D97C5C06ED,SHA256=DE05B03E37FB9BA5D74CF8FA36A6F0B15AB61705285B738BC90D14FDE580A45E,IMPHASH=005299FA213F652A596AC31760C5340B","Signed":"true","Signature":"Microsoft Corporation","SignatureStatus":"Valid","User":"FLAREVM\\malware"},{"EventSourceName":"Microsoft-Windows-Sysmon","Provider":"Microsoft-Windows-Sysmon","ProviderGuid":"{5770385f-c22a-43e0-bf4c-06f5698ffbd9}","Level":"4","Keywords":"0x8000000000000000","Channel":"Microsoft-Windows-Sysmon/Operational","Computer":"FlareVM","TimeCreated":"2023-02-28T10:54:52.713Z","TimeGenerated":"2023-02-28T03:54:52.713Z","EventRecordID":"58135","EventID":7,"Message":"Image loaded:\r\nRuleName: technique_id=T1055,technique_name=Process Injection\r\nUtcTime: 2023-02-28 15:54:52.698\r\nProcessGuid: {159466bb-23cc-63fe-6604-000000000e00}\r\nProcessId: 1560\r\nImage: C:\\Windows\\System32\\WindowsPowerShell\\v1.0\\powershell.exe\r\nImageLoaded: C:\\Windows\\Microsoft.NET\\Framework64\\v4.0.30319\\clr.dll\r\nFileVersion: 4.8.4515.0 built by: NET48REL1LAST_C\r\nDescription: Microsoft .NET Runtime Common Language Runtime - WorkStation\r\nProduct: Microsoft® .NET Framework\r\nCompany: Microsoft Corporation\r\nOriginalFileName: clr.dll\r\nHashes: SHA1=61CBD7957B853E180D77DCB02EB48DE5E4269CDC,MD5=2B0E5597FF51A3A4D5BB2DDAB0214531,SHA256=8D09CE35C987EADCF01686BB559920951B0116985FE4FEB5A488A6A8F7C4BDB9,IMPHASH=259C196C67C4E02F941CAD54D9D9BB8A\r\nSigned: true\r\nSignature: Microsoft Corporation\r\nSignatureStatus: Valid\r\nUser: FLAREVM\\malware","EventData":"\u003cEventData xmlns=\"http://schemas.microsoft.com/win/2004/08/events/event\"\u003e\u003cData Name=\"RuleName\"\u003etechnique_id=T1055,technique_name=Process Injection\u003c/Data\u003e\u003cData Name=\"UtcTime\"\u003e2023-02-28 15:54:52.698\u003c/Data\u003e\u003cData Name=\"ProcessGuid\"\u003e{159466bb-23cc-63fe-6604-000000000e00}\u003c/Data\u003e\u003cData Name=\"ProcessId\"\u003e1560\u003c/Data\u003e\u003cData Name=\"Image\"\u003eC:\\Windows\\System32\\WindowsPowerShell\\v1.0\\powershell.exe\u003c/Data\u003e\u003cData Name=\"ImageLoaded\"\u003eC:\\Windows\\Microsoft.NET\\Framework64\\v4.0.30319\\clr.dll\u003c/Data\u003e\u003cData Name=\"FileVersion\"\u003e4.8.4515.0 built by: NET48REL1LAST_C\u003c/Data\u003e\u003cData Name=\"Description\"\u003eMicrosoft .NET Runtime Common Language Runtime - WorkStation\u003c/Data\u003e\u003cData Name=\"Product\"\u003eMicrosoft® .NET Framework\u003c/Data\u003e\u003cData Name=\"Company\"\u003eMicrosoft Corporation\u003c/Data\u003e\u003cData Name=\"OriginalFileName\"\u003eclr.dll\u003c/Data\u003e\u003cData Name=\"Hashes\"\u003eSHA1=61CBD7957B853E180D77DCB02EB48DE5E4269CDC,MD5=2B0E5597FF51A3A4D5BB2DDAB0214531,SHA256=8D09CE35C987EADCF01686BB559920951B0116985FE4FEB5A488A6A8F7C4BDB9,IMPHASH=259C196C67C4E02F941CAD54D9D9BB8A\u003c/Data\u003e\u003cData Name=\"Signed\"\u003etrue\u003c/Data\u003e\u003cData Name=\"Signature\"\u003eMicrosoft Corporation\u003c/Data\u003e\u003cData Name=\"SignatureStatus\"\u003eValid\u003c/Data\u003e\u003cData Name=\"User\"\u003eFLAREVM\\malware\u003c/Data\u003e\u003c/EventData\u003e","Task":7,"RuleName":"technique_id=T1055,technique_name=Process Injection","UtcTime":"2023-02-28 15:54:52.698","ProcessGuid":"159466bb-23cc-63fe-6604-000000000e00","ProcessId":1560,"Image":"C:\\Windows\\System32\\WindowsPowerShell\\v1.0\\powershell.exe","ImageLoaded":"C:\\Windows\\Microsoft.NET\\Framework64\\v4.0.30319\\clr.dll","FileVersion":"4.8.4515.0 built by: NET48REL1LAST_C","Description":"Microsoft .NET Runtime Common Language Runtime - WorkStation","Product":"Microsoft® .NET Framework","Company":"Microsoft Corporation","OriginalFileName":"clr.dll","Hashes":"SHA1=61CBD7957B853E180D77DCB02EB48DE5E4269CDC,MD5=2B0E5597FF51A3A4D5BB2DDAB0214531,SHA256=8D09CE35C987EADCF01686BB559920951B0116985FE4FEB5A488A6A8F7C4BDB9,IMPHASH=259C196C67C4E02F941CAD54D9D9BB8A","Signed":"true","Signature":"Microsoft Corporation","SignatureStatus":"Valid","User":"FLAREVM\\malware"},{"EventSourceName":"Microsoft-Windows-Sysmon","Provider":"Microsoft-Windows-Sysmon","ProviderGuid":"{5770385f-c22a-43e0-bf4c-06f5698ffbd9}","Level":"4","Keywords":"0x8000000000000000","Channel":"Microsoft-Windows-Sysmon/Operational","Computer":"FlareVM","TimeCreated":"2023-02-28T10:54:52.718Z","TimeGenerated":"2023-02-28T03:54:52.718Z","EventRecordID":"58136","EventID":7,"Message":"Image loaded:\r\nRuleName: technique_id=T1055,technique_name=Process Injection\r\nUtcTime: 2023-02-28 15:54:52.714\r\nProcessGuid: {159466bb-23cc-63fe-6604-000000000e00}\r\nProcessId: 1560\r\nImage: C:\\Windows\\System32\\WindowsPowerShell\\v1.0\\powershell.exe\r\nImageLoaded: C:\\Windows\\assembly\\NativeImages_v4.0.30319_64\\mscorlib\\b8493bec853ac702d2188091d76ccffa\\mscorlib.ni.dll\r\nFileVersion: 4.8.4515.0 built by: NET48REL1LAST_C\r\nDescription: Microsoft Common Language Runtime Class Library\r\nProduct: Microsoft® .NET Framework\r\nCompany: Microsoft Corporation\r\nOriginalFileName: mscorlib.dll\r\nHashes: SHA1=E427979206921D4FDD5A0621540DC133FBD34A57,MD5=4D9E5CCCDA6B1397A94DE4AABC3FDF3E,SHA256=94687549554CD1915C41AF49DF0DFEC8A0C04F1D2E26907329A60ACB287414AA,IMPHASH=00000000000000000000000000000000\r\nSigned: true\r\nSignature: Microsoft Corporation\r\nSignatureStatus: Valid\r\nUser: FLAREVM\\malware","EventData":"\u003cEventData xmlns=\"http://schemas.microsoft.com/win/2004/08/events/event\"\u003e\u003cData Name=\"RuleName\"\u003etechnique_id=T1055,technique_name=Process Injection\u003c/Data\u003e\u003cData Name=\"UtcTime\"\u003e2023-02-28 15:54:52.714\u003c/Data\u003e\u003cData Name=\"ProcessGuid\"\u003e{159466bb-23cc-63fe-6604-000000000e00}\u003c/Data\u003e\u003cData Name=\"ProcessId\"\u003e1560\u003c/Data\u003e\u003cData Name=\"Image\"\u003eC:\\Windows\\System32\\WindowsPowerShell\\v1.0\\powershell.exe\u003c/Data\u003e\u003cData Name=\"ImageLoaded\"\u003eC:\\Windows\\assembly\\NativeImages_v4.0.30319_64\\mscorlib\\b8493bec853ac702d2188091d76ccffa\\mscorlib.ni.dll\u003c/Data\u003e\u003cData Name=\"FileVersion\"\u003e4.8.4515.0 built by: NET48REL1LAST_C\u003c/Data\u003e\u003cData Name=\"Description\"\u003eMicrosoft Common Language Runtime Class Library\u003c/Data\u003e\u003cData Name=\"Product\"\u003eMicrosoft® .NET Framework\u003c/Data\u003e\u003cData Name=\"Company\"\u003eMicrosoft Corporation\u003c/Data\u003e\u003cData Name=\"OriginalFileName\"\u003emscorlib.dll\u003c/Data\u003e\u003cData Name=\"Hashes\"\u003eSHA1=E427979206921D4FDD5A0621540DC133FBD34A57,MD5=4D9E5CCCDA6B1397A94DE4AABC3FDF3E,SHA256=94687549554CD1915C41AF49DF0DFEC8A0C04F1D2E26907329A60ACB287414AA,IMPHASH=00000000000000000000000000000000\u003c/Data\u003e\u003cData Name=\"Signed\"\u003etrue\u003c/Data\u003e\u003cData Name=\"Signature\"\u003eMicrosoft Corporation\u003c/Data\u003e\u003cData Name=\"SignatureStatus\"\u003eValid\u003c/Data\u003e\u003cData Name=\"User\"\u003eFLAREVM\\malware\u003c/Data\u003e\u003c/EventData\u003e","Task":7,"RuleName":"technique_id=T1055,technique_name=Process Injection","UtcTime":"2023-02-28 15:54:52.714","ProcessGuid":"159466bb-23cc-63fe-6604-000000000e00","ProcessId":1560,"Image":"C:\\Windows\\System32\\WindowsPowerShell\\v1.0\\powershell.exe","ImageLoaded":"C:\\Windows\\assembly\\NativeImages_v4.0.30319_64\\mscorlib\\b8493bec853ac702d2188091d76ccffa\\mscorlib.ni.dll","FileVersion":"4.8.4515.0 built by: NET48REL1LAST_C","Description":"Microsoft Common Language Runtime Class Library","Product":"Microsoft® .NET Framework","Company":"Microsoft Corporation","OriginalFileName":"mscorlib.dll","Hashes":"SHA1=E427979206921D4FDD5A0621540DC133FBD34A57,MD5=4D9E5CCCDA6B1397A94DE4AABC3FDF3E,SHA256=94687549554CD1915C41AF49DF0DFEC8A0C04F1D2E26907329A60ACB287414AA,IMPHASH=00000000000000000000000000000000","Signed":"true","Signature":"Microsoft Corporation","SignatureStatus":"Valid","User":"FLAREVM\\malware"},{"EventSourceName":"Microsoft-Windows-Sysmon","Provider":"Microsoft-Windows-Sysmon","ProviderGuid":"{5770385f-c22a-43e0-bf4c-06f5698ffbd9}","Level":"4","Keywords":"0x8000000000000000","Channel":"Microsoft-Windows-Sysmon/Operational","Computer":"FlareVM","TimeCreated":"2023-02-28T10:54:52.729Z","TimeGenerated":"2023-02-28T03:54:52.729Z","EventRecordID":"58137","EventID":7,"Message":"Image loaded:\r\nRuleName: technique_id=T1059.001,technique_name=PowerShell\r\nUtcTime: 2023-02-28 15:54:52.714\r\nProcessGuid: {159466bb-23cc-63fe-6604-000000000e00}\r\nProcessId: 1560\r\nImage: C:\\Windows\\System32\\WindowsPowerShell\\v1.0\\powershell.exe\r\nImageLoaded: C:\\Windows\\assembly\\NativeImages_v4.0.30319_64\\System.Manaa57fc8cc#\\e32f2c23c49a7ddedcbbc2a1eea65314\\System.Management.Automation.ni.dll\r\nFileVersion: 10.0.19041.2364\r\nDescription: System.Management.Automation\r\nProduct: Microsoft (R) Windows (R) Operating System\r\nCompany: Microsoft Corporation\r\nOriginalFileName: System.Management.Automation.dll\r\nHashes: SHA1=F0DCE614BCCCA18DF26B568BD2BBF6F15E389786,MD5=DBD27D1BCA1CFFE6987E159E7DFD5070,SHA256=4B7D515FF4986A728507067A7D71130EC499C4EBBB233974E17520E4DD82F2A2,IMPHASH=00000000000000000000000000000000\r\nSigned: false\r\nSignature: -\r\nSignatureStatus: Unavailable\r\nUser: FLAREVM\\malware","EventData":"\u003cEventData xmlns=\"http://schemas.microsoft.com/win/2004/08/events/event\"\u003e\u003cData Name=\"RuleName\"\u003etechnique_id=T1059.001,technique_name=PowerShell\u003c/Data\u003e\u003cData Name=\"UtcTime\"\u003e2023-02-28 15:54:52.714\u003c/Data\u003e\u003cData Name=\"ProcessGuid\"\u003e{159466bb-23cc-63fe-6604-000000000e00}\u003c/Data\u003e\u003cData Name=\"ProcessId\"\u003e1560\u003c/Data\u003e\u003cData Name=\"Image\"\u003eC:\\Windows\\System32\\WindowsPowerShell\\v1.0\\powershell.exe\u003c/Data\u003e\u003cData Name=\"ImageLoaded\"\u003eC:\\Windows\\assembly\\NativeImages_v4.0.30319_64\\System.Manaa57fc8cc#\\e32f2c23c49a7ddedcbbc2a1eea65314\\System.Management.Automation.ni.dll\u003c/Data\u003e\u003cData Name=\"FileVersion\"\u003e10.0.19041.2364\u003c/Data\u003e\u003cData Name=\"Description\"\u003eSystem.Management.Automation\u003c/Data\u003e\u003cData Name=\"Product\"\u003eMicrosoft (R) Windows (R) Operating System\u003c/Data\u003e\u003cData Name=\"Company\"\u003eMicrosoft Corporation\u003c/Data\u003e\u003cData Name=\"OriginalFileName\"\u003eSystem.Management.Automation.dll\u003c/Data\u003e\u003cData Name=\"Hashes\"\u003eSHA1=F0DCE614BCCCA18DF26B568BD2BBF6F15E389786,MD5=DBD27D1BCA1CFFE6987E159E7DFD5070,SHA256=4B7D515FF4986A728507067A7D71130EC499C4EBBB233974E17520E4DD82F2A2,IMPHASH=00000000000000000000000000000000\u003c/Data\u003e\u003cData Name=\"Signed\"\u003efalse\u003c/Data\u003e\u003cData Name=\"Signature\"\u003e-\u003c/Data\u003e\u003cData Name=\"SignatureStatus\"\u003eUnavailable\u003c/Data\u003e\u003cData Name=\"User\"\u003eFLAREVM\\malware\u003c/Data\u003e\u003c/EventData\u003e","Task":7,"RuleName":"technique_id=T1059.001,technique_name=PowerShell","UtcTime":"2023-02-28 15:54:52.714","ProcessGuid":"159466bb-23cc-63fe-6604-000000000e00","ProcessId":1560,"Image":"C:\\Windows\\System32\\WindowsPowerShell\\v1.0\\powershell.exe","ImageLoaded":"C:\\Windows\\assembly\\NativeImages_v4.0.30319_64\\System.Manaa57fc8cc#\\e32f2c23c49a7ddedcbbc2a1eea65314\\System.Management.Automation.ni.dll","FileVersion":"10.0.19041.2364","Description":"System.Management.Automation","Product":"Microsoft (R) Windows (R) Operating System","Company":"Microsoft Corporation","OriginalFileName":"System.Management.Automation.dll","Hashes":"SHA1=F0DCE614BCCCA18DF26B568BD2BBF6F15E389786,MD5=DBD27D1BCA1CFFE6987E159E7DFD5070,SHA256=4B7D515FF4986A728507067A7D71130EC499C4EBBB233974E17520E4DD82F2A2,IMPHASH=00000000000000000000000000000000","Signed":"false","Signature":"-","SignatureStatus":"Unavailable","User":"FLAREVM\\malware"},{"EventSourceName":"Microsoft-Windows-Sysmon","Provider":"Microsoft-Windows-Sysmon","ProviderGuid":"{5770385f-c22a-43e0-bf4c-06f5698ffbd9}","Level":"4","Keywords":"0x8000000000000000","Channel":"Microsoft-Windows-Sysmon/Operational","Computer":"FlareVM","TimeCreated":"2023-02-28T10:54:52.761Z","TimeGenerated":"2023-02-28T03:54:52.761Z","EventRecordID":"58138","EventID":12,"Message":"Registry object added or deleted:\r\nRuleName: technique_id=T1553.004,technique_name=Install Root Certificate\r\nEventType: CreateKey\r\nUtcTime: 2023-02-28 15:54:52.745\r\nProcessGuid: {159466bb-23cc-63fe-6604-000000000e00}\r\nProcessId: 1560\r\nImage: C:\\Windows\\System32\\WindowsPowerShell\\v1.0\\powershell.exe\r\nTargetObject: HKU\\S-1-5-21-2199682790-2533951109-4136935257-1001\\SOFTWARE\\Microsoft\\SystemCertificates\\CA\\Certificates\r\nUser: FLAREVM\\malware","EventData":"\u003cEventData xmlns=\"http://schemas.microsoft.com/win/2004/08/events/event\"\u003e\u003cData Name=\"RuleName\"\u003etechnique_id=T1553.004,technique_name=Install Root Certificate\u003c/Data\u003e\u003cData Name=\"EventType\"\u003eCreateKey\u003c/Data\u003e\u003cData Name=\"UtcTime\"\u003e2023-02-28 15:54:52.745\u003c/Data\u003e\u003cData Name=\"ProcessGuid\"\u003e{159466bb-23cc-63fe-6604-000000000e00}\u003c/Data\u003e\u003cData Name=\"ProcessId\"\u003e1560\u003c/Data\u003e\u003cData Name=\"Image\"\u003eC:\\Windows\\System32\\WindowsPowerShell\\v1.0\\powershell.exe\u003c/Data\u003e\u003cData Name=\"TargetObject\"\u003eHKU\\S-1-5-21-2199682790-2533951109-4136935257-1001\\SOFTWARE\\Microsoft\\SystemCertificates\\CA\\Certificates\u003c/Data\u003e\u003cData Name=\"User\"\u003eFLAREVM\\malware\u003c/Data\u003e\u003c/EventData\u003e","Task":12,"RuleName":"technique_id=T1553.004,technique_name=Install Root Certificate","EventType":"CreateKey","UtcTime":"2023-02-28 15:54:52.745","ProcessGuid":"159466bb-23cc-63fe-6604-000000000e00","ProcessId":1560,"Image":"C:\\Windows\\System32\\WindowsPowerShell\\v1.0\\powershell.exe","TargetObject":"HKU\\S-1-5-21-2199682790-2533951109-4136935257-1001\\SOFTWARE\\Microsoft\\SystemCertificates\\CA\\Certificates","User":"FLAREVM\\malware"},{"EventSourceName":"Microsoft-Windows-Sysmon","Provider":"Microsoft-Windows-Sysmon","ProviderGuid":"{5770385f-c22a-43e0-bf4c-06f5698ffbd9}","Level":"4","Keywords":"0x8000000000000000","Channel":"Microsoft-Windows-Sysmon/Operational","Computer":"FlareVM","TimeCreated":"2023-02-28T10:54:52.762Z","TimeGenerated":"2023-02-28T03:54:52.762Z","EventRecordID":"58139","EventID":12,"Message":"Registry object added or deleted:\r\nRuleName: technique_id=T1553.004,technique_name=Install Root Certificate\r\nEventType: CreateKey\r\nUtcTime: 2023-02-28 15:54:52.745\r\nProcessGuid: {159466bb-23cc-63fe-6604-000000000e00}\r\nProcessId: 1560\r\nImage: C:\\Windows\\System32\\WindowsPowerShell\\v1.0\\powershell.exe\r\nTargetObject: HKU\\S-1-5-21-2199682790-2533951109-4136935257-1001\\SOFTWARE\\Policies\\Microsoft\\SystemCertificates\\CA\\Certificates\r\nUser: FLAREVM\\malware","EventData":"\u003cEventData xmlns=\"http://schemas.microsoft.com/win/2004/08/events/event\"\u003e\u003cData Name=\"RuleName\"\u003etechnique_id=T1553.004,technique_name=Install Root Certificate\u003c/Data\u003e\u003cData Name=\"EventType\"\u003eCreateKey\u003c/Data\u003e\u003cData Name=\"UtcTime\"\u003e2023-02-28 15:54:52.745\u003c/Data\u003e\u003cData Name=\"ProcessGuid\"\u003e{159466bb-23cc-63fe-6604-000000000e00}\u003c/Data\u003e\u003cData Name=\"ProcessId\"\u003e1560\u003c/Data\u003e\u003cData Name=\"Image\"\u003eC:\\Windows\\System32\\WindowsPowerShell\\v1.0\\powershell.exe\u003c/Data\u003e\u003cData Name=\"TargetObject\"\u003eHKU\\S-1-5-21-2199682790-2533951109-4136935257-1001\\SOFTWARE\\Policies\\Microsoft\\SystemCertificates\\CA\\Certificates\u003c/Data\u003e\u003cData Name=\"User\"\u003eFLAREVM\\malware\u003c/Data\u003e\u003c/EventData\u003e","Task":12,"RuleName":"technique_id=T1553.004,technique_name=Install Root Certificate","EventType":"CreateKey","UtcTime":"2023-02-28 15:54:52.745","ProcessGuid":"159466bb-23cc-63fe-6604-000000000e00","ProcessId":1560,"Image":"C:\\Windows\\System32\\WindowsPowerShell\\v1.0\\powershell.exe","TargetObject":"HKU\\S-1-5-21-2199682790-2533951109-4136935257-1001\\SOFTWARE\\Policies\\Microsoft\\SystemCertificates\\CA\\Certificates","User":"FLAREVM\\malware"},{"EventSourceName":"Microsoft-Windows-Sysmon","Provider":"Microsoft-Windows-Sysmon","ProviderGuid":"{5770385f-c22a-43e0-bf4c-06f5698ffbd9}","Level":"4","Keywords":"0x8000000000000000","Channel":"Microsoft-Windows-Sysmon/Operational","Computer":"FlareVM","TimeCreated":"2023-02-28T10:54:52.762Z","TimeGenerated":"2023-02-28T03:54:52.762Z","EventRecordID":"58140","EventID":12,"Message":"Registry object added or deleted:\r\nRuleName: technique_id=T1553.004,technique_name=Install Root Certificate\r\nEventType: CreateKey\r\nUtcTime: 2023-02-28 15:54:52.745\r\nProcessGuid: {159466bb-23cc-63fe-6604-000000000e00}\r\nProcessId: 1560\r\nImage: C:\\Windows\\System32\\WindowsPowerShell\\v1.0\\powershell.exe\r\nTargetObject: HKLM\\SOFTWARE\\Microsoft\\SystemCertificates\\CA\\Certificates\r\nUser: FLAREVM\\malware","EventData":"\u003cEventData xmlns=\"http://schemas.microsoft.com/win/2004/08/events/event\"\u003e\u003cData Name=\"RuleName\"\u003etechnique_id=T1553.004,technique_name=Install Root Certificate\u003c/Data\u003e\u003cData Name=\"EventType\"\u003eCreateKey\u003c/Data\u003e\u003cData Name=\"UtcTime\"\u003e2023-02-28 15:54:52.745\u003c/Data\u003e\u003cData Name=\"ProcessGuid\"\u003e{159466bb-23cc-63fe-6604-000000000e00}\u003c/Data\u003e\u003cData Name=\"ProcessId\"\u003e1560\u003c/Data\u003e\u003cData Name=\"Image\"\u003eC:\\Windows\\System32\\WindowsPowerShell\\v1.0\\powershell.exe\u003c/Data\u003e\u003cData Name=\"TargetObject\"\u003eHKLM\\SOFTWARE\\Microsoft\\SystemCertificates\\CA\\Certificates\u003c/Data\u003e\u003cData Name=\"User\"\u003eFLAREVM\\malware\u003c/Data\u003e\u003c/EventData\u003e","Task":12,"RuleName":"technique_id=T1553.004,technique_name=Install Root Certificate","EventType":"CreateKey","UtcTime":"2023-02-28 15:54:52.745","ProcessGuid":"159466bb-23cc-63fe-6604-000000000e00","ProcessId":1560,"Image":"C:\\Windows\\System32\\WindowsPowerShell\\v1.0\\powershell.exe","TargetObject":"HKLM\\SOFTWARE\\Microsoft\\SystemCertificates\\CA\\Certificates","User":"FLAREVM\\malware"},{"EventSourceName":"Microsoft-Windows-Sysmon","Provider":"Microsoft-Windows-Sysmon","ProviderGuid":"{5770385f-c22a-43e0-bf4c-06f5698ffbd9}","Level":"4","Keywords":"0x8000000000000000","Channel":"Microsoft-Windows-Sysmon/Operational","Computer":"FlareVM","TimeCreated":"2023-02-28T10:54:52.764Z","TimeGenerated":"2023-02-28T03:54:52.764Z","EventRecordID":"58141","EventID":12,"Message":"Registry object added or deleted:\r\nRuleName: technique_id=T1553.004,technique_name=Install Root Certificate\r\nEventType: CreateKey\r\nUtcTime: 2023-02-28 15:54:52.745\r\nProcessGuid: {159466bb-23cc-63fe-6604-000000000e00}\r\nProcessId: 1560\r\nImage: C:\\Windows\\System32\\WindowsPowerShell\\v1.0\\powershell.exe\r\nTargetObject: HKLM\\SOFTWARE\\Policies\\Microsoft\\SystemCertificates\\CA\\Certificates\r\nUser: FLAREVM\\malware","EventData":"\u003cEventData xmlns=\"http://schemas.microsoft.com/win/2004/08/events/event\"\u003e\u003cData Name=\"RuleName\"\u003etechnique_id=T1553.004,technique_name=Install Root Certificate\u003c/Data\u003e\u003cData Name=\"EventType\"\u003eCreateKey\u003c/Data\u003e\u003cData Name=\"UtcTime\"\u003e2023-02-28 15:54:52.745\u003c/Data\u003e\u003cData Name=\"ProcessGuid\"\u003e{159466bb-23cc-63fe-6604-000000000e00}\u003c/Data\u003e\u003cData Name=\"ProcessId\"\u003e1560\u003c/Data\u003e\u003cData Name=\"Image\"\u003eC:\\Windows\\System32\\WindowsPowerShell\\v1.0\\powershell.exe\u003c/Data\u003e\u003cData Name=\"TargetObject\"\u003eHKLM\\SOFTWARE\\Policies\\Microsoft\\SystemCertificates\\CA\\Certificates\u003c/Data\u003e\u003cData Name=\"User\"\u003eFLAREVM\\malware\u003c/Data\u003e\u003c/EventData\u003e","Task":12,"RuleName":"technique_id=T1553.004,technique_name=Install Root Certificate","EventType":"CreateKey","UtcTime":"2023-02-28 15:54:52.745","ProcessGuid":"159466bb-23cc-63fe-6604-000000000e00","ProcessId":1560,"Image":"C:\\Windows\\System32\\WindowsPowerShell\\v1.0\\powershell.exe","TargetObject":"HKLM\\SOFTWARE\\Policies\\Microsoft\\SystemCertificates\\CA\\Certificates","User":"FLAREVM\\malware"},