{"EventSourceName":"Microsoft-Windows-Sysmon","Provider":"Microsoft-Windows-Sysmon","ProviderGuid":"{5770385f-c22a-43e0-bf4c-06f5698ffbd9}","Level":"4","Keywords":"0x8000000000000000","Channel":"Microsoft-Windows-Sysmon/Operational","Computer":"FlareVM","TimeCreated":"2023-02-28T10:54:51.626Z","TimeGenerated":"2023-02-28T03:54:51.626Z","EventRecordID":"58109","EventID":10,"Message":"Process accessed:\r\nRuleName: technique_id=T1055.001,technique_name=Dynamic-link Library Injection\r\nUtcTime: 2023-02-28 15:54:51.609\r\nSourceProcessGUID: {159466bb-a6da-63f7-e900-000000000e00}\r\nSourceProcessId: 9024\r\nSourceThreadId: 6712\r\nSourceImage: C:\\Windows\\System32\\WindowsPowerShell\\v1.0\\powershell.exe\r\nTargetProcessGUID: {159466bb-23cb-63fe-6404-000000000e00}\r\nTargetProcessId: 5448\r\nTargetImage: C:\\Windows\\System32\\WindowsPowerShell\\v1.0\\powershell.exe\r\nGrantedAccess: 0x1FFFFF\r\nCallTrace: C:\\Windows\\SYSTEM32\\ntdll.dll+9e9b4|C:\\Windows\\System32\\KERNELBASE.dll+9053|C:\\Windows\\System32\\KERNELBASE.dll+73c6|C:\\Windows\\System32\\KERNEL32.DLL+1d374|C:\\Windows\\assembly\\NativeImages_v4.0.30319_64\\System\\b187b7f31cee3e87b56c8edca55324e0\\System.ni.dll+383fe6|C:\\Windows\\assembly\\NativeImages_v4.0.30319_64\\System\\b187b7f31cee3e87b56c8edca55324e0\\System.ni.dll+2c4809|C:\\Windows\\assembly\\NativeImages_v4.0.30319_64\\System\\b187b7f31cee3e87b56c8edca55324e0\\System.ni.dll+2c4179|UNKNOWN(00007FF8C51B3195)\r\nSourceUser: FLAREVM\\malware\r\nTargetUser: FLAREVM\\malware","EventData":"\u003cEventData xmlns=\"http://schemas.microsoft.com/win/2004/08/events/event\"\u003e\u003cData Name=\"RuleName\"\u003etechnique_id=T1055.001,technique_name=Dynamic-link Library Injection\u003c/Data\u003e\u003cData Name=\"UtcTime\"\u003e2023-02-28 15:54:51.609\u003c/Data\u003e\u003cData Name=\"SourceProcessGUID\"\u003e{159466bb-a6da-63f7-e900-000000000e00}\u003c/Data\u003e\u003cData Name=\"SourceProcessId\"\u003e9024\u003c/Data\u003e\u003cData Name=\"SourceThreadId\"\u003e6712\u003c/Data\u003e\u003cData Name=\"SourceImage\"\u003eC:\\Windows\\System32\\WindowsPowerShell\\v1.0\\powershell.exe\u003c/Data\u003e\u003cData Name=\"TargetProcessGUID\"\u003e{159466bb-23cb-63fe-6404-000000000e00}\u003c/Data\u003e\u003cData Name=\"TargetProcessId\"\u003e5448\u003c/Data\u003e\u003cData Name=\"TargetImage\"\u003eC:\\Windows\\System32\\WindowsPowerShell\\v1.0\\powershell.exe\u003c/Data\u003e\u003cData Name=\"GrantedAccess\"\u003e0x1fffff\u003c/Data\u003e\u003cData Name=\"CallTrace\"\u003eC:\\Windows\\SYSTEM32\\ntdll.dll+9e9b4|C:\\Windows\\System32\\KERNELBASE.dll+9053|C:\\Windows\\System32\\KERNELBASE.dll+73c6|C:\\Windows\\System32\\KERNEL32.DLL+1d374|C:\\Windows\\assembly\\NativeImages_v4.0.30319_64\\System\\b187b7f31cee3e87b56c8edca55324e0\\System.ni.dll+383fe6|C:\\Windows\\assembly\\NativeImages_v4.0.30319_64\\System\\b187b7f31cee3e87b56c8edca55324e0\\System.ni.dll+2c4809|C:\\Windows\\assembly\\NativeImages_v4.0.30319_64\\System\\b187b7f31cee3e87b56c8edca55324e0\\System.ni.dll+2c4179|UNKNOWN(00007FF8C51B3195)\u003c/Data\u003e\u003cData Name=\"SourceUser\"\u003eFLAREVM\\malware\u003c/Data\u003e\u003cData Name=\"TargetUser\"\u003eFLAREVM\\malware\u003c/Data\u003e\u003c/EventData\u003e","Task":10,"RuleName":"technique_id=T1055.001,technique_name=Dynamic-link Library Injection","UtcTime":"2023-02-28 15:54:51.609","SourceProcessGUID":"159466bb-a6da-63f7-e900-000000000e00","SourceProcessId":9024,"SourceThreadId":6712,"SourceImage":"C:\\Windows\\System32\\WindowsPowerShell\\v1.0\\powershell.exe","TargetProcessGUID":"159466bb-23cb-63fe-6404-000000000e00","TargetProcessId":5448,"TargetImage":"C:\\Windows\\System32\\WindowsPowerShell\\v1.0\\powershell.exe","GrantedAccess":2097151,"CallTrace":"C:\\Windows\\SYSTEM32\\ntdll.dll+9e9b4|C:\\Windows\\System32\\KERNELBASE.dll+9053|C:\\Windows\\System32\\KERNELBASE.dll+73c6|C:\\Windows\\System32\\KERNEL32.DLL+1d374|C:\\Windows\\assembly\\NativeImages_v4.0.30319_64\\System\\b187b7f31cee3e87b56c8edca55324e0\\System.ni.dll+383fe6|C:\\Windows\\assembly\\NativeImages_v4.0.30319_64\\System\\b187b7f31cee3e87b56c8edca55324e0\\System.ni.dll+2c4809|C:\\Windows\\assembly\\NativeImages_v4.0.30319_64\\System\\b187b7f31cee3e87b56c8edca55324e0\\System.ni.dll+2c4179|UNKNOWN(00007FF8C51B3195)","SourceUser":"FLAREVM\\malware","TargetUser":"FLAREVM\\malware"},{"EventSourceName":"Microsoft-Windows-Sysmon","Provider":"Microsoft-Windows-Sysmon","ProviderGuid":"{5770385f-c22a-43e0-bf4c-06f5698ffbd9}","Level":"4","Keywords":"0x8000000000000000","Channel":"Microsoft-Windows-Sysmon/Operational","Computer":"FlareVM","TimeCreated":"2023-02-28T10:54:51.647Z","TimeGenerated":"2023-02-28T03:54:51.647Z","EventRecordID":"58110","EventID":7,"Message":"Image loaded:\r\nRuleName: technique_id=T1055,technique_name=Process Injection\r\nUtcTime: 2023-02-28 15:54:51.641\r\nProcessGuid: {159466bb-23cb-63fe-6404-000000000e00}\r\nProcessId: 5448\r\nImage: C:\\Windows\\System32\\WindowsPowerShell\\v1.0\\powershell.exe\r\nImageLoaded: C:\\Windows\\System32\\mscoree.dll\r\nFileVersion: 10.0.19041.1 (WinBuild.160101.0800)\r\nDescription: Microsoft .NET Runtime Execution Engine\r\nProduct: Microsoft® Windows® Operating System\r\nCompany: Microsoft Corporation\r\nOriginalFileName: mscoree.dll\r\nHashes: SHA1=CFEF8F0BA040939B87B74F101970A6BBEB5DA15F,MD5=D5971EF71DE1BDD46D537203ABFCC756,SHA256=8828DE042D008783BA5B31C82935A3ED38D5996927C3399B3E1FC6FE723FC84E,IMPHASH=65F23EFA1EB51A5DAAB399BFAA840074\r\nSigned: true\r\nSignature: Microsoft Windows\r\nSignatureStatus: Valid\r\nUser: FLAREVM\\malware","EventData":"\u003cEventData xmlns=\"http://schemas.microsoft.com/win/2004/08/events/event\"\u003e\u003cData Name=\"RuleName\"\u003etechnique_id=T1055,technique_name=Process Injection\u003c/Data\u003e\u003cData Name=\"UtcTime\"\u003e2023-02-28 15:54:51.641\u003c/Data\u003e\u003cData Name=\"ProcessGuid\"\u003e{159466bb-23cb-63fe-6404-000000000e00}\u003c/Data\u003e\u003cData Name=\"ProcessId\"\u003e5448\u003c/Data\u003e\u003cData Name=\"Image\"\u003eC:\\Windows\\System32\\WindowsPowerShell\\v1.0\\powershell.exe\u003c/Data\u003e\u003cData Name=\"ImageLoaded\"\u003eC:\\Windows\\System32\\mscoree.dll\u003c/Data\u003e\u003cData Name=\"FileVersion\"\u003e10.0.19041.1 (WinBuild.160101.0800)\u003c/Data\u003e\u003cData Name=\"Description\"\u003eMicrosoft .NET Runtime Execution Engine\u003c/Data\u003e\u003cData Name=\"Product\"\u003eMicrosoft® Windows® Operating System\u003c/Data\u003e\u003cData Name=\"Company\"\u003eMicrosoft Corporation\u003c/Data\u003e\u003cData Name=\"OriginalFileName\"\u003emscoree.dll\u003c/Data\u003e\u003cData Name=\"Hashes\"\u003eSHA1=CFEF8F0BA040939B87B74F101970A6BBEB5DA15F,MD5=D5971EF71DE1BDD46D537203ABFCC756,SHA256=8828DE042D008783BA5B31C82935A3ED38D5996927C3399B3E1FC6FE723FC84E,IMPHASH=65F23EFA1EB51A5DAAB399BFAA840074\u003c/Data\u003e\u003cData Name=\"Signed\"\u003etrue\u003c/Data\u003e\u003cData Name=\"Signature\"\u003eMicrosoft Windows\u003c/Data\u003e\u003cData Name=\"SignatureStatus\"\u003eValid\u003c/Data\u003e\u003cData Name=\"User\"\u003eFLAREVM\\malware\u003c/Data\u003e\u003c/EventData\u003e","Task":7,"RuleName":"technique_id=T1055,technique_name=Process Injection","UtcTime":"2023-02-28 15:54:51.641","ProcessGuid":"159466bb-23cb-63fe-6404-000000000e00","ProcessId":5448,"Image":"C:\\Windows\\System32\\WindowsPowerShell\\v1.0\\powershell.exe","ImageLoaded":"C:\\Windows\\System32\\mscoree.dll","FileVersion":"10.0.19041.1 (WinBuild.160101.0800)","Description":"Microsoft .NET Runtime Execution Engine","Product":"Microsoft® Windows® Operating System","Company":"Microsoft Corporation","OriginalFileName":"mscoree.dll","Hashes":"SHA1=CFEF8F0BA040939B87B74F101970A6BBEB5DA15F,MD5=D5971EF71DE1BDD46D537203ABFCC756,SHA256=8828DE042D008783BA5B31C82935A3ED38D5996927C3399B3E1FC6FE723FC84E,IMPHASH=65F23EFA1EB51A5DAAB399BFAA840074","Signed":"true","Signature":"Microsoft Windows","SignatureStatus":"Valid","User":"FLAREVM\\malware"},{"EventSourceName":"Microsoft-Windows-Sysmon","Provider":"Microsoft-Windows-Sysmon","ProviderGuid":"{5770385f-c22a-43e0-bf4c-06f5698ffbd9}","Level":"4","Keywords":"0x8000000000000000","Channel":"Microsoft-Windows-Sysmon/Operational","Computer":"FlareVM","TimeCreated":"2023-02-28T10:54:51.650Z","TimeGenerated":"2023-02-28T03:54:51.650Z","EventRecordID":"58111","EventID":7,"Message":"Image loaded:\r\nRuleName: technique_id=T1055,technique_name=Process Injection\r\nUtcTime: 2023-02-28 15:54:51.641\r\nProcessGuid: {159466bb-23cb-63fe-6404-000000000e00}\r\nProcessId: 5448\r\nImage: C:\\Windows\\System32\\WindowsPowerShell\\v1.0\\powershell.exe\r\nImageLoaded: C:\\Windows\\Microsoft.NET\\Framework64\\v4.0.30319\\mscoreei.dll\r\nFileVersion: 4.8.4180.0 built by: NET48REL1LAST_B\r\nDescription: Microsoft .NET Runtime Execution Engine\r\nProduct: Microsoft® .NET Framework\r\nCompany: Microsoft Corporation\r\nOriginalFileName: mscoreei.dll\r\nHashes: SHA1=1283EF637FA53D571118F269F9B8C0A5CCA2BF01,MD5=899A8B655E52A061B33571D97C5C06ED,SHA256=DE05B03E37FB9BA5D74CF8FA36A6F0B15AB61705285B738BC90D14FDE580A45E,IMPHASH=005299FA213F652A596AC31760C5340B\r\nSigned: true\r\nSignature: Microsoft Corporation\r\nSignatureStatus: Valid\r\nUser: FLAREVM\\malware","EventData":"\u003cEventData xmlns=\"http://schemas.microsoft.com/win/2004/08/events/event\"\u003e\u003cData Name=\"RuleName\"\u003etechnique_id=T1055,technique_name=Process Injection\u003c/Data\u003e\u003cData Name=\"UtcTime\"\u003e2023-02-28 15:54:51.641\u003c/Data\u003e\u003cData Name=\"ProcessGuid\"\u003e{159466bb-23cb-63fe-6404-000000000e00}\u003c/Data\u003e\u003cData Name=\"ProcessId\"\u003e5448\u003c/Data\u003e\u003cData Name=\"Image\"\u003eC:\\Windows\\System32\\WindowsPowerShell\\v1.0\\powershell.exe\u003c/Data\u003e\u003cData Name=\"ImageLoaded\"\u003eC:\\Windows\\Microsoft.NET\\Framework64\\v4.0.30319\\mscoreei.dll\u003c/Data\u003e\u003cData Name=\"FileVersion\"\u003e4.8.4180.0 built by: NET48REL1LAST_B\u003c/Data\u003e\u003cData Name=\"Description\"\u003eMicrosoft .NET Runtime Execution Engine\u003c/Data\u003e\u003cData Name=\"Product\"\u003eMicrosoft® .NET Framework\u003c/Data\u003e\u003cData Name=\"Company\"\u003eMicrosoft Corporation\u003c/Data\u003e\u003cData Name=\"OriginalFileName\"\u003emscoreei.dll\u003c/Data\u003e\u003cData Name=\"Hashes\"\u003eSHA1=1283EF637FA53D571118F269F9B8C0A5CCA2BF01,MD5=899A8B655E52A061B33571D97C5C06ED,SHA256=DE05B03E37FB9BA5D74CF8FA36A6F0B15AB61705285B738BC90D14FDE580A45E,IMPHASH=005299FA213F652A596AC31760C5340B\u003c/Data\u003e\u003cData Name=\"Signed\"\u003etrue\u003c/Data\u003e\u003cData Name=\"Signature\"\u003eMicrosoft Corporation\u003c/Data\u003e\u003cData Name=\"SignatureStatus\"\u003eValid\u003c/Data\u003e\u003cData Name=\"User\"\u003eFLAREVM\\malware\u003c/Data\u003e\u003c/EventData\u003e","Task":7,"RuleName":"technique_id=T1055,technique_name=Process Injection","UtcTime":"2023-02-28 15:54:51.641","ProcessGuid":"159466bb-23cb-63fe-6404-000000000e00","ProcessId":5448,"Image":"C:\\Windows\\System32\\WindowsPowerShell\\v1.0\\powershell.exe","ImageLoaded":"C:\\Windows\\Microsoft.NET\\Framework64\\v4.0.30319\\mscoreei.dll","FileVersion":"4.8.4180.0 built by: NET48REL1LAST_B","Description":"Microsoft .NET Runtime Execution Engine","Product":"Microsoft® .NET Framework","Company":"Microsoft Corporation","OriginalFileName":"mscoreei.dll","Hashes":"SHA1=1283EF637FA53D571118F269F9B8C0A5CCA2BF01,MD5=899A8B655E52A061B33571D97C5C06ED,SHA256=DE05B03E37FB9BA5D74CF8FA36A6F0B15AB61705285B738BC90D14FDE580A45E,IMPHASH=005299FA213F652A596AC31760C5340B","Signed":"true","Signature":"Microsoft Corporation","SignatureStatus":"Valid","User":"FLAREVM\\malware"},{"EventSourceName":"Microsoft-Windows-Sysmon","Provider":"Microsoft-Windows-Sysmon","ProviderGuid":"{5770385f-c22a-43e0-bf4c-06f5698ffbd9}","Level":"4","Keywords":"0x8000000000000000","Channel":"Microsoft-Windows-Sysmon/Operational","Computer":"FlareVM","TimeCreated":"2023-02-28T10:54:51.653Z","TimeGenerated":"2023-02-28T03:54:51.653Z","EventRecordID":"58112","EventID":7,"Message":"Image loaded:\r\nRuleName: technique_id=T1055,technique_name=Process Injection\r\nUtcTime: 2023-02-28 15:54:51.641\r\nProcessGuid: {159466bb-23cb-63fe-6404-000000000e00}\r\nProcessId: 5448\r\nImage: C:\\Windows\\System32\\WindowsPowerShell\\v1.0\\powershell.exe\r\nImageLoaded: C:\\Windows\\Microsoft.NET\\Framework64\\v4.0.30319\\clr.dll\r\nFileVersion: 4.8.4515.0 built by: NET48REL1LAST_C\r\nDescription: Microsoft .NET Runtime Common Language Runtime - WorkStation\r\nProduct: Microsoft® .NET Framework\r\nCompany: Microsoft Corporation\r\nOriginalFileName: clr.dll\r\nHashes: SHA1=61CBD7957B853E180D77DCB02EB48DE5E4269CDC,MD5=2B0E5597FF51A3A4D5BB2DDAB0214531,SHA256=8D09CE35C987EADCF01686BB559920951B0116985FE4FEB5A488A6A8F7C4BDB9,IMPHASH=259C196C67C4E02F941CAD54D9D9BB8A\r\nSigned: true\r\nSignature: Microsoft Corporation\r\nSignatureStatus: Valid\r\nUser: FLAREVM\\malware","EventData":"\u003cEventData xmlns=\"http://schemas.microsoft.com/win/2004/08/events/event\"\u003e\u003cData Name=\"RuleName\"\u003etechnique_id=T1055,technique_name=Process Injection\u003c/Data\u003e\u003cData Name=\"UtcTime\"\u003e2023-02-28 15:54:51.641\u003c/Data\u003e\u003cData Name=\"ProcessGuid\"\u003e{159466bb-23cb-63fe-6404-000000000e00}\u003c/Data\u003e\u003cData Name=\"ProcessId\"\u003e5448\u003c/Data\u003e\u003cData Name=\"Image\"\u003eC:\\Windows\\System32\\WindowsPowerShell\\v1.0\\powershell.exe\u003c/Data\u003e\u003cData Name=\"ImageLoaded\"\u003eC:\\Windows\\Microsoft.NET\\Framework64\\v4.0.30319\\clr.dll\u003c/Data\u003e\u003cData Name=\"FileVersion\"\u003e4.8.4515.0 built by: NET48REL1LAST_C\u003c/Data\u003e\u003cData Name=\"Description\"\u003eMicrosoft .NET Runtime Common Language Runtime - WorkStation\u003c/Data\u003e\u003cData Name=\"Product\"\u003eMicrosoft® .NET Framework\u003c/Data\u003e\u003cData Name=\"Company\"\u003eMicrosoft Corporation\u003c/Data\u003e\u003cData Name=\"OriginalFileName\"\u003eclr.dll\u003c/Data\u003e\u003cData Name=\"Hashes\"\u003eSHA1=61CBD7957B853E180D77DCB02EB48DE5E4269CDC,MD5=2B0E5597FF51A3A4D5BB2DDAB0214531,SHA256=8D09CE35C987EADCF01686BB559920951B0116985FE4FEB5A488A6A8F7C4BDB9,IMPHASH=259C196C67C4E02F941CAD54D9D9BB8A\u003c/Data\u003e\u003cData Name=\"Signed\"\u003etrue\u003c/Data\u003e\u003cData Name=\"Signature\"\u003eMicrosoft Corporation\u003c/Data\u003e\u003cData Name=\"SignatureStatus\"\u003eValid\u003c/Data\u003e\u003cData Name=\"User\"\u003eFLAREVM\\malware\u003c/Data\u003e\u003c/EventData\u003e","Task":7,"RuleName":"technique_id=T1055,technique_name=Process Injection","UtcTime":"2023-02-28 15:54:51.641","ProcessGuid":"159466bb-23cb-63fe-6404-000000000e00","ProcessId":5448,"Image":"C:\\Windows\\System32\\WindowsPowerShell\\v1.0\\powershell.exe","ImageLoaded":"C:\\Windows\\Microsoft.NET\\Framework64\\v4.0.30319\\clr.dll","FileVersion":"4.8.4515.0 built by: NET48REL1LAST_C","Description":"Microsoft .NET Runtime Common Language Runtime - WorkStation","Product":"Microsoft® .NET Framework","Company":"Microsoft Corporation","OriginalFileName":"clr.dll","Hashes":"SHA1=61CBD7957B853E180D77DCB02EB48DE5E4269CDC,MD5=2B0E5597FF51A3A4D5BB2DDAB0214531,SHA256=8D09CE35C987EADCF01686BB559920951B0116985FE4FEB5A488A6A8F7C4BDB9,IMPHASH=259C196C67C4E02F941CAD54D9D9BB8A","Signed":"true","Signature":"Microsoft Corporation","SignatureStatus":"Valid","User":"FLAREVM\\malware"},{"EventSourceName":"Microsoft-Windows-Sysmon","Provider":"Microsoft-Windows-Sysmon","ProviderGuid":"{5770385f-c22a-43e0-bf4c-06f5698ffbd9}","Level":"4","Keywords":"0x8000000000000000","Channel":"Microsoft-Windows-Sysmon/Operational","Computer":"FlareVM","TimeCreated":"2023-02-28T10:54:51.657Z","TimeGenerated":"2023-02-28T03:54:51.657Z","EventRecordID":"58113","EventID":7,"Message":"Image loaded:\r\nRuleName: technique_id=T1055,technique_name=Process Injection\r\nUtcTime: 2023-02-28 15:54:51.641\r\nProcessGuid: {159466bb-23cb-63fe-6404-000000000e00}\r\nProcessId: 5448\r\nImage: C:\\Windows\\System32\\WindowsPowerShell\\v1.0\\powershell.exe\r\nImageLoaded: C:\\Windows\\assembly\\NativeImages_v4.0.30319_64\\mscorlib\\b8493bec853ac702d2188091d76ccffa\\mscorlib.ni.dll\r\nFileVersion: 4.8.4515.0 built by: NET48REL1LAST_C\r\nDescription: Microsoft Common Language Runtime Class Library\r\nProduct: Microsoft® .NET Framework\r\nCompany: Microsoft Corporation\r\nOriginalFileName: mscorlib.dll\r\nHashes: SHA1=E427979206921D4FDD5A0621540DC133FBD34A57,MD5=4D9E5CCCDA6B1397A94DE4AABC3FDF3E,SHA256=94687549554CD1915C41AF49DF0DFEC8A0C04F1D2E26907329A60ACB287414AA,IMPHASH=00000000000000000000000000000000\r\nSigned: true\r\nSignature: Microsoft Corporation\r\nSignatureStatus: Valid\r\nUser: FLAREVM\\malware","EventData":"\u003cEventData xmlns=\"http://schemas.microsoft.com/win/2004/08/events/event\"\u003e\u003cData Name=\"RuleName\"\u003etechnique_id=T1055,technique_name=Process Injection\u003c/Data\u003e\u003cData Name=\"UtcTime\"\u003e2023-02-28 15:54:51.641\u003c/Data\u003e\u003cData Name=\"ProcessGuid\"\u003e{159466bb-23cb-63fe-6404-000000000e00}\u003c/Data\u003e\u003cData Name=\"ProcessId\"\u003e5448\u003c/Data\u003e\u003cData Name=\"Image\"\u003eC:\\Windows\\System32\\WindowsPowerShell\\v1.0\\powershell.exe\u003c/Data\u003e\u003cData Name=\"ImageLoaded\"\u003eC:\\Windows\\assembly\\NativeImages_v4.0.30319_64\\mscorlib\\b8493bec853ac702d2188091d76ccffa\\mscorlib.ni.dll\u003c/Data\u003e\u003cData Name=\"FileVersion\"\u003e4.8.4515.0 built by: NET48REL1LAST_C\u003c/Data\u003e\u003cData Name=\"Description\"\u003eMicrosoft Common Language Runtime Class Library\u003c/Data\u003e\u003cData Name=\"Product\"\u003eMicrosoft® .NET Framework\u003c/Data\u003e\u003cData Name=\"Company\"\u003eMicrosoft Corporation\u003c/Data\u003e\u003cData Name=\"OriginalFileName\"\u003emscorlib.dll\u003c/Data\u003e\u003cData Name=\"Hashes\"\u003eSHA1=E427979206921D4FDD5A0621540DC133FBD34A57,MD5=4D9E5CCCDA6B1397A94DE4AABC3FDF3E,SHA256=94687549554CD1915C41AF49DF0DFEC8A0C04F1D2E26907329A60ACB287414AA,IMPHASH=00000000000000000000000000000000\u003c/Data\u003e\u003cData Name=\"Signed\"\u003etrue\u003c/Data\u003e\u003cData Name=\"Signature\"\u003eMicrosoft Corporation\u003c/Data\u003e\u003cData Name=\"SignatureStatus\"\u003eValid\u003c/Data\u003e\u003cData Name=\"User\"\u003eFLAREVM\\malware\u003c/Data\u003e\u003c/EventData\u003e","Task":7,"RuleName":"technique_id=T1055,technique_name=Process Injection","UtcTime":"2023-02-28 15:54:51.641","ProcessGuid":"159466bb-23cb-63fe-6404-000000000e00","ProcessId":5448,"Image":"C:\\Windows\\System32\\WindowsPowerShell\\v1.0\\powershell.exe","ImageLoaded":"C:\\Windows\\assembly\\NativeImages_v4.0.30319_64\\mscorlib\\b8493bec853ac702d2188091d76ccffa\\mscorlib.ni.dll","FileVersion":"4.8.4515.0 built by: NET48REL1LAST_C","Description":"Microsoft Common Language Runtime Class Library","Product":"Microsoft® .NET Framework","Company":"Microsoft Corporation","OriginalFileName":"mscorlib.dll","Hashes":"SHA1=E427979206921D4FDD5A0621540DC133FBD34A57,MD5=4D9E5CCCDA6B1397A94DE4AABC3FDF3E,SHA256=94687549554CD1915C41AF49DF0DFEC8A0C04F1D2E26907329A60ACB287414AA,IMPHASH=00000000000000000000000000000000","Signed":"true","Signature":"Microsoft Corporation","SignatureStatus":"Valid","User":"FLAREVM\\malware"},{"EventSourceName":"Microsoft-Windows-Sysmon","Provider":"Microsoft-Windows-Sysmon","ProviderGuid":"{5770385f-c22a-43e0-bf4c-06f5698ffbd9}","Level":"4","Keywords":"0x8000000000000000","Channel":"Microsoft-Windows-Sysmon/Operational","Computer":"FlareVM","TimeCreated":"2023-02-28T10:54:51.668Z","TimeGenerated":"2023-02-28T03:54:51.668Z","EventRecordID":"58114","EventID":7,"Message":"Image loaded:\r\nRuleName: technique_id=T1059.001,technique_name=PowerShell\r\nUtcTime: 2023-02-28 15:54:51.657\r\nProcessGuid: {159466bb-23cb-63fe-6404-000000000e00}\r\nProcessId: 5448\r\nImage: C:\\Windows\\System32\\WindowsPowerShell\\v1.0\\powershell.exe\r\nImageLoaded: C:\\Windows\\assembly\\NativeImages_v4.0.30319_64\\System.Manaa57fc8cc#\\e32f2c23c49a7ddedcbbc2a1eea65314\\System.Management.Automation.ni.dll\r\nFileVersion: 10.0.19041.2364\r\nDescription: System.Management.Automation\r\nProduct: Microsoft (R) Windows (R) Operating System\r\nCompany: Microsoft Corporation\r\nOriginalFileName: System.Management.Automation.dll\r\nHashes: SHA1=F0DCE614BCCCA18DF26B568BD2BBF6F15E389786,MD5=DBD27D1BCA1CFFE6987E159E7DFD5070,SHA256=4B7D515FF4986A728507067A7D71130EC499C4EBBB233974E17520E4DD82F2A2,IMPHASH=00000000000000000000000000000000\r\nSigned: false\r\nSignature: -\r\nSignatureStatus: Unavailable\r\nUser: FLAREVM\\malware","EventData":"\u003cEventData xmlns=\"http://schemas.microsoft.com/win/2004/08/events/event\"\u003e\u003cData Name=\"RuleName\"\u003etechnique_id=T1059.001,technique_name=PowerShell\u003c/Data\u003e\u003cData Name=\"UtcTime\"\u003e2023-02-28 15:54:51.657\u003c/Data\u003e\u003cData Name=\"ProcessGuid\"\u003e{159466bb-23cb-63fe-6404-000000000e00}\u003c/Data\u003e\u003cData Name=\"ProcessId\"\u003e5448\u003c/Data\u003e\u003cData Name=\"Image\"\u003eC:\\Windows\\System32\\WindowsPowerShell\\v1.0\\powershell.exe\u003c/Data\u003e\u003cData Name=\"ImageLoaded\"\u003eC:\\Windows\\assembly\\NativeImages_v4.0.30319_64\\System.Manaa57fc8cc#\\e32f2c23c49a7ddedcbbc2a1eea65314\\System.Management.Automation.ni.dll\u003c/Data\u003e\u003cData Name=\"FileVersion\"\u003e10.0.19041.2364\u003c/Data\u003e\u003cData Name=\"Description\"\u003eSystem.Management.Automation\u003c/Data\u003e\u003cData Name=\"Product\"\u003eMicrosoft (R) Windows (R) Operating System\u003c/Data\u003e\u003cData Name=\"Company\"\u003eMicrosoft Corporation\u003c/Data\u003e\u003cData Name=\"OriginalFileName\"\u003eSystem.Management.Automation.dll\u003c/Data\u003e\u003cData Name=\"Hashes\"\u003eSHA1=F0DCE614BCCCA18DF26B568BD2BBF6F15E389786,MD5=DBD27D1BCA1CFFE6987E159E7DFD5070,SHA256=4B7D515FF4986A728507067A7D71130EC499C4EBBB233974E17520E4DD82F2A2,IMPHASH=00000000000000000000000000000000\u003c/Data\u003e\u003cData Name=\"Signed\"\u003efalse\u003c/Data\u003e\u003cData Name=\"Signature\"\u003e-\u003c/Data\u003e\u003cData Name=\"SignatureStatus\"\u003eUnavailable\u003c/Data\u003e\u003cData Name=\"User\"\u003eFLAREVM\\malware\u003c/Data\u003e\u003c/EventData\u003e","Task":7,"RuleName":"technique_id=T1059.001,technique_name=PowerShell","UtcTime":"2023-02-28 15:54:51.657","ProcessGuid":"159466bb-23cb-63fe-6404-000000000e00","ProcessId":5448,"Image":"C:\\Windows\\System32\\WindowsPowerShell\\v1.0\\powershell.exe","ImageLoaded":"C:\\Windows\\assembly\\NativeImages_v4.0.30319_64\\System.Manaa57fc8cc#\\e32f2c23c49a7ddedcbbc2a1eea65314\\System.Management.Automation.ni.dll","FileVersion":"10.0.19041.2364","Description":"System.Management.Automation","Product":"Microsoft (R) Windows (R) Operating System","Company":"Microsoft Corporation","OriginalFileName":"System.Management.Automation.dll","Hashes":"SHA1=F0DCE614BCCCA18DF26B568BD2BBF6F15E389786,MD5=DBD27D1BCA1CFFE6987E159E7DFD5070,SHA256=4B7D515FF4986A728507067A7D71130EC499C4EBBB233974E17520E4DD82F2A2,IMPHASH=00000000000000000000000000000000","Signed":"false","Signature":"-","SignatureStatus":"Unavailable","User":"FLAREVM\\malware"},{"EventSourceName":"Microsoft-Windows-Sysmon","Provider":"Microsoft-Windows-Sysmon","ProviderGuid":"{5770385f-c22a-43e0-bf4c-06f5698ffbd9}","Level":"4","Keywords":"0x8000000000000000","Channel":"Microsoft-Windows-Sysmon/Operational","Computer":"FlareVM","TimeCreated":"2023-02-28T10:54:51.683Z","TimeGenerated":"2023-02-28T03:54:51.683Z","EventRecordID":"58115","EventID":12,"Message":"Registry object added or deleted:\r\nRuleName: technique_id=T1553.004,technique_name=Install Root Certificate\r\nEventType: CreateKey\r\nUtcTime: 2023-02-28 15:54:51.672\r\nProcessGuid: {159466bb-23cb-63fe-6404-000000000e00}\r\nProcessId: 5448\r\nImage: C:\\Windows\\System32\\WindowsPowerShell\\v1.0\\powershell.exe\r\nTargetObject: HKU\\S-1-5-21-2199682790-2533951109-4136935257-1001\\SOFTWARE\\Microsoft\\SystemCertificates\\CA\\Certificates\r\nUser: FLAREVM\\malware","EventData":"\u003cEventData xmlns=\"http://schemas.microsoft.com/win/2004/08/events/event\"\u003e\u003cData Name=\"RuleName\"\u003etechnique_id=T1553.004,technique_name=Install Root Certificate\u003c/Data\u003e\u003cData Name=\"EventType\"\u003eCreateKey\u003c/Data\u003e\u003cData Name=\"UtcTime\"\u003e2023-02-28 15:54:51.672\u003c/Data\u003e\u003cData Name=\"ProcessGuid\"\u003e{159466bb-23cb-63fe-6404-000000000e00}\u003c/Data\u003e\u003cData Name=\"ProcessId\"\u003e5448\u003c/Data\u003e\u003cData Name=\"Image\"\u003eC:\\Windows\\System32\\WindowsPowerShell\\v1.0\\powershell.exe\u003c/Data\u003e\u003cData Name=\"TargetObject\"\u003eHKU\\S-1-5-21-2199682790-2533951109-4136935257-1001\\SOFTWARE\\Microsoft\\SystemCertificates\\CA\\Certificates\u003c/Data\u003e\u003cData Name=\"User\"\u003eFLAREVM\\malware\u003c/Data\u003e\u003c/EventData\u003e","Task":12,"RuleName":"technique_id=T1553.004,technique_name=Install Root Certificate","EventType":"CreateKey","UtcTime":"2023-02-28 15:54:51.672","ProcessGuid":"159466bb-23cb-63fe-6404-000000000e00","ProcessId":5448,"Image":"C:\\Windows\\System32\\WindowsPowerShell\\v1.0\\powershell.exe","TargetObject":"HKU\\S-1-5-21-2199682790-2533951109-4136935257-1001\\SOFTWARE\\Microsoft\\SystemCertificates\\CA\\Certificates","User":"FLAREVM\\malware"},{"EventSourceName":"Microsoft-Windows-Sysmon","Provider":"Microsoft-Windows-Sysmon","ProviderGuid":"{5770385f-c22a-43e0-bf4c-06f5698ffbd9}","Level":"4","Keywords":"0x8000000000000000","Channel":"Microsoft-Windows-Sysmon/Operational","Computer":"FlareVM","TimeCreated":"2023-02-28T10:54:51.684Z","TimeGenerated":"2023-02-28T03:54:51.684Z","EventRecordID":"58116","EventID":12,"Message":"Registry object added or deleted:\r\nRuleName: technique_id=T1553.004,technique_name=Install Root Certificate\r\nEventType: CreateKey\r\nUtcTime: 2023-02-28 15:54:51.672\r\nProcessGuid: {159466bb-23cb-63fe-6404-000000000e00}\r\nProcessId: 5448\r\nImage: C:\\Windows\\System32\\WindowsPowerShell\\v1.0\\powershell.exe\r\nTargetObject: HKU\\S-1-5-21-2199682790-2533951109-4136935257-1001\\SOFTWARE\\Policies\\Microsoft\\SystemCertificates\\CA\\Certificates\r\nUser: FLAREVM\\malware","EventData":"\u003cEventData xmlns=\"http://schemas.microsoft.com/win/2004/08/events/event\"\u003e\u003cData Name=\"RuleName\"\u003etechnique_id=T1553.004,technique_name=Install Root Certificate\u003c/Data\u003e\u003cData Name=\"EventType\"\u003eCreateKey\u003c/Data\u003e\u003cData Name=\"UtcTime\"\u003e2023-02-28 15:54:51.672\u003c/Data\u003e\u003cData Name=\"ProcessGuid\"\u003e{159466bb-23cb-63fe-6404-000000000e00}\u003c/Data\u003e\u003cData Name=\"ProcessId\"\u003e5448\u003c/Data\u003e\u003cData Name=\"Image\"\u003eC:\\Windows\\System32\\WindowsPowerShell\\v1.0\\powershell.exe\u003c/Data\u003e\u003cData Name=\"TargetObject\"\u003eHKU\\S-1-5-21-2199682790-2533951109-4136935257-1001\\SOFTWARE\\Policies\\Microsoft\\SystemCertificates\\CA\\Certificates\u003c/Data\u003e\u003cData Name=\"User\"\u003eFLAREVM\\malware\u003c/Data\u003e\u003c/EventData\u003e","Task":12,"RuleName":"technique_id=T1553.004,technique_name=Install Root Certificate","EventType":"CreateKey","UtcTime":"2023-02-28 15:54:51.672","ProcessGuid":"159466bb-23cb-63fe-6404-000000000e00","ProcessId":5448,"Image":"C:\\Windows\\System32\\WindowsPowerShell\\v1.0\\powershell.exe","TargetObject":"HKU\\S-1-5-21-2199682790-2533951109-4136935257-1001\\SOFTWARE\\Policies\\Microsoft\\SystemCertificates\\CA\\Certificates","User":"FLAREVM\\malware"},{"EventSourceName":"Microsoft-Windows-Sysmon","Provider":"Microsoft-Windows-Sysmon","ProviderGuid":"{5770385f-c22a-43e0-bf4c-06f5698ffbd9}","Level":"4","Keywords":"0x8000000000000000","Channel":"Microsoft-Windows-Sysmon/Operational","Computer":"FlareVM","TimeCreated":"2023-02-28T10:54:51.684Z","TimeGenerated":"2023-02-28T03:54:51.684Z","EventRecordID":"58117","EventID":12,"Message":"Registry object added or deleted:\r\nRuleName: technique_id=T1553.004,technique_name=Install Root Certificate\r\nEventType: CreateKey\r\nUtcTime: 2023-02-28 15:54:51.672\r\nProcessGuid: {159466bb-23cb-63fe-6404-000000000e00}\r\nProcessId: 5448\r\nImage: C:\\Windows\\System32\\WindowsPowerShell\\v1.0\\powershell.exe\r\nTargetObject: HKLM\\SOFTWARE\\Microsoft\\SystemCertificates\\CA\\Certificates\r\nUser: FLAREVM\\malware","EventData":"\u003cEventData xmlns=\"http://schemas.microsoft.com/win/2004/08/events/event\"\u003e\u003cData Name=\"RuleName\"\u003etechnique_id=T1553.004,technique_name=Install Root Certificate\u003c/Data\u003e\u003cData Name=\"EventType\"\u003eCreateKey\u003c/Data\u003e\u003cData Name=\"UtcTime\"\u003e2023-02-28 15:54:51.672\u003c/Data\u003e\u003cData Name=\"ProcessGuid\"\u003e{159466bb-23cb-63fe-6404-000000000e00}\u003c/Data\u003e\u003cData Name=\"ProcessId\"\u003e5448\u003c/Data\u003e\u003cData Name=\"Image\"\u003eC:\\Windows\\System32\\WindowsPowerShell\\v1.0\\powershell.exe\u003c/Data\u003e\u003cData Name=\"TargetObject\"\u003eHKLM\\SOFTWARE\\Microsoft\\SystemCertificates\\CA\\Certificates\u003c/Data\u003e\u003cData Name=\"User\"\u003eFLAREVM\\malware\u003c/Data\u003e\u003c/EventData\u003e","Task":12,"RuleName":"technique_id=T1553.004,technique_name=Install Root Certificate","EventType":"CreateKey","UtcTime":"2023-02-28 15:54:51.672","ProcessGuid":"159466bb-23cb-63fe-6404-000000000e00","ProcessId":5448,"Image":"C:\\Windows\\System32\\WindowsPowerShell\\v1.0\\powershell.exe","TargetObject":"HKLM\\SOFTWARE\\Microsoft\\SystemCertificates\\CA\\Certificates","User":"FLAREVM\\malware"},{"EventSourceName":"Microsoft-Windows-Sysmon","Provider":"Microsoft-Windows-Sysmon","ProviderGuid":"{5770385f-c22a-43e0-bf4c-06f5698ffbd9}","Level":"4","Keywords":"0x8000000000000000","Channel":"Microsoft-Windows-Sysmon/Operational","Computer":"FlareVM","TimeCreated":"2023-02-28T10:54:51.684Z","TimeGenerated":"2023-02-28T03:54:51.684Z","EventRecordID":"58118","EventID":12,"Message":"Registry object added or deleted:\r\nRuleName: technique_id=T1553.004,technique_name=Install Root Certificate\r\nEventType: CreateKey\r\nUtcTime: 2023-02-28 15:54:51.672\r\nProcessGuid: {159466bb-23cb-63fe-6404-000000000e00}\r\nProcessId: 5448\r\nImage: C:\\Windows\\System32\\WindowsPowerShell\\v1.0\\powershell.exe\r\nTargetObject: HKLM\\SOFTWARE\\Policies\\Microsoft\\SystemCertificates\\CA\\Certificates\r\nUser: FLAREVM\\malware","EventData":"\u003cEventData xmlns=\"http://schemas.microsoft.com/win/2004/08/events/event\"\u003e\u003cData Name=\"RuleName\"\u003etechnique_id=T1553.004,technique_name=Install Root Certificate\u003c/Data\u003e\u003cData Name=\"EventType\"\u003eCreateKey\u003c/Data\u003e\u003cData Name=\"UtcTime\"\u003e2023-02-28 15:54:51.672\u003c/Data\u003e\u003cData Name=\"ProcessGuid\"\u003e{159466bb-23cb-63fe-6404-000000000e00}\u003c/Data\u003e\u003cData Name=\"ProcessId\"\u003e5448\u003c/Data\u003e\u003cData Name=\"Image\"\u003eC:\\Windows\\System32\\WindowsPowerShell\\v1.0\\powershell.exe\u003c/Data\u003e\u003cData Name=\"TargetObject\"\u003eHKLM\\SOFTWARE\\Policies\\Microsoft\\SystemCertificates\\CA\\Certificates\u003c/Data\u003e\u003cData Name=\"User\"\u003eFLAREVM\\malware\u003c/Data\u003e\u003c/EventData\u003e","Task":12,"RuleName":"technique_id=T1553.004,technique_name=Install Root Certificate","EventType":"CreateKey","UtcTime":"2023-02-28 15:54:51.672","ProcessGuid":"159466bb-23cb-63fe-6404-000000000e00","ProcessId":5448,"Image":"C:\\Windows\\System32\\WindowsPowerShell\\v1.0\\powershell.exe","TargetObject":"HKLM\\SOFTWARE\\Policies\\Microsoft\\SystemCertificates\\CA\\Certificates","User":"FLAREVM\\malware"},{"EventSourceName":"Microsoft-Windows-Sysmon","Provider":"Microsoft-Windows-Sysmon","ProviderGuid":"{5770385f-c22a-43e0-bf4c-06f5698ffbd9}","Level":"4","Keywords":"0x8000000000000000","Channel":"Microsoft-Windows-Sysmon/Operational","Computer":"FlareVM","TimeCreated":"2023-02-28T10:54:51.685Z","TimeGenerated":"2023-02-28T03:54:51.685Z","EventRecordID":"58119","EventID":12,"Message":"Registry object added or deleted:\r\nRuleName: technique_id=T1553.004,technique_name=Install Root Certificate\r\nEventType: CreateKey\r\nUtcTime: 2023-02-28 15:54:51.672\r\nProcessGuid: {159466bb-23cb-63fe-6404-000000000e00}\r\nProcessId: 5448\r\nImage: C:\\Windows\\System32\\WindowsPowerShell\\v1.0\\powershell.exe\r\nTargetObject: HKU\\S-1-5-21-2199682790-2533951109-4136935257-1001\\SOFTWARE\\Microsoft\\SystemCertificates\\Root\\Certificates\r\nUser: FLAREVM\\malware","EventData":"\u003cEventData xmlns=\"http://schemas.microsoft.com/win/2004/08/events/event\"\u003e\u003cData Name=\"RuleName\"\u003etechnique_id=T1553.004,technique_name=Install Root Certificate\u003c/Data\u003e\u003cData Name=\"EventType\"\u003eCreateKey\u003c/Data\u003e\u003cData Name=\"UtcTime\"\u003e2023-02-28 15:54:51.672\u003c/Data\u003e\u003cData Name=\"ProcessGuid\"\u003e{159466bb-23cb-63fe-6404-000000000e00}\u003c/Data\u003e\u003cData Name=\"ProcessId\"\u003e5448\u003c/Data\u003e\u003cData Name=\"Image\"\u003eC:\\Windows\\System32\\WindowsPowerShell\\v1.0\\powershell.exe\u003c/Data\u003e\u003cData Name=\"TargetObject\"\u003eHKU\\S-1-5-21-2199682790-2533951109-4136935257-1001\\SOFTWARE\\Microsoft\\SystemCertificates\\Root\\Certificates\u003c/Data\u003e\u003cData Name=\"User\"\u003eFLAREVM\\malware\u003c/Data\u003e\u003c/EventData\u003e","Task":12,"RuleName":"technique_id=T1553.004,technique_name=Install Root Certificate","EventType":"CreateKey","UtcTime":"2023-02-28 15:54:51.672","ProcessGuid":"159466bb-23cb-63fe-6404-000000000e00","ProcessId":5448,"Image":"C:\\Windows\\System32\\WindowsPowerShell\\v1.0\\powershell.exe","TargetObject":"HKU\\S-1-5-21-2199682790-2533951109-4136935257-1001\\SOFTWARE\\Microsoft\\SystemCertificates\\Root\\Certificates","User":"FLAREVM\\malware"},{"EventSourceName":"Microsoft-Windows-Sysmon","Provider":"Microsoft-Windows-Sysmon","ProviderGuid":"{5770385f-c22a-43e0-bf4c-06f5698ffbd9}","Level":"4","Keywords":"0x8000000000000000","Channel":"Microsoft-Windows-Sysmon/Operational","Computer":"FlareVM","TimeCreated":"2023-02-28T10:54:51.686Z","TimeGenerated":"2023-02-28T03:54:51.686Z","EventRecordID":"58120","EventID":12,"Message":"Registry object added or deleted:\r\nRuleName: technique_id=T1553.004,technique_name=Install Root Certificate\r\nEventType: CreateKey\r\nUtcTime: 2023-02-28 15:54:51.672\r\nProcessGuid: {159466bb-23cb-63fe-6404-000000000e00}\r\nProcessId: 5448\r\nImage: C:\\Windows\\System32\\WindowsPowerShell\\v1.0\\powershell.exe\r\nTargetObject: HKLM\\SOFTWARE\\Microsoft\\SystemCertificates\\ROOT\\Certificates\r\nUser: FLAREVM\\malware","EventData":"\u003cEventData xmlns=\"http://schemas.microsoft.com/win/2004/08/events/event\"\u003e\u003cData Name=\"RuleName\"\u003etechnique_id=T1553.004,technique_name=Install Root Certificate\u003c/Data\u003e\u003cData Name=\"EventType\"\u003eCreateKey\u003c/Data\u003e\u003cData Name=\"UtcTime\"\u003e2023-02-28 15:54:51.672\u003c/Data\u003e\u003cData Name=\"ProcessGuid\"\u003e{159466bb-23cb-63fe-6404-000000000e00}\u003c/Data\u003e\u003cData Name=\"ProcessId\"\u003e5448\u003c/Data\u003e\u003cData Name=\"Image\"\u003eC:\\Windows\\System32\\WindowsPowerShell\\v1.0\\powershell.exe\u003c/Data\u003e\u003cData Name=\"TargetObject\"\u003eHKLM\\SOFTWARE\\Microsoft\\SystemCertificates\\ROOT\\Certificates\u003c/Data\u003e\u003cData Name=\"User\"\u003eFLAREVM\\malware\u003c/Data\u003e\u003c/EventData\u003e","Task":12,"RuleName":"technique_id=T1553.004,technique_name=Install Root Certificate","EventType":"CreateKey","UtcTime":"2023-02-28 15:54:51.672","ProcessGuid":"159466bb-23cb-63fe-6404-000000000e00","ProcessId":5448,"Image":"C:\\Windows\\System32\\WindowsPowerShell\\v1.0\\powershell.exe","TargetObject":"HKLM\\SOFTWARE\\Microsoft\\SystemCertificates\\ROOT\\Certificates","User":"FLAREVM\\malware"},{"EventSourceName":"Microsoft-Windows-Sysmon","Provider":"Microsoft-Windows-Sysmon","ProviderGuid":"{5770385f-c22a-43e0-bf4c-06f5698ffbd9}","Level":"4","Keywords":"0x8000000000000000","Channel":"Microsoft-Windows-Sysmon/Operational","Computer":"FlareVM","TimeCreated":"2023-02-28T10:54:51.688Z","TimeGenerated":"2023-02-28T03:54:51.688Z","EventRecordID":"58121","EventID":12,"Message":"Registry object added or deleted:\r\nRuleName: technique_id=T1553.004,technique_name=Install Root Certificate\r\nEventType: CreateKey\r\nUtcTime: 2023-02-28 15:54:51.672\r\nProcessGuid: {159466bb-23cb-63fe-6404-000000000e00}\r\nProcessId: 5448\r\nImage: C:\\Windows\\System32\\WindowsPowerShell\\v1.0\\powershell.exe\r\nTargetObject: HKLM\\SOFTWARE\\Microsoft\\EnterpriseCertificates\\Root\\Certificates\r\nUser: FLAREVM\\malware","EventData":"\u003cEventData xmlns=\"http://schemas.microsoft.com/win/2004/08/events/event\"\u003e\u003cData Name=\"RuleName\"\u003etechnique_id=T1553.004,technique_name=Install Root Certificate\u003c/Data\u003e\u003cData Name=\"EventType\"\u003eCreateKey\u003c/Data\u003e\u003cData Name=\"UtcTime\"\u003e2023-02-28 15:54:51.672\u003c/Data\u003e\u003cData Name=\"ProcessGuid\"\u003e{159466bb-23cb-63fe-6404-000000000e00}\u003c/Data\u003e\u003cData Name=\"ProcessId\"\u003e5448\u003c/Data\u003e\u003cData Name=\"Image\"\u003eC:\\Windows\\System32\\WindowsPowerShell\\v1.0\\powershell.exe\u003c/Data\u003e\u003cData Name=\"TargetObject\"\u003eHKLM\\SOFTWARE\\Microsoft\\EnterpriseCertificates\\Root\\Certificates\u003c/Data\u003e\u003cData Name=\"User\"\u003eFLAREVM\\malware\u003c/Data\u003e\u003c/EventData\u003e","Task":12,"RuleName":"technique_id=T1553.004,technique_name=Install Root Certificate","EventType":"CreateKey","UtcTime":"2023-02-28 15:54:51.672","ProcessGuid":"159466bb-23cb-63fe-6404-000000000e00","ProcessId":5448,"Image":"C:\\Windows\\System32\\WindowsPowerShell\\v1.0\\powershell.exe","TargetObject":"HKLM\\SOFTWARE\\Microsoft\\EnterpriseCertificates\\Root\\Certificates","User":"FLAREVM\\malware"},{"EventSourceName":"Microsoft-Windows-Sysmon","Provider":"Microsoft-Windows-Sysmon","ProviderGuid":"{5770385f-c22a-43e0-bf4c-06f5698ffbd9}","Level":"4","Keywords":"0x8000000000000000","Channel":"Microsoft-Windows-Sysmon/Operational","Computer":"FlareVM","TimeCreated":"2023-02-28T10:54:51.691Z","TimeGenerated":"2023-02-28T03:54:51.691Z","EventRecordID":"58122","EventID":11,"Message":"File created:\r\nRuleName: technique_id=T1059.001,technique_name=PowerShell\r\nUtcTime: 2023-02-28 15:54:51.688\r\nProcessGuid: {159466bb-23cb-63fe-6404-000000000e00}\r\nProcessId: 5448\r\nImage: C:\\Windows\\System32\\WindowsPowerShell\\v1.0\\powershell.exe\r\nTargetFilename: C:\\Users\\malware\\AppData\\Local\\Temp\\__PSScriptPolicyTest_zzvu444m.h2q.ps1\r\nCreationUtcTime: 2023-02-28 15:54:51.688\r\nUser: FLAREVM\\malware","EventData":"\u003cEventData xmlns=\"http://schemas.microsoft.com/win/2004/08/events/event\"\u003e\u003cData Name=\"RuleName\"\u003etechnique_id=T1059.001,technique_name=PowerShell\u003c/Data\u003e\u003cData Name=\"UtcTime\"\u003e2023-02-28 15:54:51.688\u003c/Data\u003e\u003cData Name=\"ProcessGuid\"\u003e{159466bb-23cb-63fe-6404-000000000e00}\u003c/Data\u003e\u003cData Name=\"ProcessId\"\u003e5448\u003c/Data\u003e\u003cData Name=\"Image\"\u003eC:\\Windows\\System32\\WindowsPowerShell\\v1.0\\powershell.exe\u003c/Data\u003e\u003cData Name=\"TargetFilename\"\u003eC:\\Users\\malware\\AppData\\Local\\Temp\\__PSScriptPolicyTest_zzvu444m.h2q.ps1\u003c/Data\u003e\u003cData Name=\"CreationUtcTime\"\u003e2023-02-28 15:54:51.688\u003c/Data\u003e\u003cData Name=\"User\"\u003eFLAREVM\\malware\u003c/Data\u003e\u003c/EventData\u003e","Task":11,"RuleName":"technique_id=T1059.001,technique_name=PowerShell","UtcTime":"2023-02-28 15:54:51.688","ProcessGuid":"159466bb-23cb-63fe-6404-000000000e00","ProcessId":5448,"Image":"C:\\Windows\\System32\\WindowsPowerShell\\v1.0\\powershell.exe","TargetFilename":"C:\\Users\\malware\\AppData\\Local\\Temp\\__PSScriptPolicyTest_zzvu444m.h2q.ps1","CreationUtcTime":"2023-02-28 15:54:51.688","User":"FLAREVM\\malware"},{"EventSourceName":"Microsoft-Windows-Sysmon","Provider":"Microsoft-Windows-Sysmon","ProviderGuid":"{5770385f-c22a-43e0-bf4c-06f5698ffbd9}","Level":"4","Keywords":"0x8000000000000000","Channel":"Microsoft-Windows-Sysmon/Operational","Computer":"FlareVM","TimeCreated":"2023-02-28T10:54:51.699Z","TimeGenerated":"2023-02-28T03:54:51.699Z","EventRecordID":"58123","EventID":23,"Message":"File Delete archived:\r\nRuleName: Scripts and payloads\r\nUtcTime: 2023-02-28 15:54:51.688\r\nProcessGuid: {159466bb-23cb-63fe-6404-000000000e00}\r\nProcessId: 5448\r\nUser: FLAREVM\\malware\r\nImage: C:\\Windows\\System32\\WindowsPowerShell\\v1.0\\powershell.exe\r\nTargetFilename: C:\\Users\\malware\\AppData\\Local\\Temp\\__PSScriptPolicyTest_zzvu444m.h2q.ps1\r\nHashes: SHA1=6AB83620379FC69F80C0242105DDFFD7D98D5D9D,MD5=D17FE0A3F47BE24A6453E9EF58C94641,SHA256=96AD1146EB96877EAB5942AE0736B82D8B5E2039A80D3D6932665C1A4C87DCF7,IMPHASH=00000000000000000000000000000000\r\nIsExecutable: false\r\nArchived: true","EventData":"\u003cEventData xmlns=\"http://schemas.microsoft.com/win/2004/08/events/event\"\u003e\u003cData Name=\"RuleName\"\u003eScripts and payloads\u003c/Data\u003e\u003cData Name=\"UtcTime\"\u003e2023-02-28 15:54:51.688\u003c/Data\u003e\u003cData Name=\"ProcessGuid\"\u003e{159466bb-23cb-63fe-6404-000000000e00}\u003c/Data\u003e\u003cData Name=\"ProcessId\"\u003e5448\u003c/Data\u003e\u003cData Name=\"User\"\u003eFLAREVM\\malware\u003c/Data\u003e\u003cData Name=\"Image\"\u003eC:\\Windows\\System32\\WindowsPowerShell\\v1.0\\powershell.exe\u003c/Data\u003e\u003cData Name=\"TargetFilename\"\u003eC:\\Users\\malware\\AppData\\Local\\Temp\\__PSScriptPolicyTest_zzvu444m.h2q.ps1\u003c/Data\u003e\u003cData Name=\"Hashes\"\u003eSHA1=6AB83620379FC69F80C0242105DDFFD7D98D5D9D,MD5=D17FE0A3F47BE24A6453E9EF58C94641,SHA256=96AD1146EB96877EAB5942AE0736B82D8B5E2039A80D3D6932665C1A4C87DCF7,IMPHASH=00000000000000000000000000000000\u003c/Data\u003e\u003cData Name=\"IsExecutable\"\u003efalse\u003c/Data\u003e\u003cData Name=\"Archived\"\u003etrue\u003c/Data\u003e\u003c/EventData\u003e","Task":23,"RuleName":"Scripts and payloads","UtcTime":"2023-02-28 15:54:51.688","ProcessGuid":"159466bb-23cb-63fe-6404-000000000e00","ProcessId":5448,"User":"FLAREVM\\malware","Image":"C:\\Windows\\System32\\WindowsPowerShell\\v1.0\\powershell.exe","TargetFilename":"C:\\Users\\malware\\AppData\\Local\\Temp\\__PSScriptPolicyTest_zzvu444m.h2q.ps1","Hashes":"SHA1=6AB83620379FC69F80C0242105DDFFD7D98D5D9D,MD5=D17FE0A3F47BE24A6453E9EF58C94641,SHA256=96AD1146EB96877EAB5942AE0736B82D8B5E2039A80D3D6932665C1A4C87DCF7,IMPHASH=00000000000000000000000000000000","IsExecutable":false,"Archived":"true"},{"EventSourceName":"Microsoft-Windows-Sysmon","Provider":"Microsoft-Windows-Sysmon","ProviderGuid":"{5770385f-c22a-43e0-bf4c-06f5698ffbd9}","Level":"4","Keywords":"0x8000000000000000","Channel":"Microsoft-Windows-Sysmon/Operational","Computer":"FlareVM","TimeCreated":"2023-02-28T10:54:51.711Z","TimeGenerated":"2023-02-28T03:54:51.711Z","EventRecordID":"58124","EventID":17,"Message":"Pipe Created:\r\nRuleName: -\r\nEventType: CreatePipe\r\nUtcTime: 2023-02-28 15:54:51.703\r\nProcessGuid: {159466bb-23cb-63fe-6404-000000000e00}\r\nProcessId: 5448\r\nPipeName: \\PSHost.133220732916249186.5448.DefaultAppDomain.powershell\r\nImage: C:\\Windows\\System32\\WindowsPowerShell\\v1.0\\powershell.exe\r\nUser: FLAREVM\\malware","EventData":"\u003cEventData xmlns=\"http://schemas.microsoft.com/win/2004/08/events/event\"\u003e\u003cData Name=\"RuleName\"\u003e-\u003c/Data\u003e\u003cData Name=\"EventType\"\u003eCreatePipe\u003c/Data\u003e\u003cData Name=\"UtcTime\"\u003e2023-02-28 15:54:51.703\u003c/Data\u003e\u003cData Name=\"ProcessGuid\"\u003e{159466bb-23cb-63fe-6404-000000000e00}\u003c/Data\u003e\u003cData Name=\"ProcessId\"\u003e5448\u003c/Data\u003e\u003cData Name=\"PipeName\"\u003e\\PSHost.133220732916249186.5448.DefaultAppDomain.powershell\u003c/Data\u003e\u003cData Name=\"Image\"\u003eC:\\Windows\\System32\\WindowsPowerShell\\v1.0\\powershell.exe\u003c/Data\u003e\u003cData Name=\"User\"\u003eFLAREVM\\malware\u003c/Data\u003e\u003c/EventData\u003e","Task":17,"RuleName":"-","EventType":"CreatePipe","UtcTime":"2023-02-28 15:54:51.703","ProcessGuid":"159466bb-23cb-63fe-6404-000000000e00","ProcessId":5448,"PipeName":"\\PSHost.133220732916249186.5448.DefaultAppDomain.powershell","Image":"C:\\Windows\\System32\\WindowsPowerShell\\v1.0\\powershell.exe","User":"FLAREVM\\malware"},{"EventSourceName":"Microsoft-Windows-Sysmon","Provider":"Microsoft-Windows-Sysmon","ProviderGuid":"{5770385f-c22a-43e0-bf4c-06f5698ffbd9}","Level":"4","Keywords":"0x8000000000000000","Channel":"Microsoft-Windows-Sysmon/Operational","Computer":"FlareVM","TimeCreated":"2023-02-28T10:54:51.716Z","TimeGenerated":"2023-02-28T03:54:51.716Z","EventRecordID":"58125","EventID":7,"Message":"Image loaded:\r\nRuleName: technique_id=T1055,technique_name=Process Injection\r\nUtcTime: 2023-02-28 15:54:51.703\r\nProcessGuid: {159466bb-23cb-63fe-6404-000000000e00}\r\nProcessId: 5448\r\nImage: C:\\Windows\\System32\\WindowsPowerShell\\v1.0\\powershell.exe\r\nImageLoaded: C:\\Windows\\Microsoft.NET\\Framework64\\v4.0.30319\\clrjit.dll\r\nFileVersion: 4.8.4515.0 built by: NET48REL1LAST_C\r\nDescription: Microsoft .NET Runtime Just-In-Time Compiler\r\nProduct: Microsoft® .NET Framework\r\nCompany: Microsoft Corporation\r\nOriginalFileName: clrjit.dll\r\nHashes: SHA1=C3E3D29C6A448F47B2D463DC0D974D939B773C6C,MD5=C5D469C303E0AA87A2C9DF1730B7C4C4,SHA256=8A3CD3CF2249E9971806B15C75A892E6A44CCA5FF5EA5CA89FDA951CD2C09AA9,IMPHASH=9F2B44B648DE13A18C1ABC07250B85C2\r\nSigned: true\r\nSignature: Microsoft Corporation\r\nSignatureStatus: Valid\r\nUser: FLAREVM\\malware","EventData":"\u003cEventData xmlns=\"http://schemas.microsoft.com/win/2004/08/events/event\"\u003e\u003cData Name=\"RuleName\"\u003etechnique_id=T1055,technique_name=Process Injection\u003c/Data\u003e\u003cData Name=\"UtcTime\"\u003e2023-02-28 15:54:51.703\u003c/Data\u003e\u003cData Name=\"ProcessGuid\"\u003e{159466bb-23cb-63fe-6404-000000000e00}\u003c/Data\u003e\u003cData Name=\"ProcessId\"\u003e5448\u003c/Data\u003e\u003cData Name=\"Image\"\u003eC:\\Windows\\System32\\WindowsPowerShell\\v1.0\\powershell.exe\u003c/Data\u003e\u003cData Name=\"ImageLoaded\"\u003eC:\\Windows\\Microsoft.NET\\Framework64\\v4.0.30319\\clrjit.dll\u003c/Data\u003e\u003cData Name=\"FileVersion\"\u003e4.8.4515.0 built by: NET48REL1LAST_C\u003c/Data\u003e\u003cData Name=\"Description\"\u003eMicrosoft .NET Runtime Just-In-Time Compiler\u003c/Data\u003e\u003cData Name=\"Product\"\u003eMicrosoft® .NET Framework\u003c/Data\u003e\u003cData Name=\"Company\"\u003eMicrosoft Corporation\u003c/Data\u003e\u003cData Name=\"OriginalFileName\"\u003eclrjit.dll\u003c/Data\u003e\u003cData Name=\"Hashes\"\u003eSHA1=C3E3D29C6A448F47B2D463DC0D974D939B773C6C,MD5=C5D469C303E0AA87A2C9DF1730B7C4C4,SHA256=8A3CD3CF2249E9971806B15C75A892E6A44CCA5FF5EA5CA89FDA951CD2C09AA9,IMPHASH=9F2B44B648DE13A18C1ABC07250B85C2\u003c/Data\u003e\u003cData Name=\"Signed\"\u003etrue\u003c/Data\u003e\u003cData Name=\"Signature\"\u003eMicrosoft Corporation\u003c/Data\u003e\u003cData Name=\"SignatureStatus\"\u003eValid\u003c/Data\u003e\u003cData Name=\"User\"\u003eFLAREVM\\malware\u003c/Data\u003e\u003c/EventData\u003e","Task":7,"RuleName":"technique_id=T1055,technique_name=Process Injection","UtcTime":"2023-02-28 15:54:51.703","ProcessGuid":"159466bb-23cb-63fe-6404-000000000e00","ProcessId":5448,"Image":"C:\\Windows\\System32\\WindowsPowerShell\\v1.0\\powershell.exe","ImageLoaded":"C:\\Windows\\Microsoft.NET\\Framework64\\v4.0.30319\\clrjit.dll","FileVersion":"4.8.4515.0 built by: NET48REL1LAST_C","Description":"Microsoft .NET Runtime Just-In-Time Compiler","Product":"Microsoft® .NET Framework","Company":"Microsoft Corporation","OriginalFileName":"clrjit.dll","Hashes":"SHA1=C3E3D29C6A448F47B2D463DC0D974D939B773C6C,MD5=C5D469C303E0AA87A2C9DF1730B7C4C4,SHA256=8A3CD3CF2249E9971806B15C75A892E6A44CCA5FF5EA5CA89FDA951CD2C09AA9,IMPHASH=9F2B44B648DE13A18C1ABC07250B85C2","Signed":"true","Signature":"Microsoft Corporation","SignatureStatus":"Valid","User":"FLAREVM\\malware"},