[{"EventSourceName":"Microsoft-Windows-Sysmon","Provider":"Microsoft-Windows-Sysmon","ProviderGuid":"{5770385f-c22a-43e0-bf4c-06f5698ffbd9}","Level":"4","Keywords":"0x8000000000000000","Channel":"Microsoft-Windows-Sysmon/Operational","Computer":"FlareVM","TimeCreated":"2023-02-28T10:54:50.764Z","TimeGenerated":"2023-02-28T03:54:50.764Z","EventRecordID":"58093","EventID":12,"Message":"Registry object added or deleted:\r\nRuleName: technique_id=T1543,technique_name=Service Creation\r\nEventType: CreateKey\r\nUtcTime: 2023-02-28 15:54:50.763\r\nProcessGuid: {159466bb-23ca-63fe-6104-000000000e00}\r\nProcessId: 6672\r\nImage: C:\\Windows\\System32\\svchost.exe\r\nTargetObject: HKLM\\System\\CurrentControlSet\\Services\\ClipSVC\\Parameters\r\nUser: NT AUTHORITY\\SYSTEM","EventData":"\u003cEventData xmlns=\"http://schemas.microsoft.com/win/2004/08/events/event\"\u003e\u003cData Name=\"RuleName\"\u003etechnique_id=T1543,technique_name=Service Creation\u003c/Data\u003e\u003cData Name=\"EventType\"\u003eCreateKey\u003c/Data\u003e\u003cData Name=\"UtcTime\"\u003e2023-02-28 15:54:50.763\u003c/Data\u003e\u003cData Name=\"ProcessGuid\"\u003e{159466bb-23ca-63fe-6104-000000000e00}\u003c/Data\u003e\u003cData Name=\"ProcessId\"\u003e6672\u003c/Data\u003e\u003cData Name=\"Image\"\u003eC:\\Windows\\System32\\svchost.exe\u003c/Data\u003e\u003cData Name=\"TargetObject\"\u003eHKLM\\System\\CurrentControlSet\\Services\\ClipSVC\\Parameters\u003c/Data\u003e\u003cData Name=\"User\"\u003eNT AUTHORITY\\SYSTEM\u003c/Data\u003e\u003c/EventData\u003e","Task":12,"RuleName":"technique_id=T1543,technique_name=Service Creation","EventType":"CreateKey","UtcTime":"2023-02-28 15:54:50.763","ProcessGuid":"159466bb-23ca-63fe-6104-000000000e00","ProcessId":6672,"Image":"C:\\Windows\\System32\\svchost.exe","TargetObject":"HKLM\\System\\CurrentControlSet\\Services\\ClipSVC\\Parameters","User":"NT AUTHORITY\\SYSTEM"},{"EventSourceName":"Microsoft-Windows-Sysmon","Provider":"Microsoft-Windows-Sysmon","ProviderGuid":"{5770385f-c22a-43e0-bf4c-06f5698ffbd9}","Level":"4","Keywords":"0x8000000000000000","Channel":"Microsoft-Windows-Sysmon/Operational","Computer":"FlareVM","TimeCreated":"2023-02-28T10:54:50.764Z","TimeGenerated":"2023-02-28T03:54:50.764Z","EventRecordID":"58094","EventID":12,"Message":"Registry object added or deleted:\r\nRuleName: technique_id=T1543,technique_name=Service Creation\r\nEventType: CreateKey\r\nUtcTime: 2023-02-28 15:54:50.763\r\nProcessGuid: {159466bb-23ca-63fe-6104-000000000e00}\r\nProcessId: 6672\r\nImage: C:\\Windows\\System32\\svchost.exe\r\nTargetObject: HKLM\\System\\CurrentControlSet\\Services\\ClipSVC\\Parameters\r\nUser: NT AUTHORITY\\SYSTEM","EventData":"\u003cEventData xmlns=\"http://schemas.microsoft.com/win/2004/08/events/event\"\u003e\u003cData Name=\"RuleName\"\u003etechnique_id=T1543,technique_name=Service Creation\u003c/Data\u003e\u003cData Name=\"EventType\"\u003eCreateKey\u003c/Data\u003e\u003cData Name=\"UtcTime\"\u003e2023-02-28 15:54:50.763\u003c/Data\u003e\u003cData Name=\"ProcessGuid\"\u003e{159466bb-23ca-63fe-6104-000000000e00}\u003c/Data\u003e\u003cData Name=\"ProcessId\"\u003e6672\u003c/Data\u003e\u003cData Name=\"Image\"\u003eC:\\Windows\\System32\\svchost.exe\u003c/Data\u003e\u003cData Name=\"TargetObject\"\u003eHKLM\\System\\CurrentControlSet\\Services\\ClipSVC\\Parameters\u003c/Data\u003e\u003cData Name=\"User\"\u003eNT AUTHORITY\\SYSTEM\u003c/Data\u003e\u003c/EventData\u003e","Task":12,"RuleName":"technique_id=T1543,technique_name=Service Creation","EventType":"CreateKey","UtcTime":"2023-02-28 15:54:50.763","ProcessGuid":"159466bb-23ca-63fe-6104-000000000e00","ProcessId":6672,"Image":"C:\\Windows\\System32\\svchost.exe","TargetObject":"HKLM\\System\\CurrentControlSet\\Services\\ClipSVC\\Parameters","User":"NT AUTHORITY\\SYSTEM"},{"EventSourceName":"Microsoft-Windows-Sysmon","Provider":"Microsoft-Windows-Sysmon","ProviderGuid":"{5770385f-c22a-43e0-bf4c-06f5698ffbd9}","Level":"4","Keywords":"0x8000000000000000","Channel":"Microsoft-Windows-Sysmon/Operational","Computer":"FlareVM","TimeCreated":"2023-02-28T10:54:50.779Z","TimeGenerated":"2023-02-28T03:54:50.779Z","EventRecordID":"58095","EventID":12,"Message":"Registry object added or deleted:\r\nRuleName: technique_id=T1543,technique_name=Service Creation\r\nEventType: CreateKey\r\nUtcTime: 2023-02-28 15:54:50.778\r\nProcessGuid: {159466bb-23ca-63fe-6104-000000000e00}\r\nProcessId: 6672\r\nImage: C:\\Windows\\System32\\svchost.exe\r\nTargetObject: HKLM\\System\\CurrentControlSet\\Services\\ClipSVC\\Parameters\r\nUser: NT AUTHORITY\\SYSTEM","EventData":"\u003cEventData xmlns=\"http://schemas.microsoft.com/win/2004/08/events/event\"\u003e\u003cData Name=\"RuleName\"\u003etechnique_id=T1543,technique_name=Service Creation\u003c/Data\u003e\u003cData Name=\"EventType\"\u003eCreateKey\u003c/Data\u003e\u003cData Name=\"UtcTime\"\u003e2023-02-28 15:54:50.778\u003c/Data\u003e\u003cData Name=\"ProcessGuid\"\u003e{159466bb-23ca-63fe-6104-000000000e00}\u003c/Data\u003e\u003cData Name=\"ProcessId\"\u003e6672\u003c/Data\u003e\u003cData Name=\"Image\"\u003eC:\\Windows\\System32\\svchost.exe\u003c/Data\u003e\u003cData Name=\"TargetObject\"\u003eHKLM\\System\\CurrentControlSet\\Services\\ClipSVC\\Parameters\u003c/Data\u003e\u003cData Name=\"User\"\u003eNT AUTHORITY\\SYSTEM\u003c/Data\u003e\u003c/EventData\u003e","Task":12,"RuleName":"technique_id=T1543,technique_name=Service Creation","EventType":"CreateKey","UtcTime":"2023-02-28 15:54:50.778","ProcessGuid":"159466bb-23ca-63fe-6104-000000000e00","ProcessId":6672,"Image":"C:\\Windows\\System32\\svchost.exe","TargetObject":"HKLM\\System\\CurrentControlSet\\Services\\ClipSVC\\Parameters","User":"NT AUTHORITY\\SYSTEM"},{"EventSourceName":"Microsoft-Windows-Sysmon","Provider":"Microsoft-Windows-Sysmon","ProviderGuid":"{5770385f-c22a-43e0-bf4c-06f5698ffbd9}","Level":"4","Keywords":"0x8000000000000000","Channel":"Microsoft-Windows-Sysmon/Operational","Computer":"FlareVM","TimeCreated":"2023-02-28T10:54:50.786Z","TimeGenerated":"2023-02-28T03:54:50.786Z","EventRecordID":"58096","EventID":12,"Message":"Registry object added or deleted:\r\nRuleName: technique_id=T1543,technique_name=Service Creation\r\nEventType: CreateKey\r\nUtcTime: 2023-02-28 15:54:50.778\r\nProcessGuid: {159466bb-23ca-63fe-6104-000000000e00}\r\nProcessId: 6672\r\nImage: C:\\Windows\\System32\\svchost.exe\r\nTargetObject: HKLM\\System\\CurrentControlSet\\Services\\ClipSVC\\Parameters\r\nUser: NT AUTHORITY\\SYSTEM","EventData":"\u003cEventData xmlns=\"http://schemas.microsoft.com/win/2004/08/events/event\"\u003e\u003cData Name=\"RuleName\"\u003etechnique_id=T1543,technique_name=Service Creation\u003c/Data\u003e\u003cData Name=\"EventType\"\u003eCreateKey\u003c/Data\u003e\u003cData Name=\"UtcTime\"\u003e2023-02-28 15:54:50.778\u003c/Data\u003e\u003cData Name=\"ProcessGuid\"\u003e{159466bb-23ca-63fe-6104-000000000e00}\u003c/Data\u003e\u003cData Name=\"ProcessId\"\u003e6672\u003c/Data\u003e\u003cData Name=\"Image\"\u003eC:\\Windows\\System32\\svchost.exe\u003c/Data\u003e\u003cData Name=\"TargetObject\"\u003eHKLM\\System\\CurrentControlSet\\Services\\ClipSVC\\Parameters\u003c/Data\u003e\u003cData Name=\"User\"\u003eNT AUTHORITY\\SYSTEM\u003c/Data\u003e\u003c/EventData\u003e","Task":12,"RuleName":"technique_id=T1543,technique_name=Service Creation","EventType":"CreateKey","UtcTime":"2023-02-28 15:54:50.778","ProcessGuid":"159466bb-23ca-63fe-6104-000000000e00","ProcessId":6672,"Image":"C:\\Windows\\System32\\svchost.exe","TargetObject":"HKLM\\System\\CurrentControlSet\\Services\\ClipSVC\\Parameters","User":"NT AUTHORITY\\SYSTEM"},{"EventSourceName":"Microsoft-Windows-Sysmon","Provider":"Microsoft-Windows-Sysmon","ProviderGuid":"{5770385f-c22a-43e0-bf4c-06f5698ffbd9}","Level":"4","Keywords":"0x8000000000000000","Channel":"Microsoft-Windows-Sysmon/Operational","Computer":"FlareVM","TimeCreated":"2023-02-28T10:54:50.791Z","TimeGenerated":"2023-02-28T03:54:50.791Z","EventRecordID":"58097","EventID":12,"Message":"Registry object added or deleted:\r\nRuleName: technique_id=T1543,technique_name=Service Creation\r\nEventType: CreateKey\r\nUtcTime: 2023-02-28 15:54:50.778\r\nProcessGuid: {159466bb-23ca-63fe-6104-000000000e00}\r\nProcessId: 6672\r\nImage: C:\\Windows\\System32\\svchost.exe\r\nTargetObject: HKLM\\System\\CurrentControlSet\\Services\\ClipSVC\\Parameters\r\nUser: NT AUTHORITY\\SYSTEM","EventData":"\u003cEventData xmlns=\"http://schemas.microsoft.com/win/2004/08/events/event\"\u003e\u003cData Name=\"RuleName\"\u003etechnique_id=T1543,technique_name=Service Creation\u003c/Data\u003e\u003cData Name=\"EventType\"\u003eCreateKey\u003c/Data\u003e\u003cData Name=\"UtcTime\"\u003e2023-02-28 15:54:50.778\u003c/Data\u003e\u003cData Name=\"ProcessGuid\"\u003e{159466bb-23ca-63fe-6104-000000000e00}\u003c/Data\u003e\u003cData Name=\"ProcessId\"\u003e6672\u003c/Data\u003e\u003cData Name=\"Image\"\u003eC:\\Windows\\System32\\svchost.exe\u003c/Data\u003e\u003cData Name=\"TargetObject\"\u003eHKLM\\System\\CurrentControlSet\\Services\\ClipSVC\\Parameters\u003c/Data\u003e\u003cData Name=\"User\"\u003eNT AUTHORITY\\SYSTEM\u003c/Data\u003e\u003c/EventData\u003e","Task":12,"RuleName":"technique_id=T1543,technique_name=Service Creation","EventType":"CreateKey","UtcTime":"2023-02-28 15:54:50.778","ProcessGuid":"159466bb-23ca-63fe-6104-000000000e00","ProcessId":6672,"Image":"C:\\Windows\\System32\\svchost.exe","TargetObject":"HKLM\\System\\CurrentControlSet\\Services\\ClipSVC\\Parameters","User":"NT AUTHORITY\\SYSTEM"},{"EventSourceName":"Microsoft-Windows-Sysmon","Provider":"Microsoft-Windows-Sysmon","ProviderGuid":"{5770385f-c22a-43e0-bf4c-06f5698ffbd9}","Level":"4","Keywords":"0x8000000000000000","Channel":"Microsoft-Windows-Sysmon/Operational","Computer":"FlareVM","TimeCreated":"2023-02-28T10:54:50.792Z","TimeGenerated":"2023-02-28T03:54:50.792Z","EventRecordID":"58098","EventID":12,"Message":"Registry object added or deleted:\r\nRuleName: technique_id=T1543,technique_name=Service Creation\r\nEventType: CreateKey\r\nUtcTime: 2023-02-28 15:54:50.778\r\nProcessGuid: {159466bb-23ca-63fe-6104-000000000e00}\r\nProcessId: 6672\r\nImage: C:\\Windows\\System32\\svchost.exe\r\nTargetObject: HKLM\\System\\CurrentControlSet\\Services\\ClipSVC\\Parameters\r\nUser: NT AUTHORITY\\SYSTEM","EventData":"\u003cEventData xmlns=\"http://schemas.microsoft.com/win/2004/08/events/event\"\u003e\u003cData Name=\"RuleName\"\u003etechnique_id=T1543,technique_name=Service Creation\u003c/Data\u003e\u003cData Name=\"EventType\"\u003eCreateKey\u003c/Data\u003e\u003cData Name=\"UtcTime\"\u003e2023-02-28 15:54:50.778\u003c/Data\u003e\u003cData Name=\"ProcessGuid\"\u003e{159466bb-23ca-63fe-6104-000000000e00}\u003c/Data\u003e\u003cData Name=\"ProcessId\"\u003e6672\u003c/Data\u003e\u003cData Name=\"Image\"\u003eC:\\Windows\\System32\\svchost.exe\u003c/Data\u003e\u003cData Name=\"TargetObject\"\u003eHKLM\\System\\CurrentControlSet\\Services\\ClipSVC\\Parameters\u003c/Data\u003e\u003cData Name=\"User\"\u003eNT AUTHORITY\\SYSTEM\u003c/Data\u003e\u003c/EventData\u003e","Task":12,"RuleName":"technique_id=T1543,technique_name=Service Creation","EventType":"CreateKey","UtcTime":"2023-02-28 15:54:50.778","ProcessGuid":"159466bb-23ca-63fe-6104-000000000e00","ProcessId":6672,"Image":"C:\\Windows\\System32\\svchost.exe","TargetObject":"HKLM\\System\\CurrentControlSet\\Services\\ClipSVC\\Parameters","User":"NT AUTHORITY\\SYSTEM"},{"EventSourceName":"Microsoft-Windows-Sysmon","Provider":"Microsoft-Windows-Sysmon","ProviderGuid":"{5770385f-c22a-43e0-bf4c-06f5698ffbd9}","Level":"4","Keywords":"0x8000000000000000","Channel":"Microsoft-Windows-Sysmon/Operational","Computer":"FlareVM","TimeCreated":"2023-02-28T10:54:50.792Z","TimeGenerated":"2023-02-28T03:54:50.792Z","EventRecordID":"58099","EventID":12,"Message":"Registry object added or deleted:\r\nRuleName: technique_id=T1543,technique_name=Service Creation\r\nEventType: CreateKey\r\nUtcTime: 2023-02-28 15:54:50.778\r\nProcessGuid: {159466bb-23ca-63fe-6104-000000000e00}\r\nProcessId: 6672\r\nImage: C:\\Windows\\System32\\svchost.exe\r\nTargetObject: HKLM\\System\\CurrentControlSet\\Services\\ClipSVC\\Parameters\r\nUser: NT AUTHORITY\\SYSTEM","EventData":"\u003cEventData xmlns=\"http://schemas.microsoft.com/win/2004/08/events/event\"\u003e\u003cData Name=\"RuleName\"\u003etechnique_id=T1543,technique_name=Service Creation\u003c/Data\u003e\u003cData Name=\"EventType\"\u003eCreateKey\u003c/Data\u003e\u003cData Name=\"UtcTime\"\u003e2023-02-28 15:54:50.778\u003c/Data\u003e\u003cData Name=\"ProcessGuid\"\u003e{159466bb-23ca-63fe-6104-000000000e00}\u003c/Data\u003e\u003cData Name=\"ProcessId\"\u003e6672\u003c/Data\u003e\u003cData Name=\"Image\"\u003eC:\\Windows\\System32\\svchost.exe\u003c/Data\u003e\u003cData Name=\"TargetObject\"\u003eHKLM\\System\\CurrentControlSet\\Services\\ClipSVC\\Parameters\u003c/Data\u003e\u003cData Name=\"User\"\u003eNT AUTHORITY\\SYSTEM\u003c/Data\u003e\u003c/EventData\u003e","Task":12,"RuleName":"technique_id=T1543,technique_name=Service Creation","EventType":"CreateKey","UtcTime":"2023-02-28 15:54:50.778","ProcessGuid":"159466bb-23ca-63fe-6104-000000000e00","ProcessId":6672,"Image":"C:\\Windows\\System32\\svchost.exe","TargetObject":"HKLM\\System\\CurrentControlSet\\Services\\ClipSVC\\Parameters","User":"NT AUTHORITY\\SYSTEM"},{"EventSourceName":"Microsoft-Windows-Sysmon","Provider":"Microsoft-Windows-Sysmon","ProviderGuid":"{5770385f-c22a-43e0-bf4c-06f5698ffbd9}","Level":"4","Keywords":"0x8000000000000000","Channel":"Microsoft-Windows-Sysmon/Operational","Computer":"FlareVM","TimeCreated":"2023-02-28T10:54:50.792Z","TimeGenerated":"2023-02-28T03:54:50.792Z","EventRecordID":"58100","EventID":13,"Message":"Registry value set:\r\nRuleName: technique_id=T1543,technique_name=Service Creation\r\nEventType: SetValue\r\nUtcTime: 2023-02-28 15:54:50.778\r\nProcessGuid: {159466bb-23ca-63fe-6104-000000000e00}\r\nProcessId: 6672\r\nImage: C:\\Windows\\System32\\svchost.exe\r\nTargetObject: HKLM\\System\\CurrentControlSet\\Services\\ClipSVC\\Parameters\\ProcessBiosKey\r\nDetails: DWORD (0x00000001)\r\nUser: NT AUTHORITY\\SYSTEM","EventData":"\u003cEventData xmlns=\"http://schemas.microsoft.com/win/2004/08/events/event\"\u003e\u003cData Name=\"RuleName\"\u003etechnique_id=T1543,technique_name=Service Creation\u003c/Data\u003e\u003cData Name=\"EventType\"\u003eSetValue\u003c/Data\u003e\u003cData Name=\"UtcTime\"\u003e2023-02-28 15:54:50.778\u003c/Data\u003e\u003cData Name=\"ProcessGuid\"\u003e{159466bb-23ca-63fe-6104-000000000e00}\u003c/Data\u003e\u003cData Name=\"ProcessId\"\u003e6672\u003c/Data\u003e\u003cData Name=\"Image\"\u003eC:\\Windows\\System32\\svchost.exe\u003c/Data\u003e\u003cData Name=\"TargetObject\"\u003eHKLM\\System\\CurrentControlSet\\Services\\ClipSVC\\Parameters\\ProcessBiosKey\u003c/Data\u003e\u003cData Name=\"Details\"\u003eDWORD (0x00000001)\u003c/Data\u003e\u003cData Name=\"User\"\u003eNT AUTHORITY\\SYSTEM\u003c/Data\u003e\u003c/EventData\u003e","Task":13,"RuleName":"technique_id=T1543,technique_name=Service Creation","EventType":"SetValue","UtcTime":"2023-02-28 15:54:50.778","ProcessGuid":"159466bb-23ca-63fe-6104-000000000e00","ProcessId":6672,"Image":"C:\\Windows\\System32\\svchost.exe","TargetObject":"HKLM\\System\\CurrentControlSet\\Services\\ClipSVC\\Parameters\\ProcessBiosKey","Details":"DWORD (0x00000001)","User":"NT AUTHORITY\\SYSTEM"},{"EventSourceName":"Microsoft-Windows-Sysmon","Provider":"Microsoft-Windows-Sysmon","ProviderGuid":"{5770385f-c22a-43e0-bf4c-06f5698ffbd9}","Level":"4","Keywords":"0x8000000000000000","Channel":"Microsoft-Windows-Sysmon/Operational","Computer":"FlareVM","TimeCreated":"2023-02-28T10:54:50.792Z","TimeGenerated":"2023-02-28T03:54:50.792Z","EventRecordID":"58101","EventID":12,"Message":"Registry object added or deleted:\r\nRuleName: technique_id=T1543,technique_name=Service Creation\r\nEventType: CreateKey\r\nUtcTime: 2023-02-28 15:54:50.778\r\nProcessGuid: {159466bb-23ca-63fe-6104-000000000e00}\r\nProcessId: 6672\r\nImage: C:\\Windows\\System32\\svchost.exe\r\nTargetObject: HKLM\\System\\CurrentControlSet\\Services\\ClipSVC\\Parameters\r\nUser: NT AUTHORITY\\SYSTEM","EventData":"\u003cEventData xmlns=\"http://schemas.microsoft.com/win/2004/08/events/event\"\u003e\u003cData Name=\"RuleName\"\u003etechnique_id=T1543,technique_name=Service Creation\u003c/Data\u003e\u003cData Name=\"EventType\"\u003eCreateKey\u003c/Data\u003e\u003cData Name=\"UtcTime\"\u003e2023-02-28 15:54:50.778\u003c/Data\u003e\u003cData Name=\"ProcessGuid\"\u003e{159466bb-23ca-63fe-6104-000000000e00}\u003c/Data\u003e\u003cData Name=\"ProcessId\"\u003e6672\u003c/Data\u003e\u003cData Name=\"Image\"\u003eC:\\Windows\\System32\\svchost.exe\u003c/Data\u003e\u003cData Name=\"TargetObject\"\u003eHKLM\\System\\CurrentControlSet\\Services\\ClipSVC\\Parameters\u003c/Data\u003e\u003cData Name=\"User\"\u003eNT AUTHORITY\\SYSTEM\u003c/Data\u003e\u003c/EventData\u003e","Task":12,"RuleName":"technique_id=T1543,technique_name=Service Creation","EventType":"CreateKey","UtcTime":"2023-02-28 15:54:50.778","ProcessGuid":"159466bb-23ca-63fe-6104-000000000e00","ProcessId":6672,"Image":"C:\\Windows\\System32\\svchost.exe","TargetObject":"HKLM\\System\\CurrentControlSet\\Services\\ClipSVC\\Parameters","User":"NT AUTHORITY\\SYSTEM"},{"EventSourceName":"Microsoft-Windows-Sysmon","Provider":"Microsoft-Windows-Sysmon","ProviderGuid":"{5770385f-c22a-43e0-bf4c-06f5698ffbd9}","Level":"4","Keywords":"0x8000000000000000","Channel":"Microsoft-Windows-Sysmon/Operational","Computer":"FlareVM","TimeCreated":"2023-02-28T10:54:51.477Z","TimeGenerated":"2023-02-28T03:54:51.477Z","EventRecordID":"58102","EventID":1,"Message":"Process Create:\r\nRuleName: technique_id=T1059.001,technique_name=PowerShell\r\nUtcTime: 2023-02-28 15:54:51.476\r\nProcessGuid: {159466bb-23cb-63fe-6204-000000000e00}\r\nProcessId: 5224\r\nImage: C:\\Windows\\System32\\HOSTNAME.EXE\r\nFileVersion: 10.0.19041.1 (WinBuild.160101.0800)\r\nDescription: Hostname APP\r\nProduct: Microsoft® Windows® Operating System\r\nCompany: Microsoft Corporation\r\nOriginalFileName: hostname.exe\r\nCommandLine: \"C:\\Windows\\system32\\HOSTNAME.EXE\"\r\nCurrentDirectory: C:\\AtomicRedTeam\\\r\nUser: FLAREVM\\malware\r\nLogonGuid: {159466bb-a666-63f7-de77-090000000000}\r\nLogonId: 0x977DE\r\nTerminalSessionId: 1\r\nIntegrityLevel: High\r\nHashes: SHA1=A57959CB3D0CEA955ACAA5DBA3D1197CD4C7E1A8,MD5=33AFAA43B84BDEAB12E02F9DBD2B2EE0,SHA256=A90C3FB350A11C6F6A6EFA9607987D924D1DE65E09CA9FAF2E0E0E00531EE335,IMPHASH=5CD891320C666621E9783444DB8CBA78\r\nParentProcessGuid: {159466bb-a6da-63f7-e900-000000000e00}\r\nParentProcessId: 9024\r\nParentImage: C:\\Windows\\System32\\WindowsPowerShell\\v1.0\\powershell.exe\r\nParentCommandLine: \"C:\\Windows\\System32\\WindowsPowerShell\\v1.0\\powershell.exe\" \r\nParentUser: FLAREVM\\malware","EventData":"\u003cEventData xmlns=\"http://schemas.microsoft.com/win/2004/08/events/event\"\u003e\u003cData Name=\"RuleName\"\u003etechnique_id=T1059.001,technique_name=PowerShell\u003c/Data\u003e\u003cData Name=\"UtcTime\"\u003e2023-02-28 15:54:51.476\u003c/Data\u003e\u003cData Name=\"ProcessGuid\"\u003e{159466bb-23cb-63fe-6204-000000000e00}\u003c/Data\u003e\u003cData Name=\"ProcessId\"\u003e5224\u003c/Data\u003e\u003cData Name=\"Image\"\u003eC:\\Windows\\System32\\HOSTNAME.EXE\u003c/Data\u003e\u003cData Name=\"FileVersion\"\u003e10.0.19041.1 (WinBuild.160101.0800)\u003c/Data\u003e\u003cData Name=\"Description\"\u003eHostname APP\u003c/Data\u003e\u003cData Name=\"Product\"\u003eMicrosoft® Windows® Operating System\u003c/Data\u003e\u003cData Name=\"Company\"\u003eMicrosoft Corporation\u003c/Data\u003e\u003cData Name=\"OriginalFileName\"\u003ehostname.exe\u003c/Data\u003e\u003cData Name=\"CommandLine\"\u003e\"C:\\Windows\\system32\\HOSTNAME.EXE\"\u003c/Data\u003e\u003cData Name=\"CurrentDirectory\"\u003eC:\\AtomicRedTeam\\\u003c/Data\u003e\u003cData Name=\"User\"\u003eFLAREVM\\malware\u003c/Data\u003e\u003cData Name=\"LogonGuid\"\u003e{159466bb-a666-63f7-de77-090000000000}\u003c/Data\u003e\u003cData Name=\"LogonId\"\u003e0x977de\u003c/Data\u003e\u003cData Name=\"TerminalSessionId\"\u003e1\u003c/Data\u003e\u003cData Name=\"IntegrityLevel\"\u003eHigh\u003c/Data\u003e\u003cData Name=\"Hashes\"\u003eSHA1=A57959CB3D0CEA955ACAA5DBA3D1197CD4C7E1A8,MD5=33AFAA43B84BDEAB12E02F9DBD2B2EE0,SHA256=A90C3FB350A11C6F6A6EFA9607987D924D1DE65E09CA9FAF2E0E0E00531EE335,IMPHASH=5CD891320C666621E9783444DB8CBA78\u003c/Data\u003e\u003cData Name=\"ParentProcessGuid\"\u003e{159466bb-a6da-63f7-e900-000000000e00}\u003c/Data\u003e\u003cData Name=\"ParentProcessId\"\u003e9024\u003c/Data\u003e\u003cData Name=\"ParentImage\"\u003eC:\\Windows\\System32\\WindowsPowerShell\\v1.0\\powershell.exe\u003c/Data\u003e\u003cData Name=\"ParentCommandLine\"\u003e\"C:\\Windows\\System32\\WindowsPowerShell\\v1.0\\powershell.exe\" \u003c/Data\u003e\u003cData Name=\"ParentUser\"\u003eFLAREVM\\malware\u003c/Data\u003e\u003c/EventData\u003e","Task":1,"RuleName":"technique_id=T1059.001,technique_name=PowerShell","UtcTime":"2023-02-28 15:54:51.476","ProcessGuid":"159466bb-23cb-63fe-6204-000000000e00","ProcessId":5224,"Image":"C:\\Windows\\System32\\HOSTNAME.EXE","FileVersion":"10.0.19041.1 (WinBuild.160101.0800)","Description":"Hostname APP","Product":"Microsoft® Windows® Operating System","Company":"Microsoft Corporation","OriginalFileName":"hostname.exe","CommandLine":"\"C:\\Windows\\system32\\HOSTNAME.EXE\"","CurrentDirectory":"C:\\AtomicRedTeam\\","User":"FLAREVM\\malware","LogonGuid":"159466bb-a666-63f7-de77-090000000000","LogonId":"0x977de","TerminalSessionId":1,"IntegrityLevel":"High","Hashes":"SHA1=A57959CB3D0CEA955ACAA5DBA3D1197CD4C7E1A8,MD5=33AFAA43B84BDEAB12E02F9DBD2B2EE0,SHA256=A90C3FB350A11C6F6A6EFA9607987D924D1DE65E09CA9FAF2E0E0E00531EE335,IMPHASH=5CD891320C666621E9783444DB8CBA78","ParentProcessGuid":"159466bb-a6da-63f7-e900-000000000e00","ParentProcessId":9024,"ParentImage":"C:\\Windows\\System32\\WindowsPowerShell\\v1.0\\powershell.exe","ParentCommandLine":"\"C:\\Windows\\System32\\WindowsPowerShell\\v1.0\\powershell.exe\" ","ParentUser":"FLAREVM\\malware"},{"EventSourceName":"Microsoft-Windows-Sysmon","Provider":"Microsoft-Windows-Sysmon","ProviderGuid":"{5770385f-c22a-43e0-bf4c-06f5698ffbd9}","Level":"4","Keywords":"0x8000000000000000","Channel":"Microsoft-Windows-Sysmon/Operational","Computer":"FlareVM","TimeCreated":"2023-02-28T10:54:51.477Z","TimeGenerated":"2023-02-28T03:54:51.477Z","EventRecordID":"58103","EventID":10,"Message":"Process accessed:\r\nRuleName: technique_id=T1055.001,technique_name=Dynamic-link Library Injection\r\nUtcTime: 2023-02-28 15:54:51.468\r\nSourceProcessGUID: {159466bb-a6da-63f7-e900-000000000e00}\r\nSourceProcessId: 9024\r\nSourceThreadId: 6712\r\nSourceImage: C:\\Windows\\System32\\WindowsPowerShell\\v1.0\\powershell.exe\r\nTargetProcessGUID: {159466bb-23cb-63fe-6204-000000000e00}\r\nTargetProcessId: 5224\r\nTargetImage: C:\\Windows\\system32\\HOSTNAME.EXE\r\nGrantedAccess: 0x1FFFFF\r\nCallTrace: C:\\Windows\\SYSTEM32\\ntdll.dll+9e9b4|C:\\Windows\\System32\\KERNELBASE.dll+9053|C:\\Windows\\System32\\KERNELBASE.dll+73c6|C:\\Windows\\System32\\KERNEL32.DLL+1d374|C:\\Windows\\assembly\\NativeImages_v4.0.30319_64\\System\\b187b7f31cee3e87b56c8edca55324e0\\System.ni.dll+383fe6|C:\\Windows\\assembly\\NativeImages_v4.0.30319_64\\System\\b187b7f31cee3e87b56c8edca55324e0\\System.ni.dll+2c4809|C:\\Windows\\assembly\\NativeImages_v4.0.30319_64\\System\\b187b7f31cee3e87b56c8edca55324e0\\System.ni.dll+2c4179|C:\\Windows\\assembly\\NativeImages_v4.0.30319_64\\System.Manaa57fc8cc#\\e32f2c23c49a7ddedcbbc2a1eea65314\\System.Management.Automation.ni.dll+111e3c9|C:\\Windows\\assembly\\NativeImages_v4.0.30319_64\\System.Manaa57fc8cc#\\e32f2c23c49a7ddedcbbc2a1eea65314\\System.Management.Automation.ni.dll+107558a|C:\\Windows\\assembly\\NativeImages_v4.0.30319_64\\System.Manaa57fc8cc#\\e32f2c23c49a7ddedcbbc2a1eea65314\\System.Management.Automation.ni.dll+10ffc7d|C:\\Windows\\assembly\\NativeImages_v4.0.30319_64\\System.Manaa57fc8cc#\\e32f2c23c49a7ddedcbbc2a1eea65314\\System.Management.Automation.ni.dll+10ff93b|C:\\Windows\\assembly\\NativeImages_v4.0.30319_64\\System.Manaa57fc8cc#\\e32f2c23c49a7ddedcbbc2a1eea65314\\System.Management.Automation.ni.dll+1202e0f|UNKNOWN(00007FF8C4DB5251)\r\nSourceUser: FLAREVM\\malware\r\nTargetUser: FLAREVM\\malware","EventData":"\u003cEventData xmlns=\"http://schemas.microsoft.com/win/2004/08/events/event\"\u003e\u003cData Name=\"RuleName\"\u003etechnique_id=T1055.001,technique_name=Dynamic-link Library Injection\u003c/Data\u003e\u003cData Name=\"UtcTime\"\u003e2023-02-28 15:54:51.468\u003c/Data\u003e\u003cData Name=\"SourceProcessGUID\"\u003e{159466bb-a6da-63f7-e900-000000000e00}\u003c/Data\u003e\u003cData Name=\"SourceProcessId\"\u003e9024\u003c/Data\u003e\u003cData Name=\"SourceThreadId\"\u003e6712\u003c/Data\u003e\u003cData Name=\"SourceImage\"\u003eC:\\Windows\\System32\\WindowsPowerShell\\v1.0\\powershell.exe\u003c/Data\u003e\u003cData Name=\"TargetProcessGUID\"\u003e{159466bb-23cb-63fe-6204-000000000e00}\u003c/Data\u003e\u003cData Name=\"TargetProcessId\"\u003e5224\u003c/Data\u003e\u003cData Name=\"TargetImage\"\u003eC:\\Windows\\system32\\HOSTNAME.EXE\u003c/Data\u003e\u003cData Name=\"GrantedAccess\"\u003e0x1fffff\u003c/Data\u003e\u003cData Name=\"CallTrace\"\u003eC:\\Windows\\SYSTEM32\\ntdll.dll+9e9b4|C:\\Windows\\System32\\KERNELBASE.dll+9053|C:\\Windows\\System32\\KERNELBASE.dll+73c6|C:\\Windows\\System32\\KERNEL32.DLL+1d374|C:\\Windows\\assembly\\NativeImages_v4.0.30319_64\\System\\b187b7f31cee3e87b56c8edca55324e0\\System.ni.dll+383fe6|C:\\Windows\\assembly\\NativeImages_v4.0.30319_64\\System\\b187b7f31cee3e87b56c8edca55324e0\\System.ni.dll+2c4809|C:\\Windows\\assembly\\NativeImages_v4.0.30319_64\\System\\b187b7f31cee3e87b56c8edca55324e0\\System.ni.dll+2c4179|C:\\Windows\\assembly\\NativeImages_v4.0.30319_64\\System.Manaa57fc8cc#\\e32f2c23c49a7ddedcbbc2a1eea65314\\System.Management.Automation.ni.dll+111e3c9|C:\\Windows\\assembly\\NativeImages_v4.0.30319_64\\System.Manaa57fc8cc#\\e32f2c23c49a7ddedcbbc2a1eea65314\\System.Management.Automation.ni.dll+107558a|C:\\Windows\\assembly\\NativeImages_v4.0.30319_64\\System.Manaa57fc8cc#\\e32f2c23c49a7ddedcbbc2a1eea65314\\System.Management.Automation.ni.dll+10ffc7d|C:\\Windows\\assembly\\NativeImages_v4.0.30319_64\\System.Manaa57fc8cc#\\e32f2c23c49a7ddedcbbc2a1eea65314\\System.Management.Automation.ni.dll+10ff93b|C:\\Windows\\assembly\\NativeImages_v4.0.30319_64\\System.Manaa57fc8cc#\\e32f2c23c49a7ddedcbbc2a1eea65314\\System.Management.Automation.ni.dll+1202e0f|UNKNOWN(00007FF8C4DB5251)\u003c/Data\u003e\u003cData Name=\"SourceUser\"\u003eFLAREVM\\malware\u003c/Data\u003e\u003cData Name=\"TargetUser\"\u003eFLAREVM\\malware\u003c/Data\u003e\u003c/EventData\u003e","Task":10,"RuleName":"technique_id=T1055.001,technique_name=Dynamic-link Library Injection","UtcTime":"2023-02-28 15:54:51.468","SourceProcessGUID":"159466bb-a6da-63f7-e900-000000000e00","SourceProcessId":9024,"SourceThreadId":6712,"SourceImage":"C:\\Windows\\System32\\WindowsPowerShell\\v1.0\\powershell.exe","TargetProcessGUID":"159466bb-23cb-63fe-6204-000000000e00","TargetProcessId":5224,"TargetImage":"C:\\Windows\\system32\\HOSTNAME.EXE","GrantedAccess":2097151,"CallTrace":"C:\\Windows\\SYSTEM32\\ntdll.dll+9e9b4|C:\\Windows\\System32\\KERNELBASE.dll+9053|C:\\Windows\\System32\\KERNELBASE.dll+73c6|C:\\Windows\\System32\\KERNEL32.DLL+1d374|C:\\Windows\\assembly\\NativeImages_v4.0.30319_64\\System\\b187b7f31cee3e87b56c8edca55324e0\\System.ni.dll+383fe6|C:\\Windows\\assembly\\NativeImages_v4.0.30319_64\\System\\b187b7f31cee3e87b56c8edca55324e0\\System.ni.dll+2c4809|C:\\Windows\\assembly\\NativeImages_v4.0.30319_64\\System\\b187b7f31cee3e87b56c8edca55324e0\\System.ni.dll+2c4179|C:\\Windows\\assembly\\NativeImages_v4.0.30319_64\\System.Manaa57fc8cc#\\e32f2c23c49a7ddedcbbc2a1eea65314\\System.Management.Automation.ni.dll+111e3c9|C:\\Windows\\assembly\\NativeImages_v4.0.30319_64\\System.Manaa57fc8cc#\\e32f2c23c49a7ddedcbbc2a1eea65314\\System.Management.Automation.ni.dll+107558a|C:\\Windows\\assembly\\NativeImages_v4.0.30319_64\\System.Manaa57fc8cc#\\e32f2c23c49a7ddedcbbc2a1eea65314\\System.Management.Automation.ni.dll+10ffc7d|C:\\Windows\\assembly\\NativeImages_v4.0.30319_64\\System.Manaa57fc8cc#\\e32f2c23c49a7ddedcbbc2a1eea65314\\System.Management.Automation.ni.dll+10ff93b|C:\\Windows\\assembly\\NativeImages_v4.0.30319_64\\System.Manaa57fc8cc#\\e32f2c23c49a7ddedcbbc2a1eea65314\\System.Management.Automation.ni.dll+1202e0f|UNKNOWN(00007FF8C4DB5251)","SourceUser":"FLAREVM\\malware","TargetUser":"FLAREVM\\malware"},{"EventSourceName":"Microsoft-Windows-Sysmon","Provider":"Microsoft-Windows-Sysmon","ProviderGuid":"{5770385f-c22a-43e0-bf4c-06f5698ffbd9}","Level":"4","Keywords":"0x8000000000000000","Channel":"Microsoft-Windows-Sysmon/Operational","Computer":"FlareVM","TimeCreated":"2023-02-28T10:54:51.489Z","TimeGenerated":"2023-02-28T03:54:51.489Z","EventRecordID":"58104","EventID":11,"Message":"File created:\r\nRuleName: technique_id=T1574.010,technique_name=Services File Permissions Weakness\r\nUtcTime: 2023-02-28 15:54:51.483\r\nProcessGuid: {159466bb-3a6b-63f6-2900-000000000e00}\r\nProcessId: 1844\r\nImage: C:\\Windows\\system32\\svchost.exe\r\nTargetFilename: C:\\Windows\\Prefetch\\HOSTNAME.EXE-03A2F198.pf\r\nCreationUtcTime: 2023-02-28 15:49:19.389\r\nUser: NT AUTHORITY\\SYSTEM","EventData":"\u003cEventData xmlns=\"http://schemas.microsoft.com/win/2004/08/events/event\"\u003e\u003cData Name=\"RuleName\"\u003etechnique_id=T1574.010,technique_name=Services File Permissions Weakness\u003c/Data\u003e\u003cData Name=\"UtcTime\"\u003e2023-02-28 15:54:51.483\u003c/Data\u003e\u003cData Name=\"ProcessGuid\"\u003e{159466bb-3a6b-63f6-2900-000000000e00}\u003c/Data\u003e\u003cData Name=\"ProcessId\"\u003e1844\u003c/Data\u003e\u003cData Name=\"Image\"\u003eC:\\Windows\\system32\\svchost.exe\u003c/Data\u003e\u003cData Name=\"TargetFilename\"\u003eC:\\Windows\\Prefetch\\HOSTNAME.EXE-03A2F198.pf\u003c/Data\u003e\u003cData Name=\"CreationUtcTime\"\u003e2023-02-28 15:49:19.389\u003c/Data\u003e\u003cData Name=\"User\"\u003eNT AUTHORITY\\SYSTEM\u003c/Data\u003e\u003c/EventData\u003e","Task":11,"RuleName":"technique_id=T1574.010,technique_name=Services File Permissions Weakness","UtcTime":"2023-02-28 15:54:51.483","ProcessGuid":"159466bb-3a6b-63f6-2900-000000000e00","ProcessId":1844,"Image":"C:\\Windows\\system32\\svchost.exe","TargetFilename":"C:\\Windows\\Prefetch\\HOSTNAME.EXE-03A2F198.pf","CreationUtcTime":"2023-02-28 15:49:19.389","User":"NT AUTHORITY\\SYSTEM"},{"EventSourceName":"Microsoft-Windows-Sysmon","Provider":"Microsoft-Windows-Sysmon","ProviderGuid":"{5770385f-c22a-43e0-bf4c-06f5698ffbd9}","Level":"4","Keywords":"0x8000000000000000","Channel":"Microsoft-Windows-Sysmon/Operational","Computer":"FlareVM","TimeCreated":"2023-02-28T10:54:51.491Z","TimeGenerated":"2023-02-28T03:54:51.491Z","EventRecordID":"58105","EventID":1,"Message":"Process Create:\r\nRuleName: technique_id=T1033,technique_name=System Owner/User Discovery\r\nUtcTime: 2023-02-28 15:54:51.490\r\nProcessGuid: {159466bb-23cb-63fe-6304-000000000e00}\r\nProcessId: 8744\r\nImage: C:\\Windows\\System32\\whoami.exe\r\nFileVersion: 10.0.19041.1 (WinBuild.160101.0800)\r\nDescription: whoami - displays logged on user information\r\nProduct: Microsoft® Windows® Operating System\r\nCompany: Microsoft Corporation\r\nOriginalFileName: whoami.exe\r\nCommandLine: \"C:\\Windows\\system32\\whoami.exe\"\r\nCurrentDirectory: C:\\AtomicRedTeam\\\r\nUser: FLAREVM\\malware\r\nLogonGuid: {159466bb-a666-63f7-de77-090000000000}\r\nLogonId: 0x977DE\r\nTerminalSessionId: 1\r\nIntegrityLevel: High\r\nHashes: SHA1=1915FBFDB73FDD200C47880247ACDDE5442431A9,MD5=A4A6924F3EAF97981323703D38FD99C4,SHA256=1D4902A04D99E8CCBFE7085E63155955FEE397449D386453F6C452AE407B8743,IMPHASH=7FF0758B766F747CE57DFAC70743FB88\r\nParentProcessGuid: {159466bb-a6da-63f7-e900-000000000e00}\r\nParentProcessId: 9024\r\nParentImage: C:\\Windows\\System32\\WindowsPowerShell\\v1.0\\powershell.exe\r\nParentCommandLine: \"C:\\Windows\\System32\\WindowsPowerShell\\v1.0\\powershell.exe\" \r\nParentUser: FLAREVM\\malware","EventData":"\u003cEventData xmlns=\"http://schemas.microsoft.com/win/2004/08/events/event\"\u003e\u003cData Name=\"RuleName\"\u003etechnique_id=T1033,technique_name=System Owner/User Discovery\u003c/Data\u003e\u003cData Name=\"UtcTime\"\u003e2023-02-28 15:54:51.490\u003c/Data\u003e\u003cData Name=\"ProcessGuid\"\u003e{159466bb-23cb-63fe-6304-000000000e00}\u003c/Data\u003e\u003cData Name=\"ProcessId\"\u003e8744\u003c/Data\u003e\u003cData Name=\"Image\"\u003eC:\\Windows\\System32\\whoami.exe\u003c/Data\u003e\u003cData Name=\"FileVersion\"\u003e10.0.19041.1 (WinBuild.160101.0800)\u003c/Data\u003e\u003cData Name=\"Description\"\u003ewhoami - displays logged on user information\u003c/Data\u003e\u003cData Name=\"Product\"\u003eMicrosoft® Windows® Operating System\u003c/Data\u003e\u003cData Name=\"Company\"\u003eMicrosoft Corporation\u003c/Data\u003e\u003cData Name=\"OriginalFileName\"\u003ewhoami.exe\u003c/Data\u003e\u003cData Name=\"CommandLine\"\u003e\"C:\\Windows\\system32\\whoami.exe\"\u003c/Data\u003e\u003cData Name=\"CurrentDirectory\"\u003eC:\\AtomicRedTeam\\\u003c/Data\u003e\u003cData Name=\"User\"\u003eFLAREVM\\malware\u003c/Data\u003e\u003cData Name=\"LogonGuid\"\u003e{159466bb-a666-63f7-de77-090000000000}\u003c/Data\u003e\u003cData Name=\"LogonId\"\u003e0x977de\u003c/Data\u003e\u003cData Name=\"TerminalSessionId\"\u003e1\u003c/Data\u003e\u003cData Name=\"IntegrityLevel\"\u003eHigh\u003c/Data\u003e\u003cData Name=\"Hashes\"\u003eSHA1=1915FBFDB73FDD200C47880247ACDDE5442431A9,MD5=A4A6924F3EAF97981323703D38FD99C4,SHA256=1D4902A04D99E8CCBFE7085E63155955FEE397449D386453F6C452AE407B8743,IMPHASH=7FF0758B766F747CE57DFAC70743FB88\u003c/Data\u003e\u003cData Name=\"ParentProcessGuid\"\u003e{159466bb-a6da-63f7-e900-000000000e00}\u003c/Data\u003e\u003cData Name=\"ParentProcessId\"\u003e9024\u003c/Data\u003e\u003cData Name=\"ParentImage\"\u003eC:\\Windows\\System32\\WindowsPowerShell\\v1.0\\powershell.exe\u003c/Data\u003e\u003cData Name=\"ParentCommandLine\"\u003e\"C:\\Windows\\System32\\WindowsPowerShell\\v1.0\\powershell.exe\" \u003c/Data\u003e\u003cData Name=\"ParentUser\"\u003eFLAREVM\\malware\u003c/Data\u003e\u003c/EventData\u003e","Task":1,"RuleName":"technique_id=T1033,technique_name=System Owner/User Discovery","UtcTime":"2023-02-28 15:54:51.490","ProcessGuid":"159466bb-23cb-63fe-6304-000000000e00","ProcessId":8744,"Image":"C:\\Windows\\System32\\whoami.exe","FileVersion":"10.0.19041.1 (WinBuild.160101.0800)","Description":"whoami - displays logged on user information","Product":"Microsoft® Windows® Operating System","Company":"Microsoft Corporation","OriginalFileName":"whoami.exe","CommandLine":"\"C:\\Windows\\system32\\whoami.exe\"","CurrentDirectory":"C:\\AtomicRedTeam\\","User":"FLAREVM\\malware","LogonGuid":"159466bb-a666-63f7-de77-090000000000","LogonId":"0x977de","TerminalSessionId":1,"IntegrityLevel":"High","Hashes":"SHA1=1915FBFDB73FDD200C47880247ACDDE5442431A9,MD5=A4A6924F3EAF97981323703D38FD99C4,SHA256=1D4902A04D99E8CCBFE7085E63155955FEE397449D386453F6C452AE407B8743,IMPHASH=7FF0758B766F747CE57DFAC70743FB88","ParentProcessGuid":"159466bb-a6da-63f7-e900-000000000e00","ParentProcessId":9024,"ParentImage":"C:\\Windows\\System32\\WindowsPowerShell\\v1.0\\powershell.exe","ParentCommandLine":"\"C:\\Windows\\System32\\WindowsPowerShell\\v1.0\\powershell.exe\" ","ParentUser":"FLAREVM\\malware"},{"EventSourceName":"Microsoft-Windows-Sysmon","Provider":"Microsoft-Windows-Sysmon","ProviderGuid":"{5770385f-c22a-43e0-bf4c-06f5698ffbd9}","Level":"4","Keywords":"0x8000000000000000","Channel":"Microsoft-Windows-Sysmon/Operational","Computer":"FlareVM","TimeCreated":"2023-02-28T10:54:51.491Z","TimeGenerated":"2023-02-28T03:54:51.491Z","EventRecordID":"58106","EventID":10,"Message":"Process accessed:\r\nRuleName: technique_id=T1055.001,technique_name=Dynamic-link Library Injection\r\nUtcTime: 2023-02-28 15:54:51.483\r\nSourceProcessGUID: {159466bb-a6da-63f7-e900-000000000e00}\r\nSourceProcessId: 9024\r\nSourceThreadId: 6712\r\nSourceImage: C:\\Windows\\System32\\WindowsPowerShell\\v1.0\\powershell.exe\r\nTargetProcessGUID: {159466bb-23cb-63fe-6304-000000000e00}\r\nTargetProcessId: 8744\r\nTargetImage: C:\\Windows\\system32\\whoami.exe\r\nGrantedAccess: 0x1FFFFF\r\nCallTrace: C:\\Windows\\SYSTEM32\\ntdll.dll+9e9b4|C:\\Windows\\System32\\KERNELBASE.dll+9053|C:\\Windows\\System32\\KERNELBASE.dll+73c6|C:\\Windows\\System32\\KERNEL32.DLL+1d374|C:\\Windows\\assembly\\NativeImages_v4.0.30319_64\\System\\b187b7f31cee3e87b56c8edca55324e0\\System.ni.dll+383fe6|C:\\Windows\\assembly\\NativeImages_v4.0.30319_64\\System\\b187b7f31cee3e87b56c8edca55324e0\\System.ni.dll+2c4809|C:\\Windows\\assembly\\NativeImages_v4.0.30319_64\\System\\b187b7f31cee3e87b56c8edca55324e0\\System.ni.dll+2c4179|C:\\Windows\\assembly\\NativeImages_v4.0.30319_64\\System.Manaa57fc8cc#\\e32f2c23c49a7ddedcbbc2a1eea65314\\System.Management.Automation.ni.dll+111e3c9|C:\\Windows\\assembly\\NativeImages_v4.0.30319_64\\System.Manaa57fc8cc#\\e32f2c23c49a7ddedcbbc2a1eea65314\\System.Management.Automation.ni.dll+107558a|C:\\Windows\\assembly\\NativeImages_v4.0.30319_64\\System.Manaa57fc8cc#\\e32f2c23c49a7ddedcbbc2a1eea65314\\System.Management.Automation.ni.dll+10ffc7d|C:\\Windows\\assembly\\NativeImages_v4.0.30319_64\\System.Manaa57fc8cc#\\e32f2c23c49a7ddedcbbc2a1eea65314\\System.Management.Automation.ni.dll+10ff93b|C:\\Windows\\assembly\\NativeImages_v4.0.30319_64\\System.Manaa57fc8cc#\\e32f2c23c49a7ddedcbbc2a1eea65314\\System.Management.Automation.ni.dll+1202e0f|UNKNOWN(00007FF8C4DB5251)\r\nSourceUser: FLAREVM\\malware\r\nTargetUser: FLAREVM\\malware","EventData":"\u003cEventData xmlns=\"http://schemas.microsoft.com/win/2004/08/events/event\"\u003e\u003cData Name=\"RuleName\"\u003etechnique_id=T1055.001,technique_name=Dynamic-link Library Injection\u003c/Data\u003e\u003cData Name=\"UtcTime\"\u003e2023-02-28 15:54:51.483\u003c/Data\u003e\u003cData Name=\"SourceProcessGUID\"\u003e{159466bb-a6da-63f7-e900-000000000e00}\u003c/Data\u003e\u003cData Name=\"SourceProcessId\"\u003e9024\u003c/Data\u003e\u003cData Name=\"SourceThreadId\"\u003e6712\u003c/Data\u003e\u003cData Name=\"SourceImage\"\u003eC:\\Windows\\System32\\WindowsPowerShell\\v1.0\\powershell.exe\u003c/Data\u003e\u003cData Name=\"TargetProcessGUID\"\u003e{159466bb-23cb-63fe-6304-000000000e00}\u003c/Data\u003e\u003cData Name=\"TargetProcessId\"\u003e8744\u003c/Data\u003e\u003cData Name=\"TargetImage\"\u003eC:\\Windows\\system32\\whoami.exe\u003c/Data\u003e\u003cData Name=\"GrantedAccess\"\u003e0x1fffff\u003c/Data\u003e\u003cData Name=\"CallTrace\"\u003eC:\\Windows\\SYSTEM32\\ntdll.dll+9e9b4|C:\\Windows\\System32\\KERNELBASE.dll+9053|C:\\Windows\\System32\\KERNELBASE.dll+73c6|C:\\Windows\\System32\\KERNEL32.DLL+1d374|C:\\Windows\\assembly\\NativeImages_v4.0.30319_64\\System\\b187b7f31cee3e87b56c8edca55324e0\\System.ni.dll+383fe6|C:\\Windows\\assembly\\NativeImages_v4.0.30319_64\\System\\b187b7f31cee3e87b56c8edca55324e0\\System.ni.dll+2c4809|C:\\Windows\\assembly\\NativeImages_v4.0.30319_64\\System\\b187b7f31cee3e87b56c8edca55324e0\\System.ni.dll+2c4179|C:\\Windows\\assembly\\NativeImages_v4.0.30319_64\\System.Manaa57fc8cc#\\e32f2c23c49a7ddedcbbc2a1eea65314\\System.Management.Automation.ni.dll+111e3c9|C:\\Windows\\assembly\\NativeImages_v4.0.30319_64\\System.Manaa57fc8cc#\\e32f2c23c49a7ddedcbbc2a1eea65314\\System.Management.Automation.ni.dll+107558a|C:\\Windows\\assembly\\NativeImages_v4.0.30319_64\\System.Manaa57fc8cc#\\e32f2c23c49a7ddedcbbc2a1eea65314\\System.Management.Automation.ni.dll+10ffc7d|C:\\Windows\\assembly\\NativeImages_v4.0.30319_64\\System.Manaa57fc8cc#\\e32f2c23c49a7ddedcbbc2a1eea65314\\System.Management.Automation.ni.dll+10ff93b|C:\\Windows\\assembly\\NativeImages_v4.0.30319_64\\System.Manaa57fc8cc#\\e32f2c23c49a7ddedcbbc2a1eea65314\\System.Management.Automation.ni.dll+1202e0f|UNKNOWN(00007FF8C4DB5251)\u003c/Data\u003e\u003cData Name=\"SourceUser\"\u003eFLAREVM\\malware\u003c/Data\u003e\u003cData Name=\"TargetUser\"\u003eFLAREVM\\malware\u003c/Data\u003e\u003c/EventData\u003e","Task":10,"RuleName":"technique_id=T1055.001,technique_name=Dynamic-link Library Injection","UtcTime":"2023-02-28 15:54:51.483","SourceProcessGUID":"159466bb-a6da-63f7-e900-000000000e00","SourceProcessId":9024,"SourceThreadId":6712,"SourceImage":"C:\\Windows\\System32\\WindowsPowerShell\\v1.0\\powershell.exe","TargetProcessGUID":"159466bb-23cb-63fe-6304-000000000e00","TargetProcessId":8744,"TargetImage":"C:\\Windows\\system32\\whoami.exe","GrantedAccess":2097151,"CallTrace":"C:\\Windows\\SYSTEM32\\ntdll.dll+9e9b4|C:\\Windows\\System32\\KERNELBASE.dll+9053|C:\\Windows\\System32\\KERNELBASE.dll+73c6|C:\\Windows\\System32\\KERNEL32.DLL+1d374|C:\\Windows\\assembly\\NativeImages_v4.0.30319_64\\System\\b187b7f31cee3e87b56c8edca55324e0\\System.ni.dll+383fe6|C:\\Windows\\assembly\\NativeImages_v4.0.30319_64\\System\\b187b7f31cee3e87b56c8edca55324e0\\System.ni.dll+2c4809|C:\\Windows\\assembly\\NativeImages_v4.0.30319_64\\System\\b187b7f31cee3e87b56c8edca55324e0\\System.ni.dll+2c4179|C:\\Windows\\assembly\\NativeImages_v4.0.30319_64\\System.Manaa57fc8cc#\\e32f2c23c49a7ddedcbbc2a1eea65314\\System.Management.Automation.ni.dll+111e3c9|C:\\Windows\\assembly\\NativeImages_v4.0.30319_64\\System.Manaa57fc8cc#\\e32f2c23c49a7ddedcbbc2a1eea65314\\System.Management.Automation.ni.dll+107558a|C:\\Windows\\assembly\\NativeImages_v4.0.30319_64\\System.Manaa57fc8cc#\\e32f2c23c49a7ddedcbbc2a1eea65314\\System.Management.Automation.ni.dll+10ffc7d|C:\\Windows\\assembly\\NativeImages_v4.0.30319_64\\System.Manaa57fc8cc#\\e32f2c23c49a7ddedcbbc2a1eea65314\\System.Management.Automation.ni.dll+10ff93b|C:\\Windows\\assembly\\NativeImages_v4.0.30319_64\\System.Manaa57fc8cc#\\e32f2c23c49a7ddedcbbc2a1eea65314\\System.Management.Automation.ni.dll+1202e0f|UNKNOWN(00007FF8C4DB5251)","SourceUser":"FLAREVM\\malware","TargetUser":"FLAREVM\\malware"},{"EventSourceName":"Microsoft-Windows-Sysmon","Provider":"Microsoft-Windows-Sysmon","ProviderGuid":"{5770385f-c22a-43e0-bf4c-06f5698ffbd9}","Level":"4","Keywords":"0x8000000000000000","Channel":"Microsoft-Windows-Sysmon/Operational","Computer":"FlareVM","TimeCreated":"2023-02-28T10:54:51.625Z","TimeGenerated":"2023-02-28T03:54:51.625Z","EventRecordID":"58107","EventID":13,"Message":"Registry value set:\r\nRuleName: technique_id=T1543,technique_name=Service Creation\r\nEventType: SetValue\r\nUtcTime: 2023-02-28 15:54:51.609\r\nProcessGuid: {159466bb-a6da-63f7-e900-000000000e00}\r\nProcessId: 9024\r\nImage: C:\\Windows\\System32\\WindowsPowerShell\\v1.0\\powershell.exe\r\nTargetObject: HKLM\\System\\CurrentControlSet\\Services\\bam\\State\\UserSettings\\S-1-5-21-2199682790-2533951109-4136935257-1001\\\\Device\\HarddiskVolume3\\Windows\\System32\\WindowsPowerShell\\v1.0\\powershell.exe\r\nDetails: Binary Data\r\nUser: FLAREVM\\malware","EventData":"\u003cEventData xmlns=\"http://schemas.microsoft.com/win/2004/08/events/event\"\u003e\u003cData Name=\"RuleName\"\u003etechnique_id=T1543,technique_name=Service Creation\u003c/Data\u003e\u003cData Name=\"EventType\"\u003eSetValue\u003c/Data\u003e\u003cData Name=\"UtcTime\"\u003e2023-02-28 15:54:51.609\u003c/Data\u003e\u003cData Name=\"ProcessGuid\"\u003e{159466bb-a6da-63f7-e900-000000000e00}\u003c/Data\u003e\u003cData Name=\"ProcessId\"\u003e9024\u003c/Data\u003e\u003cData Name=\"Image\"\u003eC:\\Windows\\System32\\WindowsPowerShell\\v1.0\\powershell.exe\u003c/Data\u003e\u003cData Name=\"TargetObject\"\u003eHKLM\\System\\CurrentControlSet\\Services\\bam\\State\\UserSettings\\S-1-5-21-2199682790-2533951109-4136935257-1001\\\\Device\\HarddiskVolume3\\Windows\\System32\\WindowsPowerShell\\v1.0\\powershell.exe\u003c/Data\u003e\u003cData Name=\"Details\"\u003eBinary Data\u003c/Data\u003e\u003cData Name=\"User\"\u003eFLAREVM\\malware\u003c/Data\u003e\u003c/EventData\u003e","Task":13,"RuleName":"technique_id=T1543,technique_name=Service Creation","EventType":"SetValue","UtcTime":"2023-02-28 15:54:51.609","ProcessGuid":"159466bb-a6da-63f7-e900-000000000e00","ProcessId":9024,"Image":"C:\\Windows\\System32\\WindowsPowerShell\\v1.0\\powershell.exe","TargetObject":"HKLM\\System\\CurrentControlSet\\Services\\bam\\State\\UserSettings\\S-1-5-21-2199682790-2533951109-4136935257-1001\\\\Device\\HarddiskVolume3\\Windows\\System32\\WindowsPowerShell\\v1.0\\powershell.exe","Details":"Binary Data","User":"FLAREVM\\malware"},{"EventSourceName":"Microsoft-Windows-Sysmon","Provider":"Microsoft-Windows-Sysmon","ProviderGuid":"{5770385f-c22a-43e0-bf4c-06f5698ffbd9}","Level":"4","Keywords":"0x8000000000000000","Channel":"Microsoft-Windows-Sysmon/Operational","Computer":"FlareVM","TimeCreated":"2023-02-28T10:54:51.625Z","TimeGenerated":"2023-02-28T03:54:51.625Z","EventRecordID":"58108","EventID":1,"Message":"Process Create:\r\nRuleName: technique_id=T1059.001,technique_name=PowerShell\r\nUtcTime: 2023-02-28 15:54:51.624\r\nProcessGuid: {159466bb-23cb-63fe-6404-000000000e00}\r\nProcessId: 5448\r\nImage: C:\\Windows\\System32\\WindowsPowerShell\\v1.0\\powershell.exe\r\nFileVersion: 10.0.19041.546 (WinBuild.160101.0800)\r\nDescription: Windows PowerShell\r\nProduct: Microsoft® Windows® Operating System\r\nCompany: Microsoft Corporation\r\nOriginalFileName: PowerShell.EXE\r\nCommandLine: \"powershell.exe\" \u0026 {Mount-DiskImage -ImagePath \\\"\"C:\\AtomicRedTeam\\atomics\\T1553.005\\bin\\T1553.005.iso\\\"\"}\r\nCurrentDirectory: C:\\Users\\malware\\AppData\\Local\\Temp\\\r\nUser: FLAREVM\\malware\r\nLogonGuid: {159466bb-a666-63f7-de77-090000000000}\r\nLogonId: 0x977DE\r\nTerminalSessionId: 1\r\nIntegrityLevel: High\r\nHashes: SHA1=F43D9BB316E30AE1A3494AC5B0624F6BEA1BF054,MD5=04029E121A0CFA5991749937DD22A1D9,SHA256=9F914D42706FE215501044ACD85A32D58AAEF1419D404FDDFA5D3B48F66CCD9F,IMPHASH=7C955A0ABC747F57CCC4324480737EF7\r\nParentProcessGuid: {159466bb-a6da-63f7-e900-000000000e00}\r\nParentProcessId: 9024\r\nParentImage: C:\\Windows\\System32\\WindowsPowerShell\\v1.0\\powershell.exe\r\nParentCommandLine: \"C:\\Windows\\System32\\WindowsPowerShell\\v1.0\\powershell.exe\" \r\nParentUser: FLAREVM\\malware","EventData":"\u003cEventData xmlns=\"http://schemas.microsoft.com/win/2004/08/events/event\"\u003e\u003cData Name=\"RuleName\"\u003etechnique_id=T1059.001,technique_name=PowerShell\u003c/Data\u003e\u003cData Name=\"UtcTime\"\u003e2023-02-28 15:54:51.624\u003c/Data\u003e\u003cData Name=\"ProcessGuid\"\u003e{159466bb-23cb-63fe-6404-000000000e00}\u003c/Data\u003e\u003cData Name=\"ProcessId\"\u003e5448\u003c/Data\u003e\u003cData Name=\"Image\"\u003eC:\\Windows\\System32\\WindowsPowerShell\\v1.0\\powershell.exe\u003c/Data\u003e\u003cData Name=\"FileVersion\"\u003e10.0.19041.546 (WinBuild.160101.0800)\u003c/Data\u003e\u003cData Name=\"Description\"\u003eWindows PowerShell\u003c/Data\u003e\u003cData Name=\"Product\"\u003eMicrosoft® Windows® Operating System\u003c/Data\u003e\u003cData Name=\"Company\"\u003eMicrosoft Corporation\u003c/Data\u003e\u003cData Name=\"OriginalFileName\"\u003ePowerShell.EXE\u003c/Data\u003e\u003cData Name=\"CommandLine\"\u003e\"powershell.exe\" \u0026amp; {Mount-DiskImage -ImagePath \\\"\"C:\\AtomicRedTeam\\atomics\\T1553.005\\bin\\T1553.005.iso\\\"\"}\u003c/Data\u003e\u003cData Name=\"CurrentDirectory\"\u003eC:\\Users\\malware\\AppData\\Local\\Temp\\\u003c/Data\u003e\u003cData Name=\"User\"\u003eFLAREVM\\malware\u003c/Data\u003e\u003cData Name=\"LogonGuid\"\u003e{159466bb-a666-63f7-de77-090000000000}\u003c/Data\u003e\u003cData Name=\"LogonId\"\u003e0x977de\u003c/Data\u003e\u003cData Name=\"TerminalSessionId\"\u003e1\u003c/Data\u003e\u003cData Name=\"IntegrityLevel\"\u003eHigh\u003c/Data\u003e\u003cData Name=\"Hashes\"\u003eSHA1=F43D9BB316E30AE1A3494AC5B0624F6BEA1BF054,MD5=04029E121A0CFA5991749937DD22A1D9,SHA256=9F914D42706FE215501044ACD85A32D58AAEF1419D404FDDFA5D3B48F66CCD9F,IMPHASH=7C955A0ABC747F57CCC4324480737EF7\u003c/Data\u003e\u003cData Name=\"ParentProcessGuid\"\u003e{159466bb-a6da-63f7-e900-000000000e00}\u003c/Data\u003e\u003cData Name=\"ParentProcessId\"\u003e9024\u003c/Data\u003e\u003cData Name=\"ParentImage\"\u003eC:\\Windows\\System32\\WindowsPowerShell\\v1.0\\powershell.exe\u003c/Data\u003e\u003cData Name=\"ParentCommandLine\"\u003e\"C:\\Windows\\System32\\WindowsPowerShell\\v1.0\\powershell.exe\" \u003c/Data\u003e\u003cData Name=\"ParentUser\"\u003eFLAREVM\\malware\u003c/Data\u003e\u003c/EventData\u003e","Task":1,"RuleName":"technique_id=T1059.001,technique_name=PowerShell","UtcTime":"2023-02-28 15:54:51.624","ProcessGuid":"159466bb-23cb-63fe-6404-000000000e00","ProcessId":5448,"Image":"C:\\Windows\\System32\\WindowsPowerShell\\v1.0\\powershell.exe","FileVersion":"10.0.19041.546 (WinBuild.160101.0800)","Description":"Windows PowerShell","Product":"Microsoft® Windows® Operating System","Company":"Microsoft Corporation","OriginalFileName":"PowerShell.EXE","CommandLine":"\"powershell.exe\" \u0026 {Mount-DiskImage -ImagePath \\\"\"C:\\AtomicRedTeam\\atomics\\T1553.005\\bin\\T1553.005.iso\\\"\"}","CurrentDirectory":"C:\\Users\\malware\\AppData\\Local\\Temp\\","User":"FLAREVM\\malware","LogonGuid":"159466bb-a666-63f7-de77-090000000000","LogonId":"0x977de","TerminalSessionId":1,"IntegrityLevel":"High","Hashes":"SHA1=F43D9BB316E30AE1A3494AC5B0624F6BEA1BF054,MD5=04029E121A0CFA5991749937DD22A1D9,SHA256=9F914D42706FE215501044ACD85A32D58AAEF1419D404FDDFA5D3B48F66CCD9F,IMPHASH=7C955A0ABC747F57CCC4324480737EF7","ParentProcessGuid":"159466bb-a6da-63f7-e900-000000000e00","ParentProcessId":9024,"ParentImage":"C:\\Windows\\System32\\WindowsPowerShell\\v1.0\\powershell.exe","ParentCommandLine":"\"C:\\Windows\\System32\\WindowsPowerShell\\v1.0\\powershell.exe\" ","ParentUser":"FLAREVM\\malware"},