{"EventSourceName":"Microsoft-Windows-Sysmon","Provider":"Microsoft-Windows-Sysmon","ProviderGuid":"{5770385f-c22a-43e0-bf4c-06f5698ffbd9}","Level":"4","Keywords":"0x8000000000000000","Channel":"Microsoft-Windows-Sysmon/Operational","Computer":"FlareVM","TimeCreated":"2023-02-28T10:54:52.765Z","TimeGenerated":"2023-02-28T03:54:52.765Z","EventRecordID":"58142","EventID":12,"Message":"Registry object added or deleted:\r\nRuleName: technique_id=T1553.004,technique_name=Install Root Certificate\r\nEventType: CreateKey\r\nUtcTime: 2023-02-28 15:54:52.745\r\nProcessGuid: {159466bb-23cc-63fe-6604-000000000e00}\r\nProcessId: 1560\r\nImage: C:\\Windows\\System32\\WindowsPowerShell\\v1.0\\powershell.exe\r\nTargetObject: HKU\\S-1-5-21-2199682790-2533951109-4136935257-1001\\SOFTWARE\\Microsoft\\SystemCertificates\\Root\\Certificates\r\nUser: FLAREVM\\malware","EventData":"\u003cEventData xmlns=\"http://schemas.microsoft.com/win/2004/08/events/event\"\u003e\u003cData Name=\"RuleName\"\u003etechnique_id=T1553.004,technique_name=Install Root Certificate\u003c/Data\u003e\u003cData Name=\"EventType\"\u003eCreateKey\u003c/Data\u003e\u003cData Name=\"UtcTime\"\u003e2023-02-28 15:54:52.745\u003c/Data\u003e\u003cData Name=\"ProcessGuid\"\u003e{159466bb-23cc-63fe-6604-000000000e00}\u003c/Data\u003e\u003cData Name=\"ProcessId\"\u003e1560\u003c/Data\u003e\u003cData Name=\"Image\"\u003eC:\\Windows\\System32\\WindowsPowerShell\\v1.0\\powershell.exe\u003c/Data\u003e\u003cData Name=\"TargetObject\"\u003eHKU\\S-1-5-21-2199682790-2533951109-4136935257-1001\\SOFTWARE\\Microsoft\\SystemCertificates\\Root\\Certificates\u003c/Data\u003e\u003cData Name=\"User\"\u003eFLAREVM\\malware\u003c/Data\u003e\u003c/EventData\u003e","Task":12,"RuleName":"technique_id=T1553.004,technique_name=Install Root Certificate","EventType":"CreateKey","UtcTime":"2023-02-28 15:54:52.745","ProcessGuid":"159466bb-23cc-63fe-6604-000000000e00","ProcessId":1560,"Image":"C:\\Windows\\System32\\WindowsPowerShell\\v1.0\\powershell.exe","TargetObject":"HKU\\S-1-5-21-2199682790-2533951109-4136935257-1001\\SOFTWARE\\Microsoft\\SystemCertificates\\Root\\Certificates","User":"FLAREVM\\malware"},{"EventSourceName":"Microsoft-Windows-Sysmon","Provider":"Microsoft-Windows-Sysmon","ProviderGuid":"{5770385f-c22a-43e0-bf4c-06f5698ffbd9}","Level":"4","Keywords":"0x8000000000000000","Channel":"Microsoft-Windows-Sysmon/Operational","Computer":"FlareVM","TimeCreated":"2023-02-28T10:54:52.765Z","TimeGenerated":"2023-02-28T03:54:52.765Z","EventRecordID":"58143","EventID":12,"Message":"Registry object added or deleted:\r\nRuleName: technique_id=T1553.004,technique_name=Install Root Certificate\r\nEventType: CreateKey\r\nUtcTime: 2023-02-28 15:54:52.745\r\nProcessGuid: {159466bb-23cc-63fe-6604-000000000e00}\r\nProcessId: 1560\r\nImage: C:\\Windows\\System32\\WindowsPowerShell\\v1.0\\powershell.exe\r\nTargetObject: HKLM\\SOFTWARE\\Microsoft\\SystemCertificates\\ROOT\\Certificates\r\nUser: FLAREVM\\malware","EventData":"\u003cEventData xmlns=\"http://schemas.microsoft.com/win/2004/08/events/event\"\u003e\u003cData Name=\"RuleName\"\u003etechnique_id=T1553.004,technique_name=Install Root Certificate\u003c/Data\u003e\u003cData Name=\"EventType\"\u003eCreateKey\u003c/Data\u003e\u003cData Name=\"UtcTime\"\u003e2023-02-28 15:54:52.745\u003c/Data\u003e\u003cData Name=\"ProcessGuid\"\u003e{159466bb-23cc-63fe-6604-000000000e00}\u003c/Data\u003e\u003cData Name=\"ProcessId\"\u003e1560\u003c/Data\u003e\u003cData Name=\"Image\"\u003eC:\\Windows\\System32\\WindowsPowerShell\\v1.0\\powershell.exe\u003c/Data\u003e\u003cData Name=\"TargetObject\"\u003eHKLM\\SOFTWARE\\Microsoft\\SystemCertificates\\ROOT\\Certificates\u003c/Data\u003e\u003cData Name=\"User\"\u003eFLAREVM\\malware\u003c/Data\u003e\u003c/EventData\u003e","Task":12,"RuleName":"technique_id=T1553.004,technique_name=Install Root Certificate","EventType":"CreateKey","UtcTime":"2023-02-28 15:54:52.745","ProcessGuid":"159466bb-23cc-63fe-6604-000000000e00","ProcessId":1560,"Image":"C:\\Windows\\System32\\WindowsPowerShell\\v1.0\\powershell.exe","TargetObject":"HKLM\\SOFTWARE\\Microsoft\\SystemCertificates\\ROOT\\Certificates","User":"FLAREVM\\malware"},{"EventSourceName":"Microsoft-Windows-Sysmon","Provider":"Microsoft-Windows-Sysmon","ProviderGuid":"{5770385f-c22a-43e0-bf4c-06f5698ffbd9}","Level":"4","Keywords":"0x8000000000000000","Channel":"Microsoft-Windows-Sysmon/Operational","Computer":"FlareVM","TimeCreated":"2023-02-28T10:54:52.766Z","TimeGenerated":"2023-02-28T03:54:52.766Z","EventRecordID":"58144","EventID":12,"Message":"Registry object added or deleted:\r\nRuleName: technique_id=T1553.004,technique_name=Install Root Certificate\r\nEventType: CreateKey\r\nUtcTime: 2023-02-28 15:54:52.745\r\nProcessGuid: {159466bb-23cc-63fe-6604-000000000e00}\r\nProcessId: 1560\r\nImage: C:\\Windows\\System32\\WindowsPowerShell\\v1.0\\powershell.exe\r\nTargetObject: HKLM\\SOFTWARE\\Microsoft\\EnterpriseCertificates\\Root\\Certificates\r\nUser: FLAREVM\\malware","EventData":"\u003cEventData xmlns=\"http://schemas.microsoft.com/win/2004/08/events/event\"\u003e\u003cData Name=\"RuleName\"\u003etechnique_id=T1553.004,technique_name=Install Root Certificate\u003c/Data\u003e\u003cData Name=\"EventType\"\u003eCreateKey\u003c/Data\u003e\u003cData Name=\"UtcTime\"\u003e2023-02-28 15:54:52.745\u003c/Data\u003e\u003cData Name=\"ProcessGuid\"\u003e{159466bb-23cc-63fe-6604-000000000e00}\u003c/Data\u003e\u003cData Name=\"ProcessId\"\u003e1560\u003c/Data\u003e\u003cData Name=\"Image\"\u003eC:\\Windows\\System32\\WindowsPowerShell\\v1.0\\powershell.exe\u003c/Data\u003e\u003cData Name=\"TargetObject\"\u003eHKLM\\SOFTWARE\\Microsoft\\EnterpriseCertificates\\Root\\Certificates\u003c/Data\u003e\u003cData Name=\"User\"\u003eFLAREVM\\malware\u003c/Data\u003e\u003c/EventData\u003e","Task":12,"RuleName":"technique_id=T1553.004,technique_name=Install Root Certificate","EventType":"CreateKey","UtcTime":"2023-02-28 15:54:52.745","ProcessGuid":"159466bb-23cc-63fe-6604-000000000e00","ProcessId":1560,"Image":"C:\\Windows\\System32\\WindowsPowerShell\\v1.0\\powershell.exe","TargetObject":"HKLM\\SOFTWARE\\Microsoft\\EnterpriseCertificates\\Root\\Certificates","User":"FLAREVM\\malware"},{"EventSourceName":"Microsoft-Windows-Sysmon","Provider":"Microsoft-Windows-Sysmon","ProviderGuid":"{5770385f-c22a-43e0-bf4c-06f5698ffbd9}","Level":"4","Keywords":"0x8000000000000000","Channel":"Microsoft-Windows-Sysmon/Operational","Computer":"FlareVM","TimeCreated":"2023-02-28T10:54:52.772Z","TimeGenerated":"2023-02-28T03:54:52.772Z","EventRecordID":"58145","EventID":11,"Message":"File created:\r\nRuleName: technique_id=T1059.001,technique_name=PowerShell\r\nUtcTime: 2023-02-28 15:54:52.761\r\nProcessGuid: {159466bb-23cc-63fe-6604-000000000e00}\r\nProcessId: 1560\r\nImage: C:\\Windows\\System32\\WindowsPowerShell\\v1.0\\powershell.exe\r\nTargetFilename: C:\\Users\\malware\\AppData\\Local\\Temp\\__PSScriptPolicyTest_vwswhwhj.tvo.ps1\r\nCreationUtcTime: 2023-02-28 15:54:52.761\r\nUser: FLAREVM\\malware","EventData":"\u003cEventData xmlns=\"http://schemas.microsoft.com/win/2004/08/events/event\"\u003e\u003cData Name=\"RuleName\"\u003etechnique_id=T1059.001,technique_name=PowerShell\u003c/Data\u003e\u003cData Name=\"UtcTime\"\u003e2023-02-28 15:54:52.761\u003c/Data\u003e\u003cData Name=\"ProcessGuid\"\u003e{159466bb-23cc-63fe-6604-000000000e00}\u003c/Data\u003e\u003cData Name=\"ProcessId\"\u003e1560\u003c/Data\u003e\u003cData Name=\"Image\"\u003eC:\\Windows\\System32\\WindowsPowerShell\\v1.0\\powershell.exe\u003c/Data\u003e\u003cData Name=\"TargetFilename\"\u003eC:\\Users\\malware\\AppData\\Local\\Temp\\__PSScriptPolicyTest_vwswhwhj.tvo.ps1\u003c/Data\u003e\u003cData Name=\"CreationUtcTime\"\u003e2023-02-28 15:54:52.761\u003c/Data\u003e\u003cData Name=\"User\"\u003eFLAREVM\\malware\u003c/Data\u003e\u003c/EventData\u003e","Task":11,"RuleName":"technique_id=T1059.001,technique_name=PowerShell","UtcTime":"2023-02-28 15:54:52.761","ProcessGuid":"159466bb-23cc-63fe-6604-000000000e00","ProcessId":1560,"Image":"C:\\Windows\\System32\\WindowsPowerShell\\v1.0\\powershell.exe","TargetFilename":"C:\\Users\\malware\\AppData\\Local\\Temp\\__PSScriptPolicyTest_vwswhwhj.tvo.ps1","CreationUtcTime":"2023-02-28 15:54:52.761","User":"FLAREVM\\malware"},{"EventSourceName":"Microsoft-Windows-Sysmon","Provider":"Microsoft-Windows-Sysmon","ProviderGuid":"{5770385f-c22a-43e0-bf4c-06f5698ffbd9}","Level":"4","Keywords":"0x8000000000000000","Channel":"Microsoft-Windows-Sysmon/Operational","Computer":"FlareVM","TimeCreated":"2023-02-28T10:54:52.801Z","TimeGenerated":"2023-02-28T03:54:52.801Z","EventRecordID":"58146","EventID":23,"Message":"File Delete archived:\r\nRuleName: Scripts and payloads\r\nUtcTime: 2023-02-28 15:54:52.793\r\nProcessGuid: {159466bb-23cc-63fe-6604-000000000e00}\r\nProcessId: 1560\r\nUser: FLAREVM\\malware\r\nImage: C:\\Windows\\System32\\WindowsPowerShell\\v1.0\\powershell.exe\r\nTargetFilename: C:\\Users\\malware\\AppData\\Local\\Temp\\__PSScriptPolicyTest_vwswhwhj.tvo.ps1\r\nHashes: SHA1=6AB83620379FC69F80C0242105DDFFD7D98D5D9D,MD5=D17FE0A3F47BE24A6453E9EF58C94641,SHA256=96AD1146EB96877EAB5942AE0736B82D8B5E2039A80D3D6932665C1A4C87DCF7,IMPHASH=00000000000000000000000000000000\r\nIsExecutable: false\r\nArchived: true","EventData":"\u003cEventData xmlns=\"http://schemas.microsoft.com/win/2004/08/events/event\"\u003e\u003cData Name=\"RuleName\"\u003eScripts and payloads\u003c/Data\u003e\u003cData Name=\"UtcTime\"\u003e2023-02-28 15:54:52.793\u003c/Data\u003e\u003cData Name=\"ProcessGuid\"\u003e{159466bb-23cc-63fe-6604-000000000e00}\u003c/Data\u003e\u003cData Name=\"ProcessId\"\u003e1560\u003c/Data\u003e\u003cData Name=\"User\"\u003eFLAREVM\\malware\u003c/Data\u003e\u003cData Name=\"Image\"\u003eC:\\Windows\\System32\\WindowsPowerShell\\v1.0\\powershell.exe\u003c/Data\u003e\u003cData Name=\"TargetFilename\"\u003eC:\\Users\\malware\\AppData\\Local\\Temp\\__PSScriptPolicyTest_vwswhwhj.tvo.ps1\u003c/Data\u003e\u003cData Name=\"Hashes\"\u003eSHA1=6AB83620379FC69F80C0242105DDFFD7D98D5D9D,MD5=D17FE0A3F47BE24A6453E9EF58C94641,SHA256=96AD1146EB96877EAB5942AE0736B82D8B5E2039A80D3D6932665C1A4C87DCF7,IMPHASH=00000000000000000000000000000000\u003c/Data\u003e\u003cData Name=\"IsExecutable\"\u003efalse\u003c/Data\u003e\u003cData Name=\"Archived\"\u003etrue\u003c/Data\u003e\u003c/EventData\u003e","Task":23,"RuleName":"Scripts and payloads","UtcTime":"2023-02-28 15:54:52.793","ProcessGuid":"159466bb-23cc-63fe-6604-000000000e00","ProcessId":1560,"User":"FLAREVM\\malware","Image":"C:\\Windows\\System32\\WindowsPowerShell\\v1.0\\powershell.exe","TargetFilename":"C:\\Users\\malware\\AppData\\Local\\Temp\\__PSScriptPolicyTest_vwswhwhj.tvo.ps1","Hashes":"SHA1=6AB83620379FC69F80C0242105DDFFD7D98D5D9D,MD5=D17FE0A3F47BE24A6453E9EF58C94641,SHA256=96AD1146EB96877EAB5942AE0736B82D8B5E2039A80D3D6932665C1A4C87DCF7,IMPHASH=00000000000000000000000000000000","IsExecutable":false,"Archived":"true"},{"EventSourceName":"Microsoft-Windows-Sysmon","Provider":"Microsoft-Windows-Sysmon","ProviderGuid":"{5770385f-c22a-43e0-bf4c-06f5698ffbd9}","Level":"4","Keywords":"0x8000000000000000","Channel":"Microsoft-Windows-Sysmon/Operational","Computer":"FlareVM","TimeCreated":"2023-02-28T10:54:52.813Z","TimeGenerated":"2023-02-28T03:54:52.813Z","EventRecordID":"58147","EventID":17,"Message":"Pipe Created:\r\nRuleName: -\r\nEventType: CreatePipe\r\nUtcTime: 2023-02-28 15:54:52.808\r\nProcessGuid: {159466bb-23cc-63fe-6604-000000000e00}\r\nProcessId: 1560\r\nPipeName: \\PSHost.133220732926811894.1560.DefaultAppDomain.powershell\r\nImage: C:\\Windows\\System32\\WindowsPowerShell\\v1.0\\powershell.exe\r\nUser: FLAREVM\\malware","EventData":"\u003cEventData xmlns=\"http://schemas.microsoft.com/win/2004/08/events/event\"\u003e\u003cData Name=\"RuleName\"\u003e-\u003c/Data\u003e\u003cData Name=\"EventType\"\u003eCreatePipe\u003c/Data\u003e\u003cData Name=\"UtcTime\"\u003e2023-02-28 15:54:52.808\u003c/Data\u003e\u003cData Name=\"ProcessGuid\"\u003e{159466bb-23cc-63fe-6604-000000000e00}\u003c/Data\u003e\u003cData Name=\"ProcessId\"\u003e1560\u003c/Data\u003e\u003cData Name=\"PipeName\"\u003e\\PSHost.133220732926811894.1560.DefaultAppDomain.powershell\u003c/Data\u003e\u003cData Name=\"Image\"\u003eC:\\Windows\\System32\\WindowsPowerShell\\v1.0\\powershell.exe\u003c/Data\u003e\u003cData Name=\"User\"\u003eFLAREVM\\malware\u003c/Data\u003e\u003c/EventData\u003e","Task":17,"RuleName":"-","EventType":"CreatePipe","UtcTime":"2023-02-28 15:54:52.808","ProcessGuid":"159466bb-23cc-63fe-6604-000000000e00","ProcessId":1560,"PipeName":"\\PSHost.133220732926811894.1560.DefaultAppDomain.powershell","Image":"C:\\Windows\\System32\\WindowsPowerShell\\v1.0\\powershell.exe","User":"FLAREVM\\malware"},{"EventSourceName":"Microsoft-Windows-Sysmon","Provider":"Microsoft-Windows-Sysmon","ProviderGuid":"{5770385f-c22a-43e0-bf4c-06f5698ffbd9}","Level":"4","Keywords":"0x8000000000000000","Channel":"Microsoft-Windows-Sysmon/Operational","Computer":"FlareVM","TimeCreated":"2023-02-28T10:54:52.819Z","TimeGenerated":"2023-02-28T03:54:52.819Z","EventRecordID":"58148","EventID":7,"Message":"Image loaded:\r\nRuleName: technique_id=T1055,technique_name=Process Injection\r\nUtcTime: 2023-02-28 15:54:52.808\r\nProcessGuid: {159466bb-23cc-63fe-6604-000000000e00}\r\nProcessId: 1560\r\nImage: C:\\Windows\\System32\\WindowsPowerShell\\v1.0\\powershell.exe\r\nImageLoaded: C:\\Windows\\Microsoft.NET\\Framework64\\v4.0.30319\\clrjit.dll\r\nFileVersion: 4.8.4515.0 built by: NET48REL1LAST_C\r\nDescription: Microsoft .NET Runtime Just-In-Time Compiler\r\nProduct: Microsoft® .NET Framework\r\nCompany: Microsoft Corporation\r\nOriginalFileName: clrjit.dll\r\nHashes: SHA1=C3E3D29C6A448F47B2D463DC0D974D939B773C6C,MD5=C5D469C303E0AA87A2C9DF1730B7C4C4,SHA256=8A3CD3CF2249E9971806B15C75A892E6A44CCA5FF5EA5CA89FDA951CD2C09AA9,IMPHASH=9F2B44B648DE13A18C1ABC07250B85C2\r\nSigned: true\r\nSignature: Microsoft Corporation\r\nSignatureStatus: Valid\r\nUser: FLAREVM\\malware","EventData":"\u003cEventData xmlns=\"http://schemas.microsoft.com/win/2004/08/events/event\"\u003e\u003cData Name=\"RuleName\"\u003etechnique_id=T1055,technique_name=Process Injection\u003c/Data\u003e\u003cData Name=\"UtcTime\"\u003e2023-02-28 15:54:52.808\u003c/Data\u003e\u003cData Name=\"ProcessGuid\"\u003e{159466bb-23cc-63fe-6604-000000000e00}\u003c/Data\u003e\u003cData Name=\"ProcessId\"\u003e1560\u003c/Data\u003e\u003cData Name=\"Image\"\u003eC:\\Windows\\System32\\WindowsPowerShell\\v1.0\\powershell.exe\u003c/Data\u003e\u003cData Name=\"ImageLoaded\"\u003eC:\\Windows\\Microsoft.NET\\Framework64\\v4.0.30319\\clrjit.dll\u003c/Data\u003e\u003cData Name=\"FileVersion\"\u003e4.8.4515.0 built by: NET48REL1LAST_C\u003c/Data\u003e\u003cData Name=\"Description\"\u003eMicrosoft .NET Runtime Just-In-Time Compiler\u003c/Data\u003e\u003cData Name=\"Product\"\u003eMicrosoft® .NET Framework\u003c/Data\u003e\u003cData Name=\"Company\"\u003eMicrosoft Corporation\u003c/Data\u003e\u003cData Name=\"OriginalFileName\"\u003eclrjit.dll\u003c/Data\u003e\u003cData Name=\"Hashes\"\u003eSHA1=C3E3D29C6A448F47B2D463DC0D974D939B773C6C,MD5=C5D469C303E0AA87A2C9DF1730B7C4C4,SHA256=8A3CD3CF2249E9971806B15C75A892E6A44CCA5FF5EA5CA89FDA951CD2C09AA9,IMPHASH=9F2B44B648DE13A18C1ABC07250B85C2\u003c/Data\u003e\u003cData Name=\"Signed\"\u003etrue\u003c/Data\u003e\u003cData Name=\"Signature\"\u003eMicrosoft Corporation\u003c/Data\u003e\u003cData Name=\"SignatureStatus\"\u003eValid\u003c/Data\u003e\u003cData Name=\"User\"\u003eFLAREVM\\malware\u003c/Data\u003e\u003c/EventData\u003e","Task":7,"RuleName":"technique_id=T1055,technique_name=Process Injection","UtcTime":"2023-02-28 15:54:52.808","ProcessGuid":"159466bb-23cc-63fe-6604-000000000e00","ProcessId":1560,"Image":"C:\\Windows\\System32\\WindowsPowerShell\\v1.0\\powershell.exe","ImageLoaded":"C:\\Windows\\Microsoft.NET\\Framework64\\v4.0.30319\\clrjit.dll","FileVersion":"4.8.4515.0 built by: NET48REL1LAST_C","Description":"Microsoft .NET Runtime Just-In-Time Compiler","Product":"Microsoft® .NET Framework","Company":"Microsoft Corporation","OriginalFileName":"clrjit.dll","Hashes":"SHA1=C3E3D29C6A448F47B2D463DC0D974D939B773C6C,MD5=C5D469C303E0AA87A2C9DF1730B7C4C4,SHA256=8A3CD3CF2249E9971806B15C75A892E6A44CCA5FF5EA5CA89FDA951CD2C09AA9,IMPHASH=9F2B44B648DE13A18C1ABC07250B85C2","Signed":"true","Signature":"Microsoft Corporation","SignatureStatus":"Valid","User":"FLAREVM\\malware"},{"EventSourceName":"Microsoft-Windows-Sysmon","Provider":"Microsoft-Windows-Sysmon","ProviderGuid":"{5770385f-c22a-43e0-bf4c-06f5698ffbd9}","Level":"4","Keywords":"0x8000000000000000","Channel":"Microsoft-Windows-Sysmon/Operational","Computer":"FlareVM","TimeCreated":"2023-02-28T10:54:53.596Z","TimeGenerated":"2023-02-28T03:54:53.596Z","EventRecordID":"58149","EventID":7,"Message":"Image loaded:\r\nRuleName: technique_id=T1047,technique_name=Windows Management Instrumentation\r\nUtcTime: 2023-02-28 15:54:53.590\r\nProcessGuid: {159466bb-23cc-63fe-6604-000000000e00}\r\nProcessId: 1560\r\nImage: C:\\Windows\\System32\\WindowsPowerShell\\v1.0\\powershell.exe\r\nImageLoaded: C:\\Windows\\System32\\wbem\\wmiutils.dll\r\nFileVersion: 10.0.19041.1320 (WinBuild.160101.0800)\r\nDescription: WMI\r\nProduct: Microsoft® Windows® Operating System\r\nCompany: Microsoft Corporation\r\nOriginalFileName: wmiutils.dll\r\nHashes: SHA1=58270A4D3629EE9CAAFD55F0A361F44E8D0BFD13,MD5=6F53470E6B7650ADE20C51AFBE044390,SHA256=D707BC4490D373BB2E02BF65C294E4EE9123293080EE81771A6A32EB0A720FC4,IMPHASH=0D31E6D27B954AD879CB4DF742982F1A\r\nSigned: true\r\nSignature: Microsoft Windows\r\nSignatureStatus: Valid\r\nUser: FLAREVM\\malware","EventData":"\u003cEventData xmlns=\"http://schemas.microsoft.com/win/2004/08/events/event\"\u003e\u003cData Name=\"RuleName\"\u003etechnique_id=T1047,technique_name=Windows Management Instrumentation\u003c/Data\u003e\u003cData Name=\"UtcTime\"\u003e2023-02-28 15:54:53.590\u003c/Data\u003e\u003cData Name=\"ProcessGuid\"\u003e{159466bb-23cc-63fe-6604-000000000e00}\u003c/Data\u003e\u003cData Name=\"ProcessId\"\u003e1560\u003c/Data\u003e\u003cData Name=\"Image\"\u003eC:\\Windows\\System32\\WindowsPowerShell\\v1.0\\powershell.exe\u003c/Data\u003e\u003cData Name=\"ImageLoaded\"\u003eC:\\Windows\\System32\\wbem\\wmiutils.dll\u003c/Data\u003e\u003cData Name=\"FileVersion\"\u003e10.0.19041.1320 (WinBuild.160101.0800)\u003c/Data\u003e\u003cData Name=\"Description\"\u003eWMI\u003c/Data\u003e\u003cData Name=\"Product\"\u003eMicrosoft® Windows® Operating System\u003c/Data\u003e\u003cData Name=\"Company\"\u003eMicrosoft Corporation\u003c/Data\u003e\u003cData Name=\"OriginalFileName\"\u003ewmiutils.dll\u003c/Data\u003e\u003cData Name=\"Hashes\"\u003eSHA1=58270A4D3629EE9CAAFD55F0A361F44E8D0BFD13,MD5=6F53470E6B7650ADE20C51AFBE044390,SHA256=D707BC4490D373BB2E02BF65C294E4EE9123293080EE81771A6A32EB0A720FC4,IMPHASH=0D31E6D27B954AD879CB4DF742982F1A\u003c/Data\u003e\u003cData Name=\"Signed\"\u003etrue\u003c/Data\u003e\u003cData Name=\"Signature\"\u003eMicrosoft Windows\u003c/Data\u003e\u003cData Name=\"SignatureStatus\"\u003eValid\u003c/Data\u003e\u003cData Name=\"User\"\u003eFLAREVM\\malware\u003c/Data\u003e\u003c/EventData\u003e","Task":7,"RuleName":"technique_id=T1047,technique_name=Windows Management Instrumentation","UtcTime":"2023-02-28 15:54:53.590","ProcessGuid":"159466bb-23cc-63fe-6604-000000000e00","ProcessId":1560,"Image":"C:\\Windows\\System32\\WindowsPowerShell\\v1.0\\powershell.exe","ImageLoaded":"C:\\Windows\\System32\\wbem\\wmiutils.dll","FileVersion":"10.0.19041.1320 (WinBuild.160101.0800)","Description":"WMI","Product":"Microsoft® Windows® Operating System","Company":"Microsoft Corporation","OriginalFileName":"wmiutils.dll","Hashes":"SHA1=58270A4D3629EE9CAAFD55F0A361F44E8D0BFD13,MD5=6F53470E6B7650ADE20C51AFBE044390,SHA256=D707BC4490D373BB2E02BF65C294E4EE9123293080EE81771A6A32EB0A720FC4,IMPHASH=0D31E6D27B954AD879CB4DF742982F1A","Signed":"true","Signature":"Microsoft Windows","SignatureStatus":"Valid","User":"FLAREVM\\malware"},{"EventSourceName":"Microsoft-Windows-Sysmon","Provider":"Microsoft-Windows-Sysmon","ProviderGuid":"{5770385f-c22a-43e0-bf4c-06f5698ffbd9}","Level":"4","Keywords":"0x8000000000000000","Channel":"Microsoft-Windows-Sysmon/Operational","Computer":"FlareVM","TimeCreated":"2023-02-28T10:54:53.799Z","TimeGenerated":"2023-02-28T03:54:53.799Z","EventRecordID":"58150","EventID":7,"Message":"Image loaded:\r\nRuleName: -\r\nUtcTime: 2023-02-28 15:54:53.784\r\nProcessGuid: {159466bb-23cc-63fe-6604-000000000e00}\r\nProcessId: 1560\r\nImage: C:\\Windows\\System32\\WindowsPowerShell\\v1.0\\powershell.exe\r\nImageLoaded: C:\\Windows\\System32\\urlmon.dll\r\nFileVersion: 11.00.19041.2251 (WinBuild.160101.0800)\r\nDescription: OLE32 Extensions for Win32\r\nProduct: Internet Explorer\r\nCompany: Microsoft Corporation\r\nOriginalFileName: UrlMon.dll\r\nHashes: SHA1=472A22D366AB3DD18A64B2BB0278D643150CD112,MD5=B5A9E66D74744B0A2C9116AB3850BFF2,SHA256=3B3527B6F43C846B7D5126AA09B6F73917F4B75636CE4D70D7156F6929C9C6E7,IMPHASH=EE27AF2B266369D4948EF61D88BA304C\r\nSigned: true\r\nSignature: Microsoft Windows\r\nSignatureStatus: Valid\r\nUser: FLAREVM\\malware","EventData":"\u003cEventData xmlns=\"http://schemas.microsoft.com/win/2004/08/events/event\"\u003e\u003cData Name=\"RuleName\"\u003e-\u003c/Data\u003e\u003cData Name=\"UtcTime\"\u003e2023-02-28 15:54:53.784\u003c/Data\u003e\u003cData Name=\"ProcessGuid\"\u003e{159466bb-23cc-63fe-6604-000000000e00}\u003c/Data\u003e\u003cData Name=\"ProcessId\"\u003e1560\u003c/Data\u003e\u003cData Name=\"Image\"\u003eC:\\Windows\\System32\\WindowsPowerShell\\v1.0\\powershell.exe\u003c/Data\u003e\u003cData Name=\"ImageLoaded\"\u003eC:\\Windows\\System32\\urlmon.dll\u003c/Data\u003e\u003cData Name=\"FileVersion\"\u003e11.00.19041.2251 (WinBuild.160101.0800)\u003c/Data\u003e\u003cData Name=\"Description\"\u003eOLE32 Extensions for Win32\u003c/Data\u003e\u003cData Name=\"Product\"\u003eInternet Explorer\u003c/Data\u003e\u003cData Name=\"Company\"\u003eMicrosoft Corporation\u003c/Data\u003e\u003cData Name=\"OriginalFileName\"\u003eUrlMon.dll\u003c/Data\u003e\u003cData Name=\"Hashes\"\u003eSHA1=472A22D366AB3DD18A64B2BB0278D643150CD112,MD5=B5A9E66D74744B0A2C9116AB3850BFF2,SHA256=3B3527B6F43C846B7D5126AA09B6F73917F4B75636CE4D70D7156F6929C9C6E7,IMPHASH=EE27AF2B266369D4948EF61D88BA304C\u003c/Data\u003e\u003cData Name=\"Signed\"\u003etrue\u003c/Data\u003e\u003cData Name=\"Signature\"\u003eMicrosoft Windows\u003c/Data\u003e\u003cData Name=\"SignatureStatus\"\u003eValid\u003c/Data\u003e\u003cData Name=\"User\"\u003eFLAREVM\\malware\u003c/Data\u003e\u003c/EventData\u003e","Task":7,"RuleName":"-","UtcTime":"2023-02-28 15:54:53.784","ProcessGuid":"159466bb-23cc-63fe-6604-000000000e00","ProcessId":1560,"Image":"C:\\Windows\\System32\\WindowsPowerShell\\v1.0\\powershell.exe","ImageLoaded":"C:\\Windows\\System32\\urlmon.dll","FileVersion":"11.00.19041.2251 (WinBuild.160101.0800)","Description":"OLE32 Extensions for Win32","Product":"Internet Explorer","Company":"Microsoft Corporation","OriginalFileName":"UrlMon.dll","Hashes":"SHA1=472A22D366AB3DD18A64B2BB0278D643150CD112,MD5=B5A9E66D74744B0A2C9116AB3850BFF2,SHA256=3B3527B6F43C846B7D5126AA09B6F73917F4B75636CE4D70D7156F6929C9C6E7,IMPHASH=EE27AF2B266369D4948EF61D88BA304C","Signed":"true","Signature":"Microsoft Windows","SignatureStatus":"Valid","User":"FLAREVM\\malware"},{"EventSourceName":"Microsoft-Windows-Sysmon","Provider":"Microsoft-Windows-Sysmon","ProviderGuid":"{5770385f-c22a-43e0-bf4c-06f5698ffbd9}","Level":"4","Keywords":"0x8000000000000000","Channel":"Microsoft-Windows-Sysmon/Operational","Computer":"FlareVM","TimeCreated":"2023-02-28T10:54:53.822Z","TimeGenerated":"2023-02-28T03:54:53.822Z","EventRecordID":"58151","EventID":1,"Message":"Process Create:\r\nRuleName: technique_id=T1059.001,technique_name=PowerShell\r\nUtcTime: 2023-02-28 15:54:53.821\r\nProcessGuid: {159466bb-23cd-63fe-6904-000000000e00}\r\nProcessId: 9960\r\nImage: G:\\hello.exe\r\nFileVersion: 0.0.0.0\r\nDescription:  \r\nProduct: -\r\nCompany: -\r\nOriginalFileName: hello.exe\r\nCommandLine: \"G:\\hello.exe\" \r\nCurrentDirectory: C:\\Users\\malware\\AppData\\Local\\Temp\\\r\nUser: FLAREVM\\malware\r\nLogonGuid: {159466bb-a666-63f7-de77-090000000000}\r\nLogonId: 0x977DE\r\nTerminalSessionId: 1\r\nIntegrityLevel: High\r\nHashes: SHA1=3E8C6C2F0770F4795931D1B7C400B11E5058E5D0,MD5=4B4B7B0A644DEABB3CD04EC267F1F58F,SHA256=57AD7733B29E37D231EE041AE4E0F7BD8F49EE728D856058575C33A104F1D10A,IMPHASH=F34D5F2D4577ED6D9CEEC516C1F5A744\r\nParentProcessGuid: {159466bb-23cc-63fe-6604-000000000e00}\r\nParentProcessId: 1560\r\nParentImage: C:\\Windows\\System32\\WindowsPowerShell\\v1.0\\powershell.exe\r\nParentCommandLine: \"powershell.exe\" \u0026 {$keep = Mount-DiskImage -ImagePath \\\"\"C:\\AtomicRedTeam\\atomics\\T1553.005\\bin\\FeelTheBurn.iso\\\"\" -StorageType ISO -Access ReadOnly\n$driveLetter = ($keep | Get-Volume).DriveLetter\ninvoke-item \\\"\"$($driveLetter):\\hello.exe\\\"\"}\r\nParentUser: FLAREVM\\malware","EventData":"\u003cEventData xmlns=\"http://schemas.microsoft.com/win/2004/08/events/event\"\u003e\u003cData Name=\"RuleName\"\u003etechnique_id=T1059.001,technique_name=PowerShell\u003c/Data\u003e\u003cData Name=\"UtcTime\"\u003e2023-02-28 15:54:53.821\u003c/Data\u003e\u003cData Name=\"ProcessGuid\"\u003e{159466bb-23cd-63fe-6904-000000000e00}\u003c/Data\u003e\u003cData Name=\"ProcessId\"\u003e9960\u003c/Data\u003e\u003cData Name=\"Image\"\u003eG:\\hello.exe\u003c/Data\u003e\u003cData Name=\"FileVersion\"\u003e0.0.0.0\u003c/Data\u003e\u003cData Name=\"Description\"\u003e\u003c/Data\u003e\u003cData Name=\"Product\"\u003e-\u003c/Data\u003e\u003cData Name=\"Company\"\u003e-\u003c/Data\u003e\u003cData Name=\"OriginalFileName\"\u003ehello.exe\u003c/Data\u003e\u003cData Name=\"CommandLine\"\u003e\"G:\\hello.exe\" \u003c/Data\u003e\u003cData Name=\"CurrentDirectory\"\u003eC:\\Users\\malware\\AppData\\Local\\Temp\\\u003c/Data\u003e\u003cData Name=\"User\"\u003eFLAREVM\\malware\u003c/Data\u003e\u003cData Name=\"LogonGuid\"\u003e{159466bb-a666-63f7-de77-090000000000}\u003c/Data\u003e\u003cData Name=\"LogonId\"\u003e0x977de\u003c/Data\u003e\u003cData Name=\"TerminalSessionId\"\u003e1\u003c/Data\u003e\u003cData Name=\"IntegrityLevel\"\u003eHigh\u003c/Data\u003e\u003cData Name=\"Hashes\"\u003eSHA1=3E8C6C2F0770F4795931D1B7C400B11E5058E5D0,MD5=4B4B7B0A644DEABB3CD04EC267F1F58F,SHA256=57AD7733B29E37D231EE041AE4E0F7BD8F49EE728D856058575C33A104F1D10A,IMPHASH=F34D5F2D4577ED6D9CEEC516C1F5A744\u003c/Data\u003e\u003cData Name=\"ParentProcessGuid\"\u003e{159466bb-23cc-63fe-6604-000000000e00}\u003c/Data\u003e\u003cData Name=\"ParentProcessId\"\u003e1560\u003c/Data\u003e\u003cData Name=\"ParentImage\"\u003eC:\\Windows\\System32\\WindowsPowerShell\\v1.0\\powershell.exe\u003c/Data\u003e\u003cData Name=\"ParentCommandLine\"\u003e\"powershell.exe\" \u0026amp; {$keep = Mount-DiskImage -ImagePath \\\"\"C:\\AtomicRedTeam\\atomics\\T1553.005\\bin\\FeelTheBurn.iso\\\"\" -StorageType ISO -Access ReadOnly\n$driveLetter = ($keep | Get-Volume).DriveLetter\ninvoke-item \\\"\"$($driveLetter):\\hello.exe\\\"\"}\u003c/Data\u003e\u003cData Name=\"ParentUser\"\u003eFLAREVM\\malware\u003c/Data\u003e\u003c/EventData\u003e","Task":1,"RuleName":"technique_id=T1059.001,technique_name=PowerShell","UtcTime":"2023-02-28 15:54:53.821","ProcessGuid":"159466bb-23cd-63fe-6904-000000000e00","ProcessId":9960,"Image":"G:\\hello.exe","FileVersion":"0.0.0.0","Description":" ","Product":"-","Company":"-","OriginalFileName":"hello.exe","CommandLine":"\"G:\\hello.exe\" ","CurrentDirectory":"C:\\Users\\malware\\AppData\\Local\\Temp\\","User":"FLAREVM\\malware","LogonGuid":"159466bb-a666-63f7-de77-090000000000","LogonId":"0x977de","TerminalSessionId":1,"IntegrityLevel":"High","Hashes":"SHA1=3E8C6C2F0770F4795931D1B7C400B11E5058E5D0,MD5=4B4B7B0A644DEABB3CD04EC267F1F58F,SHA256=57AD7733B29E37D231EE041AE4E0F7BD8F49EE728D856058575C33A104F1D10A,IMPHASH=F34D5F2D4577ED6D9CEEC516C1F5A744","ParentProcessGuid":"159466bb-23cc-63fe-6604-000000000e00","ParentProcessId":1560,"ParentImage":"C:\\Windows\\System32\\WindowsPowerShell\\v1.0\\powershell.exe","ParentCommandLine":"\"powershell.exe\" \u0026 {$keep = Mount-DiskImage -ImagePath \\\"\"C:\\AtomicRedTeam\\atomics\\T1553.005\\bin\\FeelTheBurn.iso\\\"\" -StorageType ISO -Access ReadOnly\n$driveLetter = ($keep | Get-Volume).DriveLetter\ninvoke-item \\\"\"$($driveLetter):\\hello.exe\\\"\"}","ParentUser":"FLAREVM\\malware"},{"EventSourceName":"Microsoft-Windows-Sysmon","Provider":"Microsoft-Windows-Sysmon","ProviderGuid":"{5770385f-c22a-43e0-bf4c-06f5698ffbd9}","Level":"4","Keywords":"0x8000000000000000","Channel":"Microsoft-Windows-Sysmon/Operational","Computer":"FlareVM","TimeCreated":"2023-02-28T10:54:53.825Z","TimeGenerated":"2023-02-28T03:54:53.825Z","EventRecordID":"58152","EventID":7,"Message":"Image loaded:\r\nRuleName: technique_id=T1055,technique_name=Process Injection\r\nUtcTime: 2023-02-28 15:54:53.815\r\nProcessGuid: {159466bb-23cd-63fe-6904-000000000e00}\r\nProcessId: 9960\r\nImage: G:\\hello.exe\r\nImageLoaded: C:\\Windows\\System32\\mscoree.dll\r\nFileVersion: 10.0.19041.1 (WinBuild.160101.0800)\r\nDescription: Microsoft .NET Runtime Execution Engine\r\nProduct: Microsoft® Windows® Operating System\r\nCompany: Microsoft Corporation\r\nOriginalFileName: mscoree.dll\r\nHashes: SHA1=CFEF8F0BA040939B87B74F101970A6BBEB5DA15F,MD5=D5971EF71DE1BDD46D537203ABFCC756,SHA256=8828DE042D008783BA5B31C82935A3ED38D5996927C3399B3E1FC6FE723FC84E,IMPHASH=65F23EFA1EB51A5DAAB399BFAA840074\r\nSigned: true\r\nSignature: Microsoft Windows\r\nSignatureStatus: Valid\r\nUser: FLAREVM\\malware","EventData":"\u003cEventData xmlns=\"http://schemas.microsoft.com/win/2004/08/events/event\"\u003e\u003cData Name=\"RuleName\"\u003etechnique_id=T1055,technique_name=Process Injection\u003c/Data\u003e\u003cData Name=\"UtcTime\"\u003e2023-02-28 15:54:53.815\u003c/Data\u003e\u003cData Name=\"ProcessGuid\"\u003e{159466bb-23cd-63fe-6904-000000000e00}\u003c/Data\u003e\u003cData Name=\"ProcessId\"\u003e9960\u003c/Data\u003e\u003cData Name=\"Image\"\u003eG:\\hello.exe\u003c/Data\u003e\u003cData Name=\"ImageLoaded\"\u003eC:\\Windows\\System32\\mscoree.dll\u003c/Data\u003e\u003cData Name=\"FileVersion\"\u003e10.0.19041.1 (WinBuild.160101.0800)\u003c/Data\u003e\u003cData Name=\"Description\"\u003eMicrosoft .NET Runtime Execution Engine\u003c/Data\u003e\u003cData Name=\"Product\"\u003eMicrosoft® Windows® Operating System\u003c/Data\u003e\u003cData Name=\"Company\"\u003eMicrosoft Corporation\u003c/Data\u003e\u003cData Name=\"OriginalFileName\"\u003emscoree.dll\u003c/Data\u003e\u003cData Name=\"Hashes\"\u003eSHA1=CFEF8F0BA040939B87B74F101970A6BBEB5DA15F,MD5=D5971EF71DE1BDD46D537203ABFCC756,SHA256=8828DE042D008783BA5B31C82935A3ED38D5996927C3399B3E1FC6FE723FC84E,IMPHASH=65F23EFA1EB51A5DAAB399BFAA840074\u003c/Data\u003e\u003cData Name=\"Signed\"\u003etrue\u003c/Data\u003e\u003cData Name=\"Signature\"\u003eMicrosoft Windows\u003c/Data\u003e\u003cData Name=\"SignatureStatus\"\u003eValid\u003c/Data\u003e\u003cData Name=\"User\"\u003eFLAREVM\\malware\u003c/Data\u003e\u003c/EventData\u003e","Task":7,"RuleName":"technique_id=T1055,technique_name=Process Injection","UtcTime":"2023-02-28 15:54:53.815","ProcessGuid":"159466bb-23cd-63fe-6904-000000000e00","ProcessId":9960,"Image":"G:\\hello.exe","ImageLoaded":"C:\\Windows\\System32\\mscoree.dll","FileVersion":"10.0.19041.1 (WinBuild.160101.0800)","Description":"Microsoft .NET Runtime Execution Engine","Product":"Microsoft® Windows® Operating System","Company":"Microsoft Corporation","OriginalFileName":"mscoree.dll","Hashes":"SHA1=CFEF8F0BA040939B87B74F101970A6BBEB5DA15F,MD5=D5971EF71DE1BDD46D537203ABFCC756,SHA256=8828DE042D008783BA5B31C82935A3ED38D5996927C3399B3E1FC6FE723FC84E,IMPHASH=65F23EFA1EB51A5DAAB399BFAA840074","Signed":"true","Signature":"Microsoft Windows","SignatureStatus":"Valid","User":"FLAREVM\\malware"},{"EventSourceName":"Microsoft-Windows-Sysmon","Provider":"Microsoft-Windows-Sysmon","ProviderGuid":"{5770385f-c22a-43e0-bf4c-06f5698ffbd9}","Level":"4","Keywords":"0x8000000000000000","Channel":"Microsoft-Windows-Sysmon/Operational","Computer":"FlareVM","TimeCreated":"2023-02-28T10:54:53.828Z","TimeGenerated":"2023-02-28T03:54:53.828Z","EventRecordID":"58153","EventID":11,"Message":"File created:\r\nRuleName: -\r\nUtcTime: 2023-02-28 15:54:53.815\r\nProcessGuid: {159466bb-23cc-63fe-6604-000000000e00}\r\nProcessId: 1560\r\nImage: C:\\Windows\\System32\\WindowsPowerShell\\v1.0\\powershell.exe\r\nTargetFilename: C:\\Users\\malware\\AppData\\Local\\Microsoft\\Windows\\PowerShell\\StartupProfileData-NonInteractive\r\nCreationUtcTime: 2022-12-31 18:17:41.984\r\nUser: FLAREVM\\malware","EventData":"\u003cEventData xmlns=\"http://schemas.microsoft.com/win/2004/08/events/event\"\u003e\u003cData Name=\"RuleName\"\u003e-\u003c/Data\u003e\u003cData Name=\"UtcTime\"\u003e2023-02-28 15:54:53.815\u003c/Data\u003e\u003cData Name=\"ProcessGuid\"\u003e{159466bb-23cc-63fe-6604-000000000e00}\u003c/Data\u003e\u003cData Name=\"ProcessId\"\u003e1560\u003c/Data\u003e\u003cData Name=\"Image\"\u003eC:\\Windows\\System32\\WindowsPowerShell\\v1.0\\powershell.exe\u003c/Data\u003e\u003cData Name=\"TargetFilename\"\u003eC:\\Users\\malware\\AppData\\Local\\Microsoft\\Windows\\PowerShell\\StartupProfileData-NonInteractive\u003c/Data\u003e\u003cData Name=\"CreationUtcTime\"\u003e2022-12-31 18:17:41.984\u003c/Data\u003e\u003cData Name=\"User\"\u003eFLAREVM\\malware\u003c/Data\u003e\u003c/EventData\u003e","Task":11,"RuleName":"-","UtcTime":"2023-02-28 15:54:53.815","ProcessGuid":"159466bb-23cc-63fe-6604-000000000e00","ProcessId":1560,"Image":"C:\\Windows\\System32\\WindowsPowerShell\\v1.0\\powershell.exe","TargetFilename":"C:\\Users\\malware\\AppData\\Local\\Microsoft\\Windows\\PowerShell\\StartupProfileData-NonInteractive","CreationUtcTime":"2022-12-31 18:17:41.984","User":"FLAREVM\\malware"},{"EventSourceName":"Microsoft-Windows-Sysmon","Provider":"Microsoft-Windows-Sysmon","ProviderGuid":"{5770385f-c22a-43e0-bf4c-06f5698ffbd9}","Level":"4","Keywords":"0x8000000000000000","Channel":"Microsoft-Windows-Sysmon/Operational","Computer":"FlareVM","TimeCreated":"2023-02-28T10:54:53.835Z","TimeGenerated":"2023-02-28T03:54:53.835Z","EventRecordID":"58154","EventID":13,"Message":"Registry value set:\r\nRuleName: technique_id=T1543,technique_name=Service Creation\r\nEventType: SetValue\r\nUtcTime: 2023-02-28 15:54:53.831\r\nProcessGuid: {159466bb-23cc-63fe-6604-000000000e00}\r\nProcessId: 1560\r\nImage: C:\\Windows\\System32\\WindowsPowerShell\\v1.0\\powershell.exe\r\nTargetObject: HKLM\\System\\CurrentControlSet\\Services\\bam\\State\\UserSettings\\S-1-5-21-2199682790-2533951109-4136935257-1001\\\\Device\\HarddiskVolume3\\Windows\\System32\\WindowsPowerShell\\v1.0\\powershell.exe\r\nDetails: Binary Data\r\nUser: FLAREVM\\malware","EventData":"\u003cEventData xmlns=\"http://schemas.microsoft.com/win/2004/08/events/event\"\u003e\u003cData Name=\"RuleName\"\u003etechnique_id=T1543,technique_name=Service Creation\u003c/Data\u003e\u003cData Name=\"EventType\"\u003eSetValue\u003c/Data\u003e\u003cData Name=\"UtcTime\"\u003e2023-02-28 15:54:53.831\u003c/Data\u003e\u003cData Name=\"ProcessGuid\"\u003e{159466bb-23cc-63fe-6604-000000000e00}\u003c/Data\u003e\u003cData Name=\"ProcessId\"\u003e1560\u003c/Data\u003e\u003cData Name=\"Image\"\u003eC:\\Windows\\System32\\WindowsPowerShell\\v1.0\\powershell.exe\u003c/Data\u003e\u003cData Name=\"TargetObject\"\u003eHKLM\\System\\CurrentControlSet\\Services\\bam\\State\\UserSettings\\S-1-5-21-2199682790-2533951109-4136935257-1001\\\\Device\\HarddiskVolume3\\Windows\\System32\\WindowsPowerShell\\v1.0\\powershell.exe\u003c/Data\u003e\u003cData Name=\"Details\"\u003eBinary Data\u003c/Data\u003e\u003cData Name=\"User\"\u003eFLAREVM\\malware\u003c/Data\u003e\u003c/EventData\u003e","Task":13,"RuleName":"technique_id=T1543,technique_name=Service Creation","EventType":"SetValue","UtcTime":"2023-02-28 15:54:53.831","ProcessGuid":"159466bb-23cc-63fe-6604-000000000e00","ProcessId":1560,"Image":"C:\\Windows\\System32\\WindowsPowerShell\\v1.0\\powershell.exe","TargetObject":"HKLM\\System\\CurrentControlSet\\Services\\bam\\State\\UserSettings\\S-1-5-21-2199682790-2533951109-4136935257-1001\\\\Device\\HarddiskVolume3\\Windows\\System32\\WindowsPowerShell\\v1.0\\powershell.exe","Details":"Binary Data","User":"FLAREVM\\malware"},{"EventSourceName":"Microsoft-Windows-Sysmon","Provider":"Microsoft-Windows-Sysmon","ProviderGuid":"{5770385f-c22a-43e0-bf4c-06f5698ffbd9}","Level":"4","Keywords":"0x8000000000000000","Channel":"Microsoft-Windows-Sysmon/Operational","Computer":"FlareVM","TimeCreated":"2023-02-28T10:54:53.937Z","TimeGenerated":"2023-02-28T03:54:53.937Z","EventRecordID":"58155","EventID":13,"Message":"Registry value set:\r\nRuleName: technique_id=T1543,technique_name=Service Creation\r\nEventType: SetValue\r\nUtcTime: 2023-02-28 15:54:53.925\r\nProcessGuid: {159466bb-a6da-63f7-e900-000000000e00}\r\nProcessId: 9024\r\nImage: C:\\Windows\\System32\\WindowsPowerShell\\v1.0\\powershell.exe\r\nTargetObject: HKLM\\System\\CurrentControlSet\\Services\\bam\\State\\UserSettings\\S-1-5-21-2199682790-2533951109-4136935257-1001\\\\Device\\HarddiskVolume3\\Windows\\System32\\WindowsPowerShell\\v1.0\\powershell.exe\r\nDetails: Binary Data\r\nUser: FLAREVM\\malware","EventData":"\u003cEventData xmlns=\"http://schemas.microsoft.com/win/2004/08/events/event\"\u003e\u003cData Name=\"RuleName\"\u003etechnique_id=T1543,technique_name=Service Creation\u003c/Data\u003e\u003cData Name=\"EventType\"\u003eSetValue\u003c/Data\u003e\u003cData Name=\"UtcTime\"\u003e2023-02-28 15:54:53.925\u003c/Data\u003e\u003cData Name=\"ProcessGuid\"\u003e{159466bb-a6da-63f7-e900-000000000e00}\u003c/Data\u003e\u003cData Name=\"ProcessId\"\u003e9024\u003c/Data\u003e\u003cData Name=\"Image\"\u003eC:\\Windows\\System32\\WindowsPowerShell\\v1.0\\powershell.exe\u003c/Data\u003e\u003cData Name=\"TargetObject\"\u003eHKLM\\System\\CurrentControlSet\\Services\\bam\\State\\UserSettings\\S-1-5-21-2199682790-2533951109-4136935257-1001\\\\Device\\HarddiskVolume3\\Windows\\System32\\WindowsPowerShell\\v1.0\\powershell.exe\u003c/Data\u003e\u003cData Name=\"Details\"\u003eBinary Data\u003c/Data\u003e\u003cData Name=\"User\"\u003eFLAREVM\\malware\u003c/Data\u003e\u003c/EventData\u003e","Task":13,"RuleName":"technique_id=T1543,technique_name=Service Creation","EventType":"SetValue","UtcTime":"2023-02-28 15:54:53.925","ProcessGuid":"159466bb-a6da-63f7-e900-000000000e00","ProcessId":9024,"Image":"C:\\Windows\\System32\\WindowsPowerShell\\v1.0\\powershell.exe","TargetObject":"HKLM\\System\\CurrentControlSet\\Services\\bam\\State\\UserSettings\\S-1-5-21-2199682790-2533951109-4136935257-1001\\\\Device\\HarddiskVolume3\\Windows\\System32\\WindowsPowerShell\\v1.0\\powershell.exe","Details":"Binary Data","User":"FLAREVM\\malware"},{"EventSourceName":"Microsoft-Windows-Sysmon","Provider":"Microsoft-Windows-Sysmon","ProviderGuid":"{5770385f-c22a-43e0-bf4c-06f5698ffbd9}","Level":"4","Keywords":"0x8000000000000000","Channel":"Microsoft-Windows-Sysmon/Operational","Computer":"FlareVM","TimeCreated":"2023-02-28T10:54:53.937Z","TimeGenerated":"2023-02-28T03:54:53.937Z","EventRecordID":"58156","EventID":1,"Message":"Process Create:\r\nRuleName: technique_id=T1059.001,technique_name=PowerShell\r\nUtcTime: 2023-02-28 15:54:53.936\r\nProcessGuid: {159466bb-23cd-63fe-6b04-000000000e00}\r\nProcessId: 3840\r\nImage: C:\\Windows\\System32\\WindowsPowerShell\\v1.0\\powershell.exe\r\nFileVersion: 10.0.19041.546 (WinBuild.160101.0800)\r\nDescription: Windows PowerShell\r\nProduct: Microsoft® Windows® Operating System\r\nCompany: Microsoft Corporation\r\nOriginalFileName: PowerShell.EXE\r\nCommandLine: \"powershell.exe\" \u0026 {Unblock-File -Path $env:tmp\\ReadMe.md}\r\nCurrentDirectory: C:\\Users\\malware\\AppData\\Local\\Temp\\\r\nUser: FLAREVM\\malware\r\nLogonGuid: {159466bb-a666-63f7-de77-090000000000}\r\nLogonId: 0x977DE\r\nTerminalSessionId: 1\r\nIntegrityLevel: High\r\nHashes: SHA1=F43D9BB316E30AE1A3494AC5B0624F6BEA1BF054,MD5=04029E121A0CFA5991749937DD22A1D9,SHA256=9F914D42706FE215501044ACD85A32D58AAEF1419D404FDDFA5D3B48F66CCD9F,IMPHASH=7C955A0ABC747F57CCC4324480737EF7\r\nParentProcessGuid: {159466bb-a6da-63f7-e900-000000000e00}\r\nParentProcessId: 9024\r\nParentImage: C:\\Windows\\System32\\WindowsPowerShell\\v1.0\\powershell.exe\r\nParentCommandLine: \"C:\\Windows\\System32\\WindowsPowerShell\\v1.0\\powershell.exe\" \r\nParentUser: FLAREVM\\malware","EventData":"\u003cEventData xmlns=\"http://schemas.microsoft.com/win/2004/08/events/event\"\u003e\u003cData Name=\"RuleName\"\u003etechnique_id=T1059.001,technique_name=PowerShell\u003c/Data\u003e\u003cData Name=\"UtcTime\"\u003e2023-02-28 15:54:53.936\u003c/Data\u003e\u003cData Name=\"ProcessGuid\"\u003e{159466bb-23cd-63fe-6b04-000000000e00}\u003c/Data\u003e\u003cData Name=\"ProcessId\"\u003e3840\u003c/Data\u003e\u003cData Name=\"Image\"\u003eC:\\Windows\\System32\\WindowsPowerShell\\v1.0\\powershell.exe\u003c/Data\u003e\u003cData Name=\"FileVersion\"\u003e10.0.19041.546 (WinBuild.160101.0800)\u003c/Data\u003e\u003cData Name=\"Description\"\u003eWindows PowerShell\u003c/Data\u003e\u003cData Name=\"Product\"\u003eMicrosoft® Windows® Operating System\u003c/Data\u003e\u003cData Name=\"Company\"\u003eMicrosoft Corporation\u003c/Data\u003e\u003cData Name=\"OriginalFileName\"\u003ePowerShell.EXE\u003c/Data\u003e\u003cData Name=\"CommandLine\"\u003e\"powershell.exe\" \u0026amp; {Unblock-File -Path $env:tmp\\ReadMe.md}\u003c/Data\u003e\u003cData Name=\"CurrentDirectory\"\u003eC:\\Users\\malware\\AppData\\Local\\Temp\\\u003c/Data\u003e\u003cData Name=\"User\"\u003eFLAREVM\\malware\u003c/Data\u003e\u003cData Name=\"LogonGuid\"\u003e{159466bb-a666-63f7-de77-090000000000}\u003c/Data\u003e\u003cData Name=\"LogonId\"\u003e0x977de\u003c/Data\u003e\u003cData Name=\"TerminalSessionId\"\u003e1\u003c/Data\u003e\u003cData Name=\"IntegrityLevel\"\u003eHigh\u003c/Data\u003e\u003cData Name=\"Hashes\"\u003eSHA1=F43D9BB316E30AE1A3494AC5B0624F6BEA1BF054,MD5=04029E121A0CFA5991749937DD22A1D9,SHA256=9F914D42706FE215501044ACD85A32D58AAEF1419D404FDDFA5D3B48F66CCD9F,IMPHASH=7C955A0ABC747F57CCC4324480737EF7\u003c/Data\u003e\u003cData Name=\"ParentProcessGuid\"\u003e{159466bb-a6da-63f7-e900-000000000e00}\u003c/Data\u003e\u003cData Name=\"ParentProcessId\"\u003e9024\u003c/Data\u003e\u003cData Name=\"ParentImage\"\u003eC:\\Windows\\System32\\WindowsPowerShell\\v1.0\\powershell.exe\u003c/Data\u003e\u003cData Name=\"ParentCommandLine\"\u003e\"C:\\Windows\\System32\\WindowsPowerShell\\v1.0\\powershell.exe\" \u003c/Data\u003e\u003cData Name=\"ParentUser\"\u003eFLAREVM\\malware\u003c/Data\u003e\u003c/EventData\u003e","Task":1,"RuleName":"technique_id=T1059.001,technique_name=PowerShell","UtcTime":"2023-02-28 15:54:53.936","ProcessGuid":"159466bb-23cd-63fe-6b04-000000000e00","ProcessId":3840,"Image":"C:\\Windows\\System32\\WindowsPowerShell\\v1.0\\powershell.exe","FileVersion":"10.0.19041.546 (WinBuild.160101.0800)","Description":"Windows PowerShell","Product":"Microsoft® Windows® Operating System","Company":"Microsoft Corporation","OriginalFileName":"PowerShell.EXE","CommandLine":"\"powershell.exe\" \u0026 {Unblock-File -Path $env:tmp\\ReadMe.md}","CurrentDirectory":"C:\\Users\\malware\\AppData\\Local\\Temp\\","User":"FLAREVM\\malware","LogonGuid":"159466bb-a666-63f7-de77-090000000000","LogonId":"0x977de","TerminalSessionId":1,"IntegrityLevel":"High","Hashes":"SHA1=F43D9BB316E30AE1A3494AC5B0624F6BEA1BF054,MD5=04029E121A0CFA5991749937DD22A1D9,SHA256=9F914D42706FE215501044ACD85A32D58AAEF1419D404FDDFA5D3B48F66CCD9F,IMPHASH=7C955A0ABC747F57CCC4324480737EF7","ParentProcessGuid":"159466bb-a6da-63f7-e900-000000000e00","ParentProcessId":9024,"ParentImage":"C:\\Windows\\System32\\WindowsPowerShell\\v1.0\\powershell.exe","ParentCommandLine":"\"C:\\Windows\\System32\\WindowsPowerShell\\v1.0\\powershell.exe\" ","ParentUser":"FLAREVM\\malware"},{"EventSourceName":"Microsoft-Windows-Sysmon","Provider":"Microsoft-Windows-Sysmon","ProviderGuid":"{5770385f-c22a-43e0-bf4c-06f5698ffbd9}","Level":"4","Keywords":"0x8000000000000000","Channel":"Microsoft-Windows-Sysmon/Operational","Computer":"FlareVM","TimeCreated":"2023-02-28T10:54:53.938Z","TimeGenerated":"2023-02-28T03:54:53.938Z","EventRecordID":"58157","EventID":10,"Message":"Process accessed:\r\nRuleName: technique_id=T1055.001,technique_name=Dynamic-link Library Injection\r\nUtcTime: 2023-02-28 15:54:53.925\r\nSourceProcessGUID: {159466bb-a6da-63f7-e900-000000000e00}\r\nSourceProcessId: 9024\r\nSourceThreadId: 6712\r\nSourceImage: C:\\Windows\\System32\\WindowsPowerShell\\v1.0\\powershell.exe\r\nTargetProcessGUID: {159466bb-23cd-63fe-6b04-000000000e00}\r\nTargetProcessId: 3840\r\nTargetImage: C:\\Windows\\System32\\WindowsPowerShell\\v1.0\\powershell.exe\r\nGrantedAccess: 0x1FFFFF\r\nCallTrace: C:\\Windows\\SYSTEM32\\ntdll.dll+9e9b4|C:\\Windows\\System32\\KERNELBASE.dll+9053|C:\\Windows\\System32\\KERNELBASE.dll+73c6|C:\\Windows\\System32\\KERNEL32.DLL+1d374|C:\\Windows\\assembly\\NativeImages_v4.0.30319_64\\System\\b187b7f31cee3e87b56c8edca55324e0\\System.ni.dll+383fe6|C:\\Windows\\assembly\\NativeImages_v4.0.30319_64\\System\\b187b7f31cee3e87b56c8edca55324e0\\System.ni.dll+2c4809|C:\\Windows\\assembly\\NativeImages_v4.0.30319_64\\System\\b187b7f31cee3e87b56c8edca55324e0\\System.ni.dll+2c4179|UNKNOWN(00007FF8C51B3195)\r\nSourceUser: FLAREVM\\malware\r\nTargetUser: FLAREVM\\malware","EventData":"\u003cEventData xmlns=\"http://schemas.microsoft.com/win/2004/08/events/event\"\u003e\u003cData Name=\"RuleName\"\u003etechnique_id=T1055.001,technique_name=Dynamic-link Library Injection\u003c/Data\u003e\u003cData Name=\"UtcTime\"\u003e2023-02-28 15:54:53.925\u003c/Data\u003e\u003cData Name=\"SourceProcessGUID\"\u003e{159466bb-a6da-63f7-e900-000000000e00}\u003c/Data\u003e\u003cData Name=\"SourceProcessId\"\u003e9024\u003c/Data\u003e\u003cData Name=\"SourceThreadId\"\u003e6712\u003c/Data\u003e\u003cData Name=\"SourceImage\"\u003eC:\\Windows\\System32\\WindowsPowerShell\\v1.0\\powershell.exe\u003c/Data\u003e\u003cData Name=\"TargetProcessGUID\"\u003e{159466bb-23cd-63fe-6b04-000000000e00}\u003c/Data\u003e\u003cData Name=\"TargetProcessId\"\u003e3840\u003c/Data\u003e\u003cData Name=\"TargetImage\"\u003eC:\\Windows\\System32\\WindowsPowerShell\\v1.0\\powershell.exe\u003c/Data\u003e\u003cData Name=\"GrantedAccess\"\u003e0x1fffff\u003c/Data\u003e\u003cData Name=\"CallTrace\"\u003eC:\\Windows\\SYSTEM32\\ntdll.dll+9e9b4|C:\\Windows\\System32\\KERNELBASE.dll+9053|C:\\Windows\\System32\\KERNELBASE.dll+73c6|C:\\Windows\\System32\\KERNEL32.DLL+1d374|C:\\Windows\\assembly\\NativeImages_v4.0.30319_64\\System\\b187b7f31cee3e87b56c8edca55324e0\\System.ni.dll+383fe6|C:\\Windows\\assembly\\NativeImages_v4.0.30319_64\\System\\b187b7f31cee3e87b56c8edca55324e0\\System.ni.dll+2c4809|C:\\Windows\\assembly\\NativeImages_v4.0.30319_64\\System\\b187b7f31cee3e87b56c8edca55324e0\\System.ni.dll+2c4179|UNKNOWN(00007FF8C51B3195)\u003c/Data\u003e\u003cData Name=\"SourceUser\"\u003eFLAREVM\\malware\u003c/Data\u003e\u003cData Name=\"TargetUser\"\u003eFLAREVM\\malware\u003c/Data\u003e\u003c/EventData\u003e","Task":10,"RuleName":"technique_id=T1055.001,technique_name=Dynamic-link Library Injection","UtcTime":"2023-02-28 15:54:53.925","SourceProcessGUID":"159466bb-a6da-63f7-e900-000000000e00","SourceProcessId":9024,"SourceThreadId":6712,"SourceImage":"C:\\Windows\\System32\\WindowsPowerShell\\v1.0\\powershell.exe","TargetProcessGUID":"159466bb-23cd-63fe-6b04-000000000e00","TargetProcessId":3840,"TargetImage":"C:\\Windows\\System32\\WindowsPowerShell\\v1.0\\powershell.exe","GrantedAccess":2097151,"CallTrace":"C:\\Windows\\SYSTEM32\\ntdll.dll+9e9b4|C:\\Windows\\System32\\KERNELBASE.dll+9053|C:\\Windows\\System32\\KERNELBASE.dll+73c6|C:\\Windows\\System32\\KERNEL32.DLL+1d374|C:\\Windows\\assembly\\NativeImages_v4.0.30319_64\\System\\b187b7f31cee3e87b56c8edca55324e0\\System.ni.dll+383fe6|C:\\Windows\\assembly\\NativeImages_v4.0.30319_64\\System\\b187b7f31cee3e87b56c8edca55324e0\\System.ni.dll+2c4809|C:\\Windows\\assembly\\NativeImages_v4.0.30319_64\\System\\b187b7f31cee3e87b56c8edca55324e0\\System.ni.dll+2c4179|UNKNOWN(00007FF8C51B3195)","SourceUser":"FLAREVM\\malware","TargetUser":"FLAREVM\\malware"},