{"EventSourceName":"Microsoft-Windows-Sysmon","Provider":"Microsoft-Windows-Sysmon","ProviderGuid":"{5770385f-c22a-43e0-bf4c-06f5698ffbd9}","Level":"4","Keywords":"0x8000000000000000","Channel":"Microsoft-Windows-Sysmon/Operational","Computer":"FlareVM","TimeCreated":"2023-02-28T10:54:56.210Z","TimeGenerated":"2023-02-28T03:54:56.210Z","EventRecordID":"58209","EventID":7,"Message":"Image loaded:\r\nRuleName: technique_id=T1055,technique_name=Process Injection\r\nUtcTime: 2023-02-28 15:54:56.198\r\nProcessGuid: {159466bb-23d0-63fe-7104-000000000e00}\r\nProcessId: 9096\r\nImage: C:\\Windows\\System32\\rundll32.exe\r\nImageLoaded: C:\\Windows\\System32\\mscoree.dll\r\nFileVersion: 10.0.19041.1 (WinBuild.160101.0800)\r\nDescription: Microsoft .NET Runtime Execution Engine\r\nProduct: Microsoft® Windows® Operating System\r\nCompany: Microsoft Corporation\r\nOriginalFileName: mscoree.dll\r\nHashes: SHA1=CFEF8F0BA040939B87B74F101970A6BBEB5DA15F,MD5=D5971EF71DE1BDD46D537203ABFCC756,SHA256=8828DE042D008783BA5B31C82935A3ED38D5996927C3399B3E1FC6FE723FC84E,IMPHASH=65F23EFA1EB51A5DAAB399BFAA840074\r\nSigned: true\r\nSignature: Microsoft Windows\r\nSignatureStatus: Valid\r\nUser: FLAREVM\\malware","EventData":"\u003cEventData xmlns=\"http://schemas.microsoft.com/win/2004/08/events/event\"\u003e\u003cData Name=\"RuleName\"\u003etechnique_id=T1055,technique_name=Process Injection\u003c/Data\u003e\u003cData Name=\"UtcTime\"\u003e2023-02-28 15:54:56.198\u003c/Data\u003e\u003cData Name=\"ProcessGuid\"\u003e{159466bb-23d0-63fe-7104-000000000e00}\u003c/Data\u003e\u003cData Name=\"ProcessId\"\u003e9096\u003c/Data\u003e\u003cData Name=\"Image\"\u003eC:\\Windows\\System32\\rundll32.exe\u003c/Data\u003e\u003cData Name=\"ImageLoaded\"\u003eC:\\Windows\\System32\\mscoree.dll\u003c/Data\u003e\u003cData Name=\"FileVersion\"\u003e10.0.19041.1 (WinBuild.160101.0800)\u003c/Data\u003e\u003cData Name=\"Description\"\u003eMicrosoft .NET Runtime Execution Engine\u003c/Data\u003e\u003cData Name=\"Product\"\u003eMicrosoft® Windows® Operating System\u003c/Data\u003e\u003cData Name=\"Company\"\u003eMicrosoft Corporation\u003c/Data\u003e\u003cData Name=\"OriginalFileName\"\u003emscoree.dll\u003c/Data\u003e\u003cData Name=\"Hashes\"\u003eSHA1=CFEF8F0BA040939B87B74F101970A6BBEB5DA15F,MD5=D5971EF71DE1BDD46D537203ABFCC756,SHA256=8828DE042D008783BA5B31C82935A3ED38D5996927C3399B3E1FC6FE723FC84E,IMPHASH=65F23EFA1EB51A5DAAB399BFAA840074\u003c/Data\u003e\u003cData Name=\"Signed\"\u003etrue\u003c/Data\u003e\u003cData Name=\"Signature\"\u003eMicrosoft Windows\u003c/Data\u003e\u003cData Name=\"SignatureStatus\"\u003eValid\u003c/Data\u003e\u003cData Name=\"User\"\u003eFLAREVM\\malware\u003c/Data\u003e\u003c/EventData\u003e","Task":7,"RuleName":"technique_id=T1055,technique_name=Process Injection","UtcTime":"2023-02-28 15:54:56.198","ProcessGuid":"159466bb-23d0-63fe-7104-000000000e00","ProcessId":9096,"Image":"C:\\Windows\\System32\\rundll32.exe","ImageLoaded":"C:\\Windows\\System32\\mscoree.dll","FileVersion":"10.0.19041.1 (WinBuild.160101.0800)","Description":"Microsoft .NET Runtime Execution Engine","Product":"Microsoft® Windows® Operating System","Company":"Microsoft Corporation","OriginalFileName":"mscoree.dll","Hashes":"SHA1=CFEF8F0BA040939B87B74F101970A6BBEB5DA15F,MD5=D5971EF71DE1BDD46D537203ABFCC756,SHA256=8828DE042D008783BA5B31C82935A3ED38D5996927C3399B3E1FC6FE723FC84E,IMPHASH=65F23EFA1EB51A5DAAB399BFAA840074","Signed":"true","Signature":"Microsoft Windows","SignatureStatus":"Valid","User":"FLAREVM\\malware"},{"EventSourceName":"Microsoft-Windows-Sysmon","Provider":"Microsoft-Windows-Sysmon","ProviderGuid":"{5770385f-c22a-43e0-bf4c-06f5698ffbd9}","Level":"4","Keywords":"0x8000000000000000","Channel":"Microsoft-Windows-Sysmon/Operational","Computer":"FlareVM","TimeCreated":"2023-02-28T10:54:56.212Z","TimeGenerated":"2023-02-28T03:54:56.212Z","EventRecordID":"58210","EventID":7,"Message":"Image loaded:\r\nRuleName: technique_id=T1055,technique_name=Process Injection\r\nUtcTime: 2023-02-28 15:54:56.198\r\nProcessGuid: {159466bb-23d0-63fe-7104-000000000e00}\r\nProcessId: 9096\r\nImage: C:\\Windows\\System32\\rundll32.exe\r\nImageLoaded: C:\\Windows\\Microsoft.NET\\Framework64\\v4.0.30319\\mscoreei.dll\r\nFileVersion: 4.8.4180.0 built by: NET48REL1LAST_B\r\nDescription: Microsoft .NET Runtime Execution Engine\r\nProduct: Microsoft® .NET Framework\r\nCompany: Microsoft Corporation\r\nOriginalFileName: mscoreei.dll\r\nHashes: SHA1=1283EF637FA53D571118F269F9B8C0A5CCA2BF01,MD5=899A8B655E52A061B33571D97C5C06ED,SHA256=DE05B03E37FB9BA5D74CF8FA36A6F0B15AB61705285B738BC90D14FDE580A45E,IMPHASH=005299FA213F652A596AC31760C5340B\r\nSigned: true\r\nSignature: Microsoft Corporation\r\nSignatureStatus: Valid\r\nUser: FLAREVM\\malware","EventData":"\u003cEventData xmlns=\"http://schemas.microsoft.com/win/2004/08/events/event\"\u003e\u003cData Name=\"RuleName\"\u003etechnique_id=T1055,technique_name=Process Injection\u003c/Data\u003e\u003cData Name=\"UtcTime\"\u003e2023-02-28 15:54:56.198\u003c/Data\u003e\u003cData Name=\"ProcessGuid\"\u003e{159466bb-23d0-63fe-7104-000000000e00}\u003c/Data\u003e\u003cData Name=\"ProcessId\"\u003e9096\u003c/Data\u003e\u003cData Name=\"Image\"\u003eC:\\Windows\\System32\\rundll32.exe\u003c/Data\u003e\u003cData Name=\"ImageLoaded\"\u003eC:\\Windows\\Microsoft.NET\\Framework64\\v4.0.30319\\mscoreei.dll\u003c/Data\u003e\u003cData Name=\"FileVersion\"\u003e4.8.4180.0 built by: NET48REL1LAST_B\u003c/Data\u003e\u003cData Name=\"Description\"\u003eMicrosoft .NET Runtime Execution Engine\u003c/Data\u003e\u003cData Name=\"Product\"\u003eMicrosoft® .NET Framework\u003c/Data\u003e\u003cData Name=\"Company\"\u003eMicrosoft Corporation\u003c/Data\u003e\u003cData Name=\"OriginalFileName\"\u003emscoreei.dll\u003c/Data\u003e\u003cData Name=\"Hashes\"\u003eSHA1=1283EF637FA53D571118F269F9B8C0A5CCA2BF01,MD5=899A8B655E52A061B33571D97C5C06ED,SHA256=DE05B03E37FB9BA5D74CF8FA36A6F0B15AB61705285B738BC90D14FDE580A45E,IMPHASH=005299FA213F652A596AC31760C5340B\u003c/Data\u003e\u003cData Name=\"Signed\"\u003etrue\u003c/Data\u003e\u003cData Name=\"Signature\"\u003eMicrosoft Corporation\u003c/Data\u003e\u003cData Name=\"SignatureStatus\"\u003eValid\u003c/Data\u003e\u003cData Name=\"User\"\u003eFLAREVM\\malware\u003c/Data\u003e\u003c/EventData\u003e","Task":7,"RuleName":"technique_id=T1055,technique_name=Process Injection","UtcTime":"2023-02-28 15:54:56.198","ProcessGuid":"159466bb-23d0-63fe-7104-000000000e00","ProcessId":9096,"Image":"C:\\Windows\\System32\\rundll32.exe","ImageLoaded":"C:\\Windows\\Microsoft.NET\\Framework64\\v4.0.30319\\mscoreei.dll","FileVersion":"4.8.4180.0 built by: NET48REL1LAST_B","Description":"Microsoft .NET Runtime Execution Engine","Product":"Microsoft® .NET Framework","Company":"Microsoft Corporation","OriginalFileName":"mscoreei.dll","Hashes":"SHA1=1283EF637FA53D571118F269F9B8C0A5CCA2BF01,MD5=899A8B655E52A061B33571D97C5C06ED,SHA256=DE05B03E37FB9BA5D74CF8FA36A6F0B15AB61705285B738BC90D14FDE580A45E,IMPHASH=005299FA213F652A596AC31760C5340B","Signed":"true","Signature":"Microsoft Corporation","SignatureStatus":"Valid","User":"FLAREVM\\malware"},{"EventSourceName":"Microsoft-Windows-Sysmon","Provider":"Microsoft-Windows-Sysmon","ProviderGuid":"{5770385f-c22a-43e0-bf4c-06f5698ffbd9}","Level":"4","Keywords":"0x8000000000000000","Channel":"Microsoft-Windows-Sysmon/Operational","Computer":"FlareVM","TimeCreated":"2023-02-28T10:54:56.226Z","TimeGenerated":"2023-02-28T03:54:56.226Z","EventRecordID":"58211","EventID":7,"Message":"Image loaded:\r\nRuleName: technique_id=T1055,technique_name=Process Injection\r\nUtcTime: 2023-02-28 15:54:56.214\r\nProcessGuid: {159466bb-23d0-63fe-7104-000000000e00}\r\nProcessId: 9096\r\nImage: C:\\Windows\\System32\\rundll32.exe\r\nImageLoaded: C:\\Windows\\Microsoft.NET\\Framework64\\v4.0.30319\\clr.dll\r\nFileVersion: 4.8.4515.0 built by: NET48REL1LAST_C\r\nDescription: Microsoft .NET Runtime Common Language Runtime - WorkStation\r\nProduct: Microsoft® .NET Framework\r\nCompany: Microsoft Corporation\r\nOriginalFileName: clr.dll\r\nHashes: SHA1=61CBD7957B853E180D77DCB02EB48DE5E4269CDC,MD5=2B0E5597FF51A3A4D5BB2DDAB0214531,SHA256=8D09CE35C987EADCF01686BB559920951B0116985FE4FEB5A488A6A8F7C4BDB9,IMPHASH=259C196C67C4E02F941CAD54D9D9BB8A\r\nSigned: true\r\nSignature: Microsoft Corporation\r\nSignatureStatus: Valid\r\nUser: FLAREVM\\malware","EventData":"\u003cEventData xmlns=\"http://schemas.microsoft.com/win/2004/08/events/event\"\u003e\u003cData Name=\"RuleName\"\u003etechnique_id=T1055,technique_name=Process Injection\u003c/Data\u003e\u003cData Name=\"UtcTime\"\u003e2023-02-28 15:54:56.214\u003c/Data\u003e\u003cData Name=\"ProcessGuid\"\u003e{159466bb-23d0-63fe-7104-000000000e00}\u003c/Data\u003e\u003cData Name=\"ProcessId\"\u003e9096\u003c/Data\u003e\u003cData Name=\"Image\"\u003eC:\\Windows\\System32\\rundll32.exe\u003c/Data\u003e\u003cData Name=\"ImageLoaded\"\u003eC:\\Windows\\Microsoft.NET\\Framework64\\v4.0.30319\\clr.dll\u003c/Data\u003e\u003cData Name=\"FileVersion\"\u003e4.8.4515.0 built by: NET48REL1LAST_C\u003c/Data\u003e\u003cData Name=\"Description\"\u003eMicrosoft .NET Runtime Common Language Runtime - WorkStation\u003c/Data\u003e\u003cData Name=\"Product\"\u003eMicrosoft® .NET Framework\u003c/Data\u003e\u003cData Name=\"Company\"\u003eMicrosoft Corporation\u003c/Data\u003e\u003cData Name=\"OriginalFileName\"\u003eclr.dll\u003c/Data\u003e\u003cData Name=\"Hashes\"\u003eSHA1=61CBD7957B853E180D77DCB02EB48DE5E4269CDC,MD5=2B0E5597FF51A3A4D5BB2DDAB0214531,SHA256=8D09CE35C987EADCF01686BB559920951B0116985FE4FEB5A488A6A8F7C4BDB9,IMPHASH=259C196C67C4E02F941CAD54D9D9BB8A\u003c/Data\u003e\u003cData Name=\"Signed\"\u003etrue\u003c/Data\u003e\u003cData Name=\"Signature\"\u003eMicrosoft Corporation\u003c/Data\u003e\u003cData Name=\"SignatureStatus\"\u003eValid\u003c/Data\u003e\u003cData Name=\"User\"\u003eFLAREVM\\malware\u003c/Data\u003e\u003c/EventData\u003e","Task":7,"RuleName":"technique_id=T1055,technique_name=Process Injection","UtcTime":"2023-02-28 15:54:56.214","ProcessGuid":"159466bb-23d0-63fe-7104-000000000e00","ProcessId":9096,"Image":"C:\\Windows\\System32\\rundll32.exe","ImageLoaded":"C:\\Windows\\Microsoft.NET\\Framework64\\v4.0.30319\\clr.dll","FileVersion":"4.8.4515.0 built by: NET48REL1LAST_C","Description":"Microsoft .NET Runtime Common Language Runtime - WorkStation","Product":"Microsoft® .NET Framework","Company":"Microsoft Corporation","OriginalFileName":"clr.dll","Hashes":"SHA1=61CBD7957B853E180D77DCB02EB48DE5E4269CDC,MD5=2B0E5597FF51A3A4D5BB2DDAB0214531,SHA256=8D09CE35C987EADCF01686BB559920951B0116985FE4FEB5A488A6A8F7C4BDB9,IMPHASH=259C196C67C4E02F941CAD54D9D9BB8A","Signed":"true","Signature":"Microsoft Corporation","SignatureStatus":"Valid","User":"FLAREVM\\malware"},{"EventSourceName":"Microsoft-Windows-Sysmon","Provider":"Microsoft-Windows-Sysmon","ProviderGuid":"{5770385f-c22a-43e0-bf4c-06f5698ffbd9}","Level":"4","Keywords":"0x8000000000000000","Channel":"Microsoft-Windows-Sysmon/Operational","Computer":"FlareVM","TimeCreated":"2023-02-28T10:54:56.230Z","TimeGenerated":"2023-02-28T03:54:56.230Z","EventRecordID":"58212","EventID":7,"Message":"Image loaded:\r\nRuleName: technique_id=T1055,technique_name=Process Injection\r\nUtcTime: 2023-02-28 15:54:56.229\r\nProcessGuid: {159466bb-23d0-63fe-7104-000000000e00}\r\nProcessId: 9096\r\nImage: C:\\Windows\\System32\\rundll32.exe\r\nImageLoaded: C:\\Windows\\assembly\\NativeImages_v4.0.30319_64\\mscorlib\\b8493bec853ac702d2188091d76ccffa\\mscorlib.ni.dll\r\nFileVersion: 4.8.4515.0 built by: NET48REL1LAST_C\r\nDescription: Microsoft Common Language Runtime Class Library\r\nProduct: Microsoft® .NET Framework\r\nCompany: Microsoft Corporation\r\nOriginalFileName: mscorlib.dll\r\nHashes: SHA1=E427979206921D4FDD5A0621540DC133FBD34A57,MD5=4D9E5CCCDA6B1397A94DE4AABC3FDF3E,SHA256=94687549554CD1915C41AF49DF0DFEC8A0C04F1D2E26907329A60ACB287414AA,IMPHASH=00000000000000000000000000000000\r\nSigned: true\r\nSignature: Microsoft Corporation\r\nSignatureStatus: Valid\r\nUser: FLAREVM\\malware","EventData":"\u003cEventData xmlns=\"http://schemas.microsoft.com/win/2004/08/events/event\"\u003e\u003cData Name=\"RuleName\"\u003etechnique_id=T1055,technique_name=Process Injection\u003c/Data\u003e\u003cData Name=\"UtcTime\"\u003e2023-02-28 15:54:56.229\u003c/Data\u003e\u003cData Name=\"ProcessGuid\"\u003e{159466bb-23d0-63fe-7104-000000000e00}\u003c/Data\u003e\u003cData Name=\"ProcessId\"\u003e9096\u003c/Data\u003e\u003cData Name=\"Image\"\u003eC:\\Windows\\System32\\rundll32.exe\u003c/Data\u003e\u003cData Name=\"ImageLoaded\"\u003eC:\\Windows\\assembly\\NativeImages_v4.0.30319_64\\mscorlib\\b8493bec853ac702d2188091d76ccffa\\mscorlib.ni.dll\u003c/Data\u003e\u003cData Name=\"FileVersion\"\u003e4.8.4515.0 built by: NET48REL1LAST_C\u003c/Data\u003e\u003cData Name=\"Description\"\u003eMicrosoft Common Language Runtime Class Library\u003c/Data\u003e\u003cData Name=\"Product\"\u003eMicrosoft® .NET Framework\u003c/Data\u003e\u003cData Name=\"Company\"\u003eMicrosoft Corporation\u003c/Data\u003e\u003cData Name=\"OriginalFileName\"\u003emscorlib.dll\u003c/Data\u003e\u003cData Name=\"Hashes\"\u003eSHA1=E427979206921D4FDD5A0621540DC133FBD34A57,MD5=4D9E5CCCDA6B1397A94DE4AABC3FDF3E,SHA256=94687549554CD1915C41AF49DF0DFEC8A0C04F1D2E26907329A60ACB287414AA,IMPHASH=00000000000000000000000000000000\u003c/Data\u003e\u003cData Name=\"Signed\"\u003etrue\u003c/Data\u003e\u003cData Name=\"Signature\"\u003eMicrosoft Corporation\u003c/Data\u003e\u003cData Name=\"SignatureStatus\"\u003eValid\u003c/Data\u003e\u003cData Name=\"User\"\u003eFLAREVM\\malware\u003c/Data\u003e\u003c/EventData\u003e","Task":7,"RuleName":"technique_id=T1055,technique_name=Process Injection","UtcTime":"2023-02-28 15:54:56.229","ProcessGuid":"159466bb-23d0-63fe-7104-000000000e00","ProcessId":9096,"Image":"C:\\Windows\\System32\\rundll32.exe","ImageLoaded":"C:\\Windows\\assembly\\NativeImages_v4.0.30319_64\\mscorlib\\b8493bec853ac702d2188091d76ccffa\\mscorlib.ni.dll","FileVersion":"4.8.4515.0 built by: NET48REL1LAST_C","Description":"Microsoft Common Language Runtime Class Library","Product":"Microsoft® .NET Framework","Company":"Microsoft Corporation","OriginalFileName":"mscorlib.dll","Hashes":"SHA1=E427979206921D4FDD5A0621540DC133FBD34A57,MD5=4D9E5CCCDA6B1397A94DE4AABC3FDF3E,SHA256=94687549554CD1915C41AF49DF0DFEC8A0C04F1D2E26907329A60ACB287414AA,IMPHASH=00000000000000000000000000000000","Signed":"true","Signature":"Microsoft Corporation","SignatureStatus":"Valid","User":"FLAREVM\\malware"},{"EventSourceName":"Microsoft-Windows-Sysmon","Provider":"Microsoft-Windows-Sysmon","ProviderGuid":"{5770385f-c22a-43e0-bf4c-06f5698ffbd9}","Level":"4","Keywords":"0x8000000000000000","Channel":"Microsoft-Windows-Sysmon/Operational","Computer":"FlareVM","TimeCreated":"2023-02-28T10:54:56.233Z","TimeGenerated":"2023-02-28T03:54:56.233Z","EventRecordID":"58213","EventID":7,"Message":"Image loaded:\r\nRuleName: technique_id=T1055,technique_name=Process Injection\r\nUtcTime: 2023-02-28 15:54:56.229\r\nProcessGuid: {159466bb-23d0-63fe-7104-000000000e00}\r\nProcessId: 9096\r\nImage: C:\\Windows\\System32\\rundll32.exe\r\nImageLoaded: C:\\Windows\\Microsoft.NET\\Framework64\\v4.0.30319\\clrjit.dll\r\nFileVersion: 4.8.4515.0 built by: NET48REL1LAST_C\r\nDescription: Microsoft .NET Runtime Just-In-Time Compiler\r\nProduct: Microsoft® .NET Framework\r\nCompany: Microsoft Corporation\r\nOriginalFileName: clrjit.dll\r\nHashes: SHA1=C3E3D29C6A448F47B2D463DC0D974D939B773C6C,MD5=C5D469C303E0AA87A2C9DF1730B7C4C4,SHA256=8A3CD3CF2249E9971806B15C75A892E6A44CCA5FF5EA5CA89FDA951CD2C09AA9,IMPHASH=9F2B44B648DE13A18C1ABC07250B85C2\r\nSigned: true\r\nSignature: Microsoft Corporation\r\nSignatureStatus: Valid\r\nUser: FLAREVM\\malware","EventData":"\u003cEventData xmlns=\"http://schemas.microsoft.com/win/2004/08/events/event\"\u003e\u003cData Name=\"RuleName\"\u003etechnique_id=T1055,technique_name=Process Injection\u003c/Data\u003e\u003cData Name=\"UtcTime\"\u003e2023-02-28 15:54:56.229\u003c/Data\u003e\u003cData Name=\"ProcessGuid\"\u003e{159466bb-23d0-63fe-7104-000000000e00}\u003c/Data\u003e\u003cData Name=\"ProcessId\"\u003e9096\u003c/Data\u003e\u003cData Name=\"Image\"\u003eC:\\Windows\\System32\\rundll32.exe\u003c/Data\u003e\u003cData Name=\"ImageLoaded\"\u003eC:\\Windows\\Microsoft.NET\\Framework64\\v4.0.30319\\clrjit.dll\u003c/Data\u003e\u003cData Name=\"FileVersion\"\u003e4.8.4515.0 built by: NET48REL1LAST_C\u003c/Data\u003e\u003cData Name=\"Description\"\u003eMicrosoft .NET Runtime Just-In-Time Compiler\u003c/Data\u003e\u003cData Name=\"Product\"\u003eMicrosoft® .NET Framework\u003c/Data\u003e\u003cData Name=\"Company\"\u003eMicrosoft Corporation\u003c/Data\u003e\u003cData Name=\"OriginalFileName\"\u003eclrjit.dll\u003c/Data\u003e\u003cData Name=\"Hashes\"\u003eSHA1=C3E3D29C6A448F47B2D463DC0D974D939B773C6C,MD5=C5D469C303E0AA87A2C9DF1730B7C4C4,SHA256=8A3CD3CF2249E9971806B15C75A892E6A44CCA5FF5EA5CA89FDA951CD2C09AA9,IMPHASH=9F2B44B648DE13A18C1ABC07250B85C2\u003c/Data\u003e\u003cData Name=\"Signed\"\u003etrue\u003c/Data\u003e\u003cData Name=\"Signature\"\u003eMicrosoft Corporation\u003c/Data\u003e\u003cData Name=\"SignatureStatus\"\u003eValid\u003c/Data\u003e\u003cData Name=\"User\"\u003eFLAREVM\\malware\u003c/Data\u003e\u003c/EventData\u003e","Task":7,"RuleName":"technique_id=T1055,technique_name=Process Injection","UtcTime":"2023-02-28 15:54:56.229","ProcessGuid":"159466bb-23d0-63fe-7104-000000000e00","ProcessId":9096,"Image":"C:\\Windows\\System32\\rundll32.exe","ImageLoaded":"C:\\Windows\\Microsoft.NET\\Framework64\\v4.0.30319\\clrjit.dll","FileVersion":"4.8.4515.0 built by: NET48REL1LAST_C","Description":"Microsoft .NET Runtime Just-In-Time Compiler","Product":"Microsoft® .NET Framework","Company":"Microsoft Corporation","OriginalFileName":"clrjit.dll","Hashes":"SHA1=C3E3D29C6A448F47B2D463DC0D974D939B773C6C,MD5=C5D469C303E0AA87A2C9DF1730B7C4C4,SHA256=8A3CD3CF2249E9971806B15C75A892E6A44CCA5FF5EA5CA89FDA951CD2C09AA9,IMPHASH=9F2B44B648DE13A18C1ABC07250B85C2","Signed":"true","Signature":"Microsoft Corporation","SignatureStatus":"Valid","User":"FLAREVM\\malware"},{"EventSourceName":"Microsoft-Windows-Sysmon","Provider":"Microsoft-Windows-Sysmon","ProviderGuid":"{5770385f-c22a-43e0-bf4c-06f5698ffbd9}","Level":"4","Keywords":"0x8000000000000000","Channel":"Microsoft-Windows-Sysmon/Operational","Computer":"FlareVM","TimeCreated":"2023-02-28T10:54:56.259Z","TimeGenerated":"2023-02-28T03:54:56.259Z","EventRecordID":"58214","EventID":7,"Message":"Image loaded:\r\nRuleName: -\r\nUtcTime: 2023-02-28 15:54:56.246\r\nProcessGuid: {159466bb-23d0-63fe-7104-000000000e00}\r\nProcessId: 9096\r\nImage: C:\\Windows\\System32\\rundll32.exe\r\nImageLoaded: C:\\Windows\\System32\\urlmon.dll\r\nFileVersion: 11.00.19041.2251 (WinBuild.160101.0800)\r\nDescription: OLE32 Extensions for Win32\r\nProduct: Internet Explorer\r\nCompany: Microsoft Corporation\r\nOriginalFileName: UrlMon.dll\r\nHashes: SHA1=472A22D366AB3DD18A64B2BB0278D643150CD112,MD5=B5A9E66D74744B0A2C9116AB3850BFF2,SHA256=3B3527B6F43C846B7D5126AA09B6F73917F4B75636CE4D70D7156F6929C9C6E7,IMPHASH=EE27AF2B266369D4948EF61D88BA304C\r\nSigned: true\r\nSignature: Microsoft Windows\r\nSignatureStatus: Valid\r\nUser: FLAREVM\\malware","EventData":"\u003cEventData xmlns=\"http://schemas.microsoft.com/win/2004/08/events/event\"\u003e\u003cData Name=\"RuleName\"\u003e-\u003c/Data\u003e\u003cData Name=\"UtcTime\"\u003e2023-02-28 15:54:56.246\u003c/Data\u003e\u003cData Name=\"ProcessGuid\"\u003e{159466bb-23d0-63fe-7104-000000000e00}\u003c/Data\u003e\u003cData Name=\"ProcessId\"\u003e9096\u003c/Data\u003e\u003cData Name=\"Image\"\u003eC:\\Windows\\System32\\rundll32.exe\u003c/Data\u003e\u003cData Name=\"ImageLoaded\"\u003eC:\\Windows\\System32\\urlmon.dll\u003c/Data\u003e\u003cData Name=\"FileVersion\"\u003e11.00.19041.2251 (WinBuild.160101.0800)\u003c/Data\u003e\u003cData Name=\"Description\"\u003eOLE32 Extensions for Win32\u003c/Data\u003e\u003cData Name=\"Product\"\u003eInternet Explorer\u003c/Data\u003e\u003cData Name=\"Company\"\u003eMicrosoft Corporation\u003c/Data\u003e\u003cData Name=\"OriginalFileName\"\u003eUrlMon.dll\u003c/Data\u003e\u003cData Name=\"Hashes\"\u003eSHA1=472A22D366AB3DD18A64B2BB0278D643150CD112,MD5=B5A9E66D74744B0A2C9116AB3850BFF2,SHA256=3B3527B6F43C846B7D5126AA09B6F73917F4B75636CE4D70D7156F6929C9C6E7,IMPHASH=EE27AF2B266369D4948EF61D88BA304C\u003c/Data\u003e\u003cData Name=\"Signed\"\u003etrue\u003c/Data\u003e\u003cData Name=\"Signature\"\u003eMicrosoft Windows\u003c/Data\u003e\u003cData Name=\"SignatureStatus\"\u003eValid\u003c/Data\u003e\u003cData Name=\"User\"\u003eFLAREVM\\malware\u003c/Data\u003e\u003c/EventData\u003e","Task":7,"RuleName":"-","UtcTime":"2023-02-28 15:54:56.246","ProcessGuid":"159466bb-23d0-63fe-7104-000000000e00","ProcessId":9096,"Image":"C:\\Windows\\System32\\rundll32.exe","ImageLoaded":"C:\\Windows\\System32\\urlmon.dll","FileVersion":"11.00.19041.2251 (WinBuild.160101.0800)","Description":"OLE32 Extensions for Win32","Product":"Internet Explorer","Company":"Microsoft Corporation","OriginalFileName":"UrlMon.dll","Hashes":"SHA1=472A22D366AB3DD18A64B2BB0278D643150CD112,MD5=B5A9E66D74744B0A2C9116AB3850BFF2,SHA256=3B3527B6F43C846B7D5126AA09B6F73917F4B75636CE4D70D7156F6929C9C6E7,IMPHASH=EE27AF2B266369D4948EF61D88BA304C","Signed":"true","Signature":"Microsoft Windows","SignatureStatus":"Valid","User":"FLAREVM\\malware"},{"EventSourceName":"Microsoft-Windows-Sysmon","Provider":"Microsoft-Windows-Sysmon","ProviderGuid":"{5770385f-c22a-43e0-bf4c-06f5698ffbd9}","Level":"4","Keywords":"0x8000000000000000","Channel":"Microsoft-Windows-Sysmon/Operational","Computer":"FlareVM","TimeCreated":"2023-02-28T10:54:56.289Z","TimeGenerated":"2023-02-28T03:54:56.289Z","EventRecordID":"58215","EventID":11,"Message":"File created:\r\nRuleName: technique_id=T1574.010,technique_name=Services File Permissions Weakness\r\nUtcTime: 2023-02-28 15:54:56.276\r\nProcessGuid: {159466bb-3a6b-63f6-2900-000000000e00}\r\nProcessId: 1844\r\nImage: C:\\Windows\\system32\\svchost.exe\r\nTargetFilename: C:\\Windows\\Prefetch\\RUNDLL32.EXE-6C8D150C.pf\r\nCreationUtcTime: 2023-02-28 15:53:13.839\r\nUser: NT AUTHORITY\\SYSTEM","EventData":"\u003cEventData xmlns=\"http://schemas.microsoft.com/win/2004/08/events/event\"\u003e\u003cData Name=\"RuleName\"\u003etechnique_id=T1574.010,technique_name=Services File Permissions Weakness\u003c/Data\u003e\u003cData Name=\"UtcTime\"\u003e2023-02-28 15:54:56.276\u003c/Data\u003e\u003cData Name=\"ProcessGuid\"\u003e{159466bb-3a6b-63f6-2900-000000000e00}\u003c/Data\u003e\u003cData Name=\"ProcessId\"\u003e1844\u003c/Data\u003e\u003cData Name=\"Image\"\u003eC:\\Windows\\system32\\svchost.exe\u003c/Data\u003e\u003cData Name=\"TargetFilename\"\u003eC:\\Windows\\Prefetch\\RUNDLL32.EXE-6C8D150C.pf\u003c/Data\u003e\u003cData Name=\"CreationUtcTime\"\u003e2023-02-28 15:53:13.839\u003c/Data\u003e\u003cData Name=\"User\"\u003eNT AUTHORITY\\SYSTEM\u003c/Data\u003e\u003c/EventData\u003e","Task":11,"RuleName":"technique_id=T1574.010,technique_name=Services File Permissions Weakness","UtcTime":"2023-02-28 15:54:56.276","ProcessGuid":"159466bb-3a6b-63f6-2900-000000000e00","ProcessId":1844,"Image":"C:\\Windows\\system32\\svchost.exe","TargetFilename":"C:\\Windows\\Prefetch\\RUNDLL32.EXE-6C8D150C.pf","CreationUtcTime":"2023-02-28 15:53:13.839","User":"NT AUTHORITY\\SYSTEM"},{"EventSourceName":"Microsoft-Windows-Sysmon","Provider":"Microsoft-Windows-Sysmon","ProviderGuid":"{5770385f-c22a-43e0-bf4c-06f5698ffbd9}","Level":"4","Keywords":"0x8000000000000000","Channel":"Microsoft-Windows-Sysmon/Operational","Computer":"FlareVM","TimeCreated":"2023-02-28T10:54:56.299Z","TimeGenerated":"2023-02-28T03:54:56.299Z","EventRecordID":"58216","EventID":7,"Message":"Image loaded:\r\nRuleName: -\r\nUtcTime: 2023-02-28 15:54:56.292\r\nProcessGuid: {159466bb-23d0-63fe-7204-000000000e00}\r\nProcessId: 5560\r\nImage: C:\\Windows\\System32\\calc.exe\r\nImageLoaded: C:\\Windows\\System32\\urlmon.dll\r\nFileVersion: 11.00.19041.2251 (WinBuild.160101.0800)\r\nDescription: OLE32 Extensions for Win32\r\nProduct: Internet Explorer\r\nCompany: Microsoft Corporation\r\nOriginalFileName: UrlMon.dll\r\nHashes: SHA1=472A22D366AB3DD18A64B2BB0278D643150CD112,MD5=B5A9E66D74744B0A2C9116AB3850BFF2,SHA256=3B3527B6F43C846B7D5126AA09B6F73917F4B75636CE4D70D7156F6929C9C6E7,IMPHASH=EE27AF2B266369D4948EF61D88BA304C\r\nSigned: true\r\nSignature: Microsoft Windows\r\nSignatureStatus: Valid\r\nUser: FLAREVM\\malware","EventData":"\u003cEventData xmlns=\"http://schemas.microsoft.com/win/2004/08/events/event\"\u003e\u003cData Name=\"RuleName\"\u003e-\u003c/Data\u003e\u003cData Name=\"UtcTime\"\u003e2023-02-28 15:54:56.292\u003c/Data\u003e\u003cData Name=\"ProcessGuid\"\u003e{159466bb-23d0-63fe-7204-000000000e00}\u003c/Data\u003e\u003cData Name=\"ProcessId\"\u003e5560\u003c/Data\u003e\u003cData Name=\"Image\"\u003eC:\\Windows\\System32\\calc.exe\u003c/Data\u003e\u003cData Name=\"ImageLoaded\"\u003eC:\\Windows\\System32\\urlmon.dll\u003c/Data\u003e\u003cData Name=\"FileVersion\"\u003e11.00.19041.2251 (WinBuild.160101.0800)\u003c/Data\u003e\u003cData Name=\"Description\"\u003eOLE32 Extensions for Win32\u003c/Data\u003e\u003cData Name=\"Product\"\u003eInternet Explorer\u003c/Data\u003e\u003cData Name=\"Company\"\u003eMicrosoft Corporation\u003c/Data\u003e\u003cData Name=\"OriginalFileName\"\u003eUrlMon.dll\u003c/Data\u003e\u003cData Name=\"Hashes\"\u003eSHA1=472A22D366AB3DD18A64B2BB0278D643150CD112,MD5=B5A9E66D74744B0A2C9116AB3850BFF2,SHA256=3B3527B6F43C846B7D5126AA09B6F73917F4B75636CE4D70D7156F6929C9C6E7,IMPHASH=EE27AF2B266369D4948EF61D88BA304C\u003c/Data\u003e\u003cData Name=\"Signed\"\u003etrue\u003c/Data\u003e\u003cData Name=\"Signature\"\u003eMicrosoft Windows\u003c/Data\u003e\u003cData Name=\"SignatureStatus\"\u003eValid\u003c/Data\u003e\u003cData Name=\"User\"\u003eFLAREVM\\malware\u003c/Data\u003e\u003c/EventData\u003e","Task":7,"RuleName":"-","UtcTime":"2023-02-28 15:54:56.292","ProcessGuid":"159466bb-23d0-63fe-7204-000000000e00","ProcessId":5560,"Image":"C:\\Windows\\System32\\calc.exe","ImageLoaded":"C:\\Windows\\System32\\urlmon.dll","FileVersion":"11.00.19041.2251 (WinBuild.160101.0800)","Description":"OLE32 Extensions for Win32","Product":"Internet Explorer","Company":"Microsoft Corporation","OriginalFileName":"UrlMon.dll","Hashes":"SHA1=472A22D366AB3DD18A64B2BB0278D643150CD112,MD5=B5A9E66D74744B0A2C9116AB3850BFF2,SHA256=3B3527B6F43C846B7D5126AA09B6F73917F4B75636CE4D70D7156F6929C9C6E7,IMPHASH=EE27AF2B266369D4948EF61D88BA304C","Signed":"true","Signature":"Microsoft Windows","SignatureStatus":"Valid","User":"FLAREVM\\malware"},{"EventSourceName":"Microsoft-Windows-Sysmon","Provider":"Microsoft-Windows-Sysmon","ProviderGuid":"{5770385f-c22a-43e0-bf4c-06f5698ffbd9}","Level":"4","Keywords":"0x8000000000000000","Channel":"Microsoft-Windows-Sysmon/Operational","Computer":"FlareVM","TimeCreated":"2023-02-28T10:54:56.432Z","TimeGenerated":"2023-02-28T03:54:56.432Z","EventRecordID":"58217","EventID":13,"Message":"Registry value set:\r\nRuleName: technique_id=T1543,technique_name=Service Creation\r\nEventType: SetValue\r\nUtcTime: 2023-02-28 15:54:56.417\r\nProcessGuid: {159466bb-3a6b-63f6-0d00-000000000e00}\r\nProcessId: 860\r\nImage: C:\\Windows\\system32\\svchost.exe\r\nTargetObject: HKLM\\System\\CurrentControlSet\\Services\\bam\\State\\UserSettings\\S-1-5-21-2199682790-2533951109-4136935257-1001\\Microsoft.WindowsCalculator_8wekyb3d8bbwe\r\nDetails: Binary Data\r\nUser: NT AUTHORITY\\SYSTEM","EventData":"\u003cEventData xmlns=\"http://schemas.microsoft.com/win/2004/08/events/event\"\u003e\u003cData Name=\"RuleName\"\u003etechnique_id=T1543,technique_name=Service Creation\u003c/Data\u003e\u003cData Name=\"EventType\"\u003eSetValue\u003c/Data\u003e\u003cData Name=\"UtcTime\"\u003e2023-02-28 15:54:56.417\u003c/Data\u003e\u003cData Name=\"ProcessGuid\"\u003e{159466bb-3a6b-63f6-0d00-000000000e00}\u003c/Data\u003e\u003cData Name=\"ProcessId\"\u003e860\u003c/Data\u003e\u003cData Name=\"Image\"\u003eC:\\Windows\\system32\\svchost.exe\u003c/Data\u003e\u003cData Name=\"TargetObject\"\u003eHKLM\\System\\CurrentControlSet\\Services\\bam\\State\\UserSettings\\S-1-5-21-2199682790-2533951109-4136935257-1001\\Microsoft.WindowsCalculator_8wekyb3d8bbwe\u003c/Data\u003e\u003cData Name=\"Details\"\u003eBinary Data\u003c/Data\u003e\u003cData Name=\"User\"\u003eNT AUTHORITY\\SYSTEM\u003c/Data\u003e\u003c/EventData\u003e","Task":13,"RuleName":"technique_id=T1543,technique_name=Service Creation","EventType":"SetValue","UtcTime":"2023-02-28 15:54:56.417","ProcessGuid":"159466bb-3a6b-63f6-0d00-000000000e00","ProcessId":860,"Image":"C:\\Windows\\system32\\svchost.exe","TargetObject":"HKLM\\System\\CurrentControlSet\\Services\\bam\\State\\UserSettings\\S-1-5-21-2199682790-2533951109-4136935257-1001\\Microsoft.WindowsCalculator_8wekyb3d8bbwe","Details":"Binary Data","User":"NT AUTHORITY\\SYSTEM"},{"EventSourceName":"Microsoft-Windows-Sysmon","Provider":"Microsoft-Windows-Sysmon","ProviderGuid":"{5770385f-c22a-43e0-bf4c-06f5698ffbd9}","Level":"4","Keywords":"0x8000000000000000","Channel":"Microsoft-Windows-Sysmon/Operational","Computer":"FlareVM","TimeCreated":"2023-02-28T10:54:56.578Z","TimeGenerated":"2023-02-28T03:54:56.578Z","EventRecordID":"58218","EventID":7,"Message":"Image loaded:\r\nRuleName: -\r\nUtcTime: 2023-02-28 15:54:56.564\r\nProcessGuid: {159466bb-23d0-63fe-7304-000000000e00}\r\nProcessId: 9044\r\nImage: C:\\Program Files\\WindowsApps\\Microsoft.WindowsCalculator_11.2210.0.0_x64__8wekyb3d8bbwe\\CalculatorApp.exe\r\nImageLoaded: C:\\Windows\\System32\\urlmon.dll\r\nFileVersion: 11.00.19041.2251 (WinBuild.160101.0800)\r\nDescription: OLE32 Extensions for Win32\r\nProduct: Internet Explorer\r\nCompany: Microsoft Corporation\r\nOriginalFileName: UrlMon.dll\r\nHashes: SHA1=472A22D366AB3DD18A64B2BB0278D643150CD112,MD5=B5A9E66D74744B0A2C9116AB3850BFF2,SHA256=3B3527B6F43C846B7D5126AA09B6F73917F4B75636CE4D70D7156F6929C9C6E7,IMPHASH=EE27AF2B266369D4948EF61D88BA304C\r\nSigned: true\r\nSignature: Microsoft Windows\r\nSignatureStatus: Valid\r\nUser: FLAREVM\\malware","EventData":"\u003cEventData xmlns=\"http://schemas.microsoft.com/win/2004/08/events/event\"\u003e\u003cData Name=\"RuleName\"\u003e-\u003c/Data\u003e\u003cData Name=\"UtcTime\"\u003e2023-02-28 15:54:56.564\u003c/Data\u003e\u003cData Name=\"ProcessGuid\"\u003e{159466bb-23d0-63fe-7304-000000000e00}\u003c/Data\u003e\u003cData Name=\"ProcessId\"\u003e9044\u003c/Data\u003e\u003cData Name=\"Image\"\u003eC:\\Program Files\\WindowsApps\\Microsoft.WindowsCalculator_11.2210.0.0_x64__8wekyb3d8bbwe\\CalculatorApp.exe\u003c/Data\u003e\u003cData Name=\"ImageLoaded\"\u003eC:\\Windows\\System32\\urlmon.dll\u003c/Data\u003e\u003cData Name=\"FileVersion\"\u003e11.00.19041.2251 (WinBuild.160101.0800)\u003c/Data\u003e\u003cData Name=\"Description\"\u003eOLE32 Extensions for Win32\u003c/Data\u003e\u003cData Name=\"Product\"\u003eInternet Explorer\u003c/Data\u003e\u003cData Name=\"Company\"\u003eMicrosoft Corporation\u003c/Data\u003e\u003cData Name=\"OriginalFileName\"\u003eUrlMon.dll\u003c/Data\u003e\u003cData Name=\"Hashes\"\u003eSHA1=472A22D366AB3DD18A64B2BB0278D643150CD112,MD5=B5A9E66D74744B0A2C9116AB3850BFF2,SHA256=3B3527B6F43C846B7D5126AA09B6F73917F4B75636CE4D70D7156F6929C9C6E7,IMPHASH=EE27AF2B266369D4948EF61D88BA304C\u003c/Data\u003e\u003cData Name=\"Signed\"\u003etrue\u003c/Data\u003e\u003cData Name=\"Signature\"\u003eMicrosoft Windows\u003c/Data\u003e\u003cData Name=\"SignatureStatus\"\u003eValid\u003c/Data\u003e\u003cData Name=\"User\"\u003eFLAREVM\\malware\u003c/Data\u003e\u003c/EventData\u003e","Task":7,"RuleName":"-","UtcTime":"2023-02-28 15:54:56.564","ProcessGuid":"159466bb-23d0-63fe-7304-000000000e00","ProcessId":9044,"Image":"C:\\Program Files\\WindowsApps\\Microsoft.WindowsCalculator_11.2210.0.0_x64__8wekyb3d8bbwe\\CalculatorApp.exe","ImageLoaded":"C:\\Windows\\System32\\urlmon.dll","FileVersion":"11.00.19041.2251 (WinBuild.160101.0800)","Description":"OLE32 Extensions for Win32","Product":"Internet Explorer","Company":"Microsoft Corporation","OriginalFileName":"UrlMon.dll","Hashes":"SHA1=472A22D366AB3DD18A64B2BB0278D643150CD112,MD5=B5A9E66D74744B0A2C9116AB3850BFF2,SHA256=3B3527B6F43C846B7D5126AA09B6F73917F4B75636CE4D70D7156F6929C9C6E7,IMPHASH=EE27AF2B266369D4948EF61D88BA304C","Signed":"true","Signature":"Microsoft Windows","SignatureStatus":"Valid","User":"FLAREVM\\malware"},{"EventSourceName":"Microsoft-Windows-Sysmon","Provider":"Microsoft-Windows-Sysmon","ProviderGuid":"{5770385f-c22a-43e0-bf4c-06f5698ffbd9}","Level":"4","Keywords":"0x8000000000000000","Channel":"Microsoft-Windows-Sysmon/Operational","Computer":"FlareVM","TimeCreated":"2023-02-28T10:54:56.823Z","TimeGenerated":"2023-02-28T03:54:56.823Z","EventRecordID":"58219","EventID":11,"Message":"File created:\r\nRuleName: technique_id=T1574.010,technique_name=Services File Permissions Weakness\r\nUtcTime: 2023-02-28 15:54:56.813\r\nProcessGuid: {159466bb-3a6b-63f6-2900-000000000e00}\r\nProcessId: 1844\r\nImage: C:\\Windows\\system32\\svchost.exe\r\nTargetFilename: C:\\Windows\\Prefetch\\CALC.EXE-43F37294.pf\r\nCreationUtcTime: 2023-02-28 15:53:14.093\r\nUser: NT AUTHORITY\\SYSTEM","EventData":"\u003cEventData xmlns=\"http://schemas.microsoft.com/win/2004/08/events/event\"\u003e\u003cData Name=\"RuleName\"\u003etechnique_id=T1574.010,technique_name=Services File Permissions Weakness\u003c/Data\u003e\u003cData Name=\"UtcTime\"\u003e2023-02-28 15:54:56.813\u003c/Data\u003e\u003cData Name=\"ProcessGuid\"\u003e{159466bb-3a6b-63f6-2900-000000000e00}\u003c/Data\u003e\u003cData Name=\"ProcessId\"\u003e1844\u003c/Data\u003e\u003cData Name=\"Image\"\u003eC:\\Windows\\system32\\svchost.exe\u003c/Data\u003e\u003cData Name=\"TargetFilename\"\u003eC:\\Windows\\Prefetch\\CALC.EXE-43F37294.pf\u003c/Data\u003e\u003cData Name=\"CreationUtcTime\"\u003e2023-02-28 15:53:14.093\u003c/Data\u003e\u003cData Name=\"User\"\u003eNT AUTHORITY\\SYSTEM\u003c/Data\u003e\u003c/EventData\u003e","Task":11,"RuleName":"technique_id=T1574.010,technique_name=Services File Permissions Weakness","UtcTime":"2023-02-28 15:54:56.813","ProcessGuid":"159466bb-3a6b-63f6-2900-000000000e00","ProcessId":1844,"Image":"C:\\Windows\\system32\\svchost.exe","TargetFilename":"C:\\Windows\\Prefetch\\CALC.EXE-43F37294.pf","CreationUtcTime":"2023-02-28 15:53:14.093","User":"NT AUTHORITY\\SYSTEM"},{"EventSourceName":"Microsoft-Windows-Sysmon","Provider":"Microsoft-Windows-Sysmon","ProviderGuid":"{5770385f-c22a-43e0-bf4c-06f5698ffbd9}","Level":"4","Keywords":"0x8000000000000000","Channel":"Microsoft-Windows-Sysmon/Operational","Computer":"FlareVM","TimeCreated":"2023-02-28T10:54:57.165Z","TimeGenerated":"2023-02-28T03:54:57.165Z","EventRecordID":"58220","EventID":13,"Message":"Registry value set:\r\nRuleName: technique_id=T1543,technique_name=Service Creation\r\nEventType: SetValue\r\nUtcTime: 2023-02-28 15:54:57.158\r\nProcessGuid: {159466bb-3a6b-63f6-0d00-000000000e00}\r\nProcessId: 860\r\nImage: C:\\Windows\\system32\\svchost.exe\r\nTargetObject: HKLM\\System\\CurrentControlSet\\Services\\bam\\State\\UserSettings\\S-1-5-21-2199682790-2533951109-4136935257-1001\\Microsoft.WindowsCalculator_8wekyb3d8bbwe\r\nDetails: Binary Data\r\nUser: NT AUTHORITY\\SYSTEM","EventData":"\u003cEventData xmlns=\"http://schemas.microsoft.com/win/2004/08/events/event\"\u003e\u003cData Name=\"RuleName\"\u003etechnique_id=T1543,technique_name=Service Creation\u003c/Data\u003e\u003cData Name=\"EventType\"\u003eSetValue\u003c/Data\u003e\u003cData Name=\"UtcTime\"\u003e2023-02-28 15:54:57.158\u003c/Data\u003e\u003cData Name=\"ProcessGuid\"\u003e{159466bb-3a6b-63f6-0d00-000000000e00}\u003c/Data\u003e\u003cData Name=\"ProcessId\"\u003e860\u003c/Data\u003e\u003cData Name=\"Image\"\u003eC:\\Windows\\system32\\svchost.exe\u003c/Data\u003e\u003cData Name=\"TargetObject\"\u003eHKLM\\System\\CurrentControlSet\\Services\\bam\\State\\UserSettings\\S-1-5-21-2199682790-2533951109-4136935257-1001\\Microsoft.WindowsCalculator_8wekyb3d8bbwe\u003c/Data\u003e\u003cData Name=\"Details\"\u003eBinary Data\u003c/Data\u003e\u003cData Name=\"User\"\u003eNT AUTHORITY\\SYSTEM\u003c/Data\u003e\u003c/EventData\u003e","Task":13,"RuleName":"technique_id=T1543,technique_name=Service Creation","EventType":"SetValue","UtcTime":"2023-02-28 15:54:57.158","ProcessGuid":"159466bb-3a6b-63f6-0d00-000000000e00","ProcessId":860,"Image":"C:\\Windows\\system32\\svchost.exe","TargetObject":"HKLM\\System\\CurrentControlSet\\Services\\bam\\State\\UserSettings\\S-1-5-21-2199682790-2533951109-4136935257-1001\\Microsoft.WindowsCalculator_8wekyb3d8bbwe","Details":"Binary Data","User":"NT AUTHORITY\\SYSTEM"},{"EventSourceName":"Microsoft-Windows-Sysmon","Provider":"Microsoft-Windows-Sysmon","ProviderGuid":"{5770385f-c22a-43e0-bf4c-06f5698ffbd9}","Level":"4","Keywords":"0x8000000000000000","Channel":"Microsoft-Windows-Sysmon/Operational","Computer":"FlareVM","TimeCreated":"2023-02-28T10:54:58.767Z","TimeGenerated":"2023-02-28T03:54:58.767Z","EventRecordID":"58221","EventID":13,"Message":"Registry value set:\r\nRuleName: technique_id=T1543,technique_name=Service Creation\r\nEventType: SetValue\r\nUtcTime: 2023-02-28 15:54:58.758\r\nProcessGuid: {159466bb-23a2-63fe-5604-000000000e00}\r\nProcessId: 9188\r\nImage: C:\\Windows\\system32\\svchost.exe\r\nTargetObject: HKLM\\System\\CurrentControlSet\\Services\\DsmSvc\\State\\LastActiveTime\r\nDetails: Binary Data\r\nUser: NT AUTHORITY\\SYSTEM","EventData":"\u003cEventData xmlns=\"http://schemas.microsoft.com/win/2004/08/events/event\"\u003e\u003cData Name=\"RuleName\"\u003etechnique_id=T1543,technique_name=Service Creation\u003c/Data\u003e\u003cData Name=\"EventType\"\u003eSetValue\u003c/Data\u003e\u003cData Name=\"UtcTime\"\u003e2023-02-28 15:54:58.758\u003c/Data\u003e\u003cData Name=\"ProcessGuid\"\u003e{159466bb-23a2-63fe-5604-000000000e00}\u003c/Data\u003e\u003cData Name=\"ProcessId\"\u003e9188\u003c/Data\u003e\u003cData Name=\"Image\"\u003eC:\\Windows\\system32\\svchost.exe\u003c/Data\u003e\u003cData Name=\"TargetObject\"\u003eHKLM\\System\\CurrentControlSet\\Services\\DsmSvc\\State\\LastActiveTime\u003c/Data\u003e\u003cData Name=\"Details\"\u003eBinary Data\u003c/Data\u003e\u003cData Name=\"User\"\u003eNT AUTHORITY\\SYSTEM\u003c/Data\u003e\u003c/EventData\u003e","Task":13,"RuleName":"technique_id=T1543,technique_name=Service Creation","EventType":"SetValue","UtcTime":"2023-02-28 15:54:58.758","ProcessGuid":"159466bb-23a2-63fe-5604-000000000e00","ProcessId":9188,"Image":"C:\\Windows\\system32\\svchost.exe","TargetObject":"HKLM\\System\\CurrentControlSet\\Services\\DsmSvc\\State\\LastActiveTime","Details":"Binary Data","User":"NT AUTHORITY\\SYSTEM"},{"EventSourceName":"Microsoft-Windows-Sysmon","Provider":"Microsoft-Windows-Sysmon","ProviderGuid":"{5770385f-c22a-43e0-bf4c-06f5698ffbd9}","Level":"4","Keywords":"0x8000000000000000","Channel":"Microsoft-Windows-Sysmon/Operational","Computer":"FlareVM","TimeCreated":"2023-02-28T10:55:00.859Z","TimeGenerated":"2023-02-28T03:55:00.859Z","EventRecordID":"58222","EventID":11,"Message":"File created:\r\nRuleName: technique_id=T1574.010,technique_name=Services File Permissions Weakness\r\nUtcTime: 2023-02-28 15:55:00.857\r\nProcessGuid: {159466bb-3a6b-63f6-2900-000000000e00}\r\nProcessId: 1844\r\nImage: C:\\Windows\\system32\\svchost.exe\r\nTargetFilename: C:\\Windows\\Prefetch\\SVCHOST.EXE-C9E3B372.pf\r\nCreationUtcTime: 2023-02-23 18:03:54.796\r\nUser: NT AUTHORITY\\SYSTEM","EventData":"\u003cEventData xmlns=\"http://schemas.microsoft.com/win/2004/08/events/event\"\u003e\u003cData Name=\"RuleName\"\u003etechnique_id=T1574.010,technique_name=Services File Permissions Weakness\u003c/Data\u003e\u003cData Name=\"UtcTime\"\u003e2023-02-28 15:55:00.857\u003c/Data\u003e\u003cData Name=\"ProcessGuid\"\u003e{159466bb-3a6b-63f6-2900-000000000e00}\u003c/Data\u003e\u003cData Name=\"ProcessId\"\u003e1844\u003c/Data\u003e\u003cData Name=\"Image\"\u003eC:\\Windows\\system32\\svchost.exe\u003c/Data\u003e\u003cData Name=\"TargetFilename\"\u003eC:\\Windows\\Prefetch\\SVCHOST.EXE-C9E3B372.pf\u003c/Data\u003e\u003cData Name=\"CreationUtcTime\"\u003e2023-02-23 18:03:54.796\u003c/Data\u003e\u003cData Name=\"User\"\u003eNT AUTHORITY\\SYSTEM\u003c/Data\u003e\u003c/EventData\u003e","Task":11,"RuleName":"technique_id=T1574.010,technique_name=Services File Permissions Weakness","UtcTime":"2023-02-28 15:55:00.857","ProcessGuid":"159466bb-3a6b-63f6-2900-000000000e00","ProcessId":1844,"Image":"C:\\Windows\\system32\\svchost.exe","TargetFilename":"C:\\Windows\\Prefetch\\SVCHOST.EXE-C9E3B372.pf","CreationUtcTime":"2023-02-23 18:03:54.796","User":"NT AUTHORITY\\SYSTEM"}]
